2023-09-29 08:09:42,898 [INFO] Activator:176 - 


2023-09-29 08:09:42,912 [INFO] Activator:177 - !SESSION log4j initialized
2023-09-29 08:09:58,639 [INFO] LogOutputStream:77 - [STDOUT_REDIRECT] 
2023-09-29 08:10:04,030 [INFO] ApplicationProperties:184 - Using Application install path: C:\ST\STM32CubeIDE_1.12.0\STM32CubeIDE\plugins\com.st.stm32cube.common.mx_6.9.1.202307191849
2023-09-29 08:10:04,079 [INFO] DbMcusXml:78 - Set database path to: C:\ST\STM32CubeIDE_1.12.0\STM32CubeIDE\plugins\com.st.stm32cube.common.mx_6.9.1.202307191849\\db\/mcu/
2023-09-29 08:10:04,080 [INFO] ApiDb:274 - Set plugin database path to: C:\ST\STM32CubeIDE_1.12.0\STM32CubeIDE\plugins\com.st.stm32cube.common.mx_6.9.1.202307191849\\db\/plugins/boardmanager/
2023-09-29 08:10:04,081 [WARN] ApiDb:259 - Overriding images path with different value:  => C:\ST\STM32CubeIDE_1.12.0\STM32CubeIDE\plugins\com.st.stm32cube.common.mx_6.9.1.202307191849\\db\/plugins/mcufinder/images/
2023-09-29 08:10:04,129 [INFO] ApiDb:250 - Set database path to: C:\Users\win 10\.stmcufinder\plugins\mcufinder//mcu/
2023-09-29 08:10:04,133 [INFO] DbMcusAds:125 - Set database path to: C:\Users\win 10\.stmcufinder\plugins\mcufinder//mcu/
2023-09-29 08:10:04,141 [INFO] CrossReferenceDbSqlite:203 - Set database path to: C:\Users\win 10\.stmcufinder\plugins\mcufinder//mcu/cs/
2023-09-29 08:10:04,464 [INFO] RulesReader:64 - Compatibility file has been processed (293 Rules)
2023-09-29 08:10:04,746 [INFO] DbMcusXml:78 - Set database path to: C:\ST\STM32CubeIDE_1.12.0\STM32CubeIDE\plugins\com.st.stm32cube.common.mx_6.9.1.202307191849\\db\/mcu/
2023-09-29 08:10:04,746 [INFO] ApiDb:274 - Set plugin database path to: C:\ST\STM32CubeIDE_1.12.0\STM32CubeIDE\plugins\com.st.stm32cube.common.mx_6.9.1.202307191849\\db\/plugins/boardmanager/
2023-09-29 08:10:04,747 [INFO] ApiDb:261 - Set plugin images path to: C:\ST\STM32CubeIDE_1.12.0\STM32CubeIDE\plugins\com.st.stm32cube.common.mx_6.9.1.202307191849\\db\/plugins/mcufinder/images/
2023-09-29 08:10:04,748 [WARN] DbFile:41 - Overriding database path with different value: C:\Users\win 10\.stmcufinder\plugins\mcufinder/ => C:\Users\win 10\.stmcufinder\plugins\mcufinder
2023-09-29 08:10:04,749 [INFO] ApiDb:250 - Set database path to: C:\Users\win 10\.stmcufinder\plugins\mcufinder//mcu/
2023-09-29 08:10:04,751 [WARN] DbFile:41 - Overriding database path with different value: C:\Users\win 10\.stmcufinder\plugins\mcufinder/ => C:\Users\win 10\.stmcufinder\plugins\mcufinder
2023-09-29 08:10:04,751 [INFO] DbMcusAds:125 - Set database path to: C:\Users\win 10\.stmcufinder\plugins\mcufinder//mcu/
2023-09-29 08:10:04,752 [WARN] DbFile:41 - Overriding database path with different value: C:\Users\win 10\.stmcufinder\plugins\mcufinder/ => C:\Users\win 10\.stmcufinder\plugins\mcufinder
2023-09-29 08:10:04,753 [WARN] DbFile:41 - Overriding database path with different value: C:\Users\win 10\.stmcufinder\plugins\mcufinder/ => C:\Users\win 10\.stmcufinder\plugins\mcufinder
2023-09-29 08:10:04,754 [INFO] CrossReferenceDbSqlite:203 - Set database path to: C:\Users\win 10\.stmcufinder\plugins\mcufinder//mcu/cs/
2023-09-29 08:10:04,979 [INFO] MainPanel:262 - HeapMemory: 268435456
2023-09-29 08:10:05,220 [INFO] DbMcusXml:78 - Set database path to: C:\ST\STM32CubeIDE_1.12.0\STM32CubeIDE\plugins\com.st.stm32cube.common.mx_6.9.1.202307191849\\db\/mcu/
2023-09-29 08:10:05,221 [INFO] ApiDb:274 - Set plugin database path to: C:\ST\STM32CubeIDE_1.12.0\STM32CubeIDE\plugins\com.st.stm32cube.common.mx_6.9.1.202307191849\\db\/plugins/boardmanager/
2023-09-29 08:10:05,221 [INFO] ApiDb:261 - Set plugin images path to: C:\ST\STM32CubeIDE_1.12.0\STM32CubeIDE\plugins\com.st.stm32cube.common.mx_6.9.1.202307191849\\db\/plugins/mcufinder/images/
2023-09-29 08:10:05,224 [WARN] DbFile:41 - Overriding database path with different value: C:\Users\win 10\.stmcufinder\plugins\mcufinder/ => C:\Users\win 10\.stmcufinder\plugins\mcufinder
2023-09-29 08:10:05,224 [INFO] ApiDb:250 - Set database path to: C:\Users\win 10\.stmcufinder\plugins\mcufinder//mcu/
2023-09-29 08:10:05,224 [WARN] DbFile:41 - Overriding database path with different value: C:\Users\win 10\.stmcufinder\plugins\mcufinder/ => C:\Users\win 10\.stmcufinder\plugins\mcufinder
2023-09-29 08:10:05,224 [INFO] DbMcusAds:125 - Set database path to: C:\Users\win 10\.stmcufinder\plugins\mcufinder//mcu/
2023-09-29 08:10:05,224 [WARN] DbFile:41 - Overriding database path with different value: C:\Users\win 10\.stmcufinder\plugins\mcufinder/ => C:\Users\win 10\.stmcufinder\plugins\mcufinder
2023-09-29 08:10:05,224 [WARN] DbFile:41 - Overriding database path with different value: C:\Users\win 10\.stmcufinder\plugins\mcufinder/ => C:\Users\win 10\.stmcufinder\plugins\mcufinder
2023-09-29 08:10:05,224 [INFO] CrossReferenceDbSqlite:203 - Set database path to: C:\Users\win 10\.stmcufinder\plugins\mcufinder//mcu/cs/
2023-09-29 08:10:05,269 [INFO] ApplicationProperties:184 - Using Application install path: C:\ST\STM32CubeIDE_1.12.0\STM32CubeIDE\plugins\com.st.stm32cube.common.mx_6.9.1.202307191849
2023-09-29 08:10:05,273 [INFO] PluginManage:196 - Search for loadable plugins [exclusion list=, ]
2023-09-29 08:10:05,278 [INFO] PluginManage:310 - Check plugin analytics
2023-09-29 08:10:05,864 [INFO] AnalyticsPlugin:253 - Accepted Software Licenses: STM32CubeMX.6.5.0,STM32CubeMX.6.9.1
2023-09-29 08:10:05,867 [INFO] AnalyticsPlugin:255 - Accepted CMSIS Pack Licenses: 
2023-09-29 08:10:05,869 [INFO] AnalyticsPlugin:257 - Accepted Firmware Licenses: 
2023-09-29 08:10:05,883 [INFO] PluginManage:359 - Loaded plugin analytics (category:tool,tabindex:-1)
2023-09-29 08:10:05,885 [INFO] PluginManage:310 - Check plugin cadmodel
2023-09-29 08:10:05,923 [INFO] CADModel:105 - Init CAD model plugin
2023-09-29 08:10:05,924 [INFO] PluginManage:359 - Loaded plugin cadmodel (category:power,tabindex:5)
2023-09-29 08:10:05,925 [INFO] PluginManage:310 - Check plugin clock
2023-09-29 08:10:05,973 [INFO] PluginManage:359 - Loaded plugin clock (category:base,tabindex:2)
2023-09-29 08:10:05,974 [INFO] PluginManage:310 - Check plugin ddr
2023-09-29 08:10:05,981 [INFO] PluginManage:359 - Loaded plugin ddr (category:tool,tabindex:6)
2023-09-29 08:10:05,981 [INFO] PluginManage:310 - Check plugin filemanager
2023-09-29 08:10:06,413 [INFO] PluginManage:359 - Loaded plugin filemanager (category:base,tabindex:10)
2023-09-29 08:10:06,414 [INFO] PluginManage:310 - Check plugin ipmanager
2023-09-29 08:10:06,437 [INFO] PluginManage:359 - Loaded plugin ipmanager (category:base,tabindex:5)
2023-09-29 08:10:06,438 [INFO] PluginManage:310 - Check plugin lpbam
2023-09-29 08:10:06,486 [INFO] PluginManage:359 - Loaded plugin lpbam (category:base,tabindex:0)
2023-09-29 08:10:06,487 [INFO] PluginManage:310 - Check plugin memorymap
2023-09-29 08:10:06,555 [INFO] PluginManage:359 - Loaded plugin memorymap (category:base,tabindex:4)
2023-09-29 08:10:06,556 [INFO] PluginManage:310 - Check plugin pinoutandconfiguration
2023-09-29 08:10:06,619 [INFO] PluginManage:359 - Loaded plugin pinoutandconfiguration (category:base,tabindex:1)
2023-09-29 08:10:06,619 [INFO] PluginManage:310 - Check plugin pinoutconfig
2023-09-29 08:10:06,954 [WARN] SupportedApi:132 - Cannot load RTOS API schema: s4s-elt-must-match.1: The content of 'definitions' must match (annotation?, (simpleType | complexType)?, (unique | key | keyref)*)). A problem was found starting at: attribute.
2023-09-29 08:10:07,475 [INFO] PluginManage:359 - Loaded plugin pinoutconfig (category:base,tabindex:0)
2023-09-29 08:10:07,476 [INFO] PluginManage:310 - Check plugin power
2023-09-29 08:10:07,533 [INFO] PluginManage:359 - Loaded plugin power (category:power,tabindex:4)
2023-09-29 08:10:07,534 [INFO] PluginManage:310 - Check plugin projectmanager
2023-09-29 08:10:07,583 [INFO] PluginManage:359 - Loaded plugin projectmanager (category:projectmanager,tabindex:3)
2023-09-29 08:10:07,583 [INFO] PluginManage:310 - Check plugin thirdparty
2023-09-29 08:10:08,169 [INFO] PluginManage:359 - Loaded plugin thirdparty (category:base,tabindex:-1)
2023-09-29 08:10:08,169 [WARN] IntegrityCheckThread:84 - waiting for thirdparty lock release [integrity check]
2023-09-29 08:10:08,169 [INFO] IntegrityCheckThread:86 - entering critical section [integrity check]
2023-09-29 08:10:08,169 [INFO] PluginManage:310 - Check plugin tools
2023-09-29 08:10:08,171 [INFO] ThirdPartyUpdaterWithRetryManager:70 - Updater plugin not ready yet. [1/15]
2023-09-29 08:10:08,216 [INFO] PluginManage:359 - Loaded plugin tools (category:base,tabindex:7)
2023-09-29 08:10:08,216 [INFO] PluginManage:310 - Check plugin tutovideos
2023-09-29 08:10:08,537 [INFO] PluginManage:359 - Loaded plugin tutovideos (category:base,tabindex:-1)
2023-09-29 08:10:08,537 [INFO] PluginManage:310 - Check plugin updater
2023-09-29 08:10:08,566 [INFO] PluginManage:359 - Loaded plugin updater (category:base,tabindex:12)
2023-09-29 08:10:08,567 [INFO] PluginManage:310 - Check plugin userauth
2023-09-29 08:10:08,582 [INFO] UserAuth:113 - Init User Auth plugin
2023-09-29 08:10:08,583 [INFO] PluginManage:359 - Loaded plugin userauth (category:base,tabindex:14)
2023-09-29 08:10:08,584 [INFO] PluginManage:283 - PluginManage : Loaded plugins [17]
2023-09-29 08:10:09,077 [INFO] PinOutPanel:1499 - setPackage(No Configuration,No Configuration)
2023-09-29 08:10:09,310 [INFO] CADModel:165 - CPN selected for project level
2023-09-29 08:10:09,310 [INFO] CADModel:114 - Register for checkConnection events
2023-09-29 08:10:09,369 [INFO] IPUIPlugin:80 - create IPUIPlugin
2023-09-29 08:10:09,369 [INFO] PluginManager:220 - loadIPPluginJar : add adc
2023-09-29 08:10:09,433 [INFO] IPUIPlugin:80 - create IPUIPlugin
2023-09-29 08:10:09,434 [INFO] PluginManager:220 - loadIPPluginJar : add aes
2023-09-29 08:10:09,513 [INFO] IPUIPlugin:80 - create IPUIPlugin
2023-09-29 08:10:09,513 [INFO] PluginManager:220 - loadIPPluginJar : add can
2023-09-29 08:10:09,557 [INFO] IPUIPlugin:80 - create IPUIPlugin
2023-09-29 08:10:09,557 [INFO] PluginManager:220 - loadIPPluginJar : add comp
2023-09-29 08:10:09,639 [INFO] IPUIPlugin:80 - create IPUIPlugin
2023-09-29 08:10:09,639 [INFO] PluginManager:220 - loadIPPluginJar : add cryp
2023-09-29 08:10:09,753 [INFO] IPUIPlugin:80 - create IPUIPlugin
2023-09-29 08:10:09,754 [INFO] PluginManager:220 - loadIPPluginJar : add dfsdm
2023-09-29 08:10:09,793 [INFO] IPUIPlugin:80 - create IPUIPlugin
2023-09-29 08:10:09,795 [INFO] PluginManager:220 - loadIPPluginJar : add dma
2023-09-29 08:10:09,914 [INFO] IPUIPlugin:80 - create IPUIPlugin
2023-09-29 08:10:09,915 [INFO] PluginManager:220 - loadIPPluginJar : add dma3
2023-09-29 08:10:09,983 [INFO] IPUIPlugin:80 - create IPUIPlugin
2023-09-29 08:10:09,983 [INFO] PluginManager:220 - loadIPPluginJar : add fatfs
2023-09-29 08:10:10,129 [INFO] IPUIPlugin:80 - create IPUIPlugin
2023-09-29 08:10:10,130 [INFO] PluginManager:220 - loadIPPluginJar : add fmc
2023-09-29 08:10:10,174 [INFO] IPUIPlugin:80 - create IPUIPlugin
2023-09-29 08:10:10,175 [INFO] PluginManager:220 - loadIPPluginJar : add freertos
2023-09-29 08:10:10,236 [INFO] IPUIPlugin:80 - create IPUIPlugin
2023-09-29 08:10:10,236 [INFO] PluginManager:220 - loadIPPluginJar : add genericplugin
2023-09-29 08:10:10,553 [INFO] IPUIPlugin:80 - create IPUIPlugin
2023-09-29 08:10:10,553 [INFO] PluginManager:220 - loadIPPluginJar : add gfxmmu
2023-09-29 08:10:10,868 [INFO] IPUIPlugin:80 - create IPUIPlugin
2023-09-29 08:10:10,869 [INFO] PluginManager:220 - loadIPPluginJar : add gic
2023-09-29 08:10:10,903 [INFO] IPUIPlugin:80 - create IPUIPlugin
2023-09-29 08:10:10,904 [INFO] PluginManager:220 - loadIPPluginJar : add gpio
2023-09-29 08:10:11,140 [INFO] IPUIPlugin:80 - create IPUIPlugin
2023-09-29 08:10:11,141 [INFO] PluginManager:220 - loadIPPluginJar : add gtzc
2023-09-29 08:10:11,171 [INFO] ThirdPartyUpdaterWithRetryManager:70 - Updater plugin not ready yet. [2/15]
2023-09-29 08:10:11,210 [INFO] IPUIPlugin:80 - create IPUIPlugin
2023-09-29 08:10:11,211 [INFO] PluginManager:220 - loadIPPluginJar : add hash
2023-09-29 08:10:11,359 [INFO] IPUIPlugin:80 - create IPUIPlugin
2023-09-29 08:10:11,360 [INFO] PluginManager:220 - loadIPPluginJar : add i2c
2023-09-29 08:10:11,465 [INFO] IPUIPlugin:80 - create IPUIPlugin
2023-09-29 08:10:11,465 [INFO] PluginManager:220 - loadIPPluginJar : add i2s
2023-09-29 08:10:11,566 [INFO] IPUIPlugin:80 - create IPUIPlugin
2023-09-29 08:10:11,567 [INFO] PluginManager:220 - loadIPPluginJar : add i3c
2023-09-29 08:10:11,813 [INFO] IPUIPlugin:80 - create IPUIPlugin
2023-09-29 08:10:11,814 [INFO] PluginManager:220 - loadIPPluginJar : add ipddr
2023-09-29 08:10:12,080 [INFO] IPUIPlugin:80 - create IPUIPlugin
2023-09-29 08:10:12,080 [INFO] PluginManager:220 - loadIPPluginJar : add linkedlist
2023-09-29 08:10:12,169 [INFO] IPUIPlugin:80 - create IPUIPlugin
2023-09-29 08:10:12,170 [INFO] PluginManager:220 - loadIPPluginJar : add lorawan
2023-09-29 08:10:12,258 [INFO] IPUIPlugin:80 - create IPUIPlugin
2023-09-29 08:10:12,258 [INFO] PluginManager:220 - loadIPPluginJar : add ltdc
2023-09-29 08:10:12,297 [INFO] IPUIPlugin:80 - create IPUIPlugin
2023-09-29 08:10:12,299 [INFO] PluginManager:220 - loadIPPluginJar : add mdma
2023-09-29 08:10:12,333 [INFO] IPUIPlugin:80 - create IPUIPlugin
2023-09-29 08:10:12,334 [INFO] PluginManager:220 - loadIPPluginJar : add nvic
2023-09-29 08:10:12,410 [INFO] IPUIPlugin:80 - create IPUIPlugin
2023-09-29 08:10:12,410 [INFO] PluginManager:220 - loadIPPluginJar : add opamp
2023-09-29 08:10:12,584 [INFO] IPUIPlugin:80 - create IPUIPlugin
2023-09-29 08:10:12,585 [INFO] PluginManager:220 - loadIPPluginJar : add openamp
2023-09-29 08:10:12,688 [INFO] IPUIPlugin:80 - create IPUIPlugin
2023-09-29 08:10:12,689 [INFO] PluginManager:220 - loadIPPluginJar : add pdm2pcm
2023-09-29 08:10:12,722 [INFO] IPUIPlugin:80 - create IPUIPlugin
2023-09-29 08:10:12,727 [INFO] PluginManager:220 - loadIPPluginJar : add plateformsettings
2023-09-29 08:10:12,805 [INFO] IPUIPlugin:80 - create IPUIPlugin
2023-09-29 08:10:12,806 [INFO] PluginManager:220 - loadIPPluginJar : add quadspi
2023-09-29 08:10:12,836 [INFO] IPUIPlugin:80 - create IPUIPlugin
2023-09-29 08:10:12,837 [INFO] PluginManager:220 - loadIPPluginJar : add resmgrutility
2023-09-29 08:10:12,955 [INFO] IPUIPlugin:80 - create IPUIPlugin
2023-09-29 08:10:12,957 [INFO] PluginManager:220 - loadIPPluginJar : add sai
2023-09-29 08:10:13,056 [INFO] IPUIPlugin:80 - create IPUIPlugin
2023-09-29 08:10:13,057 [INFO] PluginManager:220 - loadIPPluginJar : add spi
2023-09-29 08:10:13,201 [INFO] IPUIPlugin:80 - create IPUIPlugin
2023-09-29 08:10:13,201 [INFO] PluginManager:220 - loadIPPluginJar : add stm32_wpan
2023-09-29 08:10:13,248 [INFO] IPUIPlugin:80 - create IPUIPlugin
2023-09-29 08:10:13,249 [INFO] PluginManager:220 - loadIPPluginJar : add tim
2023-09-29 08:10:13,367 [INFO] IPUIPlugin:80 - create IPUIPlugin
2023-09-29 08:10:13,367 [INFO] PluginManager:220 - loadIPPluginJar : add touchsensing
2023-09-29 08:10:13,409 [INFO] IPUIPlugin:80 - create IPUIPlugin
2023-09-29 08:10:13,409 [INFO] PluginManager:220 - loadIPPluginJar : add tracer_emb
2023-09-29 08:10:13,462 [INFO] IPUIPlugin:80 - create IPUIPlugin
2023-09-29 08:10:13,462 [INFO] PluginManager:220 - loadIPPluginJar : add ts
2023-09-29 08:10:13,522 [INFO] IPUIPlugin:80 - create IPUIPlugin
2023-09-29 08:10:13,523 [INFO] PluginManager:220 - loadIPPluginJar : add tsc
2023-09-29 08:10:13,579 [INFO] IPUIPlugin:80 - create IPUIPlugin
2023-09-29 08:10:13,580 [INFO] PluginManager:220 - loadIPPluginJar : add ucpd
2023-09-29 08:10:13,698 [INFO] IPUIPlugin:80 - create IPUIPlugin
2023-09-29 08:10:13,698 [INFO] PluginManager:220 - loadIPPluginJar : add usart
2023-09-29 08:10:13,826 [INFO] IPUIPlugin:80 - create IPUIPlugin
2023-09-29 08:10:13,827 [INFO] PluginManager:220 - loadIPPluginJar : add usbx
2023-09-29 08:10:14,034 [INFO] CADModel:165 - CPN selected for project level
2023-09-29 08:10:14,034 [INFO] CADModel:114 - Register for checkConnection events
2023-09-29 08:10:14,035 [FATAL] Updater:308 - Updater called before beeing initialized
2023-09-29 08:10:14,035 [ERROR] CADModel:125 - Updater not yet initialized, retry later 
2023-09-29 08:10:14,174 [INFO] ThirdPartyUpdaterWithRetryManager:70 - Updater plugin not ready yet. [3/15]
2023-09-29 08:10:14,463 [INFO] CADModel:165 - CPN selected for project level
2023-09-29 08:10:14,464 [INFO] CADModel:114 - Register for checkConnection events
2023-09-29 08:10:14,464 [FATAL] Updater:308 - Updater called before beeing initialized
2023-09-29 08:10:14,464 [ERROR] CADModel:125 - Updater not yet initialized, retry later 
2023-09-29 08:10:14,473 [FATAL] Updater:308 - Updater called before beeing initialized
2023-09-29 08:10:14,777 [FATAL] Updater:308 - Updater called before beeing initialized
2023-09-29 08:10:14,807 [INFO] DbMcusAds:53 - JSON generation date=Tue Mar 07 15:50:55 ICT 2023 (1678179055114)
2023-09-29 08:10:14,808 [FATAL] Updater:308 - Updater called before beeing initialized
2023-09-29 08:10:14,965 [WARN] DetailPanel:346 - Failed to get advertising image, set to default
2023-09-29 08:10:15,142 [FATAL] Updater:308 - Updater called before beeing initialized
2023-09-29 08:10:15,146 [FATAL] Updater:308 - Updater called before beeing initialized
2023-09-29 08:10:15,147 [FATAL] Updater:308 - Updater called before beeing initialized
2023-09-29 08:10:15,147 [WARN] DetailPanel:346 - Failed to get advertising image, set to default
2023-09-29 08:10:15,149 [FATAL] Updater:308 - Updater called before beeing initialized
2023-09-29 08:10:15,301 [ERROR] Updater:1120 - MainUpdater not yet initialized. External WinMGr cannot be set.
2023-09-29 08:10:15,328 [INFO] Updater:1056 - Updater Version found : 6.9.1
2023-09-29 08:10:15,370 [INFO] ApplicationProperties:184 - Using Application install path: C:\ST\STM32CubeIDE_1.12.0\STM32CubeIDE\plugins\com.st.stm32cube.common.mx_6.9.1.202307191849
2023-09-29 08:10:17,176 [FATAL] Updater:308 - Updater called before beeing initialized
2023-09-29 08:10:17,177 [ERROR] IntegrityCheckThread:130 - Cannot retrieve database content from updater: error 21
2023-09-29 08:10:17,178 [INFO] ThirdParty:978 - Integrity check success = false
2023-09-29 08:10:17,178 [INFO] IntegrityCheckThread:100 - exiting critical section [integrity check]
2023-09-29 08:10:17,178 [INFO] IntegrityCheckThread:103 - End integrity checks thread
2023-09-29 08:10:19,564 [WARN] ServerAccessManage:1168 - Warning during Server Connection :  timeout Read timed out
2023-09-29 08:10:24,375 [WARN] ServerAccessManage:1168 - Warning during Server Connection :  timeout Read timed out
2023-09-29 08:10:24,385 [INFO] MainUpdater:2868 - connection check result : 22
2023-09-29 08:10:24,388 [INFO] MainUpdater:285 - Updater Check For Update Now.
2023-09-29 08:10:24,389 [INFO] MicroXplorer:498 - Change Database Version : DB.6.0.91
2023-09-29 08:10:24,421 [INFO] McuFinderGlobals:63 - Set McuFinder mode to 2 (CubeIDE integrated)
2023-09-29 08:10:24,422 [INFO] UserAuth:179 - activating auth plugin
2023-09-29 08:10:24,431 [INFO] UserAuth:393 - Internet connection configuration mode: 2
2023-09-29 08:10:24,750 [INFO] CheckServerUpdateThread:120 - End of CheckServer Thread
2023-09-29 08:10:47,940 [ERROR] LogOutputStream:75 - [STDERR_REDIRECT] SLF4J: Failed to load class "org.slf4j.impl.StaticLoggerBinder".
2023-09-29 08:10:47,941 [ERROR] LogOutputStream:75 - [STDERR_REDIRECT] SLF4J: Defaulting to no-operation (NOP) logger implementation
2023-09-29 08:10:47,943 [ERROR] LogOutputStream:75 - [STDERR_REDIRECT] SLF4J: See http://www.slf4j.org/codes.html#StaticLoggerBinder for further details.
2023-09-29 10:17:55,933 [INFO] Activator:176 - 


2023-09-29 10:17:55,949 [INFO] Activator:177 - !SESSION log4j initialized
2023-09-29 10:18:08,298 [INFO] LogOutputStream:77 - [STDOUT_REDIRECT] 
2023-09-29 10:18:11,613 [INFO] ApplicationProperties:184 - Using Application install path: C:\ST\STM32CubeIDE_1.12.0\STM32CubeIDE\plugins\com.st.stm32cube.common.mx_6.9.1.202307191849
2023-09-29 10:18:11,665 [INFO] DbMcusXml:78 - Set database path to: C:\ST\STM32CubeIDE_1.12.0\STM32CubeIDE\plugins\com.st.stm32cube.common.mx_6.9.1.202307191849\\db\/mcu/
2023-09-29 10:18:11,666 [INFO] ApiDb:274 - Set plugin database path to: C:\ST\STM32CubeIDE_1.12.0\STM32CubeIDE\plugins\com.st.stm32cube.common.mx_6.9.1.202307191849\\db\/plugins/boardmanager/
2023-09-29 10:18:11,667 [WARN] ApiDb:259 - Overriding images path with different value:  => C:\ST\STM32CubeIDE_1.12.0\STM32CubeIDE\plugins\com.st.stm32cube.common.mx_6.9.1.202307191849\\db\/plugins/mcufinder/images/
2023-09-29 10:18:11,712 [INFO] ApiDb:250 - Set database path to: C:\Users\win 10\.stmcufinder\plugins\mcufinder//mcu/
2023-09-29 10:18:11,717 [INFO] DbMcusAds:125 - Set database path to: C:\Users\win 10\.stmcufinder\plugins\mcufinder//mcu/
2023-09-29 10:18:11,723 [INFO] CrossReferenceDbSqlite:203 - Set database path to: C:\Users\win 10\.stmcufinder\plugins\mcufinder//mcu/cs/
2023-09-29 10:18:12,009 [INFO] RulesReader:64 - Compatibility file has been processed (293 Rules)
2023-09-29 10:18:12,208 [INFO] DbMcusXml:78 - Set database path to: C:\ST\STM32CubeIDE_1.12.0\STM32CubeIDE\plugins\com.st.stm32cube.common.mx_6.9.1.202307191849\\db\/mcu/
2023-09-29 10:18:12,208 [INFO] ApiDb:274 - Set plugin database path to: C:\ST\STM32CubeIDE_1.12.0\STM32CubeIDE\plugins\com.st.stm32cube.common.mx_6.9.1.202307191849\\db\/plugins/boardmanager/
2023-09-29 10:18:12,209 [INFO] ApiDb:261 - Set plugin images path to: C:\ST\STM32CubeIDE_1.12.0\STM32CubeIDE\plugins\com.st.stm32cube.common.mx_6.9.1.202307191849\\db\/plugins/mcufinder/images/
2023-09-29 10:18:12,209 [WARN] DbFile:41 - Overriding database path with different value: C:\Users\win 10\.stmcufinder\plugins\mcufinder/ => C:\Users\win 10\.stmcufinder\plugins\mcufinder
2023-09-29 10:18:12,210 [INFO] ApiDb:250 - Set database path to: C:\Users\win 10\.stmcufinder\plugins\mcufinder//mcu/
2023-09-29 10:18:12,210 [WARN] DbFile:41 - Overriding database path with different value: C:\Users\win 10\.stmcufinder\plugins\mcufinder/ => C:\Users\win 10\.stmcufinder\plugins\mcufinder
2023-09-29 10:18:12,211 [INFO] DbMcusAds:125 - Set database path to: C:\Users\win 10\.stmcufinder\plugins\mcufinder//mcu/
2023-09-29 10:18:12,212 [WARN] DbFile:41 - Overriding database path with different value: C:\Users\win 10\.stmcufinder\plugins\mcufinder/ => C:\Users\win 10\.stmcufinder\plugins\mcufinder
2023-09-29 10:18:12,212 [WARN] DbFile:41 - Overriding database path with different value: C:\Users\win 10\.stmcufinder\plugins\mcufinder/ => C:\Users\win 10\.stmcufinder\plugins\mcufinder
2023-09-29 10:18:12,212 [INFO] CrossReferenceDbSqlite:203 - Set database path to: C:\Users\win 10\.stmcufinder\plugins\mcufinder//mcu/cs/
2023-09-29 10:18:12,407 [INFO] MainPanel:262 - HeapMemory: 268435456
2023-09-29 10:18:12,621 [INFO] DbMcusXml:78 - Set database path to: C:\ST\STM32CubeIDE_1.12.0\STM32CubeIDE\plugins\com.st.stm32cube.common.mx_6.9.1.202307191849\\db\/mcu/
2023-09-29 10:18:12,621 [INFO] ApiDb:274 - Set plugin database path to: C:\ST\STM32CubeIDE_1.12.0\STM32CubeIDE\plugins\com.st.stm32cube.common.mx_6.9.1.202307191849\\db\/plugins/boardmanager/
2023-09-29 10:18:12,621 [INFO] ApiDb:261 - Set plugin images path to: C:\ST\STM32CubeIDE_1.12.0\STM32CubeIDE\plugins\com.st.stm32cube.common.mx_6.9.1.202307191849\\db\/plugins/mcufinder/images/
2023-09-29 10:18:12,621 [WARN] DbFile:41 - Overriding database path with different value: C:\Users\win 10\.stmcufinder\plugins\mcufinder/ => C:\Users\win 10\.stmcufinder\plugins\mcufinder
2023-09-29 10:18:12,621 [INFO] ApiDb:250 - Set database path to: C:\Users\win 10\.stmcufinder\plugins\mcufinder//mcu/
2023-09-29 10:18:12,621 [WARN] DbFile:41 - Overriding database path with different value: C:\Users\win 10\.stmcufinder\plugins\mcufinder/ => C:\Users\win 10\.stmcufinder\plugins\mcufinder
2023-09-29 10:18:12,621 [INFO] DbMcusAds:125 - Set database path to: C:\Users\win 10\.stmcufinder\plugins\mcufinder//mcu/
2023-09-29 10:18:12,621 [WARN] DbFile:41 - Overriding database path with different value: C:\Users\win 10\.stmcufinder\plugins\mcufinder/ => C:\Users\win 10\.stmcufinder\plugins\mcufinder
2023-09-29 10:18:12,621 [WARN] DbFile:41 - Overriding database path with different value: C:\Users\win 10\.stmcufinder\plugins\mcufinder/ => C:\Users\win 10\.stmcufinder\plugins\mcufinder
2023-09-29 10:18:12,621 [INFO] CrossReferenceDbSqlite:203 - Set database path to: C:\Users\win 10\.stmcufinder\plugins\mcufinder//mcu/cs/
2023-09-29 10:18:12,662 [INFO] ApplicationProperties:184 - Using Application install path: C:\ST\STM32CubeIDE_1.12.0\STM32CubeIDE\plugins\com.st.stm32cube.common.mx_6.9.1.202307191849
2023-09-29 10:18:12,662 [INFO] PluginManage:196 - Search for loadable plugins [exclusion list=, ]
2023-09-29 10:18:12,670 [INFO] PluginManage:310 - Check plugin analytics
2023-09-29 10:18:13,085 [INFO] AnalyticsPlugin:253 - Accepted Software Licenses: STM32CubeMX.6.5.0,STM32CubeMX.6.9.1
2023-09-29 10:18:13,087 [INFO] AnalyticsPlugin:255 - Accepted CMSIS Pack Licenses: 
2023-09-29 10:18:13,087 [INFO] AnalyticsPlugin:257 - Accepted Firmware Licenses: 
2023-09-29 10:18:13,098 [INFO] PluginManage:359 - Loaded plugin analytics (category:tool,tabindex:-1)
2023-09-29 10:18:13,102 [INFO] PluginManage:310 - Check plugin cadmodel
2023-09-29 10:18:13,215 [INFO] CADModel:105 - Init CAD model plugin
2023-09-29 10:18:13,215 [INFO] PluginManage:359 - Loaded plugin cadmodel (category:power,tabindex:5)
2023-09-29 10:18:13,218 [INFO] PluginManage:310 - Check plugin clock
2023-09-29 10:18:13,261 [INFO] PluginManage:359 - Loaded plugin clock (category:base,tabindex:2)
2023-09-29 10:18:13,262 [INFO] PluginManage:310 - Check plugin ddr
2023-09-29 10:18:13,266 [INFO] PluginManage:359 - Loaded plugin ddr (category:tool,tabindex:6)
2023-09-29 10:18:13,266 [INFO] PluginManage:310 - Check plugin filemanager
2023-09-29 10:18:13,474 [INFO] PluginManage:359 - Loaded plugin filemanager (category:base,tabindex:10)
2023-09-29 10:18:13,475 [INFO] PluginManage:310 - Check plugin ipmanager
2023-09-29 10:18:13,484 [INFO] PluginManage:359 - Loaded plugin ipmanager (category:base,tabindex:5)
2023-09-29 10:18:13,484 [INFO] PluginManage:310 - Check plugin lpbam
2023-09-29 10:18:13,505 [INFO] PluginManage:359 - Loaded plugin lpbam (category:base,tabindex:0)
2023-09-29 10:18:13,505 [INFO] PluginManage:310 - Check plugin memorymap
2023-09-29 10:18:13,536 [INFO] PluginManage:359 - Loaded plugin memorymap (category:base,tabindex:4)
2023-09-29 10:18:13,536 [INFO] PluginManage:310 - Check plugin pinoutandconfiguration
2023-09-29 10:18:13,557 [INFO] PluginManage:359 - Loaded plugin pinoutandconfiguration (category:base,tabindex:1)
2023-09-29 10:18:13,557 [INFO] PluginManage:310 - Check plugin pinoutconfig
2023-09-29 10:18:13,737 [WARN] SupportedApi:132 - Cannot load RTOS API schema: s4s-elt-must-match.1: The content of 'definitions' must match (annotation?, (simpleType | complexType)?, (unique | key | keyref)*)). A problem was found starting at: attribute.
2023-09-29 10:18:13,980 [INFO] PluginManage:359 - Loaded plugin pinoutconfig (category:base,tabindex:0)
2023-09-29 10:18:13,980 [INFO] PluginManage:310 - Check plugin power
2023-09-29 10:18:14,016 [INFO] PluginManage:359 - Loaded plugin power (category:power,tabindex:4)
2023-09-29 10:18:14,017 [INFO] PluginManage:310 - Check plugin projectmanager
2023-09-29 10:18:14,042 [INFO] PluginManage:359 - Loaded plugin projectmanager (category:projectmanager,tabindex:3)
2023-09-29 10:18:14,042 [INFO] PluginManage:310 - Check plugin thirdparty
2023-09-29 10:18:14,497 [WARN] IntegrityCheckThread:84 - waiting for thirdparty lock release [integrity check]
2023-09-29 10:18:14,497 [INFO] PluginManage:359 - Loaded plugin thirdparty (category:base,tabindex:-1)
2023-09-29 10:18:14,497 [INFO] IntegrityCheckThread:86 - entering critical section [integrity check]
2023-09-29 10:18:14,497 [INFO] PluginManage:310 - Check plugin tools
2023-09-29 10:18:14,497 [INFO] ThirdPartyUpdaterWithRetryManager:70 - Updater plugin not ready yet. [1/15]
2023-09-29 10:18:14,557 [INFO] PluginManage:359 - Loaded plugin tools (category:base,tabindex:7)
2023-09-29 10:18:14,557 [INFO] PluginManage:310 - Check plugin tutovideos
2023-09-29 10:18:14,847 [INFO] PluginManage:359 - Loaded plugin tutovideos (category:base,tabindex:-1)
2023-09-29 10:18:14,847 [INFO] PluginManage:310 - Check plugin updater
2023-09-29 10:18:14,867 [INFO] PluginManage:359 - Loaded plugin updater (category:base,tabindex:12)
2023-09-29 10:18:14,867 [INFO] PluginManage:310 - Check plugin userauth
2023-09-29 10:18:14,870 [INFO] UserAuth:113 - Init User Auth plugin
2023-09-29 10:18:14,870 [INFO] PluginManage:359 - Loaded plugin userauth (category:base,tabindex:14)
2023-09-29 10:18:14,877 [INFO] PluginManage:283 - PluginManage : Loaded plugins [17]
2023-09-29 10:18:15,202 [INFO] PinOutPanel:1499 - setPackage(No Configuration,No Configuration)
2023-09-29 10:18:15,351 [INFO] CADModel:165 - CPN selected for project level
2023-09-29 10:18:15,351 [INFO] CADModel:114 - Register for checkConnection events
2023-09-29 10:18:15,387 [INFO] IPUIPlugin:80 - create IPUIPlugin
2023-09-29 10:18:15,387 [INFO] PluginManager:220 - loadIPPluginJar : add adc
2023-09-29 10:18:15,437 [INFO] IPUIPlugin:80 - create IPUIPlugin
2023-09-29 10:18:15,437 [INFO] PluginManager:220 - loadIPPluginJar : add aes
2023-09-29 10:18:15,487 [INFO] IPUIPlugin:80 - create IPUIPlugin
2023-09-29 10:18:15,487 [INFO] PluginManager:220 - loadIPPluginJar : add can
2023-09-29 10:18:15,517 [INFO] IPUIPlugin:80 - create IPUIPlugin
2023-09-29 10:18:15,517 [INFO] PluginManager:220 - loadIPPluginJar : add comp
2023-09-29 10:18:15,557 [INFO] IPUIPlugin:80 - create IPUIPlugin
2023-09-29 10:18:15,557 [INFO] PluginManager:220 - loadIPPluginJar : add cryp
2023-09-29 10:18:15,589 [INFO] IPUIPlugin:80 - create IPUIPlugin
2023-09-29 10:18:15,589 [INFO] PluginManager:220 - loadIPPluginJar : add dfsdm
2023-09-29 10:18:15,612 [INFO] IPUIPlugin:80 - create IPUIPlugin
2023-09-29 10:18:15,612 [INFO] PluginManager:220 - loadIPPluginJar : add dma
2023-09-29 10:18:15,668 [INFO] IPUIPlugin:80 - create IPUIPlugin
2023-09-29 10:18:15,668 [INFO] PluginManager:220 - loadIPPluginJar : add dma3
2023-09-29 10:18:15,697 [INFO] IPUIPlugin:80 - create IPUIPlugin
2023-09-29 10:18:15,697 [INFO] PluginManager:220 - loadIPPluginJar : add fatfs
2023-09-29 10:18:15,757 [INFO] IPUIPlugin:80 - create IPUIPlugin
2023-09-29 10:18:15,757 [INFO] PluginManager:220 - loadIPPluginJar : add fmc
2023-09-29 10:18:15,777 [INFO] IPUIPlugin:80 - create IPUIPlugin
2023-09-29 10:18:15,777 [INFO] PluginManager:220 - loadIPPluginJar : add freertos
2023-09-29 10:18:15,802 [INFO] IPUIPlugin:80 - create IPUIPlugin
2023-09-29 10:18:15,802 [INFO] PluginManager:220 - loadIPPluginJar : add genericplugin
2023-09-29 10:18:15,902 [INFO] IPUIPlugin:80 - create IPUIPlugin
2023-09-29 10:18:15,902 [INFO] PluginManager:220 - loadIPPluginJar : add gfxmmu
2023-09-29 10:18:16,047 [INFO] IPUIPlugin:80 - create IPUIPlugin
2023-09-29 10:18:16,047 [INFO] PluginManager:220 - loadIPPluginJar : add gic
2023-09-29 10:18:16,067 [INFO] IPUIPlugin:80 - create IPUIPlugin
2023-09-29 10:18:16,067 [INFO] PluginManager:220 - loadIPPluginJar : add gpio
2023-09-29 10:18:16,167 [INFO] IPUIPlugin:80 - create IPUIPlugin
2023-09-29 10:18:16,167 [INFO] PluginManager:220 - loadIPPluginJar : add gtzc
2023-09-29 10:18:16,207 [INFO] IPUIPlugin:80 - create IPUIPlugin
2023-09-29 10:18:16,207 [INFO] PluginManager:220 - loadIPPluginJar : add hash
2023-09-29 10:18:16,267 [INFO] IPUIPlugin:80 - create IPUIPlugin
2023-09-29 10:18:16,267 [INFO] PluginManager:220 - loadIPPluginJar : add i2c
2023-09-29 10:18:16,322 [INFO] IPUIPlugin:80 - create IPUIPlugin
2023-09-29 10:18:16,322 [INFO] PluginManager:220 - loadIPPluginJar : add i2s
2023-09-29 10:18:16,370 [INFO] IPUIPlugin:80 - create IPUIPlugin
2023-09-29 10:18:16,370 [INFO] PluginManager:220 - loadIPPluginJar : add i3c
2023-09-29 10:18:16,498 [INFO] IPUIPlugin:80 - create IPUIPlugin
2023-09-29 10:18:16,498 [INFO] PluginManager:220 - loadIPPluginJar : add ipddr
2023-09-29 10:18:16,610 [INFO] IPUIPlugin:80 - create IPUIPlugin
2023-09-29 10:18:16,610 [INFO] PluginManager:220 - loadIPPluginJar : add linkedlist
2023-09-29 10:18:16,652 [INFO] IPUIPlugin:80 - create IPUIPlugin
2023-09-29 10:18:16,652 [INFO] PluginManager:220 - loadIPPluginJar : add lorawan
2023-09-29 10:18:16,690 [INFO] IPUIPlugin:80 - create IPUIPlugin
2023-09-29 10:18:16,690 [INFO] PluginManager:220 - loadIPPluginJar : add ltdc
2023-09-29 10:18:16,707 [INFO] IPUIPlugin:80 - create IPUIPlugin
2023-09-29 10:18:16,707 [INFO] PluginManager:220 - loadIPPluginJar : add mdma
2023-09-29 10:18:16,717 [INFO] IPUIPlugin:80 - create IPUIPlugin
2023-09-29 10:18:16,717 [INFO] PluginManager:220 - loadIPPluginJar : add nvic
2023-09-29 10:18:16,757 [INFO] IPUIPlugin:80 - create IPUIPlugin
2023-09-29 10:18:16,757 [INFO] PluginManager:220 - loadIPPluginJar : add opamp
2023-09-29 10:18:16,822 [INFO] IPUIPlugin:80 - create IPUIPlugin
2023-09-29 10:18:16,822 [INFO] PluginManager:220 - loadIPPluginJar : add openamp
2023-09-29 10:18:16,872 [INFO] IPUIPlugin:80 - create IPUIPlugin
2023-09-29 10:18:16,872 [INFO] PluginManager:220 - loadIPPluginJar : add pdm2pcm
2023-09-29 10:18:16,890 [INFO] IPUIPlugin:80 - create IPUIPlugin
2023-09-29 10:18:16,893 [INFO] PluginManager:220 - loadIPPluginJar : add plateformsettings
2023-09-29 10:18:16,926 [INFO] IPUIPlugin:80 - create IPUIPlugin
2023-09-29 10:18:16,926 [INFO] PluginManager:220 - loadIPPluginJar : add quadspi
2023-09-29 10:18:16,942 [INFO] IPUIPlugin:80 - create IPUIPlugin
2023-09-29 10:18:16,942 [INFO] PluginManager:220 - loadIPPluginJar : add resmgrutility
2023-09-29 10:18:16,992 [INFO] IPUIPlugin:80 - create IPUIPlugin
2023-09-29 10:18:16,992 [INFO] PluginManager:220 - loadIPPluginJar : add sai
2023-09-29 10:18:17,030 [INFO] IPUIPlugin:80 - create IPUIPlugin
2023-09-29 10:18:17,030 [INFO] PluginManager:220 - loadIPPluginJar : add spi
2023-09-29 10:18:17,117 [INFO] IPUIPlugin:80 - create IPUIPlugin
2023-09-29 10:18:17,117 [INFO] PluginManager:220 - loadIPPluginJar : add stm32_wpan
2023-09-29 10:18:17,140 [INFO] IPUIPlugin:80 - create IPUIPlugin
2023-09-29 10:18:17,140 [INFO] PluginManager:220 - loadIPPluginJar : add tim
2023-09-29 10:18:17,219 [INFO] IPUIPlugin:80 - create IPUIPlugin
2023-09-29 10:18:17,219 [INFO] PluginManager:220 - loadIPPluginJar : add touchsensing
2023-09-29 10:18:17,250 [INFO] IPUIPlugin:80 - create IPUIPlugin
2023-09-29 10:18:17,250 [INFO] PluginManager:220 - loadIPPluginJar : add tracer_emb
2023-09-29 10:18:17,282 [INFO] IPUIPlugin:80 - create IPUIPlugin
2023-09-29 10:18:17,282 [INFO] PluginManager:220 - loadIPPluginJar : add ts
2023-09-29 10:18:17,317 [INFO] IPUIPlugin:80 - create IPUIPlugin
2023-09-29 10:18:17,317 [INFO] PluginManager:220 - loadIPPluginJar : add tsc
2023-09-29 10:18:17,347 [INFO] IPUIPlugin:80 - create IPUIPlugin
2023-09-29 10:18:17,347 [INFO] PluginManager:220 - loadIPPluginJar : add ucpd
2023-09-29 10:18:17,397 [INFO] IPUIPlugin:80 - create IPUIPlugin
2023-09-29 10:18:17,397 [INFO] PluginManager:220 - loadIPPluginJar : add usart
2023-09-29 10:18:17,447 [INFO] IPUIPlugin:80 - create IPUIPlugin
2023-09-29 10:18:17,447 [INFO] PluginManager:220 - loadIPPluginJar : add usbx
2023-09-29 10:18:17,504 [INFO] ThirdPartyUpdaterWithRetryManager:70 - Updater plugin not ready yet. [2/15]
2023-09-29 10:18:17,617 [INFO] CADModel:165 - CPN selected for project level
2023-09-29 10:18:17,617 [INFO] CADModel:114 - Register for checkConnection events
2023-09-29 10:18:17,617 [FATAL] Updater:308 - Updater called before beeing initialized
2023-09-29 10:18:17,617 [ERROR] CADModel:125 - Updater not yet initialized, retry later 
2023-09-29 10:18:17,822 [INFO] CADModel:165 - CPN selected for project level
2023-09-29 10:18:17,822 [INFO] CADModel:114 - Register for checkConnection events
2023-09-29 10:18:17,822 [FATAL] Updater:308 - Updater called before beeing initialized
2023-09-29 10:18:17,822 [ERROR] CADModel:125 - Updater not yet initialized, retry later 
2023-09-29 10:18:17,827 [FATAL] Updater:308 - Updater called before beeing initialized
2023-09-29 10:18:17,977 [FATAL] Updater:308 - Updater called before beeing initialized
2023-09-29 10:18:17,987 [INFO] DbMcusAds:53 - JSON generation date=Tue Mar 07 15:50:55 ICT 2023 (1678179055114)
2023-09-29 10:18:17,987 [FATAL] Updater:308 - Updater called before beeing initialized
2023-09-29 10:18:18,087 [WARN] DetailPanel:346 - Failed to get advertising image, set to default
2023-09-29 10:18:18,227 [FATAL] Updater:308 - Updater called before beeing initialized
2023-09-29 10:18:18,227 [FATAL] Updater:308 - Updater called before beeing initialized
2023-09-29 10:18:18,227 [FATAL] Updater:308 - Updater called before beeing initialized
2023-09-29 10:18:18,227 [WARN] DetailPanel:346 - Failed to get advertising image, set to default
2023-09-29 10:18:18,227 [FATAL] Updater:308 - Updater called before beeing initialized
2023-09-29 10:18:18,322 [ERROR] Updater:1120 - MainUpdater not yet initialized. External WinMGr cannot be set.
2023-09-29 10:18:18,330 [INFO] Updater:1056 - Updater Version found : 6.9.1
2023-09-29 10:18:18,367 [INFO] ApplicationProperties:184 - Using Application install path: C:\ST\STM32CubeIDE_1.12.0\STM32CubeIDE\plugins\com.st.stm32cube.common.mx_6.9.1.202307191849
2023-09-29 10:18:18,902 [INFO] MainUpdater:2868 - connection check result : 10
2023-09-29 10:18:18,907 [INFO] MainUpdater:285 - Updater Check For Update Now.
2023-09-29 10:18:18,907 [INFO] MicroXplorer:498 - Change Database Version : DB.6.0.91
2023-09-29 10:18:18,927 [INFO] McuFinderGlobals:63 - Set McuFinder mode to 2 (CubeIDE integrated)
2023-09-29 10:18:18,927 [INFO] UserAuth:179 - activating auth plugin
2023-09-29 10:18:18,932 [INFO] UserAuth:393 - Internet connection configuration mode: 1
2023-09-29 10:18:18,967 [INFO] JxBrowserEngine:151 - Initiate JxBrowser Engine with user profile folder
2023-09-29 10:18:19,157 [INFO] CheckServerUpdateThread:120 - End of CheckServer Thread
2023-09-29 10:18:20,747 [WARN] PackLoader:240 - Cannot read IP mode file for STMicroelectronics.X-CUBE-SMBUS.2.1.0
2023-09-29 10:18:20,840 [WARN] PackLoader:240 - Cannot read IP mode file for STMicroelectronics.X-CUBE-AZRTOS-F7.1.1.0
2023-09-29 10:18:20,867 [WARN] PackLoader:240 - Cannot read IP mode file for STMicroelectronics.FP-SNS-MOTENV1.4.3.2
2023-09-29 10:18:20,888 [WARN] PackLoader:240 - Cannot read IP mode file for STMicroelectronics.FP-SNS-FLIGHT1.5.0.2
2023-09-29 10:18:20,907 [WARN] PackLoader:240 - Cannot read IP mode file for STMicroelectronics.X-CUBE-DISPLAY.3.0.0
2023-09-29 10:18:20,937 [WARN] PackLoader:240 - Cannot read IP mode file for STMicroelectronics.X-CUBE-BLE1.7.0.0
2023-09-29 10:18:20,968 [WARN] PackLoader:240 - Cannot read IP mode file for emotas.I-CUBE-CANOPEN.1.3.0
2023-09-29 10:18:20,985 [WARN] PackLoader:240 - Cannot read IP mode file for STMicroelectronics.X-CUBE-TOUCHGFX.4.22.0
2023-09-29 10:18:20,999 [WARN] PackLoader:240 - Cannot read IP mode file for STMicroelectronics.FP-SNS-SMARTAG2.1.2.0
2023-09-29 10:18:21,031 [INFO] LogOutputStream:77 - [STDOUT_REDIRECT] 1 : Invalid condition id : UX_CORESTACK_Condition cause : null
2023-09-29 10:18:21,046 [INFO] LogOutputStream:77 - [STDOUT_REDIRECT] 1 : Invalid condition id : UX_CORESTACK_Condition cause : null
2023-09-29 10:18:21,046 [INFO] LogOutputStream:77 - [STDOUT_REDIRECT] 1 : Invalid condition id : UX_CORESTACK_Condition cause : null
2023-09-29 10:18:21,046 [INFO] LogOutputStream:77 - [STDOUT_REDIRECT] 1 : Invalid condition id : UX_CORESTACK_Condition cause : null
2023-09-29 10:18:21,046 [INFO] LogOutputStream:77 - [STDOUT_REDIRECT] 1 : Invalid condition id : UX_CORESTACK_Condition cause : null
2023-09-29 10:18:21,046 [WARN] PackLoader:240 - Cannot read IP mode file for STMicroelectronics.X-CUBE-AZRTOS-WL.2.0.0
2023-09-29 10:18:21,085 [WARN] PackLoader:240 - Cannot read IP mode file for WES.I-CUBE-Cesium.1.3.0
2023-09-29 10:18:21,093 [WARN] PackLoader:240 - Cannot read IP mode file for STMicroelectronics.X-CUBE-BLE2.3.3.0
2023-09-29 10:18:21,125 [WARN] PackLoader:240 - Cannot read IP mode file for STMicroelectronics.X-CUBE-ALGOBUILD.1.3.0
2023-09-29 10:18:21,172 [WARN] PackLoader:240 - Cannot read IP mode file for STMicroelectronics.X-CUBE-AZRTOS-G0.1.1.0
2023-09-29 10:18:21,188 [WARN] PackLoader:240 - Cannot read IP mode file for STMicroelectronics.X-CUBE-NFC4.3.0.0
2023-09-29 10:18:21,203 [WARN] PackLoader:240 - Cannot read IP mode file for STMicroelectronics.FP-ATR-SIGFOX1.3.2.0
2023-09-29 10:18:21,266 [WARN] PackLoader:240 - Cannot read IP mode file for SEGGER.I-CUBE-embOS.1.3.1
2023-09-29 10:18:21,360 [WARN] PackLoader:240 - Cannot read IP mode file for STMicroelectronics.X-CUBE-GNSS1.6.0.0
2023-09-29 10:18:21,392 [WARN] PackLoader:240 - Cannot read IP mode file for STMicroelectronics.X-CUBE-AZRTOS-F4.1.1.0
2023-09-29 10:18:21,423 [WARN] PackLoader:240 - Cannot read IP mode file for wolfSSL.I-CUBE-wolfSSL.5.6.3
2023-09-29 10:18:21,470 [WARN] PackLoader:240 - Cannot read IP mode file for STMicroelectronics.X-CUBE-AZRTOS-L5.2.0.0
2023-09-29 10:18:21,674 [WARN] PackLoader:240 - Cannot read IP mode file for STMicroelectronics.X-CUBE-MEMS1.9.6.0
2023-09-29 10:18:22,292 [WARN] PackLoader:240 - Cannot read IP mode file for STMicroelectronics.X-CUBE-BLEMGR.2.0.0
2023-09-29 10:18:22,354 [WARN] ConditionMgr:438 - getConditionDescription Invalid condition id : UX DEVICE CLASS RTOS Condition cause : null
2023-09-29 10:18:22,354 [WARN] ConditionMgr:438 - getConditionDescription Invalid condition id : UX DEVICE CLASS RTOS Condition cause : null
2023-09-29 10:18:22,370 [WARN] PackLoader:240 - Cannot read IP mode file for STMicroelectronics.X-CUBE-AZRTOS-H7.3.1.0
2023-09-29 10:18:22,370 [WARN] ConditionMgr:1039 - genDependencies : Invalid condition id : UX DEVICE CLASS RTOS Condition cause : null
2023-09-29 10:18:22,370 [WARN] ConditionMgr:1039 - genDependencies : Invalid condition id : UX DEVICE CLASS RTOS Condition cause : null
2023-09-29 10:18:22,370 [WARN] ConditionMgr:1039 - genDependencies : Invalid condition id : UX DEVICE CLASS RTOS Condition cause : null
2023-09-29 10:18:22,370 [WARN] ConditionMgr:1039 - genDependencies : Invalid condition id : UX DEVICE CLASS RTOS Condition cause : null
2023-09-29 10:18:22,370 [WARN] ConditionMgr:1039 - genDependencies : Invalid condition id : UX DEVICE CLASS RTOS Condition cause : null
2023-09-29 10:18:22,402 [WARN] PackLoader:240 - Cannot read IP mode file for STMicroelectronics.X-CUBE-NFC7.1.0.1
2023-09-29 10:18:22,402 [INFO] WebApp:157 - Instantiating new browser for Auth
2023-09-29 10:18:22,417 [WARN] PackLoader:240 - Cannot read IP mode file for STMicroelectronics.X-CUBE-NFC6.3.0.0
2023-09-29 10:18:22,480 [WARN] PackLoader:240 - Cannot read IP mode file for STMicroelectronics.X-CUBE-EEPRMA1.4.1.0
2023-09-29 10:18:22,496 [WARN] PackLoader:240 - Cannot read IP mode file for STMicroelectronics.X-CUBE-AI.8.1.0
2023-09-29 10:18:22,561 [WARN] ConditionMgr:438 - getConditionDescription Invalid condition id : LAN8742 Phy interface Condition cause : null
2023-09-29 10:18:22,562 [WARN] PackLoader:240 - Cannot read IP mode file for STMicroelectronics.X-CUBE-AZRTOS-L4.2.0.0
2023-09-29 10:18:22,565 [WARN] ConditionMgr:1039 - genDependencies : Invalid condition id : LAN8742 Phy interface Condition cause : null
2023-09-29 10:18:22,566 [WARN] ConditionMgr:1039 - genDependencies : Invalid condition id : LAN8742 Phy interface Condition cause : null
2023-09-29 10:18:22,568 [WARN] ConditionMgr:1039 - genDependencies : Invalid condition id : LAN8742 Phy interface Condition cause : null
2023-09-29 10:18:22,596 [WARN] PackLoader:240 - Cannot read IP mode file for STMicroelectronics.X-CUBE-SFXS2LP1.4.0.0
2023-09-29 10:18:22,618 [WARN] PackLoader:240 - Cannot read IP mode file for STMicroelectronics.X-CUBE-ISPU.1.1.0
2023-09-29 10:18:22,656 [WARN] ConditionMgr:438 - getConditionDescription Invalid condition id : UX DEVICE CLASS RTOS Condition cause : null
2023-09-29 10:18:22,656 [WARN] ConditionMgr:438 - getConditionDescription Invalid condition id : UX DEVICE CLASS RTOS Condition cause : null
2023-09-29 10:18:22,659 [WARN] PackLoader:240 - Cannot read IP mode file for STMicroelectronics.X-CUBE-AZRTOS-WB.2.0.0
2023-09-29 10:18:22,674 [WARN] ConditionMgr:1039 - genDependencies : Invalid condition id : UX DEVICE CLASS RTOS Condition cause : null
2023-09-29 10:18:22,674 [WARN] ConditionMgr:1039 - genDependencies : Invalid condition id : UX DEVICE CLASS RTOS Condition cause : null
2023-09-29 10:18:22,676 [WARN] ConditionMgr:1039 - genDependencies : Invalid condition id : UX DEVICE CLASS RTOS Condition cause : null
2023-09-29 10:18:22,676 [WARN] ConditionMgr:1039 - genDependencies : Invalid condition id : UX DEVICE CLASS RTOS Condition cause : null
2023-09-29 10:18:22,677 [WARN] ConditionMgr:1039 - genDependencies : Invalid condition id : UX DEVICE CLASS RTOS Condition cause : null
2023-09-29 10:18:22,713 [WARN] PackLoader:240 - Cannot read IP mode file for STMicroelectronics.X-CUBE-SUBG2.5.0.0
2023-09-29 10:18:22,812 [WARN] PackLoader:240 - Cannot read IP mode file for STMicroelectronics.X-CUBE-TOF1.3.3.1
2023-09-29 10:18:22,922 [WARN] PackLoader:240 - Cannot read IP mode file for STMicroelectronics.X-CUBE-AZRTOS-G4.2.0.0
2023-09-29 10:18:22,981 [WARN] PackLoader:240 - Cannot read IP mode file for STMicroelectronics.X-CUBE-FREERTOS.1.1.0
2023-09-29 10:18:23,017 [WARN] PackLoader:240 - Cannot read IP mode file for portGmbH.I-Cube-SoM-uGOAL.1.1.0
2023-09-29 10:18:23,048 [WARN] PackLoader:240 - Cannot read IP mode file for STMicroelectronics.X-CUBE-ALS.1.0.1
2023-09-29 10:18:23,063 [WARN] PackLoader:240 - Cannot read IP mode file for STMicroelectronics.FP-ATR-ASTRA1.2.0.0
2023-09-29 10:18:23,063 [INFO] ThirdParty:978 - Integrity check success = true
2023-09-29 10:18:23,063 [INFO] IntegrityCheckThread:100 - exiting critical section [integrity check]
2023-09-29 10:18:23,063 [INFO] IntegrityCheckThread:103 - End integrity checks thread
2023-09-29 10:18:23,828 [INFO] WebApp:753 - Register for checkConnection events
2023-09-29 10:18:23,828 [INFO] WebApp:390 - Apply proxy settings
2023-09-29 10:18:23,828 [INFO] WebApp:475 - Chromium requires no authentication
2023-09-29 10:18:23,835 [INFO] WebApp:418 - Direct internet connection detected
2023-09-29 10:18:24,252 [INFO] WebApp:188 - Starting web application
2023-09-29 10:18:24,252 [INFO] WebApp:520 - Web application path used C:\ST\STM32CubeIDE_1.12.0\STM32CubeIDE\plugins\com.st.stm32cube.common.mx_6.9.1.202307191849\db\plugins\mcufinder\reactClient1\index.html
2023-09-29 10:18:45,795 [ERROR] LogOutputStream:75 - [STDERR_REDIRECT] SLF4J: Failed to load class "org.slf4j.impl.StaticLoggerBinder".
2023-09-29 10:18:45,795 [ERROR] LogOutputStream:75 - [STDERR_REDIRECT] SLF4J: Defaulting to no-operation (NOP) logger implementation
2023-09-29 10:18:45,795 [ERROR] LogOutputStream:75 - [STDERR_REDIRECT] SLF4J: See http://www.slf4j.org/codes.html#StaticLoggerBinder for further details.
2023-09-29 13:37:17,256 [ERROR] LogOutputStream:75 - [STDERR_REDIRECT] 
