2023-09-20 10:31:56,377 [INFO] Activator:176 - 


2023-09-20 10:31:56,384 [INFO] Activator:177 - !SESSION log4j initialized
2023-09-20 10:32:06,618 [INFO] LogOutputStream:77 - [STDOUT_REDIRECT] 
2023-09-20 10:32:14,137 [INFO] ApplicationProperties:184 - Using Application install path: C:\ST\STM32CubeIDE_1.12.0\STM32CubeIDE\plugins\com.st.stm32cube.common.mx_6.9.1.202307191849
2023-09-20 10:32:14,175 [INFO] DbMcusXml:78 - Set database path to: C:\ST\STM32CubeIDE_1.12.0\STM32CubeIDE\plugins\com.st.stm32cube.common.mx_6.9.1.202307191849\\db\/mcu/
2023-09-20 10:32:14,176 [INFO] ApiDb:274 - Set plugin database path to: C:\ST\STM32CubeIDE_1.12.0\STM32CubeIDE\plugins\com.st.stm32cube.common.mx_6.9.1.202307191849\\db\/plugins/boardmanager/
2023-09-20 10:32:14,177 [WARN] ApiDb:259 - Overriding images path with different value:  => C:\ST\STM32CubeIDE_1.12.0\STM32CubeIDE\plugins\com.st.stm32cube.common.mx_6.9.1.202307191849\\db\/plugins/mcufinder/images/
2023-09-20 10:32:14,216 [INFO] ApiDb:250 - Set database path to: C:\Users\win 10\.stmcufinder\plugins\mcufinder//mcu/
2023-09-20 10:32:14,219 [INFO] DbMcusAds:125 - Set database path to: C:\Users\win 10\.stmcufinder\plugins\mcufinder//mcu/
2023-09-20 10:32:14,224 [INFO] CrossReferenceDbSqlite:203 - Set database path to: C:\Users\win 10\.stmcufinder\plugins\mcufinder//mcu/cs/
2023-09-20 10:32:14,526 [INFO] RulesReader:64 - Compatibility file has been processed (293 Rules)
2023-09-20 10:32:14,796 [INFO] DbMcusXml:78 - Set database path to: C:\ST\STM32CubeIDE_1.12.0\STM32CubeIDE\plugins\com.st.stm32cube.common.mx_6.9.1.202307191849\\db\/mcu/
2023-09-20 10:32:14,796 [INFO] ApiDb:274 - Set plugin database path to: C:\ST\STM32CubeIDE_1.12.0\STM32CubeIDE\plugins\com.st.stm32cube.common.mx_6.9.1.202307191849\\db\/plugins/boardmanager/
2023-09-20 10:32:14,797 [INFO] ApiDb:261 - Set plugin images path to: C:\ST\STM32CubeIDE_1.12.0\STM32CubeIDE\plugins\com.st.stm32cube.common.mx_6.9.1.202307191849\\db\/plugins/mcufinder/images/
2023-09-20 10:32:14,797 [WARN] DbFile:41 - Overriding database path with different value: C:\Users\win 10\.stmcufinder\plugins\mcufinder/ => C:\Users\win 10\.stmcufinder\plugins\mcufinder
2023-09-20 10:32:14,798 [INFO] ApiDb:250 - Set database path to: C:\Users\win 10\.stmcufinder\plugins\mcufinder//mcu/
2023-09-20 10:32:14,798 [WARN] DbFile:41 - Overriding database path with different value: C:\Users\win 10\.stmcufinder\plugins\mcufinder/ => C:\Users\win 10\.stmcufinder\plugins\mcufinder
2023-09-20 10:32:14,798 [INFO] DbMcusAds:125 - Set database path to: C:\Users\win 10\.stmcufinder\plugins\mcufinder//mcu/
2023-09-20 10:32:14,799 [WARN] DbFile:41 - Overriding database path with different value: C:\Users\win 10\.stmcufinder\plugins\mcufinder/ => C:\Users\win 10\.stmcufinder\plugins\mcufinder
2023-09-20 10:32:14,799 [WARN] DbFile:41 - Overriding database path with different value: C:\Users\win 10\.stmcufinder\plugins\mcufinder/ => C:\Users\win 10\.stmcufinder\plugins\mcufinder
2023-09-20 10:32:14,799 [INFO] CrossReferenceDbSqlite:203 - Set database path to: C:\Users\win 10\.stmcufinder\plugins\mcufinder//mcu/cs/
2023-09-20 10:32:14,968 [INFO] MainPanel:262 - HeapMemory: 268435456
2023-09-20 10:32:15,196 [INFO] DbMcusXml:78 - Set database path to: C:\ST\STM32CubeIDE_1.12.0\STM32CubeIDE\plugins\com.st.stm32cube.common.mx_6.9.1.202307191849\\db\/mcu/
2023-09-20 10:32:15,197 [INFO] ApiDb:274 - Set plugin database path to: C:\ST\STM32CubeIDE_1.12.0\STM32CubeIDE\plugins\com.st.stm32cube.common.mx_6.9.1.202307191849\\db\/plugins/boardmanager/
2023-09-20 10:32:15,197 [INFO] ApiDb:261 - Set plugin images path to: C:\ST\STM32CubeIDE_1.12.0\STM32CubeIDE\plugins\com.st.stm32cube.common.mx_6.9.1.202307191849\\db\/plugins/mcufinder/images/
2023-09-20 10:32:15,198 [WARN] DbFile:41 - Overriding database path with different value: C:\Users\win 10\.stmcufinder\plugins\mcufinder/ => C:\Users\win 10\.stmcufinder\plugins\mcufinder
2023-09-20 10:32:15,199 [INFO] ApiDb:250 - Set database path to: C:\Users\win 10\.stmcufinder\plugins\mcufinder//mcu/
2023-09-20 10:32:15,199 [WARN] DbFile:41 - Overriding database path with different value: C:\Users\win 10\.stmcufinder\plugins\mcufinder/ => C:\Users\win 10\.stmcufinder\plugins\mcufinder
2023-09-20 10:32:15,199 [INFO] DbMcusAds:125 - Set database path to: C:\Users\win 10\.stmcufinder\plugins\mcufinder//mcu/
2023-09-20 10:32:15,199 [WARN] DbFile:41 - Overriding database path with different value: C:\Users\win 10\.stmcufinder\plugins\mcufinder/ => C:\Users\win 10\.stmcufinder\plugins\mcufinder
2023-09-20 10:32:15,199 [WARN] DbFile:41 - Overriding database path with different value: C:\Users\win 10\.stmcufinder\plugins\mcufinder/ => C:\Users\win 10\.stmcufinder\plugins\mcufinder
2023-09-20 10:32:15,200 [INFO] CrossReferenceDbSqlite:203 - Set database path to: C:\Users\win 10\.stmcufinder\plugins\mcufinder//mcu/cs/
2023-09-20 10:32:15,242 [INFO] ApplicationProperties:184 - Using Application install path: C:\ST\STM32CubeIDE_1.12.0\STM32CubeIDE\plugins\com.st.stm32cube.common.mx_6.9.1.202307191849
2023-09-20 10:32:15,246 [INFO] PluginManage:196 - Search for loadable plugins [exclusion list=, ]
2023-09-20 10:32:15,249 [INFO] PluginManage:310 - Check plugin analytics
2023-09-20 10:32:15,694 [INFO] AnalyticsPlugin:253 - Accepted Software Licenses: STM32CubeMX.6.5.0,STM32CubeMX.6.9.1
2023-09-20 10:32:15,695 [INFO] AnalyticsPlugin:255 - Accepted CMSIS Pack Licenses: 
2023-09-20 10:32:15,696 [INFO] AnalyticsPlugin:257 - Accepted Firmware Licenses: 
2023-09-20 10:32:15,701 [INFO] PluginManage:359 - Loaded plugin analytics (category:tool,tabindex:-1)
2023-09-20 10:32:15,702 [INFO] PluginManage:310 - Check plugin cadmodel
2023-09-20 10:32:15,736 [INFO] CADModel:105 - Init CAD model plugin
2023-09-20 10:32:15,736 [INFO] PluginManage:359 - Loaded plugin cadmodel (category:power,tabindex:5)
2023-09-20 10:32:15,737 [INFO] PluginManage:310 - Check plugin clock
2023-09-20 10:32:15,774 [INFO] PluginManage:359 - Loaded plugin clock (category:base,tabindex:2)
2023-09-20 10:32:15,775 [INFO] PluginManage:310 - Check plugin ddr
2023-09-20 10:32:15,779 [INFO] PluginManage:359 - Loaded plugin ddr (category:tool,tabindex:6)
2023-09-20 10:32:15,780 [INFO] PluginManage:310 - Check plugin filemanager
2023-09-20 10:32:16,065 [INFO] PluginManage:359 - Loaded plugin filemanager (category:base,tabindex:10)
2023-09-20 10:32:16,065 [INFO] PluginManage:310 - Check plugin ipmanager
2023-09-20 10:32:16,080 [INFO] PluginManage:359 - Loaded plugin ipmanager (category:base,tabindex:5)
2023-09-20 10:32:16,080 [INFO] PluginManage:310 - Check plugin lpbam
2023-09-20 10:32:16,116 [INFO] PluginManage:359 - Loaded plugin lpbam (category:base,tabindex:0)
2023-09-20 10:32:16,117 [INFO] PluginManage:310 - Check plugin memorymap
2023-09-20 10:32:16,161 [INFO] PluginManage:359 - Loaded plugin memorymap (category:base,tabindex:4)
2023-09-20 10:32:16,162 [INFO] PluginManage:310 - Check plugin pinoutandconfiguration
2023-09-20 10:32:16,195 [INFO] PluginManage:359 - Loaded plugin pinoutandconfiguration (category:base,tabindex:1)
2023-09-20 10:32:16,196 [INFO] PluginManage:310 - Check plugin pinoutconfig
2023-09-20 10:32:16,410 [WARN] SupportedApi:132 - Cannot load RTOS API schema: s4s-elt-must-match.1: The content of 'definitions' must match (annotation?, (simpleType | complexType)?, (unique | key | keyref)*)). A problem was found starting at: attribute.
2023-09-20 10:32:16,724 [INFO] PluginManage:359 - Loaded plugin pinoutconfig (category:base,tabindex:0)
2023-09-20 10:32:16,725 [INFO] PluginManage:310 - Check plugin power
2023-09-20 10:32:16,768 [INFO] PluginManage:359 - Loaded plugin power (category:power,tabindex:4)
2023-09-20 10:32:16,768 [INFO] PluginManage:310 - Check plugin projectmanager
2023-09-20 10:32:16,801 [INFO] PluginManage:359 - Loaded plugin projectmanager (category:projectmanager,tabindex:3)
2023-09-20 10:32:16,801 [INFO] PluginManage:310 - Check plugin thirdparty
2023-09-20 10:32:17,351 [INFO] PluginManage:359 - Loaded plugin thirdparty (category:base,tabindex:-1)
2023-09-20 10:32:17,351 [WARN] IntegrityCheckThread:84 - waiting for thirdparty lock release [integrity check]
2023-09-20 10:32:17,351 [INFO] PluginManage:310 - Check plugin tools
2023-09-20 10:32:17,351 [INFO] IntegrityCheckThread:86 - entering critical section [integrity check]
2023-09-20 10:32:17,353 [INFO] ThirdPartyUpdaterWithRetryManager:70 - Updater plugin not ready yet. [1/15]
2023-09-20 10:32:17,436 [INFO] PluginManage:359 - Loaded plugin tools (category:base,tabindex:7)
2023-09-20 10:32:17,436 [INFO] PluginManage:310 - Check plugin tutovideos
2023-09-20 10:32:17,960 [INFO] PluginManage:359 - Loaded plugin tutovideos (category:base,tabindex:-1)
2023-09-20 10:32:17,961 [INFO] PluginManage:310 - Check plugin updater
2023-09-20 10:32:17,986 [INFO] PluginManage:359 - Loaded plugin updater (category:base,tabindex:12)
2023-09-20 10:32:17,987 [INFO] PluginManage:310 - Check plugin userauth
2023-09-20 10:32:17,999 [INFO] UserAuth:113 - Init User Auth plugin
2023-09-20 10:32:18,000 [INFO] PluginManage:359 - Loaded plugin userauth (category:base,tabindex:14)
2023-09-20 10:32:18,002 [INFO] PluginManage:283 - PluginManage : Loaded plugins [17]
2023-09-20 10:32:18,494 [INFO] PinOutPanel:1499 - setPackage(No Configuration,No Configuration)
2023-09-20 10:32:18,660 [INFO] CADModel:165 - CPN selected for project level
2023-09-20 10:32:18,661 [INFO] CADModel:114 - Register for checkConnection events
2023-09-20 10:32:18,703 [INFO] IPUIPlugin:80 - create IPUIPlugin
2023-09-20 10:32:18,703 [INFO] PluginManager:220 - loadIPPluginJar : add adc
2023-09-20 10:32:18,750 [INFO] IPUIPlugin:80 - create IPUIPlugin
2023-09-20 10:32:18,750 [INFO] PluginManager:220 - loadIPPluginJar : add aes
2023-09-20 10:32:18,803 [INFO] IPUIPlugin:80 - create IPUIPlugin
2023-09-20 10:32:18,803 [INFO] PluginManager:220 - loadIPPluginJar : add can
2023-09-20 10:32:18,827 [INFO] IPUIPlugin:80 - create IPUIPlugin
2023-09-20 10:32:18,828 [INFO] PluginManager:220 - loadIPPluginJar : add comp
2023-09-20 10:32:18,869 [INFO] IPUIPlugin:80 - create IPUIPlugin
2023-09-20 10:32:18,869 [INFO] PluginManager:220 - loadIPPluginJar : add cryp
2023-09-20 10:32:18,907 [INFO] IPUIPlugin:80 - create IPUIPlugin
2023-09-20 10:32:18,908 [INFO] PluginManager:220 - loadIPPluginJar : add dfsdm
2023-09-20 10:32:18,925 [INFO] IPUIPlugin:80 - create IPUIPlugin
2023-09-20 10:32:18,925 [INFO] PluginManager:220 - loadIPPluginJar : add dma
2023-09-20 10:32:18,977 [INFO] IPUIPlugin:80 - create IPUIPlugin
2023-09-20 10:32:18,977 [INFO] PluginManager:220 - loadIPPluginJar : add dma3
2023-09-20 10:32:19,006 [INFO] IPUIPlugin:80 - create IPUIPlugin
2023-09-20 10:32:19,006 [INFO] PluginManager:220 - loadIPPluginJar : add fatfs
2023-09-20 10:32:19,070 [INFO] IPUIPlugin:80 - create IPUIPlugin
2023-09-20 10:32:19,070 [INFO] PluginManager:220 - loadIPPluginJar : add fmc
2023-09-20 10:32:19,089 [INFO] IPUIPlugin:80 - create IPUIPlugin
2023-09-20 10:32:19,090 [INFO] PluginManager:220 - loadIPPluginJar : add freertos
2023-09-20 10:32:19,116 [INFO] IPUIPlugin:80 - create IPUIPlugin
2023-09-20 10:32:19,116 [INFO] PluginManager:220 - loadIPPluginJar : add genericplugin
2023-09-20 10:32:19,245 [INFO] IPUIPlugin:80 - create IPUIPlugin
2023-09-20 10:32:19,246 [INFO] PluginManager:220 - loadIPPluginJar : add gfxmmu
2023-09-20 10:32:19,406 [INFO] IPUIPlugin:80 - create IPUIPlugin
2023-09-20 10:32:19,407 [INFO] PluginManager:220 - loadIPPluginJar : add gic
2023-09-20 10:32:19,421 [INFO] IPUIPlugin:80 - create IPUIPlugin
2023-09-20 10:32:19,422 [INFO] PluginManager:220 - loadIPPluginJar : add gpio
2023-09-20 10:32:19,519 [INFO] IPUIPlugin:80 - create IPUIPlugin
2023-09-20 10:32:19,519 [INFO] PluginManager:220 - loadIPPluginJar : add gtzc
2023-09-20 10:32:19,558 [INFO] IPUIPlugin:80 - create IPUIPlugin
2023-09-20 10:32:19,558 [INFO] PluginManager:220 - loadIPPluginJar : add hash
2023-09-20 10:32:19,622 [INFO] IPUIPlugin:80 - create IPUIPlugin
2023-09-20 10:32:19,622 [INFO] PluginManager:220 - loadIPPluginJar : add i2c
2023-09-20 10:32:19,665 [INFO] IPUIPlugin:80 - create IPUIPlugin
2023-09-20 10:32:19,665 [INFO] PluginManager:220 - loadIPPluginJar : add i2s
2023-09-20 10:32:19,710 [INFO] IPUIPlugin:80 - create IPUIPlugin
2023-09-20 10:32:19,710 [INFO] PluginManager:220 - loadIPPluginJar : add i3c
2023-09-20 10:32:19,825 [INFO] IPUIPlugin:80 - create IPUIPlugin
2023-09-20 10:32:19,825 [INFO] PluginManager:220 - loadIPPluginJar : add ipddr
2023-09-20 10:32:19,931 [INFO] IPUIPlugin:80 - create IPUIPlugin
2023-09-20 10:32:19,931 [INFO] PluginManager:220 - loadIPPluginJar : add linkedlist
2023-09-20 10:32:19,969 [INFO] IPUIPlugin:80 - create IPUIPlugin
2023-09-20 10:32:19,969 [INFO] PluginManager:220 - loadIPPluginJar : add lorawan
2023-09-20 10:32:20,011 [INFO] IPUIPlugin:80 - create IPUIPlugin
2023-09-20 10:32:20,011 [INFO] PluginManager:220 - loadIPPluginJar : add ltdc
2023-09-20 10:32:20,027 [INFO] IPUIPlugin:80 - create IPUIPlugin
2023-09-20 10:32:20,027 [INFO] PluginManager:220 - loadIPPluginJar : add mdma
2023-09-20 10:32:20,044 [INFO] IPUIPlugin:80 - create IPUIPlugin
2023-09-20 10:32:20,044 [INFO] PluginManager:220 - loadIPPluginJar : add nvic
2023-09-20 10:32:20,091 [INFO] IPUIPlugin:80 - create IPUIPlugin
2023-09-20 10:32:20,092 [INFO] PluginManager:220 - loadIPPluginJar : add opamp
2023-09-20 10:32:20,167 [INFO] IPUIPlugin:80 - create IPUIPlugin
2023-09-20 10:32:20,167 [INFO] PluginManager:220 - loadIPPluginJar : add openamp
2023-09-20 10:32:20,216 [INFO] IPUIPlugin:80 - create IPUIPlugin
2023-09-20 10:32:20,216 [INFO] PluginManager:220 - loadIPPluginJar : add pdm2pcm
2023-09-20 10:32:20,233 [INFO] IPUIPlugin:80 - create IPUIPlugin
2023-09-20 10:32:20,236 [INFO] PluginManager:220 - loadIPPluginJar : add plateformsettings
2023-09-20 10:32:20,264 [INFO] IPUIPlugin:80 - create IPUIPlugin
2023-09-20 10:32:20,264 [INFO] PluginManager:220 - loadIPPluginJar : add quadspi
2023-09-20 10:32:20,280 [INFO] IPUIPlugin:80 - create IPUIPlugin
2023-09-20 10:32:20,280 [INFO] PluginManager:220 - loadIPPluginJar : add resmgrutility
2023-09-20 10:32:20,334 [INFO] IPUIPlugin:80 - create IPUIPlugin
2023-09-20 10:32:20,335 [INFO] PluginManager:220 - loadIPPluginJar : add sai
2023-09-20 10:32:20,354 [INFO] ThirdPartyUpdaterWithRetryManager:70 - Updater plugin not ready yet. [2/15]
2023-09-20 10:32:20,387 [INFO] IPUIPlugin:80 - create IPUIPlugin
2023-09-20 10:32:20,387 [INFO] PluginManager:220 - loadIPPluginJar : add spi
2023-09-20 10:32:20,460 [INFO] IPUIPlugin:80 - create IPUIPlugin
2023-09-20 10:32:20,461 [INFO] PluginManager:220 - loadIPPluginJar : add stm32_wpan
2023-09-20 10:32:20,490 [INFO] IPUIPlugin:80 - create IPUIPlugin
2023-09-20 10:32:20,490 [INFO] PluginManager:220 - loadIPPluginJar : add tim
2023-09-20 10:32:20,570 [INFO] IPUIPlugin:80 - create IPUIPlugin
2023-09-20 10:32:20,570 [INFO] PluginManager:220 - loadIPPluginJar : add touchsensing
2023-09-20 10:32:20,599 [INFO] IPUIPlugin:80 - create IPUIPlugin
2023-09-20 10:32:20,599 [INFO] PluginManager:220 - loadIPPluginJar : add tracer_emb
2023-09-20 10:32:20,628 [INFO] IPUIPlugin:80 - create IPUIPlugin
2023-09-20 10:32:20,628 [INFO] PluginManager:220 - loadIPPluginJar : add ts
2023-09-20 10:32:20,656 [INFO] IPUIPlugin:80 - create IPUIPlugin
2023-09-20 10:32:20,656 [INFO] PluginManager:220 - loadIPPluginJar : add tsc
2023-09-20 10:32:20,683 [INFO] IPUIPlugin:80 - create IPUIPlugin
2023-09-20 10:32:20,684 [INFO] PluginManager:220 - loadIPPluginJar : add ucpd
2023-09-20 10:32:20,739 [INFO] IPUIPlugin:80 - create IPUIPlugin
2023-09-20 10:32:20,739 [INFO] PluginManager:220 - loadIPPluginJar : add usart
2023-09-20 10:32:20,791 [INFO] IPUIPlugin:80 - create IPUIPlugin
2023-09-20 10:32:20,792 [INFO] PluginManager:220 - loadIPPluginJar : add usbx
2023-09-20 10:32:20,946 [INFO] CADModel:165 - CPN selected for project level
2023-09-20 10:32:20,946 [INFO] CADModel:114 - Register for checkConnection events
2023-09-20 10:32:20,946 [FATAL] Updater:308 - Updater called before beeing initialized
2023-09-20 10:32:20,946 [ERROR] CADModel:125 - Updater not yet initialized, retry later 
2023-09-20 10:32:21,236 [INFO] CADModel:165 - CPN selected for project level
2023-09-20 10:32:21,237 [INFO] CADModel:114 - Register for checkConnection events
2023-09-20 10:32:21,237 [FATAL] Updater:308 - Updater called before beeing initialized
2023-09-20 10:32:21,237 [ERROR] CADModel:125 - Updater not yet initialized, retry later 
2023-09-20 10:32:21,243 [FATAL] Updater:308 - Updater called before beeing initialized
2023-09-20 10:32:21,429 [FATAL] Updater:308 - Updater called before beeing initialized
2023-09-20 10:32:21,445 [INFO] DbMcusAds:53 - JSON generation date=Tue Mar 07 15:50:55 ICT 2023 (1678179055335)
2023-09-20 10:32:21,446 [FATAL] Updater:308 - Updater called before beeing initialized
2023-09-20 10:32:21,542 [WARN] DetailPanel:346 - Failed to get advertising image, set to default
2023-09-20 10:32:21,738 [FATAL] Updater:308 - Updater called before beeing initialized
2023-09-20 10:32:21,742 [FATAL] Updater:308 - Updater called before beeing initialized
2023-09-20 10:32:21,742 [FATAL] Updater:308 - Updater called before beeing initialized
2023-09-20 10:32:21,742 [WARN] DetailPanel:346 - Failed to get advertising image, set to default
2023-09-20 10:32:21,743 [FATAL] Updater:308 - Updater called before beeing initialized
2023-09-20 10:32:21,868 [ERROR] Updater:1120 - MainUpdater not yet initialized. External WinMGr cannot be set.
2023-09-20 10:32:21,883 [INFO] Updater:1056 - Updater Version found : 6.9.1
2023-09-20 10:32:21,908 [INFO] ApplicationProperties:184 - Using Application install path: C:\ST\STM32CubeIDE_1.12.0\STM32CubeIDE\plugins\com.st.stm32cube.common.mx_6.9.1.202307191849
2023-09-20 10:32:22,693 [INFO] MainUpdater:2868 - connection check result : 10
2023-09-20 10:32:22,695 [INFO] MainUpdater:285 - Updater Check For Update Now.
2023-09-20 10:32:22,696 [INFO] MicroXplorer:498 - Change Database Version : DB.6.0.91
2023-09-20 10:32:22,728 [INFO] McuFinderGlobals:63 - Set McuFinder mode to 2 (CubeIDE integrated)
2023-09-20 10:32:22,729 [INFO] UserAuth:179 - activating auth plugin
2023-09-20 10:32:22,734 [INFO] UserAuth:393 - Internet connection configuration mode: 1
2023-09-20 10:32:22,787 [INFO] JxBrowserEngine:151 - Initiate JxBrowser Engine with user profile folder
2023-09-20 10:32:23,013 [INFO] CheckServerUpdateThread:120 - End of CheckServer Thread
2023-09-20 10:32:23,679 [WARN] PackLoader:240 - Cannot read IP mode file for STMicroelectronics.X-CUBE-SMBUS.2.1.0
2023-09-20 10:32:23,801 [WARN] PackLoader:240 - Cannot read IP mode file for STMicroelectronics.X-CUBE-AZRTOS-F7.1.1.0
2023-09-20 10:32:23,869 [WARN] PackLoader:240 - Cannot read IP mode file for STMicroelectronics.FP-SNS-MOTENV1.4.3.2
2023-09-20 10:32:23,911 [WARN] PackLoader:240 - Cannot read IP mode file for STMicroelectronics.FP-SNS-FLIGHT1.5.0.2
2023-09-20 10:32:23,946 [WARN] PackLoader:240 - Cannot read IP mode file for STMicroelectronics.X-CUBE-DISPLAY.3.0.0
2023-09-20 10:32:23,987 [WARN] PackLoader:240 - Cannot read IP mode file for STMicroelectronics.X-CUBE-BLE1.7.0.0
2023-09-20 10:32:24,018 [WARN] PackLoader:240 - Cannot read IP mode file for emotas.I-CUBE-CANOPEN.1.3.0
2023-09-20 10:32:24,048 [WARN] PackLoader:240 - Cannot read IP mode file for STMicroelectronics.X-CUBE-TOUCHGFX.4.22.0
2023-09-20 10:32:24,069 [WARN] PackLoader:240 - Cannot read IP mode file for STMicroelectronics.FP-SNS-SMARTAG2.1.2.0
2023-09-20 10:32:24,117 [INFO] LogOutputStream:77 - [STDOUT_REDIRECT] 1 : Invalid condition id : UX_CORESTACK_Condition cause : null
2023-09-20 10:32:24,119 [INFO] LogOutputStream:77 - [STDOUT_REDIRECT] 1 : Invalid condition id : UX_CORESTACK_Condition cause : null
2023-09-20 10:32:24,121 [INFO] LogOutputStream:77 - [STDOUT_REDIRECT] 1 : Invalid condition id : UX_CORESTACK_Condition cause : null
2023-09-20 10:32:24,125 [INFO] LogOutputStream:77 - [STDOUT_REDIRECT] 1 : Invalid condition id : UX_CORESTACK_Condition cause : null
2023-09-20 10:32:24,128 [INFO] LogOutputStream:77 - [STDOUT_REDIRECT] 1 : Invalid condition id : UX_CORESTACK_Condition cause : null
2023-09-20 10:32:24,136 [WARN] PackLoader:240 - Cannot read IP mode file for STMicroelectronics.X-CUBE-AZRTOS-WL.2.0.0
2023-09-20 10:32:24,184 [WARN] PackLoader:240 - Cannot read IP mode file for WES.I-CUBE-Cesium.1.3.0
2023-09-20 10:32:24,227 [WARN] PackLoader:240 - Cannot read IP mode file for STMicroelectronics.X-CUBE-BLE2.3.3.0
2023-09-20 10:32:24,263 [WARN] PackLoader:240 - Cannot read IP mode file for STMicroelectronics.X-CUBE-ALGOBUILD.1.3.0
2023-09-20 10:32:24,334 [WARN] PackLoader:240 - Cannot read IP mode file for STMicroelectronics.X-CUBE-AZRTOS-G0.1.1.0
2023-09-20 10:32:24,365 [WARN] PackLoader:240 - Cannot read IP mode file for STMicroelectronics.X-CUBE-NFC4.3.0.0
2023-09-20 10:32:24,388 [WARN] PackLoader:240 - Cannot read IP mode file for STMicroelectronics.FP-ATR-SIGFOX1.3.2.0
2023-09-20 10:32:24,480 [WARN] PackLoader:240 - Cannot read IP mode file for SEGGER.I-CUBE-embOS.1.3.1
2023-09-20 10:32:24,590 [WARN] PackLoader:240 - Cannot read IP mode file for STMicroelectronics.X-CUBE-GNSS1.6.0.0
2023-09-20 10:32:24,647 [WARN] PackLoader:240 - Cannot read IP mode file for STMicroelectronics.X-CUBE-AZRTOS-F4.1.1.0
2023-09-20 10:32:24,671 [WARN] PackLoader:240 - Cannot read IP mode file for wolfSSL.I-CUBE-wolfSSL.5.6.3
2023-09-20 10:32:24,714 [WARN] PackLoader:240 - Cannot read IP mode file for STMicroelectronics.X-CUBE-AZRTOS-L5.2.0.0
2023-09-20 10:32:24,803 [WARN] PackLoader:240 - Cannot read IP mode file for STMicroelectronics.X-CUBE-MEMS1.9.6.0
2023-09-20 10:32:25,244 [WARN] PackLoader:240 - Cannot read IP mode file for STMicroelectronics.X-CUBE-BLEMGR.2.0.0
2023-09-20 10:32:25,313 [WARN] ConditionMgr:438 - getConditionDescription Invalid condition id : UX DEVICE CLASS RTOS Condition cause : null
2023-09-20 10:32:25,313 [WARN] ConditionMgr:438 - getConditionDescription Invalid condition id : UX DEVICE CLASS RTOS Condition cause : null
2023-09-20 10:32:25,319 [WARN] PackLoader:240 - Cannot read IP mode file for STMicroelectronics.X-CUBE-AZRTOS-H7.3.1.0
2023-09-20 10:32:25,321 [WARN] ConditionMgr:1039 - genDependencies : Invalid condition id : UX DEVICE CLASS RTOS Condition cause : null
2023-09-20 10:32:25,321 [WARN] ConditionMgr:1039 - genDependencies : Invalid condition id : UX DEVICE CLASS RTOS Condition cause : null
2023-09-20 10:32:25,324 [WARN] ConditionMgr:1039 - genDependencies : Invalid condition id : UX DEVICE CLASS RTOS Condition cause : null
2023-09-20 10:32:25,326 [WARN] ConditionMgr:1039 - genDependencies : Invalid condition id : UX DEVICE CLASS RTOS Condition cause : null
2023-09-20 10:32:25,327 [WARN] ConditionMgr:1039 - genDependencies : Invalid condition id : UX DEVICE CLASS RTOS Condition cause : null
2023-09-20 10:32:25,352 [WARN] PackLoader:240 - Cannot read IP mode file for STMicroelectronics.X-CUBE-NFC7.1.0.1
2023-09-20 10:32:25,381 [WARN] PackLoader:240 - Cannot read IP mode file for STMicroelectronics.X-CUBE-NFC6.3.0.0
2023-09-20 10:32:25,413 [WARN] PackLoader:240 - Cannot read IP mode file for STMicroelectronics.X-CUBE-EEPRMA1.4.1.0
2023-09-20 10:32:25,439 [WARN] PackLoader:240 - Cannot read IP mode file for STMicroelectronics.X-CUBE-AI.8.1.0
2023-09-20 10:32:25,499 [WARN] ConditionMgr:438 - getConditionDescription Invalid condition id : LAN8742 Phy interface Condition cause : null
2023-09-20 10:32:25,500 [WARN] PackLoader:240 - Cannot read IP mode file for STMicroelectronics.X-CUBE-AZRTOS-L4.2.0.0
2023-09-20 10:32:25,503 [WARN] ConditionMgr:1039 - genDependencies : Invalid condition id : LAN8742 Phy interface Condition cause : null
2023-09-20 10:32:25,503 [WARN] ConditionMgr:1039 - genDependencies : Invalid condition id : LAN8742 Phy interface Condition cause : null
2023-09-20 10:32:25,505 [WARN] ConditionMgr:1039 - genDependencies : Invalid condition id : LAN8742 Phy interface Condition cause : null
2023-09-20 10:32:25,528 [WARN] PackLoader:240 - Cannot read IP mode file for STMicroelectronics.X-CUBE-SFXS2LP1.4.0.0
2023-09-20 10:32:25,548 [WARN] PackLoader:240 - Cannot read IP mode file for STMicroelectronics.X-CUBE-ISPU.1.1.0
2023-09-20 10:32:25,583 [WARN] ConditionMgr:438 - getConditionDescription Invalid condition id : UX DEVICE CLASS RTOS Condition cause : null
2023-09-20 10:32:25,584 [WARN] ConditionMgr:438 - getConditionDescription Invalid condition id : UX DEVICE CLASS RTOS Condition cause : null
2023-09-20 10:32:25,593 [WARN] PackLoader:240 - Cannot read IP mode file for STMicroelectronics.X-CUBE-AZRTOS-WB.2.0.0
2023-09-20 10:32:25,594 [WARN] ConditionMgr:1039 - genDependencies : Invalid condition id : UX DEVICE CLASS RTOS Condition cause : null
2023-09-20 10:32:25,594 [WARN] ConditionMgr:1039 - genDependencies : Invalid condition id : UX DEVICE CLASS RTOS Condition cause : null
2023-09-20 10:32:25,596 [WARN] ConditionMgr:1039 - genDependencies : Invalid condition id : UX DEVICE CLASS RTOS Condition cause : null
2023-09-20 10:32:25,596 [WARN] ConditionMgr:1039 - genDependencies : Invalid condition id : UX DEVICE CLASS RTOS Condition cause : null
2023-09-20 10:32:25,597 [WARN] ConditionMgr:1039 - genDependencies : Invalid condition id : UX DEVICE CLASS RTOS Condition cause : null
2023-09-20 10:32:25,630 [WARN] PackLoader:240 - Cannot read IP mode file for STMicroelectronics.X-CUBE-SUBG2.5.0.0
2023-09-20 10:32:25,672 [WARN] PackLoader:240 - Cannot read IP mode file for STMicroelectronics.X-CUBE-TOF1.3.3.1
2023-09-20 10:32:25,732 [WARN] PackLoader:240 - Cannot read IP mode file for STMicroelectronics.X-CUBE-AZRTOS-G4.2.0.0
2023-09-20 10:32:25,760 [WARN] PackLoader:240 - Cannot read IP mode file for STMicroelectronics.X-CUBE-FREERTOS.1.1.0
2023-09-20 10:32:25,787 [WARN] PackLoader:240 - Cannot read IP mode file for portGmbH.I-Cube-SoM-uGOAL.1.1.0
2023-09-20 10:32:25,814 [WARN] PackLoader:240 - Cannot read IP mode file for STMicroelectronics.X-CUBE-ALS.1.0.1
2023-09-20 10:32:25,833 [WARN] PackLoader:240 - Cannot read IP mode file for STMicroelectronics.FP-ATR-ASTRA1.2.0.0
2023-09-20 10:32:25,835 [INFO] ThirdParty:978 - Integrity check success = true
2023-09-20 10:32:25,835 [INFO] IntegrityCheckThread:100 - exiting critical section [integrity check]
2023-09-20 10:32:25,835 [INFO] IntegrityCheckThread:103 - End integrity checks thread
2023-09-20 10:32:27,261 [INFO] WebApp:157 - Instantiating new browser for Auth
2023-09-20 10:32:28,096 [INFO] WebApp:753 - Register for checkConnection events
2023-09-20 10:32:28,096 [INFO] WebApp:390 - Apply proxy settings
2023-09-20 10:32:28,096 [INFO] WebApp:475 - Chromium requires no authentication
2023-09-20 10:32:28,110 [INFO] WebApp:418 - Direct internet connection detected
2023-09-20 10:32:28,348 [INFO] WebApp:188 - Starting web application
2023-09-20 10:32:28,348 [INFO] WebApp:520 - Web application path used C:\ST\STM32CubeIDE_1.12.0\STM32CubeIDE\plugins\com.st.stm32cube.common.mx_6.9.1.202307191849\db\plugins\mcufinder\reactClient1\index.html
2023-09-20 10:32:49,634 [ERROR] LogOutputStream:75 - [STDERR_REDIRECT] SLF4J: Failed to load class "org.slf4j.impl.StaticLoggerBinder".
2023-09-20 10:32:49,635 [ERROR] LogOutputStream:75 - [STDERR_REDIRECT] SLF4J: Defaulting to no-operation (NOP) logger implementation
2023-09-20 10:32:49,637 [ERROR] LogOutputStream:75 - [STDERR_REDIRECT] SLF4J: See http://www.slf4j.org/codes.html#StaticLoggerBinder for further details.
2023-09-20 10:33:09,377 [ERROR] LogOutputStream:75 - [STDERR_REDIRECT] 
2023-09-20 10:34:12,981 [INFO] Activator:176 - 


2023-09-20 10:34:12,983 [INFO] Activator:177 - !SESSION log4j initialized
2023-09-20 10:34:19,645 [INFO] LogOutputStream:77 - [STDOUT_REDIRECT] 
2023-09-20 10:34:22,142 [INFO] ApplicationProperties:184 - Using Application install path: C:\ST\STM32CubeIDE_1.12.0\STM32CubeIDE\plugins\com.st.stm32cube.common.mx_6.9.1.202307191849
2023-09-20 10:34:22,220 [INFO] DbMcusXml:78 - Set database path to: C:\ST\STM32CubeIDE_1.12.0\STM32CubeIDE\plugins\com.st.stm32cube.common.mx_6.9.1.202307191849\\db\/mcu/
2023-09-20 10:34:22,222 [INFO] ApiDb:274 - Set plugin database path to: C:\ST\STM32CubeIDE_1.12.0\STM32CubeIDE\plugins\com.st.stm32cube.common.mx_6.9.1.202307191849\\db\/plugins/boardmanager/
2023-09-20 10:34:22,223 [WARN] ApiDb:259 - Overriding images path with different value:  => C:\ST\STM32CubeIDE_1.12.0\STM32CubeIDE\plugins\com.st.stm32cube.common.mx_6.9.1.202307191849\\db\/plugins/mcufinder/images/
2023-09-20 10:34:22,257 [INFO] ApiDb:250 - Set database path to: C:\Users\win 10\.stmcufinder\plugins\mcufinder//mcu/
2023-09-20 10:34:22,264 [INFO] DbMcusAds:125 - Set database path to: C:\Users\win 10\.stmcufinder\plugins\mcufinder//mcu/
2023-09-20 10:34:22,277 [INFO] CrossReferenceDbSqlite:203 - Set database path to: C:\Users\win 10\.stmcufinder\plugins\mcufinder//mcu/cs/
2023-09-20 10:34:22,732 [INFO] RulesReader:64 - Compatibility file has been processed (293 Rules)
2023-09-20 10:34:22,976 [INFO] DbMcusXml:78 - Set database path to: C:\ST\STM32CubeIDE_1.12.0\STM32CubeIDE\plugins\com.st.stm32cube.common.mx_6.9.1.202307191849\\db\/mcu/
2023-09-20 10:34:22,976 [INFO] ApiDb:274 - Set plugin database path to: C:\ST\STM32CubeIDE_1.12.0\STM32CubeIDE\plugins\com.st.stm32cube.common.mx_6.9.1.202307191849\\db\/plugins/boardmanager/
2023-09-20 10:34:22,977 [INFO] ApiDb:261 - Set plugin images path to: C:\ST\STM32CubeIDE_1.12.0\STM32CubeIDE\plugins\com.st.stm32cube.common.mx_6.9.1.202307191849\\db\/plugins/mcufinder/images/
2023-09-20 10:34:22,978 [WARN] DbFile:41 - Overriding database path with different value: C:\Users\win 10\.stmcufinder\plugins\mcufinder/ => C:\Users\win 10\.stmcufinder\plugins\mcufinder
2023-09-20 10:34:22,978 [INFO] ApiDb:250 - Set database path to: C:\Users\win 10\.stmcufinder\plugins\mcufinder//mcu/
2023-09-20 10:34:22,979 [WARN] DbFile:41 - Overriding database path with different value: C:\Users\win 10\.stmcufinder\plugins\mcufinder/ => C:\Users\win 10\.stmcufinder\plugins\mcufinder
2023-09-20 10:34:22,980 [INFO] DbMcusAds:125 - Set database path to: C:\Users\win 10\.stmcufinder\plugins\mcufinder//mcu/
2023-09-20 10:34:22,980 [WARN] DbFile:41 - Overriding database path with different value: C:\Users\win 10\.stmcufinder\plugins\mcufinder/ => C:\Users\win 10\.stmcufinder\plugins\mcufinder
2023-09-20 10:34:22,980 [WARN] DbFile:41 - Overriding database path with different value: C:\Users\win 10\.stmcufinder\plugins\mcufinder/ => C:\Users\win 10\.stmcufinder\plugins\mcufinder
2023-09-20 10:34:22,981 [INFO] CrossReferenceDbSqlite:203 - Set database path to: C:\Users\win 10\.stmcufinder\plugins\mcufinder//mcu/cs/
2023-09-20 10:34:23,156 [INFO] MainPanel:262 - HeapMemory: 268435456
2023-09-20 10:34:23,410 [INFO] DbMcusXml:78 - Set database path to: C:\ST\STM32CubeIDE_1.12.0\STM32CubeIDE\plugins\com.st.stm32cube.common.mx_6.9.1.202307191849\\db\/mcu/
2023-09-20 10:34:23,411 [INFO] ApiDb:274 - Set plugin database path to: C:\ST\STM32CubeIDE_1.12.0\STM32CubeIDE\plugins\com.st.stm32cube.common.mx_6.9.1.202307191849\\db\/plugins/boardmanager/
2023-09-20 10:34:23,411 [INFO] ApiDb:261 - Set plugin images path to: C:\ST\STM32CubeIDE_1.12.0\STM32CubeIDE\plugins\com.st.stm32cube.common.mx_6.9.1.202307191849\\db\/plugins/mcufinder/images/
2023-09-20 10:34:23,412 [WARN] DbFile:41 - Overriding database path with different value: C:\Users\win 10\.stmcufinder\plugins\mcufinder/ => C:\Users\win 10\.stmcufinder\plugins\mcufinder
2023-09-20 10:34:23,413 [INFO] ApiDb:250 - Set database path to: C:\Users\win 10\.stmcufinder\plugins\mcufinder//mcu/
2023-09-20 10:34:23,413 [WARN] DbFile:41 - Overriding database path with different value: C:\Users\win 10\.stmcufinder\plugins\mcufinder/ => C:\Users\win 10\.stmcufinder\plugins\mcufinder
2023-09-20 10:34:23,414 [INFO] DbMcusAds:125 - Set database path to: C:\Users\win 10\.stmcufinder\plugins\mcufinder//mcu/
2023-09-20 10:34:23,414 [WARN] DbFile:41 - Overriding database path with different value: C:\Users\win 10\.stmcufinder\plugins\mcufinder/ => C:\Users\win 10\.stmcufinder\plugins\mcufinder
2023-09-20 10:34:23,415 [WARN] DbFile:41 - Overriding database path with different value: C:\Users\win 10\.stmcufinder\plugins\mcufinder/ => C:\Users\win 10\.stmcufinder\plugins\mcufinder
2023-09-20 10:34:23,415 [INFO] CrossReferenceDbSqlite:203 - Set database path to: C:\Users\win 10\.stmcufinder\plugins\mcufinder//mcu/cs/
2023-09-20 10:34:23,455 [INFO] ApplicationProperties:184 - Using Application install path: C:\ST\STM32CubeIDE_1.12.0\STM32CubeIDE\plugins\com.st.stm32cube.common.mx_6.9.1.202307191849
2023-09-20 10:34:23,458 [INFO] PluginManage:196 - Search for loadable plugins [exclusion list=, ]
2023-09-20 10:34:23,462 [INFO] PluginManage:310 - Check plugin analytics
2023-09-20 10:34:23,888 [INFO] AnalyticsPlugin:253 - Accepted Software Licenses: STM32CubeMX.6.5.0,STM32CubeMX.6.9.1
2023-09-20 10:34:23,888 [INFO] AnalyticsPlugin:255 - Accepted CMSIS Pack Licenses: 
2023-09-20 10:34:23,889 [INFO] AnalyticsPlugin:257 - Accepted Firmware Licenses: 
2023-09-20 10:34:23,898 [INFO] PluginManage:359 - Loaded plugin analytics (category:tool,tabindex:-1)
2023-09-20 10:34:23,899 [INFO] PluginManage:310 - Check plugin cadmodel
2023-09-20 10:34:23,906 [INFO] CADModel:105 - Init CAD model plugin
2023-09-20 10:34:23,907 [INFO] PluginManage:359 - Loaded plugin cadmodel (category:power,tabindex:5)
2023-09-20 10:34:23,907 [INFO] PluginManage:310 - Check plugin clock
2023-09-20 10:34:23,930 [INFO] PluginManage:359 - Loaded plugin clock (category:base,tabindex:2)
2023-09-20 10:34:23,931 [INFO] PluginManage:310 - Check plugin ddr
2023-09-20 10:34:23,935 [INFO] PluginManage:359 - Loaded plugin ddr (category:tool,tabindex:6)
2023-09-20 10:34:23,936 [INFO] PluginManage:310 - Check plugin filemanager
2023-09-20 10:34:24,247 [INFO] PluginManage:359 - Loaded plugin filemanager (category:base,tabindex:10)
2023-09-20 10:34:24,248 [INFO] PluginManage:310 - Check plugin ipmanager
2023-09-20 10:34:24,262 [INFO] PluginManage:359 - Loaded plugin ipmanager (category:base,tabindex:5)
2023-09-20 10:34:24,263 [INFO] PluginManage:310 - Check plugin lpbam
2023-09-20 10:34:24,285 [INFO] PluginManage:359 - Loaded plugin lpbam (category:base,tabindex:0)
2023-09-20 10:34:24,286 [INFO] PluginManage:310 - Check plugin memorymap
2023-09-20 10:34:24,320 [INFO] PluginManage:359 - Loaded plugin memorymap (category:base,tabindex:4)
2023-09-20 10:34:24,320 [INFO] PluginManage:310 - Check plugin pinoutandconfiguration
2023-09-20 10:34:24,339 [INFO] PluginManage:359 - Loaded plugin pinoutandconfiguration (category:base,tabindex:1)
2023-09-20 10:34:24,340 [INFO] PluginManage:310 - Check plugin pinoutconfig
2023-09-20 10:34:24,654 [WARN] SupportedApi:132 - Cannot load RTOS API schema: s4s-elt-must-match.1: The content of 'definitions' must match (annotation?, (simpleType | complexType)?, (unique | key | keyref)*)). A problem was found starting at: attribute.
2023-09-20 10:34:25,058 [INFO] PluginManage:359 - Loaded plugin pinoutconfig (category:base,tabindex:0)
2023-09-20 10:34:25,058 [INFO] PluginManage:310 - Check plugin power
2023-09-20 10:34:25,076 [INFO] PluginManage:359 - Loaded plugin power (category:power,tabindex:4)
2023-09-20 10:34:25,077 [INFO] PluginManage:310 - Check plugin projectmanager
2023-09-20 10:34:25,113 [INFO] PluginManage:359 - Loaded plugin projectmanager (category:projectmanager,tabindex:3)
2023-09-20 10:34:25,114 [INFO] PluginManage:310 - Check plugin thirdparty
2023-09-20 10:34:25,422 [INFO] PluginManage:359 - Loaded plugin thirdparty (category:base,tabindex:-1)
2023-09-20 10:34:25,421 [WARN] IntegrityCheckThread:84 - waiting for thirdparty lock release [integrity check]
2023-09-20 10:34:25,422 [INFO] IntegrityCheckThread:86 - entering critical section [integrity check]
2023-09-20 10:34:25,422 [INFO] PluginManage:310 - Check plugin tools
2023-09-20 10:34:25,423 [INFO] ThirdPartyUpdaterWithRetryManager:70 - Updater plugin not ready yet. [1/15]
2023-09-20 10:34:25,426 [INFO] PluginManage:359 - Loaded plugin tools (category:base,tabindex:7)
2023-09-20 10:34:25,427 [INFO] PluginManage:310 - Check plugin tutovideos
2023-09-20 10:34:25,903 [INFO] PluginManage:359 - Loaded plugin tutovideos (category:base,tabindex:-1)
2023-09-20 10:34:25,903 [INFO] PluginManage:310 - Check plugin updater
2023-09-20 10:34:25,924 [INFO] PluginManage:359 - Loaded plugin updater (category:base,tabindex:12)
2023-09-20 10:34:25,924 [INFO] PluginManage:310 - Check plugin userauth
2023-09-20 10:34:25,936 [INFO] UserAuth:113 - Init User Auth plugin
2023-09-20 10:34:25,937 [INFO] PluginManage:359 - Loaded plugin userauth (category:base,tabindex:14)
2023-09-20 10:34:25,938 [INFO] PluginManage:283 - PluginManage : Loaded plugins [17]
2023-09-20 10:34:26,629 [INFO] PinOutPanel:1499 - setPackage(No Configuration,No Configuration)
2023-09-20 10:34:26,951 [INFO] CADModel:165 - CPN selected for project level
2023-09-20 10:34:26,951 [INFO] CADModel:114 - Register for checkConnection events
2023-09-20 10:34:26,987 [INFO] IPUIPlugin:80 - create IPUIPlugin
2023-09-20 10:34:26,988 [INFO] PluginManager:220 - loadIPPluginJar : add adc
2023-09-20 10:34:26,995 [INFO] IPUIPlugin:80 - create IPUIPlugin
2023-09-20 10:34:26,996 [INFO] PluginManager:220 - loadIPPluginJar : add aes
2023-09-20 10:34:27,002 [INFO] IPUIPlugin:80 - create IPUIPlugin
2023-09-20 10:34:27,003 [INFO] PluginManager:220 - loadIPPluginJar : add can
2023-09-20 10:34:27,007 [INFO] IPUIPlugin:80 - create IPUIPlugin
2023-09-20 10:34:27,008 [INFO] PluginManager:220 - loadIPPluginJar : add comp
2023-09-20 10:34:27,016 [INFO] IPUIPlugin:80 - create IPUIPlugin
2023-09-20 10:34:27,016 [INFO] PluginManager:220 - loadIPPluginJar : add cryp
2023-09-20 10:34:27,023 [INFO] IPUIPlugin:80 - create IPUIPlugin
2023-09-20 10:34:27,024 [INFO] PluginManager:220 - loadIPPluginJar : add dfsdm
2023-09-20 10:34:27,040 [INFO] IPUIPlugin:80 - create IPUIPlugin
2023-09-20 10:34:27,041 [INFO] PluginManager:220 - loadIPPluginJar : add dma
2023-09-20 10:34:27,058 [INFO] IPUIPlugin:80 - create IPUIPlugin
2023-09-20 10:34:27,058 [INFO] PluginManager:220 - loadIPPluginJar : add dma3
2023-09-20 10:34:27,063 [INFO] IPUIPlugin:80 - create IPUIPlugin
2023-09-20 10:34:27,063 [INFO] PluginManager:220 - loadIPPluginJar : add fatfs
2023-09-20 10:34:27,076 [INFO] IPUIPlugin:80 - create IPUIPlugin
2023-09-20 10:34:27,076 [INFO] PluginManager:220 - loadIPPluginJar : add fmc
2023-09-20 10:34:27,100 [INFO] IPUIPlugin:80 - create IPUIPlugin
2023-09-20 10:34:27,101 [INFO] PluginManager:220 - loadIPPluginJar : add freertos
2023-09-20 10:34:27,104 [INFO] IPUIPlugin:80 - create IPUIPlugin
2023-09-20 10:34:27,104 [INFO] PluginManager:220 - loadIPPluginJar : add genericplugin
2023-09-20 10:34:27,109 [INFO] IPUIPlugin:80 - create IPUIPlugin
2023-09-20 10:34:27,109 [INFO] PluginManager:220 - loadIPPluginJar : add gfxmmu
2023-09-20 10:34:27,123 [INFO] IPUIPlugin:80 - create IPUIPlugin
2023-09-20 10:34:27,124 [INFO] PluginManager:220 - loadIPPluginJar : add gic
2023-09-20 10:34:27,145 [INFO] IPUIPlugin:80 - create IPUIPlugin
2023-09-20 10:34:27,147 [INFO] PluginManager:220 - loadIPPluginJar : add gpio
2023-09-20 10:34:27,154 [INFO] IPUIPlugin:80 - create IPUIPlugin
2023-09-20 10:34:27,154 [INFO] PluginManager:220 - loadIPPluginJar : add gtzc
2023-09-20 10:34:27,159 [INFO] IPUIPlugin:80 - create IPUIPlugin
2023-09-20 10:34:27,159 [INFO] PluginManager:220 - loadIPPluginJar : add hash
2023-09-20 10:34:27,166 [INFO] IPUIPlugin:80 - create IPUIPlugin
2023-09-20 10:34:27,166 [INFO] PluginManager:220 - loadIPPluginJar : add i2c
2023-09-20 10:34:27,170 [INFO] IPUIPlugin:80 - create IPUIPlugin
2023-09-20 10:34:27,170 [INFO] PluginManager:220 - loadIPPluginJar : add i2s
2023-09-20 10:34:27,175 [INFO] IPUIPlugin:80 - create IPUIPlugin
2023-09-20 10:34:27,175 [INFO] PluginManager:220 - loadIPPluginJar : add i3c
2023-09-20 10:34:27,182 [INFO] IPUIPlugin:80 - create IPUIPlugin
2023-09-20 10:34:27,182 [INFO] PluginManager:220 - loadIPPluginJar : add ipddr
2023-09-20 10:34:27,196 [INFO] IPUIPlugin:80 - create IPUIPlugin
2023-09-20 10:34:27,197 [INFO] PluginManager:220 - loadIPPluginJar : add linkedlist
2023-09-20 10:34:27,203 [INFO] IPUIPlugin:80 - create IPUIPlugin
2023-09-20 10:34:27,203 [INFO] PluginManager:220 - loadIPPluginJar : add lorawan
2023-09-20 10:34:27,206 [INFO] IPUIPlugin:80 - create IPUIPlugin
2023-09-20 10:34:27,207 [INFO] PluginManager:220 - loadIPPluginJar : add ltdc
2023-09-20 10:34:27,218 [INFO] IPUIPlugin:80 - create IPUIPlugin
2023-09-20 10:34:27,219 [INFO] PluginManager:220 - loadIPPluginJar : add mdma
2023-09-20 10:34:27,228 [INFO] IPUIPlugin:80 - create IPUIPlugin
2023-09-20 10:34:27,229 [INFO] PluginManager:220 - loadIPPluginJar : add nvic
2023-09-20 10:34:27,235 [INFO] IPUIPlugin:80 - create IPUIPlugin
2023-09-20 10:34:27,235 [INFO] PluginManager:220 - loadIPPluginJar : add opamp
2023-09-20 10:34:27,241 [INFO] IPUIPlugin:80 - create IPUIPlugin
2023-09-20 10:34:27,241 [INFO] PluginManager:220 - loadIPPluginJar : add openamp
2023-09-20 10:34:27,249 [INFO] IPUIPlugin:80 - create IPUIPlugin
2023-09-20 10:34:27,250 [INFO] PluginManager:220 - loadIPPluginJar : add pdm2pcm
2023-09-20 10:34:27,262 [INFO] IPUIPlugin:80 - create IPUIPlugin
2023-09-20 10:34:27,268 [INFO] PluginManager:220 - loadIPPluginJar : add plateformsettings
2023-09-20 10:34:27,271 [INFO] IPUIPlugin:80 - create IPUIPlugin
2023-09-20 10:34:27,272 [INFO] PluginManager:220 - loadIPPluginJar : add quadspi
2023-09-20 10:34:27,279 [INFO] IPUIPlugin:80 - create IPUIPlugin
2023-09-20 10:34:27,279 [INFO] PluginManager:220 - loadIPPluginJar : add resmgrutility
2023-09-20 10:34:27,285 [INFO] IPUIPlugin:80 - create IPUIPlugin
2023-09-20 10:34:27,285 [INFO] PluginManager:220 - loadIPPluginJar : add sai
2023-09-20 10:34:27,289 [INFO] IPUIPlugin:80 - create IPUIPlugin
2023-09-20 10:34:27,290 [INFO] PluginManager:220 - loadIPPluginJar : add spi
2023-09-20 10:34:27,302 [INFO] IPUIPlugin:80 - create IPUIPlugin
2023-09-20 10:34:27,302 [INFO] PluginManager:220 - loadIPPluginJar : add stm32_wpan
2023-09-20 10:34:27,305 [INFO] IPUIPlugin:80 - create IPUIPlugin
2023-09-20 10:34:27,305 [INFO] PluginManager:220 - loadIPPluginJar : add tim
2023-09-20 10:34:27,313 [INFO] IPUIPlugin:80 - create IPUIPlugin
2023-09-20 10:34:27,313 [INFO] PluginManager:220 - loadIPPluginJar : add touchsensing
2023-09-20 10:34:27,318 [INFO] IPUIPlugin:80 - create IPUIPlugin
2023-09-20 10:34:27,318 [INFO] PluginManager:220 - loadIPPluginJar : add tracer_emb
2023-09-20 10:34:27,322 [INFO] IPUIPlugin:80 - create IPUIPlugin
2023-09-20 10:34:27,322 [INFO] PluginManager:220 - loadIPPluginJar : add ts
2023-09-20 10:34:27,326 [INFO] IPUIPlugin:80 - create IPUIPlugin
2023-09-20 10:34:27,326 [INFO] PluginManager:220 - loadIPPluginJar : add tsc
2023-09-20 10:34:27,331 [INFO] IPUIPlugin:80 - create IPUIPlugin
2023-09-20 10:34:27,332 [INFO] PluginManager:220 - loadIPPluginJar : add ucpd
2023-09-20 10:34:27,337 [INFO] IPUIPlugin:80 - create IPUIPlugin
2023-09-20 10:34:27,338 [INFO] PluginManager:220 - loadIPPluginJar : add usart
2023-09-20 10:34:27,342 [INFO] IPUIPlugin:80 - create IPUIPlugin
2023-09-20 10:34:27,343 [INFO] PluginManager:220 - loadIPPluginJar : add usbx
2023-09-20 10:34:27,531 [INFO] CADModel:165 - CPN selected for project level
2023-09-20 10:34:27,532 [INFO] CADModel:114 - Register for checkConnection events
2023-09-20 10:34:27,532 [FATAL] Updater:308 - Updater called before beeing initialized
2023-09-20 10:34:27,532 [ERROR] CADModel:125 - Updater not yet initialized, retry later 
2023-09-20 10:34:27,811 [INFO] CADModel:165 - CPN selected for project level
2023-09-20 10:34:27,812 [INFO] CADModel:114 - Register for checkConnection events
2023-09-20 10:34:27,812 [FATAL] Updater:308 - Updater called before beeing initialized
2023-09-20 10:34:27,812 [ERROR] CADModel:125 - Updater not yet initialized, retry later 
2023-09-20 10:34:27,818 [FATAL] Updater:308 - Updater called before beeing initialized
2023-09-20 10:34:28,027 [FATAL] Updater:308 - Updater called before beeing initialized
2023-09-20 10:34:28,035 [INFO] DbMcusAds:53 - JSON generation date=Tue Mar 07 15:50:55 ICT 2023 (1678179055335)
2023-09-20 10:34:28,036 [FATAL] Updater:308 - Updater called before beeing initialized
2023-09-20 10:34:28,097 [WARN] DetailPanel:346 - Failed to get advertising image, set to default
2023-09-20 10:34:28,250 [FATAL] Updater:308 - Updater called before beeing initialized
2023-09-20 10:34:28,253 [FATAL] Updater:308 - Updater called before beeing initialized
2023-09-20 10:34:28,254 [FATAL] Updater:308 - Updater called before beeing initialized
2023-09-20 10:34:28,254 [WARN] DetailPanel:346 - Failed to get advertising image, set to default
2023-09-20 10:34:28,256 [FATAL] Updater:308 - Updater called before beeing initialized
2023-09-20 10:34:28,389 [ERROR] Updater:1120 - MainUpdater not yet initialized. External WinMGr cannot be set.
2023-09-20 10:34:28,398 [INFO] Updater:1056 - Updater Version found : 6.9.1
2023-09-20 10:34:28,424 [INFO] ThirdPartyUpdaterWithRetryManager:70 - Updater plugin not ready yet. [2/15]
2023-09-20 10:34:28,437 [INFO] ApplicationProperties:184 - Using Application install path: C:\ST\STM32CubeIDE_1.12.0\STM32CubeIDE\plugins\com.st.stm32cube.common.mx_6.9.1.202307191849
2023-09-20 10:34:28,891 [INFO] MainUpdater:2868 - connection check result : 10
2023-09-20 10:34:28,894 [INFO] MainUpdater:285 - Updater Check For Update Now.
2023-09-20 10:34:28,895 [INFO] MicroXplorer:498 - Change Database Version : DB.6.0.91
2023-09-20 10:34:28,911 [INFO] McuFinderGlobals:63 - Set McuFinder mode to 2 (CubeIDE integrated)
2023-09-20 10:34:28,912 [INFO] UserAuth:179 - activating auth plugin
2023-09-20 10:34:28,918 [INFO] UserAuth:393 - Internet connection configuration mode: 1
2023-09-20 10:34:28,957 [INFO] JxBrowserEngine:151 - Initiate JxBrowser Engine with user profile folder
2023-09-20 10:34:29,159 [INFO] CheckServerUpdateThread:120 - End of CheckServer Thread
2023-09-20 10:34:29,937 [INFO] WebApp:157 - Instantiating new browser for Auth
2023-09-20 10:34:30,786 [INFO] WebApp:753 - Register for checkConnection events
2023-09-20 10:34:30,786 [INFO] WebApp:390 - Apply proxy settings
2023-09-20 10:34:30,786 [INFO] WebApp:475 - Chromium requires no authentication
2023-09-20 10:34:30,795 [INFO] WebApp:418 - Direct internet connection detected
2023-09-20 10:34:30,981 [INFO] WebApp:188 - Starting web application
2023-09-20 10:34:30,982 [INFO] WebApp:520 - Web application path used C:\ST\STM32CubeIDE_1.12.0\STM32CubeIDE\plugins\com.st.stm32cube.common.mx_6.9.1.202307191849\db\plugins\mcufinder\reactClient1\index.html
2023-09-20 10:34:31,739 [WARN] PackLoader:240 - Cannot read IP mode file for STMicroelectronics.X-CUBE-SMBUS.2.1.0
2023-09-20 10:34:31,813 [WARN] PackLoader:240 - Cannot read IP mode file for STMicroelectronics.X-CUBE-AZRTOS-F7.1.1.0
2023-09-20 10:34:31,836 [WARN] PackLoader:240 - Cannot read IP mode file for STMicroelectronics.FP-SNS-MOTENV1.4.3.2
2023-09-20 10:34:31,852 [WARN] PackLoader:240 - Cannot read IP mode file for STMicroelectronics.FP-SNS-FLIGHT1.5.0.2
2023-09-20 10:34:31,873 [WARN] PackLoader:240 - Cannot read IP mode file for STMicroelectronics.X-CUBE-DISPLAY.3.0.0
2023-09-20 10:34:31,896 [WARN] PackLoader:240 - Cannot read IP mode file for STMicroelectronics.X-CUBE-BLE1.7.0.0
2023-09-20 10:34:31,907 [WARN] PackLoader:240 - Cannot read IP mode file for emotas.I-CUBE-CANOPEN.1.3.0
2023-09-20 10:34:31,916 [WARN] PackLoader:240 - Cannot read IP mode file for STMicroelectronics.X-CUBE-TOUCHGFX.4.22.0
2023-09-20 10:34:31,923 [WARN] PackLoader:240 - Cannot read IP mode file for STMicroelectronics.FP-SNS-SMARTAG2.1.2.0
2023-09-20 10:34:31,948 [INFO] LogOutputStream:77 - [STDOUT_REDIRECT] 1 : Invalid condition id : UX_CORESTACK_Condition cause : null
2023-09-20 10:34:31,950 [INFO] LogOutputStream:77 - [STDOUT_REDIRECT] 1 : Invalid condition id : UX_CORESTACK_Condition cause : null
2023-09-20 10:34:31,952 [INFO] LogOutputStream:77 - [STDOUT_REDIRECT] 1 : Invalid condition id : UX_CORESTACK_Condition cause : null
2023-09-20 10:34:31,953 [INFO] LogOutputStream:77 - [STDOUT_REDIRECT] 1 : Invalid condition id : UX_CORESTACK_Condition cause : null
2023-09-20 10:34:31,955 [INFO] LogOutputStream:77 - [STDOUT_REDIRECT] 1 : Invalid condition id : UX_CORESTACK_Condition cause : null
2023-09-20 10:34:31,965 [WARN] PackLoader:240 - Cannot read IP mode file for STMicroelectronics.X-CUBE-AZRTOS-WL.2.0.0
2023-09-20 10:34:31,984 [WARN] PackLoader:240 - Cannot read IP mode file for WES.I-CUBE-Cesium.1.3.0
2023-09-20 10:34:31,993 [WARN] PackLoader:240 - Cannot read IP mode file for STMicroelectronics.X-CUBE-BLE2.3.3.0
2023-09-20 10:34:32,006 [WARN] PackLoader:240 - Cannot read IP mode file for STMicroelectronics.X-CUBE-ALGOBUILD.1.3.0
2023-09-20 10:34:32,041 [WARN] PackLoader:240 - Cannot read IP mode file for STMicroelectronics.X-CUBE-AZRTOS-G0.1.1.0
2023-09-20 10:34:32,055 [WARN] PackLoader:240 - Cannot read IP mode file for STMicroelectronics.X-CUBE-NFC4.3.0.0
2023-09-20 10:34:32,063 [WARN] PackLoader:240 - Cannot read IP mode file for STMicroelectronics.FP-ATR-SIGFOX1.3.2.0
2023-09-20 10:34:32,157 [WARN] PackLoader:240 - Cannot read IP mode file for SEGGER.I-CUBE-embOS.1.3.1
2023-09-20 10:34:32,282 [WARN] PackLoader:240 - Cannot read IP mode file for STMicroelectronics.X-CUBE-GNSS1.6.0.0
2023-09-20 10:34:32,319 [WARN] PackLoader:240 - Cannot read IP mode file for STMicroelectronics.X-CUBE-AZRTOS-F4.1.1.0
2023-09-20 10:34:32,331 [WARN] PackLoader:240 - Cannot read IP mode file for wolfSSL.I-CUBE-wolfSSL.5.6.3
2023-09-20 10:34:32,412 [WARN] PackLoader:240 - Cannot read IP mode file for STMicroelectronics.X-CUBE-AZRTOS-L5.2.0.0
2023-09-20 10:34:32,493 [WARN] PackLoader:240 - Cannot read IP mode file for STMicroelectronics.X-CUBE-MEMS1.9.6.0
2023-09-20 10:34:32,778 [WARN] PackLoader:240 - Cannot read IP mode file for STMicroelectronics.X-CUBE-BLEMGR.2.0.0
2023-09-20 10:34:32,802 [WARN] ConditionMgr:438 - getConditionDescription Invalid condition id : UX DEVICE CLASS RTOS Condition cause : null
2023-09-20 10:34:32,803 [WARN] ConditionMgr:438 - getConditionDescription Invalid condition id : UX DEVICE CLASS RTOS Condition cause : null
2023-09-20 10:34:32,809 [WARN] PackLoader:240 - Cannot read IP mode file for STMicroelectronics.X-CUBE-AZRTOS-H7.3.1.0
2023-09-20 10:34:32,812 [WARN] ConditionMgr:1039 - genDependencies : Invalid condition id : UX DEVICE CLASS RTOS Condition cause : null
2023-09-20 10:34:32,812 [WARN] ConditionMgr:1039 - genDependencies : Invalid condition id : UX DEVICE CLASS RTOS Condition cause : null
2023-09-20 10:34:32,814 [WARN] ConditionMgr:1039 - genDependencies : Invalid condition id : UX DEVICE CLASS RTOS Condition cause : null
2023-09-20 10:34:32,815 [WARN] ConditionMgr:1039 - genDependencies : Invalid condition id : UX DEVICE CLASS RTOS Condition cause : null
2023-09-20 10:34:32,815 [WARN] ConditionMgr:1039 - genDependencies : Invalid condition id : UX DEVICE CLASS RTOS Condition cause : null
2023-09-20 10:34:32,825 [WARN] PackLoader:240 - Cannot read IP mode file for STMicroelectronics.X-CUBE-NFC7.1.0.1
2023-09-20 10:34:32,839 [WARN] PackLoader:240 - Cannot read IP mode file for STMicroelectronics.X-CUBE-NFC6.3.0.0
2023-09-20 10:34:32,851 [WARN] PackLoader:240 - Cannot read IP mode file for STMicroelectronics.X-CUBE-EEPRMA1.4.1.0
2023-09-20 10:34:32,857 [WARN] PackLoader:240 - Cannot read IP mode file for STMicroelectronics.X-CUBE-AI.8.1.0
2023-09-20 10:34:32,880 [WARN] ConditionMgr:438 - getConditionDescription Invalid condition id : LAN8742 Phy interface Condition cause : null
2023-09-20 10:34:32,881 [WARN] PackLoader:240 - Cannot read IP mode file for STMicroelectronics.X-CUBE-AZRTOS-L4.2.0.0
2023-09-20 10:34:32,883 [WARN] ConditionMgr:1039 - genDependencies : Invalid condition id : LAN8742 Phy interface Condition cause : null
2023-09-20 10:34:32,884 [WARN] ConditionMgr:1039 - genDependencies : Invalid condition id : LAN8742 Phy interface Condition cause : null
2023-09-20 10:34:32,885 [WARN] ConditionMgr:1039 - genDependencies : Invalid condition id : LAN8742 Phy interface Condition cause : null
2023-09-20 10:34:32,899 [WARN] PackLoader:240 - Cannot read IP mode file for STMicroelectronics.X-CUBE-SFXS2LP1.4.0.0
2023-09-20 10:34:32,906 [WARN] PackLoader:240 - Cannot read IP mode file for STMicroelectronics.X-CUBE-ISPU.1.1.0
2023-09-20 10:34:32,924 [WARN] ConditionMgr:438 - getConditionDescription Invalid condition id : UX DEVICE CLASS RTOS Condition cause : null
2023-09-20 10:34:32,924 [WARN] ConditionMgr:438 - getConditionDescription Invalid condition id : UX DEVICE CLASS RTOS Condition cause : null
2023-09-20 10:34:32,928 [WARN] PackLoader:240 - Cannot read IP mode file for STMicroelectronics.X-CUBE-AZRTOS-WB.2.0.0
2023-09-20 10:34:32,929 [WARN] ConditionMgr:1039 - genDependencies : Invalid condition id : UX DEVICE CLASS RTOS Condition cause : null
2023-09-20 10:34:32,931 [WARN] ConditionMgr:1039 - genDependencies : Invalid condition id : UX DEVICE CLASS RTOS Condition cause : null
2023-09-20 10:34:32,932 [WARN] ConditionMgr:1039 - genDependencies : Invalid condition id : UX DEVICE CLASS RTOS Condition cause : null
2023-09-20 10:34:32,932 [WARN] ConditionMgr:1039 - genDependencies : Invalid condition id : UX DEVICE CLASS RTOS Condition cause : null
2023-09-20 10:34:32,932 [WARN] ConditionMgr:1039 - genDependencies : Invalid condition id : UX DEVICE CLASS RTOS Condition cause : null
2023-09-20 10:34:32,948 [WARN] PackLoader:240 - Cannot read IP mode file for STMicroelectronics.X-CUBE-SUBG2.5.0.0
2023-09-20 10:34:32,973 [WARN] PackLoader:240 - Cannot read IP mode file for STMicroelectronics.X-CUBE-TOF1.3.3.1
2023-09-20 10:34:33,004 [WARN] PackLoader:240 - Cannot read IP mode file for STMicroelectronics.X-CUBE-AZRTOS-G4.2.0.0
2023-09-20 10:34:33,013 [WARN] PackLoader:240 - Cannot read IP mode file for STMicroelectronics.X-CUBE-FREERTOS.1.1.0
2023-09-20 10:34:33,020 [WARN] PackLoader:240 - Cannot read IP mode file for portGmbH.I-Cube-SoM-uGOAL.1.1.0
2023-09-20 10:34:33,033 [WARN] PackLoader:240 - Cannot read IP mode file for STMicroelectronics.X-CUBE-ALS.1.0.1
2023-09-20 10:34:33,039 [WARN] PackLoader:240 - Cannot read IP mode file for STMicroelectronics.FP-ATR-ASTRA1.2.0.0
2023-09-20 10:34:33,040 [INFO] ThirdParty:978 - Integrity check success = true
2023-09-20 10:34:33,040 [INFO] IntegrityCheckThread:100 - exiting critical section [integrity check]
2023-09-20 10:34:33,040 [INFO] IntegrityCheckThread:103 - End integrity checks thread
2023-09-20 10:34:52,113 [ERROR] LogOutputStream:75 - [STDERR_REDIRECT] SLF4J: Failed to load class "org.slf4j.impl.StaticLoggerBinder".
2023-09-20 10:34:52,114 [ERROR] LogOutputStream:75 - [STDERR_REDIRECT] SLF4J: Defaulting to no-operation (NOP) logger implementation
2023-09-20 10:34:52,116 [ERROR] LogOutputStream:75 - [STDERR_REDIRECT] SLF4J: See http://www.slf4j.org/codes.html#StaticLoggerBinder for further details.
2023-09-20 10:40:44,614 [INFO] McuFinderGlobals:63 - Set McuFinder mode to 2 (CubeIDE integrated)
2023-09-20 10:40:44,646 [INFO] MainUpdater:2868 - connection check result : 10
2023-09-20 10:40:44,654 [INFO] MainUpdater:2868 - connection check result : 10
2023-09-20 10:40:44,894 [INFO] MicroXplorer:468 - Change Database Path : 
2023-09-20 10:40:44,894 [INFO] MicroXplorer:498 - Change Database Version : DB.6.0.91
2023-09-20 10:40:44,900 [WARN] ThirdParty:871 - waiting for thirdparty lock release [close project]
2023-09-20 10:40:44,900 [INFO] ThirdParty:873 - entering critical section [close project]
2023-09-20 10:40:44,902 [INFO] ThirdParty:883 - exiting critical section [close project]
2023-09-20 10:40:44,907 [INFO] PinOutPanel:1499 - setPackage(No Configuration,No Configuration)
2023-09-20 10:40:44,925 [INFO] UtilMem:75 - Begin LoadConfig() Used Memory: 664517432 Bytes (917504000)
2023-09-20 10:40:44,928 [INFO] MicroXplorer:468 - Change Database Path : 
2023-09-20 10:40:44,928 [INFO] MicroXplorer:498 - Change Database Version : DB.6.0.91
2023-09-20 10:40:44,928 [INFO] OpenFileManager:308 - Change cursor
2023-09-20 10:40:44,976 [INFO] Mcu:1946 - Initializing MCU STM32F103C(8-B)Tx STM32F103C8Tx STM32F103C8T6
2023-09-20 10:40:46,433 [INFO] Context:659 - Trying to add GPIOservice into a context  which must be forbidden
2023-09-20 10:40:47,334 [INFO] RtosManager:555 - Registered RTOS mode: class=CMSIS, group=RTOS, mode=CMSIS_V1, owner=FREERTOS
2023-09-20 10:40:47,334 [INFO] RtosManager:555 - Registered RTOS mode: class=CMSIS, group=RTOS2, mode=CMSIS_V2, owner=FREERTOS
2023-09-20 10:40:47,334 [INFO] RtosManager:555 - Registered RTOS mode: class=RTOS, group=Core, mode=CMSIS_V1, owner=FREERTOS
2023-09-20 10:40:47,334 [INFO] RtosManager:555 - Registered RTOS mode: class=RTOS, group=Core, mode=CMSIS_V2, owner=FREERTOS
2023-09-20 10:40:47,335 [WARN] ModelIntegratedComponent:184 - Missing modes for component STMicroelectronics:FreeRTOS:0.0.1:STMicroelectronics:RTOS:FreeRTOS:Core:::10.2.0:
2023-09-20 10:40:47,363 [WARN] ModelIntegratedComponent:63 - No mode defined for component null
2023-09-20 10:40:47,363 [WARN] ModelIntegratedComponent:63 - No mode defined for component null
2023-09-20 10:40:47,363 [WARN] ModelIntegratedComponent:63 - No mode defined for component null
2023-09-20 10:40:47,363 [WARN] ModelIntegratedComponent:63 - No mode defined for component null
2023-09-20 10:40:47,363 [WARN] ModelIntegratedComponent:63 - No mode defined for component null
2023-09-20 10:40:47,364 [WARN] ModelIntegratedComponent:63 - No mode defined for component null
2023-09-20 10:40:47,364 [WARN] ModelIntegratedComponent:63 - No mode defined for component null
2023-09-20 10:40:47,364 [WARN] ModelIntegratedComponent:63 - No mode defined for component null
2023-09-20 10:40:47,364 [WARN] ModelIntegratedComponent:63 - No mode defined for component null
2023-09-20 10:40:47,364 [WARN] ModelIntegratedComponent:63 - No mode defined for component null
2023-09-20 10:40:47,364 [WARN] ModelIntegratedComponent:63 - No mode defined for component null
2023-09-20 10:40:47,364 [WARN] ModelIntegratedComponent:63 - No mode defined for component null
2023-09-20 10:40:47,364 [WARN] ModelIntegratedComponent:63 - No mode defined for component null
2023-09-20 10:40:47,365 [WARN] ModelIntegratedComponent:63 - No mode defined for component null
2023-09-20 10:40:47,365 [WARN] ModelIntegratedComponent:63 - No mode defined for component null
2023-09-20 10:40:47,365 [WARN] ModelIntegratedComponent:63 - No mode defined for component null
2023-09-20 10:40:47,365 [WARN] ModelIntegratedComponent:63 - No mode defined for component null
2023-09-20 10:40:47,365 [WARN] ModelIntegratedComponent:63 - No mode defined for component null
2023-09-20 10:40:47,365 [WARN] ModelIntegratedComponent:63 - No mode defined for component null
2023-09-20 10:40:47,365 [WARN] ModelIntegratedComponent:63 - No mode defined for component null
2023-09-20 10:40:47,365 [WARN] ModelIntegratedComponent:63 - No mode defined for component null
2023-09-20 10:40:47,365 [WARN] ModelIntegratedComponent:63 - No mode defined for component null
2023-09-20 10:40:47,365 [WARN] ModelIntegratedComponent:63 - No mode defined for component null
2023-09-20 10:40:47,365 [WARN] ModelIntegratedComponent:63 - No mode defined for component null
2023-09-20 10:40:47,365 [WARN] ModelIntegratedComponent:63 - No mode defined for component null
2023-09-20 10:40:47,366 [WARN] ModelIntegratedComponent:63 - No mode defined for component null
2023-09-20 10:40:47,366 [WARN] ModelIntegratedComponent:63 - No mode defined for component null
2023-09-20 10:40:47,366 [WARN] ModelIntegratedComponent:63 - No mode defined for component null
2023-09-20 10:40:47,366 [WARN] ModelIntegratedComponent:63 - No mode defined for component null
2023-09-20 10:40:47,366 [WARN] ModelIntegratedComponent:63 - No mode defined for component null
2023-09-20 10:40:47,366 [WARN] ModelIntegratedComponent:63 - No mode defined for component null
2023-09-20 10:40:47,366 [WARN] ModelIntegratedComponent:63 - No mode defined for component null
2023-09-20 10:40:47,366 [WARN] ModelIntegratedComponent:63 - No mode defined for component null
2023-09-20 10:40:47,424 [INFO] ThirdPartyModel:298 - Start build external matchings
2023-09-20 10:40:47,947 [INFO] ThirdPartyModel:316 - End build external matchings
2023-09-20 10:40:47,968 [INFO] ImportTextPane:194 - (OptionalMessage_ERROR) IP (RCC) : Parameter (ADCFreqValue) has invalid value (36000000)
2023-09-20 10:40:47,968 [INFO] ImportTextPane:194 - (OptionalMessage_ERROR) IP (RCC) : Invalid parameter (FamilyName)
2023-09-20 10:40:47,969 [INFO] ImportTextPane:194 - (OptionalMessage_ERROR) IP (RCC) : Parameter (MCOFreq_Value) has invalid value (72000000)
2023-09-20 10:40:47,970 [INFO] ImportTextPane:194 - (OptionalMessage_ERROR) IP (RCC) : Parameter (USBFreq_Value) has invalid value (72000000)
2023-09-20 10:40:48,251 [INFO] UtilMem:75 - End LoadConfig() Used Memory: 693200568 Bytes (948961280)
2023-09-20 10:40:48,546 [INFO] ApiDb:581 - Connected to CubeFinder SQLite database (C:\Users\win 10\.stmcufinder\plugins\mcufinder\mcu\cube-finder-db.db)
2023-09-20 10:40:48,636 [INFO] ApiDb:668 - CubeFinder database Data Model version=2.1
2023-09-20 10:40:48,637 [INFO] ApiDb:669 - CubeFinder database Configuration version=3.0.37
2023-09-20 10:40:48,637 [INFO] ApiDb:670 - CubeFinder database generation date=2023-08-31 (1693470701)
2023-09-20 10:40:48,637 [INFO] ApiDb:671 - CubeFinder database FW Pack versions=[FP-ATR-ASTRA1_V2.0.0, FP-SNS-FLIGHT1_V5.0.1, FP-SNS-FLIGHT1_V5.0.2, FP-SNS-MOTENV1_V4.3.1, FP-SNS-MOTENV1_V4.3.2, STM32Cube_FW_C0_V1.1.0, STM32Cube_FW_F4_V1.27.1, STM32Cube_FW_F7_V1.17.0, STM32Cube_FW_G0_V1.6.1, STM32Cube_FW_G4_V1.5.1, STM32Cube_FW_H5_V0.5.1, STM32Cube_FW_H5_V1.1.1, STM32Cube_FW_H7_V1.11.0, STM32Cube_FW_L0_V1.12.2, STM32Cube_FW_L5_V1.5.0, STM32Cube_FW_U5_V1.3.0, STM32Cube_FW_U5_V1.3.0RC4, STM32Cube_FW_WBA_V1.0.0RC1, STM32Cube_FW_WBA_V1.1.0, STM32Cube_FW_WBA_V1.1.0RC1, STM32Cube_FW_WB_V1.15.0RC1, STM32Cube_FW_WB_V1.16.0, STM32Cube_FW_WB_V1.16.0RC2, STM32Cube_FW_WB_V1.17.0, STM32Cube_FW_WB_V1.17.2, STM32Cube_FW_WL_V1.3.0, X-CUBE-ALGOBUILD_V1.3.0, X-CUBE-ALS_V1.0.1, X-CUBE-AZRTOS-F4_V1.1.0, X-CUBE-AZRTOS-F7_V1.1.0, X-CUBE-AZRTOS-G0_V1.1.0, X-CUBE-AZRTOS-G4_V2.0.0, X-CUBE-AZRTOS-H7_V3.1.0, X-CUBE-AZRTOS-L4_V1.0.0, X-CUBE-AZRTOS-L4_V2.0.0, X-CUBE-AZRTOS-L5_V1.1.0, X-CUBE-AZRTOS-WB_V2.0.0, X-CUBE-AZRTOS-WL_V2.0.0, X-CUBE-BLE1_V7.0.0, X-CUBE-BLE2_V3.3.0, X-CUBE-BLEMGR_V2.0.0, X-CUBE-EEPRMA1_V4.1.0, X-CUBE-FREERTOS_V1.1.0, X-CUBE-GNSS1_V6.0.0, X-CUBE-MEMS1_V9.1.0, X-CUBE-MEMS1_V9.4.0, X-CUBE-MEMS1_V9.6.0, X-CUBE-NFC4_V3.0.0, X-CUBE-NFC7_V1.0.0, X-CUBE-SFXS2LP1_V4.0.0, X-CUBE-SUBG2_V5.0.0, X-CUBE-TOF1_V3.3.1]
2023-09-20 10:40:51,343 [INFO] ApiDb:240 - Found 323 in-development CPN: [B-G473E-ZEST1S, B-WB1M-WPAN1, B-WL5M-SUBG1, NUCLEO-C031C6, NUCLEO-H503RB, NUCLEO-H563ZI, NUCLEO-U545RE-Q, NUCLEO-U5A5ZJ-Q, NUCLEO-WBA52CG, STEVAL-PROTEUS1, STEVAL-SMARTAG2, STEVAL-STWINBX1, STM320518-EVAL, STM32C0116-DK, STM32C011D6Y3TR, STM32C011D6Y6TR, STM32C011F4P3, STM32C011F4P6, STM32C011F4U3, STM32C011F4U6TR, STM32C011F6P3, STM32C011F6P6, STM32C011F6U3, STM32C011F6U6TR, STM32C011J4M3, STM32C011J4M6, STM32C011J6M3, STM32C011J6M6, STM32C0316-DK, STM32C031C4T3, STM32C031C4T6, STM32C031C4U3, STM32C031C4U6, STM32C031C6T3, STM32C031C6T6, STM32C031C6U3, STM32C031C6U6, STM32C031F4P3, STM32C031F4P6, STM32C031F6P3, STM32C031F6P6, STM32C031G4U3, STM32C031G4U6, STM32C031G6U3, STM32C031G6U6, STM32C031K4T3, STM32C031K4T6, STM32C031K4U3, STM32C031K4U6, STM32C031K6T3, STM32C031K6T6, STM32C031K6U3, STM32C031K6U6, STM32G071K8TXN, STM32G071K8UXN, STM32G081GBU6N, STM32G081KBT6N, STM32G081KBUXN, STM32G0B1CCT6N, STM32G0B1KCT6, STM32G0B1NEY6TR, STM32G0B1RCT6N, STM32G0C1CCT6, STM32G0C1CCT6N, STM32G0C1CCU6N, STM32G0C1CET6N, STM32G0C1CEU6N, STM32G0C1KCT6, STM32G0C1NEY6TR, STM32G0C1RCI6N, STM32G0C1RCT6N, STM32G0C1REI6N, STM32G0C1RET6N, STM32G0C1VCI6, STM32G0C1VEI6, STM32G471CCT6, STM32G471CCU6, STM32G471CET3, STM32G471CET6, STM32G471CEU3, STM32G471CEU6, STM32G471MCT6, STM32G471MET3, STM32G471MET6, STM32G471MEY6TR, STM32G471QCT6, STM32G471QET3, STM32G471RCT6, STM32G471RET3, STM32G471RET6, STM32G471VCH6, STM32G471VCI6, STM32G471VCT6, STM32G471VEH3, STM32G471VEH6, STM32G471VEI3, STM32G471VEI6, STM32G471VET3, STM32G471VET6, STM32G474CCT6, STM32H503CBT6, STM32H503CBU6, STM32H503EBY6TR, STM32H503KBU6, STM32H503RBT6, STM32H562AGI6, STM32H562AII6, STM32H562IGK6, STM32H562IGT6, STM32H562IIK6, STM32H562IIT6, STM32H562RGT6, STM32H562RGV6, STM32H562RIT6, STM32H562RIV6, STM32H562VGT6, STM32H562VIT6, STM32H562ZGT6, STM32H562ZIT6, STM32H563AGI6, STM32H563AII3Q, STM32H563AII6, STM32H563IGK6, STM32H563IGT6, STM32H563IIK3Q, STM32H563IIK6, STM32H563IIT3Q, STM32H563IIT6, STM32H563MIY3QTR, STM32H563RGT6, STM32H563RGV6, STM32H563RIT6, STM32H563RIV6, STM32H563VGT6, STM32H563VIT3Q, STM32H563VIT6, STM32H563ZGT6, STM32H563ZIT3Q, STM32H563ZIT6, STM32H573AII3Q, STM32H573AII6, STM32H573I-DK, STM32H573IIK3Q, STM32H573IIK6, STM32H573IIT3Q, STM32H573IIT6, STM32H573MIY3QTR, STM32H573RIT6, STM32H573RIV6, STM32H573VIT3Q, STM32H573VIT6, STM32H573ZIT3Q, STM32H573ZIT6, STM32L4R5QGI6STR, STM32MP131AAE3, STM32MP131AAF3, STM32MP131AAG3, STM32MP131CAE3, STM32MP131CAF3, STM32MP131CAG3, STM32MP131DAE7, STM32MP131DAF7, STM32MP131DAG7, STM32MP131FAE7, STM32MP131FAF7, STM32MP131FAG7, STM32MP133AAE3, STM32MP133AAF3, STM32MP133AAG3, STM32MP133CAE3, STM32MP133CAF3, STM32MP133CAG3, STM32MP133DAE7, STM32MP133DAF7, STM32MP133DAG7, STM32MP133FAE7, STM32MP133FAF7, STM32MP133FAG7, STM32MP135AAE3, STM32MP135AAF3, STM32MP135AAG3, STM32MP135CAE3, STM32MP135CAF3, STM32MP135CAG3, STM32MP135DAE7, STM32MP135DAF7, STM32MP135DAG7, STM32MP135F-DK, STM32MP135FAE7, STM32MP135FAF7, STM32MP135FAF7T, STM32MP135FAF7U, STM32MP135FAG7, STM32U535CBT6, STM32U535CBT6Q, STM32U535CBU6, STM32U535CBU6Q, STM32U535CCT6, STM32U535CCT6Q, STM32U535CCU6, STM32U535CCU6Q, STM32U535CET6, STM32U535CET6Q, STM32U535CEU6, STM32U535CEU6Q, STM32U535JEY6QTR, STM32U535NCY6QTR, STM32U535NEY6QTR, STM32U535RBI6, STM32U535RBI6Q, STM32U535RBT6, STM32U535RBT6Q, STM32U535RCI6, STM32U535RCI6Q, STM32U535RCT6, STM32U535RCT6Q, STM32U535REI6, STM32U535REI6Q, STM32U535RET6, STM32U535RET6Q, STM32U535VCI6, STM32U535VCI6Q, STM32U535VCT6, STM32U535VCT6Q, STM32U535VEI6, STM32U535VEI6Q, STM32U535VET6, STM32U535VET6Q, STM32U545CET6, STM32U545CET6Q, STM32U545CEU6, STM32U545CEU6Q, STM32U545JEY6QTR, STM32U545NEY6QTR, STM32U545REI6, STM32U545REI6Q, STM32U545RET6, STM32U545RET6Q, STM32U545VEI6, STM32U545VEI6Q, STM32U545VET6, STM32U545VET6Q, STM32U595AIH6, STM32U595AIH6Q, STM32U595AJH6, STM32U595AJH6Q, STM32U595QII6, STM32U595QII6Q, STM32U595QJI6, STM32U595QJI6Q, STM32U595RIT6, STM32U595RIT6Q, STM32U595RJT6, STM32U595RJT6Q, STM32U595VIT6, STM32U595VIT6Q, STM32U595VJT6, STM32U595VJT6Q, STM32U595ZIT6, STM32U595ZIT6Q, STM32U595ZIY6QTR, STM32U595ZJT6, STM32U595ZJT6Q, STM32U595ZJY6QTR, STM32U599BJY6QTR, STM32U599NIH6Q, STM32U599NJH6Q, STM32U599VIT6Q, STM32U599VJT6, STM32U599VJT6Q, STM32U599ZIT6Q, STM32U599ZIY6QTR, STM32U599ZJT6Q, STM32U599ZJY6QTR, STM32U5A5AJH6, STM32U5A5AJH6Q, STM32U5A5QJI6, STM32U5A5QJI6Q, STM32U5A5RJT6, STM32U5A5RJT6Q, STM32U5A5VJT6, STM32U5A5VJT6Q, STM32U5A5ZJT6, STM32U5A5ZJT6Q, STM32U5A5ZJY6QTR, STM32U5A9BJY6QTR, STM32U5A9J-DK, STM32U5A9NJH6Q, STM32U5A9VJT6Q, STM32U5A9ZJT6Q, STM32U5A9ZJY6QTR, STM32U5F7VIT6, STM32U5F7VIT6Q, STM32U5F7VJT6, STM32U5F7VJT6Q, STM32U5F9BJY6QTR, STM32U5F9NJH6Q, STM32U5F9VIT6Q, STM32U5F9VJT6Q, STM32U5F9ZIJ6QTR, STM32U5F9ZIT6Q, STM32U5F9ZJJ6QTR, STM32U5F9ZJT6Q, STM32U5G7VJT6, STM32U5G7VJT6Q, STM32U5G9BJY6QTR, STM32U5G9J-DK1, STM32U5G9J-DK2, STM32U5G9NJH6Q, STM32U5G9VJT6Q, STM32U5G9ZJJ6QTR, STM32U5G9ZJT6Q, STM32WB1MMCH6, STM32WBA52CEU6, STM32WBA52CEU6T, STM32WBA52CGU6, STM32WBA52CGU6T, STM32WBA52KEU6, STM32WBA52KEU6T, STM32WBA52KGU6, STM32WBA52KGU6T, STM32WL5MOCH6, STM32WL5MOCH6TR]
2023-09-20 10:40:51,348 [INFO] DbMcus:217 - Found 3848 MCUs, 3848 are supported
2023-09-20 10:40:51,349 [INFO] ApiDb:423 - Load user favorites file C:\Users\win 10/.stm32cubeide/favorites.mcus.txt: 0 item(s)
2023-09-20 10:40:51,350 [INFO] ApiDb:427 - User favorites MCUs=[]
2023-09-20 10:40:51,350 [INFO] DbMcus:223 - Set 0 / 0 favorites MCUs
2023-09-20 10:40:51,989 [WARN] ThirdParty:833 - waiting for thirdparty lock release [change project]
2023-09-20 10:40:51,990 [INFO] ThirdParty:835 - entering critical section [change project]
2023-09-20 10:40:51,990 [INFO] ThirdParty:1030 - CMSIS Pack Vendor :STMicroelectronics X-CUBE-ISPU 1.1.0
2023-09-20 10:40:51,990 [INFO] ThirdParty:1030 - CMSIS Pack Vendor :STMicroelectronics USBPD 4.1
2023-09-20 10:40:51,991 [INFO] ThirdParty:1030 - CMSIS Pack Vendor :STMicroelectronics X-CUBE-GNSS1 6.0.0
2023-09-20 10:40:51,991 [INFO] ThirdParty:1030 - CMSIS Pack Vendor :STMicroelectronics USB_HOST 2.0.0
2023-09-20 10:40:51,991 [INFO] ThirdParty:1030 - CMSIS Pack Vendor :STMicroelectronics X-CUBE-AZRTOS-F4 1.1.0
2023-09-20 10:40:51,991 [INFO] ThirdParty:1030 - CMSIS Pack Vendor :STMicroelectronics LIBJPEG 8.0.0
2023-09-20 10:40:51,991 [INFO] ThirdParty:1030 - CMSIS Pack Vendor :wolfSSL I-CUBE-wolfSSL 5.6.3
2023-09-20 10:40:51,991 [INFO] ThirdParty:1030 - CMSIS Pack Vendor :STMicroelectronics X-CUBE-SMBUS 2.1.0
2023-09-20 10:40:51,991 [INFO] ThirdParty:1030 - CMSIS Pack Vendor :STMicroelectronics USB_DEVICE 3.0.0
2023-09-20 10:40:51,991 [INFO] ThirdParty:1030 - CMSIS Pack Vendor :STMicroelectronics X-CUBE-AZRTOS-WB 2.0.0
2023-09-20 10:40:51,991 [INFO] ThirdParty:1030 - CMSIS Pack Vendor :STMicroelectronics X-CUBE-AZRTOS-F7 1.1.0
2023-09-20 10:40:51,991 [INFO] ThirdParty:1030 - CMSIS Pack Vendor :STMicroelectronics X-CUBE-AZRTOS-L5 2.0.0
2023-09-20 10:40:51,991 [INFO] ThirdParty:1030 - CMSIS Pack Vendor :STMicroelectronics USB_DEVICE 2.0.0
2023-09-20 10:40:51,991 [INFO] ThirdParty:1030 - CMSIS Pack Vendor :STMicroelectronics X-CUBE-MEMS1 9.6.0
2023-09-20 10:40:51,991 [INFO] ThirdParty:1030 - CMSIS Pack Vendor :STMicroelectronics FP-SNS-MOTENV1 4.3.2
2023-09-20 10:40:51,991 [INFO] ThirdParty:1030 - CMSIS Pack Vendor :STMicroelectronics X-CUBE-ALGOBUILD 1.3.0
2023-09-20 10:40:51,991 [INFO] ThirdParty:1030 - CMSIS Pack Vendor :STMicroelectronics FreeRTOS 0.0.1
2023-09-20 10:40:51,991 [INFO] ThirdParty:1030 - CMSIS Pack Vendor :STMicroelectronics X-CUBE-AZRTOS-G0 1.1.0
2023-09-20 10:40:51,991 [INFO] ThirdParty:1030 - CMSIS Pack Vendor :STMicroelectronics X-CUBE-BLEMGR 2.0.0
2023-09-20 10:40:51,992 [INFO] ThirdParty:1030 - CMSIS Pack Vendor :STMicroelectronics X-CUBE-NFC4 3.0.0
2023-09-20 10:40:51,992 [INFO] ThirdParty:1030 - CMSIS Pack Vendor :STMicroelectronics X-CUBE-SUBG2 5.0.0
2023-09-20 10:40:51,992 [INFO] ThirdParty:1030 - CMSIS Pack Vendor :STMicroelectronics STM32_WPAN 1.0.0
2023-09-20 10:40:51,992 [INFO] ThirdParty:1030 - CMSIS Pack Vendor :STMicroelectronics lwIP 2.0.3
2023-09-20 10:40:51,992 [INFO] ThirdParty:1030 - CMSIS Pack Vendor :STMicroelectronics FP-SNS-FLIGHT1 5.0.2
2023-09-20 10:40:51,992 [INFO] ThirdParty:1030 - CMSIS Pack Vendor :STMicroelectronics USB_HOST 1.0.0
2023-09-20 10:40:51,992 [INFO] ThirdParty:1030 - CMSIS Pack Vendor :STMicroelectronics X-CUBE-TOF1 3.3.1
2023-09-20 10:40:51,992 [INFO] ThirdParty:1030 - CMSIS Pack Vendor :STMicroelectronics X-CUBE-AZRTOS-G4 2.0.0
2023-09-20 10:40:51,992 [INFO] ThirdParty:1030 - CMSIS Pack Vendor :STMicroelectronics PDM2PCM 3.1.0
2023-09-20 10:40:51,992 [INFO] ThirdParty:1030 - CMSIS Pack Vendor :STMicroelectronics X-CUBE-AZRTOS-H7 3.1.0
2023-09-20 10:40:51,992 [INFO] ThirdParty:1030 - CMSIS Pack Vendor :STMicroelectronics PDM2PCM 3.3.0
2023-09-20 10:40:51,992 [INFO] ThirdParty:1030 - CMSIS Pack Vendor :STMicroelectronics X-CUBE-DISPLAY 3.0.0
2023-09-20 10:40:51,992 [INFO] ThirdParty:1030 - CMSIS Pack Vendor :STMicroelectronics X-CUBE-BLE1 7.0.0
2023-09-20 10:40:51,992 [INFO] ThirdParty:1030 - CMSIS Pack Vendor :STMicroelectronics FP-ATR-SIGFOX1 3.2.0
2023-09-20 10:40:51,992 [INFO] ThirdParty:1030 - CMSIS Pack Vendor :STMicroelectronics HAL Drivers 0.0.0
2023-09-20 10:40:51,992 [INFO] ThirdParty:1030 - CMSIS Pack Vendor :STMicroelectronics MBEDTLS 2.16.2
2023-09-20 10:40:51,992 [INFO] ThirdParty:1030 - CMSIS Pack Vendor :emotas I-CUBE-CANOPEN 1.3.0
2023-09-20 10:40:51,993 [INFO] ThirdParty:1030 - CMSIS Pack Vendor :STMicroelectronics X-CUBE-FREERTOS 1.1.0
2023-09-20 10:40:51,993 [INFO] ThirdParty:1030 - CMSIS Pack Vendor :STMicroelectronics X-CUBE-TOUCHGFX 4.22.0
2023-09-20 10:40:51,993 [INFO] ThirdParty:1030 - CMSIS Pack Vendor :STMicroelectronics X-CUBE-NFC7 1.0.1
2023-09-20 10:40:51,993 [INFO] ThirdParty:1030 - CMSIS Pack Vendor :STMicroelectronics MBEDTLS 2.14.1
2023-09-20 10:40:51,993 [INFO] ThirdParty:1030 - CMSIS Pack Vendor :STMicroelectronics X-CUBE-NFC6 3.0.0
2023-09-20 10:40:51,993 [INFO] ThirdParty:1030 - CMSIS Pack Vendor :STMicroelectronics X-CUBE-EEPRMA1 4.1.0
2023-09-20 10:40:51,993 [INFO] ThirdParty:1030 - CMSIS Pack Vendor :portGmbH I-Cube-SoM-uGOAL 1.1.0
2023-09-20 10:40:51,993 [INFO] ThirdParty:1030 - CMSIS Pack Vendor :STMicroelectronics X-CUBE-ALS 1.0.1
2023-09-20 10:40:51,993 [INFO] ThirdParty:1030 - CMSIS Pack Vendor :STMicroelectronics ThreadX 1.0.0
2023-09-20 10:40:51,993 [INFO] ThirdParty:1030 - CMSIS Pack Vendor :STMicroelectronics FP-SNS-SMARTAG2 1.2.0
2023-09-20 10:40:51,993 [INFO] ThirdParty:1030 - CMSIS Pack Vendor :STMicroelectronics X-CUBE-AZRTOS-WL 2.0.0
2023-09-20 10:40:51,993 [INFO] ThirdParty:1030 - CMSIS Pack Vendor :SEGGER I-CUBE-embOS 1.3.1
2023-09-20 10:40:51,993 [INFO] ThirdParty:1030 - CMSIS Pack Vendor :STMicroelectronics USB_DEVICE 1.0.0
2023-09-20 10:40:51,993 [INFO] ThirdParty:1030 - CMSIS Pack Vendor :STMicroelectronics X-CUBE-AI 8.1.0
2023-09-20 10:40:51,994 [INFO] ThirdParty:1030 - CMSIS Pack Vendor :STMicroelectronics X-CUBE-AZRTOS-L4 2.0.0
2023-09-20 10:40:51,994 [INFO] ThirdParty:1030 - CMSIS Pack Vendor :STMicroelectronics ThreadX 0.0.2
2023-09-20 10:40:51,994 [INFO] ThirdParty:1030 - CMSIS Pack Vendor :WES I-CUBE-Cesium 1.3.0
2023-09-20 10:40:51,994 [INFO] ThirdParty:1030 - CMSIS Pack Vendor :STMicroelectronics FP-ATR-ASTRA1 2.0.0
2023-09-20 10:40:51,994 [INFO] ThirdParty:1030 - CMSIS Pack Vendor :STMicroelectronics lwIP 2.1.2
2023-09-20 10:40:51,994 [INFO] ThirdParty:1030 - CMSIS Pack Vendor :STMicroelectronics X-CUBE-SFXS2LP1 4.0.0
2023-09-20 10:40:51,994 [INFO] ThirdParty:1030 - CMSIS Pack Vendor :STMicroelectronics X-CUBE-BLE2 3.3.0
2023-09-20 10:40:51,994 [INFO] ThirdParty:1030 - CMSIS Pack Vendor :STMicroelectronics PDM2PCM 3.2.0
2023-09-20 10:40:51,994 [INFO] ThirdParty:841 - exiting critical section [change project]
2023-09-20 10:40:52,558 [INFO] PinOutPanel:1499 - setPackage(No Configuration,No Configuration)
2023-09-20 10:40:52,561 [INFO] PinOutPanel:1499 - setPackage(STM32F103C8Tx,LQFP48)
2023-09-20 10:40:53,405 [INFO] UtilMem:75 - Before build in PCC Used Memory: 653963064 Bytes (948961280)
2023-09-20 10:40:54,451 [INFO] UtilMem:75 - After build in PCC Used Memory: 751467520 Bytes (948961280)
2023-09-20 10:40:54,503 [INFO] IPUIPlugin:80 - create IPUIPlugin
2023-09-20 10:40:54,503 [INFO] IPUIPlugin:80 - create IPUIPlugin
2023-09-20 10:40:54,504 [INFO] IPUIPlugin:80 - create IPUIPlugin
2023-09-20 10:40:54,505 [INFO] IPUIPlugin:80 - create IPUIPlugin
2023-09-20 10:40:54,505 [INFO] IPUIPlugin:80 - create IPUIPlugin
2023-09-20 10:40:54,506 [INFO] IPUIPlugin:80 - create IPUIPlugin
2023-09-20 10:40:54,506 [INFO] IPUIPlugin:80 - create IPUIPlugin
2023-09-20 10:40:54,507 [INFO] IPUIPlugin:80 - create IPUIPlugin
2023-09-20 10:40:54,508 [INFO] IPUIPlugin:80 - create IPUIPlugin
2023-09-20 10:40:54,509 [INFO] IPUIPlugin:80 - create IPUIPlugin
2023-09-20 10:40:54,509 [INFO] IPUIPlugin:80 - create IPUIPlugin
2023-09-20 10:40:54,510 [INFO] IPUIPlugin:80 - create IPUIPlugin
2023-09-20 10:40:54,511 [INFO] IPUIPlugin:80 - create IPUIPlugin
2023-09-20 10:40:54,512 [INFO] IPUIPlugin:80 - create IPUIPlugin
2023-09-20 10:40:54,512 [INFO] IPUIPlugin:80 - create IPUIPlugin
2023-09-20 10:40:54,513 [INFO] IPUIPlugin:80 - create IPUIPlugin
2023-09-20 10:40:54,514 [INFO] IPUIPlugin:80 - create IPUIPlugin
2023-09-20 10:40:54,515 [INFO] IPUIPlugin:80 - create IPUIPlugin
2023-09-20 10:40:54,515 [INFO] IPUIPlugin:80 - create IPUIPlugin
2023-09-20 10:40:54,516 [INFO] IPUIPlugin:80 - create IPUIPlugin
2023-09-20 10:40:54,516 [INFO] IPUIPlugin:80 - create IPUIPlugin
2023-09-20 10:40:54,517 [INFO] IPUIPlugin:80 - create IPUIPlugin
2023-09-20 10:40:54,518 [INFO] IPUIPlugin:80 - create IPUIPlugin
2023-09-20 10:40:54,519 [INFO] IPUIPlugin:80 - create IPUIPlugin
2023-09-20 10:40:54,519 [INFO] IPUIPlugin:80 - create IPUIPlugin
2023-09-20 10:40:54,520 [INFO] IPUIPlugin:80 - create IPUIPlugin
2023-09-20 10:40:54,521 [INFO] IPUIPlugin:80 - create IPUIPlugin
2023-09-20 10:40:54,552 [INFO] Can:71 - Can Add PropertyChangeListener com.st.microxplorer.plugins.ip.can.Can@23e25f6
2023-09-20 10:40:54,836 [INFO] CADModel:165 - CPN selected for project levelSTM32F103C8T6
2023-09-20 10:40:54,836 [INFO] CADModel:114 - Register for checkConnection events
2023-09-20 10:40:54,912 [INFO] OpenFileManager:328 - Restore cursor
2023-09-20 10:41:03,681 [INFO] NvicIntPanel:101 - NVIC parent = com.st.microxplorer.plugins.ip.nvic.MultiNvicIntPanel[,0,0,0x0,invalid,layout=javax.swing.BoxLayout,alignmentX=0.0,alignmentY=0.0,border=,flags=9,maximumSize=,minimumSize=,preferredSize=]
2023-09-20 10:41:05,964 [INFO] NvicIntPanel:101 - NVIC parent = com.st.microxplorer.plugins.ip.nvic.MultiNvicIntPanel[,0,0,0x0,invalid,layout=javax.swing.BoxLayout,alignmentX=0.0,alignmentY=0.0,border=,flags=9,maximumSize=,minimumSize=,preferredSize=]
2023-09-20 10:41:06,435 [INFO] NvicIntPanel:101 - NVIC parent = com.st.microxplorer.plugins.ip.nvic.MultiNvicIntPanel[,0,0,0x0,invalid,layout=javax.swing.BoxLayout,alignmentX=0.0,alignmentY=0.0,border=,flags=9,maximumSize=,minimumSize=,preferredSize=]
2023-09-20 10:41:06,914 [INFO] NvicIntPanel:101 - NVIC parent = com.st.microxplorer.plugins.ip.nvic.MultiNvicIntPanel[,0,0,0x0,invalid,layout=javax.swing.BoxLayout,alignmentX=0.0,alignmentY=0.0,border=,flags=9,maximumSize=,minimumSize=,preferredSize=]
2023-09-20 10:41:07,300 [INFO] NvicIntPanel:101 - NVIC parent = com.st.microxplorer.plugins.ip.nvic.MultiNvicIntPanel[,0,0,0x0,invalid,layout=javax.swing.BoxLayout,alignmentX=0.0,alignmentY=0.0,border=,flags=9,maximumSize=,minimumSize=,preferredSize=]
2023-09-20 10:41:10,886 [INFO] UtilMem:75 - End SaveConfig() Used Memory: 556260912 Bytes (948961280)
2023-09-20 10:41:12,238 [INFO] UtilMem:75 - End SaveConfig() Used Memory: 513665568 Bytes (948961280)
2023-09-20 10:41:14,364 [INFO] UtilMem:75 - End SaveConfig() Used Memory: 574482976 Bytes (948961280)
2023-09-20 10:41:14,970 [INFO] BlockDiagram:2759 - set Specific Code input for plugin: NVIC
2023-09-20 10:41:14,970 [INFO] BlockDiagram:2759 - set Specific Code input for plugin: USART
2023-09-20 10:41:14,970 [INFO] BlockDiagram:2759 - set Specific Code input for plugin: SYS
2023-09-20 10:41:14,971 [INFO] BlockDiagram:2759 - set Specific Code input for plugin: GPIO
2023-09-20 10:41:14,971 [INFO] BlockDiagram:2759 - set Specific Code input for plugin: CAN
2023-09-20 10:41:14,971 [INFO] BlockDiagram:2759 - set Specific Code input for plugin: RCC
2023-09-20 10:41:14,972 [INFO] CodeGenerator:799 - code generatio: config db path: C:\ST\STM32CubeIDE_1.12.0\STM32CubeIDE\plugins\com.st.stm32cube.common.mx_6.9.1.202307191849\\db\
2023-09-20 10:41:15,384 [INFO] CodeEngine:255 - oldGeneratedFile, D:\CAN_Workspace\CAN\MXTmpFiles\license.tmp_save
2023-09-20 10:41:15,855 [INFO] CodeEngine:279 - Generated code: D:\CAN_Workspace\CAN\MXTmpFiles\license.tmp
2023-09-20 10:41:16,041 [INFO] CodeEngine:255 - oldGeneratedFile, D:\CAN_Workspace\CAN\MXTmpFiles\gpio.tmp_save
2023-09-20 10:41:16,240 [INFO] CodeEngine:279 - Generated code: D:\CAN_Workspace\CAN\MXTmpFiles\gpio.tmp
2023-09-20 10:41:16,432 [INFO] CodeEngine:255 - oldGeneratedFile, D:\CAN_Workspace\CAN\Core\Src\stm32f1xx_it.c_save
2023-09-20 10:41:16,687 [INFO] CodeEngine:279 - Generated code: D:\CAN_Workspace\CAN\Core\Src\stm32f1xx_it.c
2023-09-20 10:41:16,707 [INFO] CodeEngine:255 - oldGeneratedFile, D:\CAN_Workspace\CAN\Core\Inc\stm32f1xx_it.h_save
2023-09-20 10:41:16,840 [INFO] CodeEngine:279 - Generated code: D:\CAN_Workspace\CAN\Core\Inc\stm32f1xx_it.h
2023-09-20 10:41:16,871 [INFO] CodeEngine:255 - oldGeneratedFile, D:\CAN_Workspace\CAN\Core\Src\stm32f1xx_hal_msp.c_save
2023-09-20 10:41:17,095 [INFO] CodeEngine:279 - Generated code: D:\CAN_Workspace\CAN\Core\Src\stm32f1xx_hal_msp.c
2023-09-20 10:41:17,106 [INFO] CodeEngine:255 - oldGeneratedFile, D:\CAN_Workspace\CAN\MXTmpFiles\system.tmp_save
2023-09-20 10:41:17,240 [INFO] CodeEngine:279 - Generated code: D:\CAN_Workspace\CAN\MXTmpFiles\system.tmp
2023-09-20 10:41:17,285 [INFO] CodeEngine:311 - oldGeneratedFile, D:\CAN_Workspace\CAN\Core\Inc\stm32f1xx_hal_conf.h_save
2023-09-20 10:41:17,523 [INFO] CodeEngine:335 - Generated code: D:\CAN_Workspace\CAN\Core\Inc\stm32f1xx_hal_conf.h
2023-09-20 10:41:17,652 [INFO] CodeEngine:255 - oldGeneratedFile, D:\CAN_Workspace\CAN\Core\Inc\main.h_save
2023-09-20 10:41:17,826 [INFO] CodeEngine:279 - Generated code: D:\CAN_Workspace\CAN\Core\Inc\main.h
2023-09-20 10:41:17,861 [INFO] CodeEngine:255 - oldGeneratedFile, D:\CAN_Workspace\CAN\Core\Src\main.c_save
2023-09-20 10:41:18,100 [INFO] CodeEngine:279 - Generated code: D:\CAN_Workspace\CAN\Core\Src\main.c
2023-09-20 10:41:19,261 [INFO] ProjectBuilder:3064 - Time for Copy HAL[1] : 218mS.
2023-09-20 10:41:19,268 [INFO] ProjectBuilder:4404 - Project Generator version: 4.1.0
2023-09-20 10:41:19,802 [INFO] ConfigFileManager:1457 - The Die is : DIE410
2023-09-20 10:41:19,845 [INFO] ApiDbMcu:507 - Load IP Config File for FATFS
2023-09-20 10:41:19,921 [INFO] ApiDbMcu:507 - Load IP Config File for FREERTOS
2023-09-20 10:41:20,001 [INFO] ApiDbMcu:507 - Load IP Config File for USB_DEVICE
2023-09-20 10:41:21,550 [INFO] LogOutputStream:77 - [STDOUT_REDIRECT] 
2023-09-20 10:41:23,700 [INFO] ProjectBuilder:4626 - Time for Generating toolchain IDE Files: 4431mS.
2023-09-20 10:41:23,701 [INFO] ProjectBuilder:2935 - Time for Copy CMSIS : 1mS.
2023-09-20 10:41:23,703 [INFO] ProjectBuilder:2935 - Time for Copy CMSIS : 0mS.
2023-09-20 20:25:47,272 [ERROR] LogOutputStream:75 - [STDERR_REDIRECT] 
