2023-09-27 07:18:44,744 [INFO] WebApp:330 - JxBrowser engine has been closed 
2023-09-27 07:30:31,496 [INFO] Activator:176 - 


2023-09-27 07:30:31,500 [INFO] Activator:177 - !SESSION log4j initialized
2023-09-27 07:30:41,449 [INFO] LogOutputStream:77 - [STDOUT_REDIRECT] 
2023-09-27 07:30:44,992 [INFO] ApplicationProperties:184 - Using Application install path: C:\ST\STM32CubeIDE_1.12.0\STM32CubeIDE\plugins\com.st.stm32cube.common.mx_6.9.1.202307191849
2023-09-27 07:30:45,019 [INFO] DbMcusXml:78 - Set database path to: C:\ST\STM32CubeIDE_1.12.0\STM32CubeIDE\plugins\com.st.stm32cube.common.mx_6.9.1.202307191849\\db\/mcu/
2023-09-27 07:30:45,019 [INFO] ApiDb:274 - Set plugin database path to: C:\ST\STM32CubeIDE_1.12.0\STM32CubeIDE\plugins\com.st.stm32cube.common.mx_6.9.1.202307191849\\db\/plugins/boardmanager/
2023-09-27 07:30:45,020 [WARN] ApiDb:259 - Overriding images path with different value:  => C:\ST\STM32CubeIDE_1.12.0\STM32CubeIDE\plugins\com.st.stm32cube.common.mx_6.9.1.202307191849\\db\/plugins/mcufinder/images/
2023-09-27 07:30:45,045 [INFO] ApiDb:250 - Set database path to: C:\Users\win 10\.stmcufinder\plugins\mcufinder//mcu/
2023-09-27 07:30:45,047 [INFO] DbMcusAds:125 - Set database path to: C:\Users\win 10\.stmcufinder\plugins\mcufinder//mcu/
2023-09-27 07:30:45,051 [INFO] CrossReferenceDbSqlite:203 - Set database path to: C:\Users\win 10\.stmcufinder\plugins\mcufinder//mcu/cs/
2023-09-27 07:30:45,252 [INFO] RulesReader:64 - Compatibility file has been processed (293 Rules)
2023-09-27 07:30:45,426 [INFO] DbMcusXml:78 - Set database path to: C:\ST\STM32CubeIDE_1.12.0\STM32CubeIDE\plugins\com.st.stm32cube.common.mx_6.9.1.202307191849\\db\/mcu/
2023-09-27 07:30:45,426 [INFO] ApiDb:274 - Set plugin database path to: C:\ST\STM32CubeIDE_1.12.0\STM32CubeIDE\plugins\com.st.stm32cube.common.mx_6.9.1.202307191849\\db\/plugins/boardmanager/
2023-09-27 07:30:45,426 [INFO] ApiDb:261 - Set plugin images path to: C:\ST\STM32CubeIDE_1.12.0\STM32CubeIDE\plugins\com.st.stm32cube.common.mx_6.9.1.202307191849\\db\/plugins/mcufinder/images/
2023-09-27 07:30:45,426 [WARN] DbFile:41 - Overriding database path with different value: C:\Users\win 10\.stmcufinder\plugins\mcufinder/ => C:\Users\win 10\.stmcufinder\plugins\mcufinder
2023-09-27 07:30:45,426 [INFO] ApiDb:250 - Set database path to: C:\Users\win 10\.stmcufinder\plugins\mcufinder//mcu/
2023-09-27 07:30:45,427 [WARN] DbFile:41 - Overriding database path with different value: C:\Users\win 10\.stmcufinder\plugins\mcufinder/ => C:\Users\win 10\.stmcufinder\plugins\mcufinder
2023-09-27 07:30:45,427 [INFO] DbMcusAds:125 - Set database path to: C:\Users\win 10\.stmcufinder\plugins\mcufinder//mcu/
2023-09-27 07:30:45,427 [WARN] DbFile:41 - Overriding database path with different value: C:\Users\win 10\.stmcufinder\plugins\mcufinder/ => C:\Users\win 10\.stmcufinder\plugins\mcufinder
2023-09-27 07:30:45,427 [WARN] DbFile:41 - Overriding database path with different value: C:\Users\win 10\.stmcufinder\plugins\mcufinder/ => C:\Users\win 10\.stmcufinder\plugins\mcufinder
2023-09-27 07:30:45,427 [INFO] CrossReferenceDbSqlite:203 - Set database path to: C:\Users\win 10\.stmcufinder\plugins\mcufinder//mcu/cs/
2023-09-27 07:30:45,546 [INFO] MainPanel:262 - HeapMemory: 268435456
2023-09-27 07:30:45,683 [INFO] DbMcusXml:78 - Set database path to: C:\ST\STM32CubeIDE_1.12.0\STM32CubeIDE\plugins\com.st.stm32cube.common.mx_6.9.1.202307191849\\db\/mcu/
2023-09-27 07:30:45,683 [INFO] ApiDb:274 - Set plugin database path to: C:\ST\STM32CubeIDE_1.12.0\STM32CubeIDE\plugins\com.st.stm32cube.common.mx_6.9.1.202307191849\\db\/plugins/boardmanager/
2023-09-27 07:30:45,683 [INFO] ApiDb:261 - Set plugin images path to: C:\ST\STM32CubeIDE_1.12.0\STM32CubeIDE\plugins\com.st.stm32cube.common.mx_6.9.1.202307191849\\db\/plugins/mcufinder/images/
2023-09-27 07:30:45,684 [WARN] DbFile:41 - Overriding database path with different value: C:\Users\win 10\.stmcufinder\plugins\mcufinder/ => C:\Users\win 10\.stmcufinder\plugins\mcufinder
2023-09-27 07:30:45,684 [INFO] ApiDb:250 - Set database path to: C:\Users\win 10\.stmcufinder\plugins\mcufinder//mcu/
2023-09-27 07:30:45,684 [WARN] DbFile:41 - Overriding database path with different value: C:\Users\win 10\.stmcufinder\plugins\mcufinder/ => C:\Users\win 10\.stmcufinder\plugins\mcufinder
2023-09-27 07:30:45,684 [INFO] DbMcusAds:125 - Set database path to: C:\Users\win 10\.stmcufinder\plugins\mcufinder//mcu/
2023-09-27 07:30:45,685 [WARN] DbFile:41 - Overriding database path with different value: C:\Users\win 10\.stmcufinder\plugins\mcufinder/ => C:\Users\win 10\.stmcufinder\plugins\mcufinder
2023-09-27 07:30:45,685 [WARN] DbFile:41 - Overriding database path with different value: C:\Users\win 10\.stmcufinder\plugins\mcufinder/ => C:\Users\win 10\.stmcufinder\plugins\mcufinder
2023-09-27 07:30:45,685 [INFO] CrossReferenceDbSqlite:203 - Set database path to: C:\Users\win 10\.stmcufinder\plugins\mcufinder//mcu/cs/
2023-09-27 07:30:45,715 [INFO] ApplicationProperties:184 - Using Application install path: C:\ST\STM32CubeIDE_1.12.0\STM32CubeIDE\plugins\com.st.stm32cube.common.mx_6.9.1.202307191849
2023-09-27 07:30:45,717 [INFO] PluginManage:196 - Search for loadable plugins [exclusion list=, ]
2023-09-27 07:30:45,719 [INFO] PluginManage:310 - Check plugin analytics
2023-09-27 07:30:45,955 [INFO] AnalyticsPlugin:253 - Accepted Software Licenses: STM32CubeMX.6.5.0,STM32CubeMX.6.9.1
2023-09-27 07:30:45,955 [INFO] AnalyticsPlugin:255 - Accepted CMSIS Pack Licenses: 
2023-09-27 07:30:45,956 [INFO] AnalyticsPlugin:257 - Accepted Firmware Licenses: 
2023-09-27 07:30:45,960 [INFO] PluginManage:359 - Loaded plugin analytics (category:tool,tabindex:-1)
2023-09-27 07:30:45,961 [INFO] PluginManage:310 - Check plugin cadmodel
2023-09-27 07:30:45,980 [INFO] CADModel:105 - Init CAD model plugin
2023-09-27 07:30:45,981 [INFO] PluginManage:359 - Loaded plugin cadmodel (category:power,tabindex:5)
2023-09-27 07:30:45,981 [INFO] PluginManage:310 - Check plugin clock
2023-09-27 07:30:46,013 [INFO] PluginManage:359 - Loaded plugin clock (category:base,tabindex:2)
2023-09-27 07:30:46,014 [INFO] PluginManage:310 - Check plugin ddr
2023-09-27 07:30:46,018 [INFO] PluginManage:359 - Loaded plugin ddr (category:tool,tabindex:6)
2023-09-27 07:30:46,019 [INFO] PluginManage:310 - Check plugin filemanager
2023-09-27 07:30:46,227 [INFO] PluginManage:359 - Loaded plugin filemanager (category:base,tabindex:10)
2023-09-27 07:30:46,227 [INFO] PluginManage:310 - Check plugin ipmanager
2023-09-27 07:30:46,238 [INFO] PluginManage:359 - Loaded plugin ipmanager (category:base,tabindex:5)
2023-09-27 07:30:46,238 [INFO] PluginManage:310 - Check plugin lpbam
2023-09-27 07:30:46,260 [INFO] PluginManage:359 - Loaded plugin lpbam (category:base,tabindex:0)
2023-09-27 07:30:46,260 [INFO] PluginManage:310 - Check plugin memorymap
2023-09-27 07:30:46,289 [INFO] PluginManage:359 - Loaded plugin memorymap (category:base,tabindex:4)
2023-09-27 07:30:46,289 [INFO] PluginManage:310 - Check plugin pinoutandconfiguration
2023-09-27 07:30:46,309 [INFO] PluginManage:359 - Loaded plugin pinoutandconfiguration (category:base,tabindex:1)
2023-09-27 07:30:46,309 [INFO] PluginManage:310 - Check plugin pinoutconfig
2023-09-27 07:30:46,461 [WARN] SupportedApi:132 - Cannot load RTOS API schema: s4s-elt-must-match.1: The content of 'definitions' must match (annotation?, (simpleType | complexType)?, (unique | key | keyref)*)). A problem was found starting at: attribute.
2023-09-27 07:30:46,693 [INFO] PluginManage:359 - Loaded plugin pinoutconfig (category:base,tabindex:0)
2023-09-27 07:30:46,693 [INFO] PluginManage:310 - Check plugin power
2023-09-27 07:30:46,724 [INFO] PluginManage:359 - Loaded plugin power (category:power,tabindex:4)
2023-09-27 07:30:46,724 [INFO] PluginManage:310 - Check plugin projectmanager
2023-09-27 07:30:46,744 [INFO] PluginManage:359 - Loaded plugin projectmanager (category:projectmanager,tabindex:3)
2023-09-27 07:30:46,744 [INFO] PluginManage:310 - Check plugin thirdparty
2023-09-27 07:30:47,127 [INFO] PluginManage:359 - Loaded plugin thirdparty (category:base,tabindex:-1)
2023-09-27 07:30:47,127 [WARN] IntegrityCheckThread:84 - waiting for thirdparty lock release [integrity check]
2023-09-27 07:30:47,127 [INFO] PluginManage:310 - Check plugin tools
2023-09-27 07:30:47,127 [INFO] IntegrityCheckThread:86 - entering critical section [integrity check]
2023-09-27 07:30:47,127 [INFO] ThirdPartyUpdaterWithRetryManager:70 - Updater plugin not ready yet. [1/15]
2023-09-27 07:30:47,168 [INFO] PluginManage:359 - Loaded plugin tools (category:base,tabindex:7)
2023-09-27 07:30:47,168 [INFO] PluginManage:310 - Check plugin tutovideos
2023-09-27 07:30:47,450 [INFO] PluginManage:359 - Loaded plugin tutovideos (category:base,tabindex:-1)
2023-09-27 07:30:47,450 [INFO] PluginManage:310 - Check plugin updater
2023-09-27 07:30:47,468 [INFO] PluginManage:359 - Loaded plugin updater (category:base,tabindex:12)
2023-09-27 07:30:47,468 [INFO] PluginManage:310 - Check plugin userauth
2023-09-27 07:30:47,475 [INFO] UserAuth:113 - Init User Auth plugin
2023-09-27 07:30:47,475 [INFO] PluginManage:359 - Loaded plugin userauth (category:base,tabindex:14)
2023-09-27 07:30:47,476 [INFO] PluginManage:283 - PluginManage : Loaded plugins [17]
2023-09-27 07:30:47,803 [INFO] PinOutPanel:1499 - setPackage(No Configuration,No Configuration)
2023-09-27 07:30:47,964 [INFO] CADModel:165 - CPN selected for project level
2023-09-27 07:30:47,964 [INFO] CADModel:114 - Register for checkConnection events
2023-09-27 07:30:47,997 [INFO] IPUIPlugin:80 - create IPUIPlugin
2023-09-27 07:30:47,998 [INFO] PluginManager:220 - loadIPPluginJar : add adc
2023-09-27 07:30:48,036 [INFO] IPUIPlugin:80 - create IPUIPlugin
2023-09-27 07:30:48,036 [INFO] PluginManager:220 - loadIPPluginJar : add aes
2023-09-27 07:30:48,082 [INFO] IPUIPlugin:80 - create IPUIPlugin
2023-09-27 07:30:48,082 [INFO] PluginManager:220 - loadIPPluginJar : add can
2023-09-27 07:30:48,107 [INFO] IPUIPlugin:80 - create IPUIPlugin
2023-09-27 07:30:48,108 [INFO] PluginManager:220 - loadIPPluginJar : add comp
2023-09-27 07:30:48,155 [INFO] IPUIPlugin:80 - create IPUIPlugin
2023-09-27 07:30:48,155 [INFO] PluginManager:220 - loadIPPluginJar : add cryp
2023-09-27 07:30:48,190 [INFO] IPUIPlugin:80 - create IPUIPlugin
2023-09-27 07:30:48,190 [INFO] PluginManager:220 - loadIPPluginJar : add dfsdm
2023-09-27 07:30:48,208 [INFO] IPUIPlugin:80 - create IPUIPlugin
2023-09-27 07:30:48,209 [INFO] PluginManager:220 - loadIPPluginJar : add dma
2023-09-27 07:30:48,265 [INFO] IPUIPlugin:80 - create IPUIPlugin
2023-09-27 07:30:48,265 [INFO] PluginManager:220 - loadIPPluginJar : add dma3
2023-09-27 07:30:48,290 [INFO] IPUIPlugin:80 - create IPUIPlugin
2023-09-27 07:30:48,290 [INFO] PluginManager:220 - loadIPPluginJar : add fatfs
2023-09-27 07:30:48,356 [INFO] IPUIPlugin:80 - create IPUIPlugin
2023-09-27 07:30:48,358 [INFO] PluginManager:220 - loadIPPluginJar : add fmc
2023-09-27 07:30:48,377 [INFO] IPUIPlugin:80 - create IPUIPlugin
2023-09-27 07:30:48,377 [INFO] PluginManager:220 - loadIPPluginJar : add freertos
2023-09-27 07:30:48,404 [INFO] IPUIPlugin:80 - create IPUIPlugin
2023-09-27 07:30:48,404 [INFO] PluginManager:220 - loadIPPluginJar : add genericplugin
2023-09-27 07:30:48,521 [INFO] IPUIPlugin:80 - create IPUIPlugin
2023-09-27 07:30:48,522 [INFO] PluginManager:220 - loadIPPluginJar : add gfxmmu
2023-09-27 07:30:48,700 [INFO] IPUIPlugin:80 - create IPUIPlugin
2023-09-27 07:30:48,700 [INFO] PluginManager:220 - loadIPPluginJar : add gic
2023-09-27 07:30:48,718 [INFO] IPUIPlugin:80 - create IPUIPlugin
2023-09-27 07:30:48,718 [INFO] PluginManager:220 - loadIPPluginJar : add gpio
2023-09-27 07:30:48,850 [INFO] IPUIPlugin:80 - create IPUIPlugin
2023-09-27 07:30:48,850 [INFO] PluginManager:220 - loadIPPluginJar : add gtzc
2023-09-27 07:30:48,903 [INFO] IPUIPlugin:80 - create IPUIPlugin
2023-09-27 07:30:48,903 [INFO] PluginManager:220 - loadIPPluginJar : add hash
2023-09-27 07:30:48,972 [INFO] IPUIPlugin:80 - create IPUIPlugin
2023-09-27 07:30:48,972 [INFO] PluginManager:220 - loadIPPluginJar : add i2c
2023-09-27 07:30:49,017 [INFO] IPUIPlugin:80 - create IPUIPlugin
2023-09-27 07:30:49,018 [INFO] PluginManager:220 - loadIPPluginJar : add i2s
2023-09-27 07:30:49,078 [INFO] IPUIPlugin:80 - create IPUIPlugin
2023-09-27 07:30:49,078 [INFO] PluginManager:220 - loadIPPluginJar : add i3c
2023-09-27 07:30:49,202 [INFO] IPUIPlugin:80 - create IPUIPlugin
2023-09-27 07:30:49,203 [INFO] PluginManager:220 - loadIPPluginJar : add ipddr
2023-09-27 07:30:49,328 [INFO] IPUIPlugin:80 - create IPUIPlugin
2023-09-27 07:30:49,329 [INFO] PluginManager:220 - loadIPPluginJar : add linkedlist
2023-09-27 07:30:49,375 [INFO] IPUIPlugin:80 - create IPUIPlugin
2023-09-27 07:30:49,375 [INFO] PluginManager:220 - loadIPPluginJar : add lorawan
2023-09-27 07:30:49,416 [INFO] IPUIPlugin:80 - create IPUIPlugin
2023-09-27 07:30:49,417 [INFO] PluginManager:220 - loadIPPluginJar : add ltdc
2023-09-27 07:30:49,434 [INFO] IPUIPlugin:80 - create IPUIPlugin
2023-09-27 07:30:49,435 [INFO] PluginManager:220 - loadIPPluginJar : add mdma
2023-09-27 07:30:49,454 [INFO] IPUIPlugin:80 - create IPUIPlugin
2023-09-27 07:30:49,455 [INFO] PluginManager:220 - loadIPPluginJar : add nvic
2023-09-27 07:30:49,495 [INFO] IPUIPlugin:80 - create IPUIPlugin
2023-09-27 07:30:49,496 [INFO] PluginManager:220 - loadIPPluginJar : add opamp
2023-09-27 07:30:49,570 [INFO] IPUIPlugin:80 - create IPUIPlugin
2023-09-27 07:30:49,571 [INFO] PluginManager:220 - loadIPPluginJar : add openamp
2023-09-27 07:30:49,626 [INFO] IPUIPlugin:80 - create IPUIPlugin
2023-09-27 07:30:49,627 [INFO] PluginManager:220 - loadIPPluginJar : add pdm2pcm
2023-09-27 07:30:49,645 [INFO] IPUIPlugin:80 - create IPUIPlugin
2023-09-27 07:30:49,650 [INFO] PluginManager:220 - loadIPPluginJar : add plateformsettings
2023-09-27 07:30:49,682 [INFO] IPUIPlugin:80 - create IPUIPlugin
2023-09-27 07:30:49,682 [INFO] PluginManager:220 - loadIPPluginJar : add quadspi
2023-09-27 07:30:49,703 [INFO] IPUIPlugin:80 - create IPUIPlugin
2023-09-27 07:30:49,703 [INFO] PluginManager:220 - loadIPPluginJar : add resmgrutility
2023-09-27 07:30:49,780 [INFO] IPUIPlugin:80 - create IPUIPlugin
2023-09-27 07:30:49,780 [INFO] PluginManager:220 - loadIPPluginJar : add sai
2023-09-27 07:30:49,823 [INFO] IPUIPlugin:80 - create IPUIPlugin
2023-09-27 07:30:49,823 [INFO] PluginManager:220 - loadIPPluginJar : add spi
2023-09-27 07:30:49,911 [INFO] IPUIPlugin:80 - create IPUIPlugin
2023-09-27 07:30:49,911 [INFO] PluginManager:220 - loadIPPluginJar : add stm32_wpan
2023-09-27 07:30:49,942 [INFO] IPUIPlugin:80 - create IPUIPlugin
2023-09-27 07:30:49,942 [INFO] PluginManager:220 - loadIPPluginJar : add tim
2023-09-27 07:30:50,018 [INFO] IPUIPlugin:80 - create IPUIPlugin
2023-09-27 07:30:50,018 [INFO] PluginManager:220 - loadIPPluginJar : add touchsensing
2023-09-27 07:30:50,063 [INFO] IPUIPlugin:80 - create IPUIPlugin
2023-09-27 07:30:50,063 [INFO] PluginManager:220 - loadIPPluginJar : add tracer_emb
2023-09-27 07:30:50,093 [INFO] IPUIPlugin:80 - create IPUIPlugin
2023-09-27 07:30:50,093 [INFO] PluginManager:220 - loadIPPluginJar : add ts
2023-09-27 07:30:50,124 [INFO] IPUIPlugin:80 - create IPUIPlugin
2023-09-27 07:30:50,125 [INFO] PluginManager:220 - loadIPPluginJar : add tsc
2023-09-27 07:30:50,128 [INFO] ThirdPartyUpdaterWithRetryManager:70 - Updater plugin not ready yet. [2/15]
2023-09-27 07:30:50,153 [INFO] IPUIPlugin:80 - create IPUIPlugin
2023-09-27 07:30:50,153 [INFO] PluginManager:220 - loadIPPluginJar : add ucpd
2023-09-27 07:30:50,213 [INFO] IPUIPlugin:80 - create IPUIPlugin
2023-09-27 07:30:50,213 [INFO] PluginManager:220 - loadIPPluginJar : add usart
2023-09-27 07:30:50,272 [INFO] IPUIPlugin:80 - create IPUIPlugin
2023-09-27 07:30:50,272 [INFO] PluginManager:220 - loadIPPluginJar : add usbx
2023-09-27 07:30:50,457 [INFO] CADModel:165 - CPN selected for project level
2023-09-27 07:30:50,458 [INFO] CADModel:114 - Register for checkConnection events
2023-09-27 07:30:50,458 [FATAL] Updater:308 - Updater called before beeing initialized
2023-09-27 07:30:50,458 [ERROR] CADModel:125 - Updater not yet initialized, retry later 
2023-09-27 07:30:50,739 [INFO] CADModel:165 - CPN selected for project level
2023-09-27 07:30:50,739 [INFO] CADModel:114 - Register for checkConnection events
2023-09-27 07:30:50,739 [FATAL] Updater:308 - Updater called before beeing initialized
2023-09-27 07:30:50,740 [ERROR] CADModel:125 - Updater not yet initialized, retry later 
2023-09-27 07:30:50,744 [FATAL] Updater:308 - Updater called before beeing initialized
2023-09-27 07:30:50,936 [FATAL] Updater:308 - Updater called before beeing initialized
2023-09-27 07:30:50,957 [INFO] DbMcusAds:53 - JSON generation date=Tue Mar 07 15:50:55 ICT 2023 (1678179055114)
2023-09-27 07:30:50,957 [FATAL] Updater:308 - Updater called before beeing initialized
2023-09-27 07:30:51,152 [WARN] DetailPanel:346 - Failed to get advertising image, set to default
2023-09-27 07:30:51,309 [FATAL] Updater:308 - Updater called before beeing initialized
2023-09-27 07:30:51,314 [FATAL] Updater:308 - Updater called before beeing initialized
2023-09-27 07:30:51,314 [FATAL] Updater:308 - Updater called before beeing initialized
2023-09-27 07:30:51,314 [WARN] DetailPanel:346 - Failed to get advertising image, set to default
2023-09-27 07:30:51,316 [FATAL] Updater:308 - Updater called before beeing initialized
2023-09-27 07:30:51,464 [ERROR] Updater:1120 - MainUpdater not yet initialized. External WinMGr cannot be set.
2023-09-27 07:30:51,481 [INFO] Updater:1056 - Updater Version found : 6.9.1
2023-09-27 07:30:51,503 [INFO] ApplicationProperties:184 - Using Application install path: C:\ST\STM32CubeIDE_1.12.0\STM32CubeIDE\plugins\com.st.stm32cube.common.mx_6.9.1.202307191849
2023-09-27 07:30:52,416 [INFO] MainUpdater:2868 - connection check result : 10
2023-09-27 07:30:52,417 [INFO] MainUpdater:3562 - Updater definition file requires update
2023-09-27 07:30:52,418 [INFO] MainUpdater:285 - Updater Check For Update Now.
2023-09-27 07:30:52,419 [INFO] MicroXplorer:498 - Change Database Version : DB.6.0.91
2023-09-27 07:30:52,437 [INFO] McuFinderGlobals:63 - Set McuFinder mode to 2 (CubeIDE integrated)
2023-09-27 07:30:52,437 [INFO] UserAuth:179 - activating auth plugin
2023-09-27 07:30:52,441 [INFO] UserAuth:393 - Internet connection configuration mode: 1
2023-09-27 07:30:52,468 [INFO] JxBrowserEngine:151 - Initiate JxBrowser Engine with user profile folder
2023-09-27 07:30:52,551 [INFO] ServerAccessManage:473 - Download File updaters.zip
2023-09-27 07:30:52,694 [INFO] FileExtend:240 - Unzip File : updaters.zip
2023-09-27 07:30:52,694 [INFO] FileExtend:255 - Standard Zip Deflate
2023-09-27 07:30:53,131 [WARN] MainUpdater:1189 - Updater busy. Cannot search thirdparties
2023-09-27 07:30:53,131 [INFO] ThirdPartyUpdaterWithRetryManager:96 - Updater plugin is busy. [1/15]
2023-09-27 07:30:53,536 [INFO] ServerAccessManage:473 - Download File PacksControlFlags.xml
2023-09-27 07:30:53,712 [INFO] ServerAccessManage:473 - Download File cubemx.pidx
2023-09-27 07:30:53,940 [INFO] LoadServerUpdatesThread:373 - End of LoadServerUpdate Thread
2023-09-27 07:30:54,208 [INFO] CheckServerUpdateThread:120 - End of CheckServer Thread
2023-09-27 07:30:56,543 [WARN] PackLoader:240 - Cannot read IP mode file for STMicroelectronics.X-CUBE-SMBUS.2.1.0
2023-09-27 07:30:56,671 [WARN] PackLoader:240 - Cannot read IP mode file for STMicroelectronics.X-CUBE-AZRTOS-F7.1.1.0
2023-09-27 07:30:56,812 [WARN] PackLoader:240 - Cannot read IP mode file for STMicroelectronics.FP-SNS-MOTENV1.4.3.2
2023-09-27 07:30:56,893 [WARN] PackLoader:240 - Cannot read IP mode file for STMicroelectronics.FP-SNS-FLIGHT1.5.0.2
2023-09-27 07:30:56,969 [WARN] PackLoader:240 - Cannot read IP mode file for STMicroelectronics.X-CUBE-DISPLAY.3.0.0
2023-09-27 07:30:57,015 [WARN] PackLoader:240 - Cannot read IP mode file for STMicroelectronics.X-CUBE-BLE1.7.0.0
2023-09-27 07:30:57,041 [WARN] PackLoader:240 - Cannot read IP mode file for emotas.I-CUBE-CANOPEN.1.3.0
2023-09-27 07:30:57,056 [INFO] WebApp:157 - Instantiating new browser for Auth
2023-09-27 07:30:57,080 [WARN] PackLoader:240 - Cannot read IP mode file for STMicroelectronics.X-CUBE-TOUCHGFX.4.22.0
2023-09-27 07:30:57,116 [WARN] PackLoader:240 - Cannot read IP mode file for STMicroelectronics.FP-SNS-SMARTAG2.1.2.0
2023-09-27 07:30:57,198 [INFO] LogOutputStream:77 - [STDOUT_REDIRECT] 1 : Invalid condition id : UX_CORESTACK_Condition cause : null
2023-09-27 07:30:57,199 [INFO] LogOutputStream:77 - [STDOUT_REDIRECT] 1 : Invalid condition id : UX_CORESTACK_Condition cause : null
2023-09-27 07:30:57,203 [INFO] LogOutputStream:77 - [STDOUT_REDIRECT] 1 : Invalid condition id : UX_CORESTACK_Condition cause : null
2023-09-27 07:30:57,205 [INFO] LogOutputStream:77 - [STDOUT_REDIRECT] 1 : Invalid condition id : UX_CORESTACK_Condition cause : null
2023-09-27 07:30:57,208 [INFO] LogOutputStream:77 - [STDOUT_REDIRECT] 1 : Invalid condition id : UX_CORESTACK_Condition cause : null
2023-09-27 07:30:57,222 [WARN] PackLoader:240 - Cannot read IP mode file for STMicroelectronics.X-CUBE-AZRTOS-WL.2.0.0
2023-09-27 07:30:57,259 [WARN] PackLoader:240 - Cannot read IP mode file for WES.I-CUBE-Cesium.1.3.0
2023-09-27 07:30:57,286 [WARN] PackLoader:240 - Cannot read IP mode file for STMicroelectronics.X-CUBE-BLE2.3.3.0
2023-09-27 07:30:57,317 [WARN] PackLoader:240 - Cannot read IP mode file for STMicroelectronics.X-CUBE-ALGOBUILD.1.3.0
2023-09-27 07:30:57,378 [WARN] PackLoader:240 - Cannot read IP mode file for STMicroelectronics.X-CUBE-AZRTOS-G0.1.1.0
2023-09-27 07:30:57,421 [WARN] PackLoader:240 - Cannot read IP mode file for STMicroelectronics.X-CUBE-NFC4.3.0.0
2023-09-27 07:30:57,456 [WARN] PackLoader:240 - Cannot read IP mode file for STMicroelectronics.FP-ATR-SIGFOX1.3.2.0
2023-09-27 07:30:57,549 [WARN] PackLoader:240 - Cannot read IP mode file for SEGGER.I-CUBE-embOS.1.3.1
2023-09-27 07:30:57,660 [WARN] PackLoader:240 - Cannot read IP mode file for STMicroelectronics.X-CUBE-GNSS1.6.0.0
2023-09-27 07:30:57,725 [WARN] PackLoader:240 - Cannot read IP mode file for STMicroelectronics.X-CUBE-AZRTOS-F4.1.1.0
2023-09-27 07:30:57,758 [WARN] PackLoader:240 - Cannot read IP mode file for wolfSSL.I-CUBE-wolfSSL.5.6.3
2023-09-27 07:30:57,817 [WARN] PackLoader:240 - Cannot read IP mode file for STMicroelectronics.X-CUBE-AZRTOS-L5.2.0.0
2023-09-27 07:30:57,944 [WARN] PackLoader:240 - Cannot read IP mode file for STMicroelectronics.X-CUBE-MEMS1.9.6.0
2023-09-27 07:30:58,313 [WARN] PackLoader:240 - Cannot read IP mode file for STMicroelectronics.X-CUBE-BLEMGR.2.0.0
2023-09-27 07:30:58,379 [WARN] ConditionMgr:438 - getConditionDescription Invalid condition id : UX DEVICE CLASS RTOS Condition cause : null
2023-09-27 07:30:58,380 [WARN] ConditionMgr:438 - getConditionDescription Invalid condition id : UX DEVICE CLASS RTOS Condition cause : null
2023-09-27 07:30:58,388 [WARN] PackLoader:240 - Cannot read IP mode file for STMicroelectronics.X-CUBE-AZRTOS-H7.3.1.0
2023-09-27 07:30:58,390 [WARN] ConditionMgr:1039 - genDependencies : Invalid condition id : UX DEVICE CLASS RTOS Condition cause : null
2023-09-27 07:30:58,390 [WARN] ConditionMgr:1039 - genDependencies : Invalid condition id : UX DEVICE CLASS RTOS Condition cause : null
2023-09-27 07:30:58,392 [WARN] ConditionMgr:1039 - genDependencies : Invalid condition id : UX DEVICE CLASS RTOS Condition cause : null
2023-09-27 07:30:58,393 [WARN] ConditionMgr:1039 - genDependencies : Invalid condition id : UX DEVICE CLASS RTOS Condition cause : null
2023-09-27 07:30:58,394 [WARN] ConditionMgr:1039 - genDependencies : Invalid condition id : UX DEVICE CLASS RTOS Condition cause : null
2023-09-27 07:30:58,422 [WARN] PackLoader:240 - Cannot read IP mode file for STMicroelectronics.X-CUBE-NFC7.1.0.1
2023-09-27 07:30:58,461 [WARN] PackLoader:240 - Cannot read IP mode file for STMicroelectronics.X-CUBE-NFC6.3.0.0
2023-09-27 07:30:58,492 [WARN] PackLoader:240 - Cannot read IP mode file for STMicroelectronics.X-CUBE-EEPRMA1.4.1.0
2023-09-27 07:30:58,519 [WARN] PackLoader:240 - Cannot read IP mode file for STMicroelectronics.X-CUBE-AI.8.1.0
2023-09-27 07:30:58,535 [INFO] WebApp:753 - Register for checkConnection events
2023-09-27 07:30:58,536 [INFO] WebApp:390 - Apply proxy settings
2023-09-27 07:30:58,536 [INFO] WebApp:475 - Chromium requires no authentication
2023-09-27 07:30:58,558 [INFO] WebApp:418 - Direct internet connection detected
2023-09-27 07:30:58,582 [WARN] ConditionMgr:438 - getConditionDescription Invalid condition id : LAN8742 Phy interface Condition cause : null
2023-09-27 07:30:58,584 [WARN] PackLoader:240 - Cannot read IP mode file for STMicroelectronics.X-CUBE-AZRTOS-L4.2.0.0
2023-09-27 07:30:58,587 [WARN] ConditionMgr:1039 - genDependencies : Invalid condition id : LAN8742 Phy interface Condition cause : null
2023-09-27 07:30:58,587 [WARN] ConditionMgr:1039 - genDependencies : Invalid condition id : LAN8742 Phy interface Condition cause : null
2023-09-27 07:30:58,589 [WARN] ConditionMgr:1039 - genDependencies : Invalid condition id : LAN8742 Phy interface Condition cause : null
2023-09-27 07:30:58,623 [WARN] PackLoader:240 - Cannot read IP mode file for STMicroelectronics.X-CUBE-SFXS2LP1.4.0.0
2023-09-27 07:30:58,648 [WARN] PackLoader:240 - Cannot read IP mode file for STMicroelectronics.X-CUBE-ISPU.1.1.0
2023-09-27 07:30:58,694 [WARN] ConditionMgr:438 - getConditionDescription Invalid condition id : UX DEVICE CLASS RTOS Condition cause : null
2023-09-27 07:30:58,694 [WARN] ConditionMgr:438 - getConditionDescription Invalid condition id : UX DEVICE CLASS RTOS Condition cause : null
2023-09-27 07:30:58,698 [WARN] PackLoader:240 - Cannot read IP mode file for STMicroelectronics.X-CUBE-AZRTOS-WB.2.0.0
2023-09-27 07:30:58,700 [WARN] ConditionMgr:1039 - genDependencies : Invalid condition id : UX DEVICE CLASS RTOS Condition cause : null
2023-09-27 07:30:58,700 [WARN] ConditionMgr:1039 - genDependencies : Invalid condition id : UX DEVICE CLASS RTOS Condition cause : null
2023-09-27 07:30:58,702 [WARN] ConditionMgr:1039 - genDependencies : Invalid condition id : UX DEVICE CLASS RTOS Condition cause : null
2023-09-27 07:30:58,703 [WARN] ConditionMgr:1039 - genDependencies : Invalid condition id : UX DEVICE CLASS RTOS Condition cause : null
2023-09-27 07:30:58,703 [WARN] ConditionMgr:1039 - genDependencies : Invalid condition id : UX DEVICE CLASS RTOS Condition cause : null
2023-09-27 07:30:58,741 [WARN] PackLoader:240 - Cannot read IP mode file for STMicroelectronics.X-CUBE-SUBG2.5.0.0
2023-09-27 07:30:58,788 [WARN] PackLoader:240 - Cannot read IP mode file for STMicroelectronics.X-CUBE-TOF1.3.3.1
2023-09-27 07:30:58,861 [WARN] PackLoader:240 - Cannot read IP mode file for STMicroelectronics.X-CUBE-AZRTOS-G4.2.0.0
2023-09-27 07:30:58,896 [WARN] PackLoader:240 - Cannot read IP mode file for STMicroelectronics.X-CUBE-FREERTOS.1.1.0
2023-09-27 07:30:58,928 [WARN] PackLoader:240 - Cannot read IP mode file for portGmbH.I-Cube-SoM-uGOAL.1.1.0
2023-09-27 07:30:58,956 [WARN] PackLoader:240 - Cannot read IP mode file for STMicroelectronics.X-CUBE-ALS.1.0.1
2023-09-27 07:30:58,974 [WARN] PackLoader:240 - Cannot read IP mode file for STMicroelectronics.FP-ATR-ASTRA1.2.0.0
2023-09-27 07:30:58,975 [INFO] ThirdParty:978 - Integrity check success = true
2023-09-27 07:30:58,975 [INFO] IntegrityCheckThread:100 - exiting critical section [integrity check]
2023-09-27 07:30:58,976 [INFO] IntegrityCheckThread:103 - End integrity checks thread
2023-09-27 07:30:59,070 [INFO] WebApp:188 - Starting web application
2023-09-27 07:30:59,071 [INFO] WebApp:520 - Web application path used C:\ST\STM32CubeIDE_1.12.0\STM32CubeIDE\plugins\com.st.stm32cube.common.mx_6.9.1.202307191849\db\plugins\mcufinder\reactClient1\index.html
2023-09-27 07:31:20,645 [ERROR] LogOutputStream:75 - [STDERR_REDIRECT] SLF4J: Failed to load class "org.slf4j.impl.StaticLoggerBinder".
2023-09-27 07:31:20,646 [ERROR] LogOutputStream:75 - [STDERR_REDIRECT] SLF4J: Defaulting to no-operation (NOP) logger implementation
2023-09-27 07:31:20,649 [ERROR] LogOutputStream:75 - [STDERR_REDIRECT] SLF4J: See http://www.slf4j.org/codes.html#StaticLoggerBinder for further details.
2023-09-27 11:05:35,775 [INFO] WebApp:330 - JxBrowser engine has been closed 
