2023-09-24 08:01:14,746 [INFO] Activator:176 - 


2023-09-24 08:01:14,754 [INFO] Activator:177 - !SESSION log4j initialized
2023-09-24 08:01:23,000 [INFO] LogOutputStream:77 - [STDOUT_REDIRECT] 
2023-09-24 08:01:26,128 [INFO] ApplicationProperties:184 - Using Application install path: C:\ST\STM32CubeIDE_1.12.0\STM32CubeIDE\plugins\com.st.stm32cube.common.mx_6.9.1.202307191849
2023-09-24 08:01:26,145 [INFO] DbMcusXml:78 - Set database path to: C:\ST\STM32CubeIDE_1.12.0\STM32CubeIDE\plugins\com.st.stm32cube.common.mx_6.9.1.202307191849\\db\/mcu/
2023-09-24 08:01:26,145 [INFO] ApiDb:274 - Set plugin database path to: C:\ST\STM32CubeIDE_1.12.0\STM32CubeIDE\plugins\com.st.stm32cube.common.mx_6.9.1.202307191849\\db\/plugins/boardmanager/
2023-09-24 08:01:26,145 [WARN] ApiDb:259 - Overriding images path with different value:  => C:\ST\STM32CubeIDE_1.12.0\STM32CubeIDE\plugins\com.st.stm32cube.common.mx_6.9.1.202307191849\\db\/plugins/mcufinder/images/
2023-09-24 08:01:26,183 [INFO] ApiDb:250 - Set database path to: C:\Users\win 10\.stmcufinder\plugins\mcufinder//mcu/
2023-09-24 08:01:26,184 [INFO] DbMcusAds:125 - Set database path to: C:\Users\win 10\.stmcufinder\plugins\mcufinder//mcu/
2023-09-24 08:01:26,741 [INFO] CrossReferenceDbSqlite:203 - Set database path to: C:\Users\win 10\.stmcufinder\plugins\mcufinder//mcu/cs/
2023-09-24 08:01:26,913 [INFO] RulesReader:64 - Compatibility file has been processed (293 Rules)
2023-09-24 08:01:27,043 [INFO] DbMcusXml:78 - Set database path to: C:\ST\STM32CubeIDE_1.12.0\STM32CubeIDE\plugins\com.st.stm32cube.common.mx_6.9.1.202307191849\\db\/mcu/
2023-09-24 08:01:27,043 [INFO] ApiDb:274 - Set plugin database path to: C:\ST\STM32CubeIDE_1.12.0\STM32CubeIDE\plugins\com.st.stm32cube.common.mx_6.9.1.202307191849\\db\/plugins/boardmanager/
2023-09-24 08:01:27,043 [INFO] ApiDb:261 - Set plugin images path to: C:\ST\STM32CubeIDE_1.12.0\STM32CubeIDE\plugins\com.st.stm32cube.common.mx_6.9.1.202307191849\\db\/plugins/mcufinder/images/
2023-09-24 08:01:27,043 [WARN] DbFile:41 - Overriding database path with different value: C:\Users\win 10\.stmcufinder\plugins\mcufinder/ => C:\Users\win 10\.stmcufinder\plugins\mcufinder
2023-09-24 08:01:27,043 [INFO] ApiDb:250 - Set database path to: C:\Users\win 10\.stmcufinder\plugins\mcufinder//mcu/
2023-09-24 08:01:27,043 [WARN] DbFile:41 - Overriding database path with different value: C:\Users\win 10\.stmcufinder\plugins\mcufinder/ => C:\Users\win 10\.stmcufinder\plugins\mcufinder
2023-09-24 08:01:27,043 [INFO] DbMcusAds:125 - Set database path to: C:\Users\win 10\.stmcufinder\plugins\mcufinder//mcu/
2023-09-24 08:01:27,043 [WARN] DbFile:41 - Overriding database path with different value: C:\Users\win 10\.stmcufinder\plugins\mcufinder/ => C:\Users\win 10\.stmcufinder\plugins\mcufinder
2023-09-24 08:01:27,043 [WARN] DbFile:41 - Overriding database path with different value: C:\Users\win 10\.stmcufinder\plugins\mcufinder/ => C:\Users\win 10\.stmcufinder\plugins\mcufinder
2023-09-24 08:01:27,744 [INFO] CrossReferenceDbSqlite:203 - Set database path to: C:\Users\win 10\.stmcufinder\plugins\mcufinder//mcu/cs/
2023-09-24 08:01:27,859 [INFO] MainPanel:262 - HeapMemory: 268435456
2023-09-24 08:01:28,015 [INFO] DbMcusXml:78 - Set database path to: C:\ST\STM32CubeIDE_1.12.0\STM32CubeIDE\plugins\com.st.stm32cube.common.mx_6.9.1.202307191849\\db\/mcu/
2023-09-24 08:01:28,016 [INFO] ApiDb:274 - Set plugin database path to: C:\ST\STM32CubeIDE_1.12.0\STM32CubeIDE\plugins\com.st.stm32cube.common.mx_6.9.1.202307191849\\db\/plugins/boardmanager/
2023-09-24 08:01:28,016 [INFO] ApiDb:261 - Set plugin images path to: C:\ST\STM32CubeIDE_1.12.0\STM32CubeIDE\plugins\com.st.stm32cube.common.mx_6.9.1.202307191849\\db\/plugins/mcufinder/images/
2023-09-24 08:01:28,017 [WARN] DbFile:41 - Overriding database path with different value: C:\Users\win 10\.stmcufinder\plugins\mcufinder/ => C:\Users\win 10\.stmcufinder\plugins\mcufinder
2023-09-24 08:01:28,017 [INFO] ApiDb:250 - Set database path to: C:\Users\win 10\.stmcufinder\plugins\mcufinder//mcu/
2023-09-24 08:01:28,017 [WARN] DbFile:41 - Overriding database path with different value: C:\Users\win 10\.stmcufinder\plugins\mcufinder/ => C:\Users\win 10\.stmcufinder\plugins\mcufinder
2023-09-24 08:01:28,017 [INFO] DbMcusAds:125 - Set database path to: C:\Users\win 10\.stmcufinder\plugins\mcufinder//mcu/
2023-09-24 08:01:28,018 [WARN] DbFile:41 - Overriding database path with different value: C:\Users\win 10\.stmcufinder\plugins\mcufinder/ => C:\Users\win 10\.stmcufinder\plugins\mcufinder
2023-09-24 08:01:28,018 [WARN] DbFile:41 - Overriding database path with different value: C:\Users\win 10\.stmcufinder\plugins\mcufinder/ => C:\Users\win 10\.stmcufinder\plugins\mcufinder
2023-09-24 08:01:28,748 [INFO] CrossReferenceDbSqlite:203 - Set database path to: C:\Users\win 10\.stmcufinder\plugins\mcufinder//mcu/cs/
2023-09-24 08:01:28,783 [INFO] ApplicationProperties:184 - Using Application install path: C:\ST\STM32CubeIDE_1.12.0\STM32CubeIDE\plugins\com.st.stm32cube.common.mx_6.9.1.202307191849
2023-09-24 08:01:28,783 [INFO] PluginManage:196 - Search for loadable plugins [exclusion list=, ]
2023-09-24 08:01:28,793 [INFO] PluginManage:310 - Check plugin analytics
2023-09-24 08:01:29,866 [INFO] AnalyticsPlugin:253 - Accepted Software Licenses: STM32CubeMX.6.5.0,STM32CubeMX.6.9.1
2023-09-24 08:01:29,866 [INFO] AnalyticsPlugin:255 - Accepted CMSIS Pack Licenses: 
2023-09-24 08:01:29,866 [INFO] AnalyticsPlugin:257 - Accepted Firmware Licenses: 
2023-09-24 08:01:29,884 [INFO] PluginManage:359 - Loaded plugin analytics (category:tool,tabindex:-1)
2023-09-24 08:01:29,887 [INFO] PluginManage:310 - Check plugin cadmodel
2023-09-24 08:01:29,990 [INFO] CADModel:105 - Init CAD model plugin
2023-09-24 08:01:29,990 [INFO] PluginManage:359 - Loaded plugin cadmodel (category:power,tabindex:5)
2023-09-24 08:01:29,990 [INFO] PluginManage:310 - Check plugin clock
2023-09-24 08:01:30,037 [INFO] PluginManage:359 - Loaded plugin clock (category:base,tabindex:2)
2023-09-24 08:01:30,037 [INFO] PluginManage:310 - Check plugin ddr
2023-09-24 08:01:30,037 [INFO] PluginManage:359 - Loaded plugin ddr (category:tool,tabindex:6)
2023-09-24 08:01:30,037 [INFO] PluginManage:310 - Check plugin filemanager
2023-09-24 08:01:30,223 [INFO] PluginManage:359 - Loaded plugin filemanager (category:base,tabindex:10)
2023-09-24 08:01:30,223 [INFO] PluginManage:310 - Check plugin ipmanager
2023-09-24 08:01:30,239 [INFO] PluginManage:359 - Loaded plugin ipmanager (category:base,tabindex:5)
2023-09-24 08:01:30,239 [INFO] PluginManage:310 - Check plugin lpbam
2023-09-24 08:01:30,254 [INFO] PluginManage:359 - Loaded plugin lpbam (category:base,tabindex:0)
2023-09-24 08:01:30,254 [INFO] PluginManage:310 - Check plugin memorymap
2023-09-24 08:01:30,285 [INFO] PluginManage:359 - Loaded plugin memorymap (category:base,tabindex:4)
2023-09-24 08:01:30,285 [INFO] PluginManage:310 - Check plugin pinoutandconfiguration
2023-09-24 08:01:30,301 [INFO] PluginManage:359 - Loaded plugin pinoutandconfiguration (category:base,tabindex:1)
2023-09-24 08:01:30,301 [INFO] PluginManage:310 - Check plugin pinoutconfig
2023-09-24 08:01:30,441 [WARN] SupportedApi:132 - Cannot load RTOS API schema: s4s-elt-must-match.1: The content of 'definitions' must match (annotation?, (simpleType | complexType)?, (unique | key | keyref)*)). A problem was found starting at: attribute.
2023-09-24 08:01:30,644 [INFO] PluginManage:359 - Loaded plugin pinoutconfig (category:base,tabindex:0)
2023-09-24 08:01:30,644 [INFO] PluginManage:310 - Check plugin power
2023-09-24 08:01:30,660 [INFO] PluginManage:359 - Loaded plugin power (category:power,tabindex:4)
2023-09-24 08:01:30,660 [INFO] PluginManage:310 - Check plugin projectmanager
2023-09-24 08:01:30,691 [INFO] PluginManage:359 - Loaded plugin projectmanager (category:projectmanager,tabindex:3)
2023-09-24 08:01:30,691 [INFO] PluginManage:310 - Check plugin thirdparty
2023-09-24 08:01:31,034 [INFO] PluginManage:359 - Loaded plugin thirdparty (category:base,tabindex:-1)
2023-09-24 08:01:31,034 [WARN] IntegrityCheckThread:84 - waiting for thirdparty lock release [integrity check]
2023-09-24 08:01:31,034 [INFO] PluginManage:310 - Check plugin tools
2023-09-24 08:01:31,034 [INFO] IntegrityCheckThread:86 - entering critical section [integrity check]
2023-09-24 08:01:31,034 [INFO] ThirdPartyUpdaterWithRetryManager:70 - Updater plugin not ready yet. [1/15]
2023-09-24 08:01:31,081 [INFO] PluginManage:359 - Loaded plugin tools (category:base,tabindex:7)
2023-09-24 08:01:31,096 [INFO] PluginManage:310 - Check plugin tutovideos
2023-09-24 08:01:31,354 [INFO] PluginManage:359 - Loaded plugin tutovideos (category:base,tabindex:-1)
2023-09-24 08:01:31,354 [INFO] PluginManage:310 - Check plugin updater
2023-09-24 08:01:31,369 [INFO] PluginManage:359 - Loaded plugin updater (category:base,tabindex:12)
2023-09-24 08:01:31,369 [INFO] PluginManage:310 - Check plugin userauth
2023-09-24 08:01:31,369 [INFO] UserAuth:113 - Init User Auth plugin
2023-09-24 08:01:31,369 [INFO] PluginManage:359 - Loaded plugin userauth (category:base,tabindex:14)
2023-09-24 08:01:31,369 [INFO] PluginManage:283 - PluginManage : Loaded plugins [17]
2023-09-24 08:01:31,710 [INFO] PinOutPanel:1499 - setPackage(No Configuration,No Configuration)
2023-09-24 08:01:31,866 [INFO] CADModel:165 - CPN selected for project level
2023-09-24 08:01:31,866 [INFO] CADModel:114 - Register for checkConnection events
2023-09-24 08:01:31,897 [INFO] IPUIPlugin:80 - create IPUIPlugin
2023-09-24 08:01:31,913 [INFO] PluginManager:220 - loadIPPluginJar : add adc
2023-09-24 08:01:31,944 [INFO] IPUIPlugin:80 - create IPUIPlugin
2023-09-24 08:01:31,944 [INFO] PluginManager:220 - loadIPPluginJar : add aes
2023-09-24 08:01:32,001 [INFO] IPUIPlugin:80 - create IPUIPlugin
2023-09-24 08:01:32,001 [INFO] PluginManager:220 - loadIPPluginJar : add can
2023-09-24 08:01:32,012 [INFO] IPUIPlugin:80 - create IPUIPlugin
2023-09-24 08:01:32,012 [INFO] PluginManager:220 - loadIPPluginJar : add comp
2023-09-24 08:01:32,059 [INFO] IPUIPlugin:80 - create IPUIPlugin
2023-09-24 08:01:32,059 [INFO] PluginManager:220 - loadIPPluginJar : add cryp
2023-09-24 08:01:32,090 [INFO] IPUIPlugin:80 - create IPUIPlugin
2023-09-24 08:01:32,090 [INFO] PluginManager:220 - loadIPPluginJar : add dfsdm
2023-09-24 08:01:32,106 [INFO] IPUIPlugin:80 - create IPUIPlugin
2023-09-24 08:01:32,106 [INFO] PluginManager:220 - loadIPPluginJar : add dma
2023-09-24 08:01:32,153 [INFO] IPUIPlugin:80 - create IPUIPlugin
2023-09-24 08:01:32,153 [INFO] PluginManager:220 - loadIPPluginJar : add dma3
2023-09-24 08:01:32,168 [INFO] IPUIPlugin:80 - create IPUIPlugin
2023-09-24 08:01:32,168 [INFO] PluginManager:220 - loadIPPluginJar : add fatfs
2023-09-24 08:01:32,231 [INFO] IPUIPlugin:80 - create IPUIPlugin
2023-09-24 08:01:32,231 [INFO] PluginManager:220 - loadIPPluginJar : add fmc
2023-09-24 08:01:32,246 [INFO] IPUIPlugin:80 - create IPUIPlugin
2023-09-24 08:01:32,246 [INFO] PluginManager:220 - loadIPPluginJar : add freertos
2023-09-24 08:01:32,262 [INFO] IPUIPlugin:80 - create IPUIPlugin
2023-09-24 08:01:32,262 [INFO] PluginManager:220 - loadIPPluginJar : add genericplugin
2023-09-24 08:01:32,371 [INFO] IPUIPlugin:80 - create IPUIPlugin
2023-09-24 08:01:32,371 [INFO] PluginManager:220 - loadIPPluginJar : add gfxmmu
2023-09-24 08:01:32,542 [INFO] IPUIPlugin:80 - create IPUIPlugin
2023-09-24 08:01:32,542 [INFO] PluginManager:220 - loadIPPluginJar : add gic
2023-09-24 08:01:32,573 [INFO] IPUIPlugin:80 - create IPUIPlugin
2023-09-24 08:01:32,573 [INFO] PluginManager:220 - loadIPPluginJar : add gpio
2023-09-24 08:01:32,667 [INFO] IPUIPlugin:80 - create IPUIPlugin
2023-09-24 08:01:32,667 [INFO] PluginManager:220 - loadIPPluginJar : add gtzc
2023-09-24 08:01:32,708 [INFO] IPUIPlugin:80 - create IPUIPlugin
2023-09-24 08:01:32,708 [INFO] PluginManager:220 - loadIPPluginJar : add hash
2023-09-24 08:01:32,757 [INFO] IPUIPlugin:80 - create IPUIPlugin
2023-09-24 08:01:32,757 [INFO] PluginManager:220 - loadIPPluginJar : add i2c
2023-09-24 08:01:32,804 [INFO] IPUIPlugin:80 - create IPUIPlugin
2023-09-24 08:01:32,804 [INFO] PluginManager:220 - loadIPPluginJar : add i2s
2023-09-24 08:01:32,851 [INFO] IPUIPlugin:80 - create IPUIPlugin
2023-09-24 08:01:32,851 [INFO] PluginManager:220 - loadIPPluginJar : add i3c
2023-09-24 08:01:32,974 [INFO] IPUIPlugin:80 - create IPUIPlugin
2023-09-24 08:01:32,974 [INFO] PluginManager:220 - loadIPPluginJar : add ipddr
2023-09-24 08:01:33,075 [INFO] IPUIPlugin:80 - create IPUIPlugin
2023-09-24 08:01:33,075 [INFO] PluginManager:220 - loadIPPluginJar : add linkedlist
2023-09-24 08:01:33,107 [INFO] IPUIPlugin:80 - create IPUIPlugin
2023-09-24 08:01:33,107 [INFO] PluginManager:220 - loadIPPluginJar : add lorawan
2023-09-24 08:01:33,138 [INFO] IPUIPlugin:80 - create IPUIPlugin
2023-09-24 08:01:33,138 [INFO] PluginManager:220 - loadIPPluginJar : add ltdc
2023-09-24 08:01:33,154 [INFO] IPUIPlugin:80 - create IPUIPlugin
2023-09-24 08:01:33,154 [INFO] PluginManager:220 - loadIPPluginJar : add mdma
2023-09-24 08:01:33,169 [INFO] IPUIPlugin:80 - create IPUIPlugin
2023-09-24 08:01:33,169 [INFO] PluginManager:220 - loadIPPluginJar : add nvic
2023-09-24 08:01:33,216 [INFO] IPUIPlugin:80 - create IPUIPlugin
2023-09-24 08:01:33,216 [INFO] PluginManager:220 - loadIPPluginJar : add opamp
2023-09-24 08:01:33,279 [INFO] IPUIPlugin:80 - create IPUIPlugin
2023-09-24 08:01:33,279 [INFO] PluginManager:220 - loadIPPluginJar : add openamp
2023-09-24 08:01:33,357 [INFO] IPUIPlugin:80 - create IPUIPlugin
2023-09-24 08:01:33,357 [INFO] PluginManager:220 - loadIPPluginJar : add pdm2pcm
2023-09-24 08:01:33,372 [INFO] IPUIPlugin:80 - create IPUIPlugin
2023-09-24 08:01:33,372 [INFO] PluginManager:220 - loadIPPluginJar : add plateformsettings
2023-09-24 08:01:33,404 [INFO] IPUIPlugin:80 - create IPUIPlugin
2023-09-24 08:01:33,404 [INFO] PluginManager:220 - loadIPPluginJar : add quadspi
2023-09-24 08:01:33,419 [INFO] IPUIPlugin:80 - create IPUIPlugin
2023-09-24 08:01:33,419 [INFO] PluginManager:220 - loadIPPluginJar : add resmgrutility
2023-09-24 08:01:33,482 [INFO] IPUIPlugin:80 - create IPUIPlugin
2023-09-24 08:01:33,482 [INFO] PluginManager:220 - loadIPPluginJar : add sai
2023-09-24 08:01:33,529 [INFO] IPUIPlugin:80 - create IPUIPlugin
2023-09-24 08:01:33,529 [INFO] PluginManager:220 - loadIPPluginJar : add spi
2023-09-24 08:01:33,593 [INFO] IPUIPlugin:80 - create IPUIPlugin
2023-09-24 08:01:33,593 [INFO] PluginManager:220 - loadIPPluginJar : add stm32_wpan
2023-09-24 08:01:33,609 [INFO] IPUIPlugin:80 - create IPUIPlugin
2023-09-24 08:01:33,609 [INFO] PluginManager:220 - loadIPPluginJar : add tim
2023-09-24 08:01:33,671 [INFO] IPUIPlugin:80 - create IPUIPlugin
2023-09-24 08:01:33,671 [INFO] PluginManager:220 - loadIPPluginJar : add touchsensing
2023-09-24 08:01:33,703 [INFO] IPUIPlugin:80 - create IPUIPlugin
2023-09-24 08:01:33,703 [INFO] PluginManager:220 - loadIPPluginJar : add tracer_emb
2023-09-24 08:01:33,718 [INFO] IPUIPlugin:80 - create IPUIPlugin
2023-09-24 08:01:33,718 [INFO] PluginManager:220 - loadIPPluginJar : add ts
2023-09-24 08:01:33,750 [INFO] IPUIPlugin:80 - create IPUIPlugin
2023-09-24 08:01:33,750 [INFO] PluginManager:220 - loadIPPluginJar : add tsc
2023-09-24 08:01:33,765 [INFO] IPUIPlugin:80 - create IPUIPlugin
2023-09-24 08:01:33,765 [INFO] PluginManager:220 - loadIPPluginJar : add ucpd
2023-09-24 08:01:33,812 [INFO] IPUIPlugin:80 - create IPUIPlugin
2023-09-24 08:01:33,812 [INFO] PluginManager:220 - loadIPPluginJar : add usart
2023-09-24 08:01:33,859 [INFO] IPUIPlugin:80 - create IPUIPlugin
2023-09-24 08:01:33,859 [INFO] PluginManager:220 - loadIPPluginJar : add usbx
2023-09-24 08:01:34,031 [INFO] CADModel:165 - CPN selected for project level
2023-09-24 08:01:34,031 [INFO] CADModel:114 - Register for checkConnection events
2023-09-24 08:01:34,031 [FATAL] Updater:308 - Updater called before beeing initialized
2023-09-24 08:01:34,031 [ERROR] CADModel:125 - Updater not yet initialized, retry later 
2023-09-24 08:01:34,046 [INFO] ThirdPartyUpdaterWithRetryManager:70 - Updater plugin not ready yet. [2/15]
2023-09-24 08:01:34,236 [INFO] CADModel:165 - CPN selected for project level
2023-09-24 08:01:34,236 [INFO] CADModel:114 - Register for checkConnection events
2023-09-24 08:01:34,236 [FATAL] Updater:308 - Updater called before beeing initialized
2023-09-24 08:01:34,236 [ERROR] CADModel:125 - Updater not yet initialized, retry later 
2023-09-24 08:01:34,236 [FATAL] Updater:308 - Updater called before beeing initialized
2023-09-24 08:01:34,423 [FATAL] Updater:308 - Updater called before beeing initialized
2023-09-24 08:01:34,439 [INFO] DbMcusAds:53 - JSON generation date=Tue Mar 07 15:50:55 ICT 2023 (1678179055114)
2023-09-24 08:01:34,439 [FATAL] Updater:308 - Updater called before beeing initialized
2023-09-24 08:01:34,548 [WARN] DetailPanel:346 - Failed to get advertising image, set to default
2023-09-24 08:01:34,675 [FATAL] Updater:308 - Updater called before beeing initialized
2023-09-24 08:01:34,691 [FATAL] Updater:308 - Updater called before beeing initialized
2023-09-24 08:01:34,691 [FATAL] Updater:308 - Updater called before beeing initialized
2023-09-24 08:01:34,691 [WARN] DetailPanel:346 - Failed to get advertising image, set to default
2023-09-24 08:01:34,691 [FATAL] Updater:308 - Updater called before beeing initialized
2023-09-24 08:01:34,785 [ERROR] Updater:1120 - MainUpdater not yet initialized. External WinMGr cannot be set.
2023-09-24 08:01:34,800 [INFO] Updater:1056 - Updater Version found : 6.9.1
2023-09-24 08:01:34,831 [INFO] ApplicationProperties:184 - Using Application install path: C:\ST\STM32CubeIDE_1.12.0\STM32CubeIDE\plugins\com.st.stm32cube.common.mx_6.9.1.202307191849
2023-09-24 08:01:35,394 [INFO] MainUpdater:2868 - connection check result : 10
2023-09-24 08:01:35,410 [INFO] MainUpdater:285 - Updater Check For Update Now.
2023-09-24 08:01:35,410 [INFO] MicroXplorer:498 - Change Database Version : DB.6.0.91
2023-09-24 08:01:35,426 [INFO] McuFinderGlobals:63 - Set McuFinder mode to 2 (CubeIDE integrated)
2023-09-24 08:01:35,426 [INFO] UserAuth:179 - activating auth plugin
2023-09-24 08:01:35,426 [INFO] UserAuth:393 - Internet connection configuration mode: 1
2023-09-24 08:01:35,472 [INFO] JxBrowserEngine:151 - Initiate JxBrowser Engine with user profile folder
2023-09-24 08:01:35,694 [INFO] CheckServerUpdateThread:120 - End of CheckServer Thread
2023-09-24 08:01:37,324 [WARN] PackLoader:240 - Cannot read IP mode file for STMicroelectronics.X-CUBE-SMBUS.2.1.0
2023-09-24 08:01:37,402 [WARN] PackLoader:240 - Cannot read IP mode file for STMicroelectronics.X-CUBE-AZRTOS-F7.1.1.0
2023-09-24 08:01:37,434 [WARN] PackLoader:240 - Cannot read IP mode file for STMicroelectronics.FP-SNS-MOTENV1.4.3.2
2023-09-24 08:01:37,449 [WARN] PackLoader:240 - Cannot read IP mode file for STMicroelectronics.FP-SNS-FLIGHT1.5.0.2
2023-09-24 08:01:37,481 [WARN] PackLoader:240 - Cannot read IP mode file for STMicroelectronics.X-CUBE-DISPLAY.3.0.0
2023-09-24 08:01:37,512 [WARN] PackLoader:240 - Cannot read IP mode file for STMicroelectronics.X-CUBE-BLE1.7.0.0
2023-09-24 08:01:37,543 [WARN] PackLoader:240 - Cannot read IP mode file for emotas.I-CUBE-CANOPEN.1.3.0
2023-09-24 08:01:37,559 [WARN] PackLoader:240 - Cannot read IP mode file for STMicroelectronics.X-CUBE-TOUCHGFX.4.22.0
2023-09-24 08:01:37,574 [WARN] PackLoader:240 - Cannot read IP mode file for STMicroelectronics.FP-SNS-SMARTAG2.1.2.0
2023-09-24 08:01:37,621 [INFO] LogOutputStream:77 - [STDOUT_REDIRECT] 1 : Invalid condition id : UX_CORESTACK_Condition cause : null
2023-09-24 08:01:37,621 [INFO] LogOutputStream:77 - [STDOUT_REDIRECT] 1 : Invalid condition id : UX_CORESTACK_Condition cause : null
2023-09-24 08:01:37,621 [INFO] LogOutputStream:77 - [STDOUT_REDIRECT] 1 : Invalid condition id : UX_CORESTACK_Condition cause : null
2023-09-24 08:01:37,621 [INFO] LogOutputStream:77 - [STDOUT_REDIRECT] 1 : Invalid condition id : UX_CORESTACK_Condition cause : null
2023-09-24 08:01:37,621 [INFO] LogOutputStream:77 - [STDOUT_REDIRECT] 1 : Invalid condition id : UX_CORESTACK_Condition cause : null
2023-09-24 08:01:37,637 [WARN] PackLoader:240 - Cannot read IP mode file for STMicroelectronics.X-CUBE-AZRTOS-WL.2.0.0
2023-09-24 08:01:37,668 [WARN] PackLoader:240 - Cannot read IP mode file for WES.I-CUBE-Cesium.1.3.0
2023-09-24 08:01:37,684 [WARN] PackLoader:240 - Cannot read IP mode file for STMicroelectronics.X-CUBE-BLE2.3.3.0
2023-09-24 08:01:37,699 [WARN] PackLoader:240 - Cannot read IP mode file for STMicroelectronics.X-CUBE-ALGOBUILD.1.3.0
2023-09-24 08:01:37,762 [WARN] PackLoader:240 - Cannot read IP mode file for STMicroelectronics.X-CUBE-AZRTOS-G0.1.1.0
2023-09-24 08:01:37,795 [WARN] PackLoader:240 - Cannot read IP mode file for STMicroelectronics.X-CUBE-NFC4.3.0.0
2023-09-24 08:01:37,822 [WARN] PackLoader:240 - Cannot read IP mode file for STMicroelectronics.FP-ATR-SIGFOX1.3.2.0
2023-09-24 08:01:37,889 [WARN] PackLoader:240 - Cannot read IP mode file for SEGGER.I-CUBE-embOS.1.3.1
2023-09-24 08:01:37,999 [WARN] PackLoader:240 - Cannot read IP mode file for STMicroelectronics.X-CUBE-GNSS1.6.0.0
2023-09-24 08:01:38,046 [WARN] PackLoader:240 - Cannot read IP mode file for STMicroelectronics.X-CUBE-AZRTOS-F4.1.1.0
2023-09-24 08:01:38,077 [WARN] PackLoader:240 - Cannot read IP mode file for wolfSSL.I-CUBE-wolfSSL.5.6.3
2023-09-24 08:01:38,179 [WARN] PackLoader:240 - Cannot read IP mode file for STMicroelectronics.X-CUBE-AZRTOS-L5.2.0.0
2023-09-24 08:01:38,273 [WARN] PackLoader:240 - Cannot read IP mode file for STMicroelectronics.X-CUBE-MEMS1.9.6.0
2023-09-24 08:01:38,755 [WARN] PackLoader:240 - Cannot read IP mode file for STMicroelectronics.X-CUBE-BLEMGR.2.0.0
2023-09-24 08:01:38,817 [WARN] ConditionMgr:438 - getConditionDescription Invalid condition id : UX DEVICE CLASS RTOS Condition cause : null
2023-09-24 08:01:38,817 [WARN] ConditionMgr:438 - getConditionDescription Invalid condition id : UX DEVICE CLASS RTOS Condition cause : null
2023-09-24 08:01:38,817 [WARN] PackLoader:240 - Cannot read IP mode file for STMicroelectronics.X-CUBE-AZRTOS-H7.3.1.0
2023-09-24 08:01:38,817 [WARN] ConditionMgr:1039 - genDependencies : Invalid condition id : UX DEVICE CLASS RTOS Condition cause : null
2023-09-24 08:01:38,833 [WARN] ConditionMgr:1039 - genDependencies : Invalid condition id : UX DEVICE CLASS RTOS Condition cause : null
2023-09-24 08:01:38,833 [WARN] ConditionMgr:1039 - genDependencies : Invalid condition id : UX DEVICE CLASS RTOS Condition cause : null
2023-09-24 08:01:38,833 [WARN] ConditionMgr:1039 - genDependencies : Invalid condition id : UX DEVICE CLASS RTOS Condition cause : null
2023-09-24 08:01:38,833 [WARN] ConditionMgr:1039 - genDependencies : Invalid condition id : UX DEVICE CLASS RTOS Condition cause : null
2023-09-24 08:01:38,848 [WARN] PackLoader:240 - Cannot read IP mode file for STMicroelectronics.X-CUBE-NFC7.1.0.1
2023-09-24 08:01:38,886 [WARN] PackLoader:240 - Cannot read IP mode file for STMicroelectronics.X-CUBE-NFC6.3.0.0
2023-09-24 08:01:38,909 [WARN] PackLoader:240 - Cannot read IP mode file for STMicroelectronics.X-CUBE-EEPRMA1.4.1.0
2023-09-24 08:01:38,925 [WARN] PackLoader:240 - Cannot read IP mode file for STMicroelectronics.X-CUBE-AI.8.1.0
2023-09-24 08:01:38,987 [WARN] ConditionMgr:438 - getConditionDescription Invalid condition id : LAN8742 Phy interface Condition cause : null
2023-09-24 08:01:38,987 [WARN] PackLoader:240 - Cannot read IP mode file for STMicroelectronics.X-CUBE-AZRTOS-L4.2.0.0
2023-09-24 08:01:38,987 [WARN] ConditionMgr:1039 - genDependencies : Invalid condition id : LAN8742 Phy interface Condition cause : null
2023-09-24 08:01:38,987 [WARN] ConditionMgr:1039 - genDependencies : Invalid condition id : LAN8742 Phy interface Condition cause : null
2023-09-24 08:01:38,987 [WARN] ConditionMgr:1039 - genDependencies : Invalid condition id : LAN8742 Phy interface Condition cause : null
2023-09-24 08:01:39,019 [WARN] PackLoader:240 - Cannot read IP mode file for STMicroelectronics.X-CUBE-SFXS2LP1.4.0.0
2023-09-24 08:01:39,034 [WARN] PackLoader:240 - Cannot read IP mode file for STMicroelectronics.X-CUBE-ISPU.1.1.0
2023-09-24 08:01:39,081 [INFO] WebApp:157 - Instantiating new browser for Auth
2023-09-24 08:01:39,081 [WARN] ConditionMgr:438 - getConditionDescription Invalid condition id : UX DEVICE CLASS RTOS Condition cause : null
2023-09-24 08:01:39,081 [WARN] ConditionMgr:438 - getConditionDescription Invalid condition id : UX DEVICE CLASS RTOS Condition cause : null
2023-09-24 08:01:39,097 [WARN] PackLoader:240 - Cannot read IP mode file for STMicroelectronics.X-CUBE-AZRTOS-WB.2.0.0
2023-09-24 08:01:39,097 [WARN] ConditionMgr:1039 - genDependencies : Invalid condition id : UX DEVICE CLASS RTOS Condition cause : null
2023-09-24 08:01:39,097 [WARN] ConditionMgr:1039 - genDependencies : Invalid condition id : UX DEVICE CLASS RTOS Condition cause : null
2023-09-24 08:01:39,097 [WARN] ConditionMgr:1039 - genDependencies : Invalid condition id : UX DEVICE CLASS RTOS Condition cause : null
2023-09-24 08:01:39,097 [WARN] ConditionMgr:1039 - genDependencies : Invalid condition id : UX DEVICE CLASS RTOS Condition cause : null
2023-09-24 08:01:39,097 [WARN] ConditionMgr:1039 - genDependencies : Invalid condition id : UX DEVICE CLASS RTOS Condition cause : null
2023-09-24 08:01:39,175 [WARN] PackLoader:240 - Cannot read IP mode file for STMicroelectronics.X-CUBE-SUBG2.5.0.0
2023-09-24 08:01:39,206 [WARN] PackLoader:240 - Cannot read IP mode file for STMicroelectronics.X-CUBE-TOF1.3.3.1
2023-09-24 08:01:39,298 [WARN] PackLoader:240 - Cannot read IP mode file for STMicroelectronics.X-CUBE-AZRTOS-G4.2.0.0
2023-09-24 08:01:39,328 [WARN] PackLoader:240 - Cannot read IP mode file for STMicroelectronics.X-CUBE-FREERTOS.1.1.0
2023-09-24 08:01:39,355 [WARN] PackLoader:240 - Cannot read IP mode file for portGmbH.I-Cube-SoM-uGOAL.1.1.0
2023-09-24 08:01:39,379 [WARN] PackLoader:240 - Cannot read IP mode file for STMicroelectronics.X-CUBE-ALS.1.0.1
2023-09-24 08:01:39,399 [WARN] PackLoader:240 - Cannot read IP mode file for STMicroelectronics.FP-ATR-ASTRA1.2.0.0
2023-09-24 08:01:39,400 [INFO] ThirdParty:978 - Integrity check success = true
2023-09-24 08:01:39,401 [INFO] IntegrityCheckThread:100 - exiting critical section [integrity check]
2023-09-24 08:01:39,401 [INFO] IntegrityCheckThread:103 - End integrity checks thread
2023-09-24 08:01:40,123 [INFO] WebApp:753 - Register for checkConnection events
2023-09-24 08:01:40,124 [INFO] WebApp:390 - Apply proxy settings
2023-09-24 08:01:40,124 [INFO] WebApp:475 - Chromium requires no authentication
2023-09-24 08:01:40,137 [INFO] WebApp:418 - Direct internet connection detected
2023-09-24 08:01:40,426 [INFO] WebApp:188 - Starting web application
2023-09-24 08:01:40,426 [INFO] WebApp:520 - Web application path used C:\ST\STM32CubeIDE_1.12.0\STM32CubeIDE\plugins\com.st.stm32cube.common.mx_6.9.1.202307191849\db\plugins\mcufinder\reactClient1\index.html
2023-09-24 08:02:01,775 [ERROR] LogOutputStream:75 - [STDERR_REDIRECT] SLF4J: Failed to load class "org.slf4j.impl.StaticLoggerBinder".
2023-09-24 08:02:01,775 [ERROR] LogOutputStream:75 - [STDERR_REDIRECT] SLF4J: Defaulting to no-operation (NOP) logger implementation
2023-09-24 08:02:01,775 [ERROR] LogOutputStream:75 - [STDERR_REDIRECT] SLF4J: See http://www.slf4j.org/codes.html#StaticLoggerBinder for further details.
2023-09-24 18:32:12,706 [ERROR] LogOutputStream:75 - [STDERR_REDIRECT] 
2023-09-24 21:47:00,736 [INFO] Activator:176 - 


2023-09-24 21:47:00,738 [INFO] Activator:177 - !SESSION log4j initialized
2023-09-24 21:47:09,232 [INFO] LogOutputStream:77 - [STDOUT_REDIRECT] 
2023-09-24 21:47:12,432 [INFO] ApplicationProperties:184 - Using Application install path: C:\ST\STM32CubeIDE_1.12.0\STM32CubeIDE\plugins\com.st.stm32cube.common.mx_6.9.1.202307191849
2023-09-24 21:47:12,464 [INFO] DbMcusXml:78 - Set database path to: C:\ST\STM32CubeIDE_1.12.0\STM32CubeIDE\plugins\com.st.stm32cube.common.mx_6.9.1.202307191849\\db\/mcu/
2023-09-24 21:47:12,464 [INFO] ApiDb:274 - Set plugin database path to: C:\ST\STM32CubeIDE_1.12.0\STM32CubeIDE\plugins\com.st.stm32cube.common.mx_6.9.1.202307191849\\db\/plugins/boardmanager/
2023-09-24 21:47:12,464 [WARN] ApiDb:259 - Overriding images path with different value:  => C:\ST\STM32CubeIDE_1.12.0\STM32CubeIDE\plugins\com.st.stm32cube.common.mx_6.9.1.202307191849\\db\/plugins/mcufinder/images/
2023-09-24 21:47:12,486 [INFO] ApiDb:250 - Set database path to: C:\Users\win 10\.stmcufinder\plugins\mcufinder//mcu/
2023-09-24 21:47:12,486 [INFO] DbMcusAds:125 - Set database path to: C:\Users\win 10\.stmcufinder\plugins\mcufinder//mcu/
2023-09-24 21:47:13,337 [INFO] CrossReferenceDbSqlite:203 - Set database path to: C:\Users\win 10\.stmcufinder\plugins\mcufinder//mcu/cs/
2023-09-24 21:47:13,528 [INFO] RulesReader:64 - Compatibility file has been processed (293 Rules)
2023-09-24 21:47:13,656 [INFO] DbMcusXml:78 - Set database path to: C:\ST\STM32CubeIDE_1.12.0\STM32CubeIDE\plugins\com.st.stm32cube.common.mx_6.9.1.202307191849\\db\/mcu/
2023-09-24 21:47:13,656 [INFO] ApiDb:274 - Set plugin database path to: C:\ST\STM32CubeIDE_1.12.0\STM32CubeIDE\plugins\com.st.stm32cube.common.mx_6.9.1.202307191849\\db\/plugins/boardmanager/
2023-09-24 21:47:13,656 [INFO] ApiDb:261 - Set plugin images path to: C:\ST\STM32CubeIDE_1.12.0\STM32CubeIDE\plugins\com.st.stm32cube.common.mx_6.9.1.202307191849\\db\/plugins/mcufinder/images/
2023-09-24 21:47:13,657 [WARN] DbFile:41 - Overriding database path with different value: C:\Users\win 10\.stmcufinder\plugins\mcufinder/ => C:\Users\win 10\.stmcufinder\plugins\mcufinder
2023-09-24 21:47:13,657 [INFO] ApiDb:250 - Set database path to: C:\Users\win 10\.stmcufinder\plugins\mcufinder//mcu/
2023-09-24 21:47:13,657 [WARN] DbFile:41 - Overriding database path with different value: C:\Users\win 10\.stmcufinder\plugins\mcufinder/ => C:\Users\win 10\.stmcufinder\plugins\mcufinder
2023-09-24 21:47:13,657 [INFO] DbMcusAds:125 - Set database path to: C:\Users\win 10\.stmcufinder\plugins\mcufinder//mcu/
2023-09-24 21:47:13,657 [WARN] DbFile:41 - Overriding database path with different value: C:\Users\win 10\.stmcufinder\plugins\mcufinder/ => C:\Users\win 10\.stmcufinder\plugins\mcufinder
2023-09-24 21:47:13,657 [WARN] DbFile:41 - Overriding database path with different value: C:\Users\win 10\.stmcufinder\plugins\mcufinder/ => C:\Users\win 10\.stmcufinder\plugins\mcufinder
2023-09-24 21:47:14,337 [INFO] CrossReferenceDbSqlite:203 - Set database path to: C:\Users\win 10\.stmcufinder\plugins\mcufinder//mcu/cs/
2023-09-24 21:47:14,553 [INFO] MainPanel:262 - HeapMemory: 268435456
2023-09-24 21:47:14,752 [INFO] DbMcusXml:78 - Set database path to: C:\ST\STM32CubeIDE_1.12.0\STM32CubeIDE\plugins\com.st.stm32cube.common.mx_6.9.1.202307191849\\db\/mcu/
2023-09-24 21:47:14,752 [INFO] ApiDb:274 - Set plugin database path to: C:\ST\STM32CubeIDE_1.12.0\STM32CubeIDE\plugins\com.st.stm32cube.common.mx_6.9.1.202307191849\\db\/plugins/boardmanager/
2023-09-24 21:47:14,753 [INFO] ApiDb:261 - Set plugin images path to: C:\ST\STM32CubeIDE_1.12.0\STM32CubeIDE\plugins\com.st.stm32cube.common.mx_6.9.1.202307191849\\db\/plugins/mcufinder/images/
2023-09-24 21:47:14,753 [WARN] DbFile:41 - Overriding database path with different value: C:\Users\win 10\.stmcufinder\plugins\mcufinder/ => C:\Users\win 10\.stmcufinder\plugins\mcufinder
2023-09-24 21:47:14,754 [INFO] ApiDb:250 - Set database path to: C:\Users\win 10\.stmcufinder\plugins\mcufinder//mcu/
2023-09-24 21:47:14,754 [WARN] DbFile:41 - Overriding database path with different value: C:\Users\win 10\.stmcufinder\plugins\mcufinder/ => C:\Users\win 10\.stmcufinder\plugins\mcufinder
2023-09-24 21:47:14,754 [INFO] DbMcusAds:125 - Set database path to: C:\Users\win 10\.stmcufinder\plugins\mcufinder//mcu/
2023-09-24 21:47:14,754 [WARN] DbFile:41 - Overriding database path with different value: C:\Users\win 10\.stmcufinder\plugins\mcufinder/ => C:\Users\win 10\.stmcufinder\plugins\mcufinder
2023-09-24 21:47:14,754 [WARN] DbFile:41 - Overriding database path with different value: C:\Users\win 10\.stmcufinder\plugins\mcufinder/ => C:\Users\win 10\.stmcufinder\plugins\mcufinder
2023-09-24 21:47:15,338 [INFO] CrossReferenceDbSqlite:203 - Set database path to: C:\Users\win 10\.stmcufinder\plugins\mcufinder//mcu/cs/
2023-09-24 21:47:15,365 [INFO] ApplicationProperties:184 - Using Application install path: C:\ST\STM32CubeIDE_1.12.0\STM32CubeIDE\plugins\com.st.stm32cube.common.mx_6.9.1.202307191849
2023-09-24 21:47:15,366 [INFO] PluginManage:196 - Search for loadable plugins [exclusion list=, ]
2023-09-24 21:47:15,369 [INFO] PluginManage:310 - Check plugin analytics
2023-09-24 21:47:16,551 [INFO] AnalyticsPlugin:253 - Accepted Software Licenses: STM32CubeMX.6.5.0,STM32CubeMX.6.9.1
2023-09-24 21:47:16,552 [INFO] AnalyticsPlugin:255 - Accepted CMSIS Pack Licenses: 
2023-09-24 21:47:16,554 [INFO] AnalyticsPlugin:257 - Accepted Firmware Licenses: 
2023-09-24 21:47:16,562 [INFO] PluginManage:359 - Loaded plugin analytics (category:tool,tabindex:-1)
2023-09-24 21:47:16,563 [INFO] PluginManage:310 - Check plugin cadmodel
2023-09-24 21:47:16,593 [INFO] CADModel:105 - Init CAD model plugin
2023-09-24 21:47:16,594 [INFO] PluginManage:359 - Loaded plugin cadmodel (category:power,tabindex:5)
2023-09-24 21:47:16,594 [INFO] PluginManage:310 - Check plugin clock
2023-09-24 21:47:16,630 [INFO] PluginManage:359 - Loaded plugin clock (category:base,tabindex:2)
2023-09-24 21:47:16,630 [INFO] PluginManage:310 - Check plugin ddr
2023-09-24 21:47:16,637 [INFO] PluginManage:359 - Loaded plugin ddr (category:tool,tabindex:6)
2023-09-24 21:47:16,637 [INFO] PluginManage:310 - Check plugin filemanager
2023-09-24 21:47:16,932 [INFO] PluginManage:359 - Loaded plugin filemanager (category:base,tabindex:10)
2023-09-24 21:47:16,933 [INFO] PluginManage:310 - Check plugin ipmanager
2023-09-24 21:47:16,959 [INFO] PluginManage:359 - Loaded plugin ipmanager (category:base,tabindex:5)
2023-09-24 21:47:16,960 [INFO] PluginManage:310 - Check plugin lpbam
2023-09-24 21:47:16,998 [INFO] PluginManage:359 - Loaded plugin lpbam (category:base,tabindex:0)
2023-09-24 21:47:16,999 [INFO] PluginManage:310 - Check plugin memorymap
2023-09-24 21:47:17,044 [INFO] PluginManage:359 - Loaded plugin memorymap (category:base,tabindex:4)
2023-09-24 21:47:17,045 [INFO] PluginManage:310 - Check plugin pinoutandconfiguration
2023-09-24 21:47:17,077 [INFO] PluginManage:359 - Loaded plugin pinoutandconfiguration (category:base,tabindex:1)
2023-09-24 21:47:17,078 [INFO] PluginManage:310 - Check plugin pinoutconfig
2023-09-24 21:47:17,531 [WARN] SupportedApi:132 - Cannot load RTOS API schema: s4s-elt-must-match.1: The content of 'definitions' must match (annotation?, (simpleType | complexType)?, (unique | key | keyref)*)). A problem was found starting at: attribute.
2023-09-24 21:47:17,758 [INFO] PluginManage:359 - Loaded plugin pinoutconfig (category:base,tabindex:0)
2023-09-24 21:47:17,758 [INFO] PluginManage:310 - Check plugin power
2023-09-24 21:47:17,790 [INFO] PluginManage:359 - Loaded plugin power (category:power,tabindex:4)
2023-09-24 21:47:17,790 [INFO] PluginManage:310 - Check plugin projectmanager
2023-09-24 21:47:17,826 [INFO] PluginManage:359 - Loaded plugin projectmanager (category:projectmanager,tabindex:3)
2023-09-24 21:47:17,826 [INFO] PluginManage:310 - Check plugin thirdparty
2023-09-24 21:47:18,348 [INFO] PluginManage:359 - Loaded plugin thirdparty (category:base,tabindex:-1)
2023-09-24 21:47:18,348 [WARN] IntegrityCheckThread:84 - waiting for thirdparty lock release [integrity check]
2023-09-24 21:47:18,348 [INFO] PluginManage:310 - Check plugin tools
2023-09-24 21:47:18,349 [INFO] IntegrityCheckThread:86 - entering critical section [integrity check]
2023-09-24 21:47:18,350 [INFO] ThirdPartyUpdaterWithRetryManager:70 - Updater plugin not ready yet. [1/15]
2023-09-24 21:47:18,408 [INFO] PluginManage:359 - Loaded plugin tools (category:base,tabindex:7)
2023-09-24 21:47:18,409 [INFO] PluginManage:310 - Check plugin tutovideos
2023-09-24 21:47:18,727 [INFO] PluginManage:359 - Loaded plugin tutovideos (category:base,tabindex:-1)
2023-09-24 21:47:18,728 [INFO] PluginManage:310 - Check plugin updater
2023-09-24 21:47:18,746 [INFO] PluginManage:359 - Loaded plugin updater (category:base,tabindex:12)
2023-09-24 21:47:18,746 [INFO] PluginManage:310 - Check plugin userauth
2023-09-24 21:47:18,755 [INFO] UserAuth:113 - Init User Auth plugin
2023-09-24 21:47:18,755 [INFO] PluginManage:359 - Loaded plugin userauth (category:base,tabindex:14)
2023-09-24 21:47:18,757 [INFO] PluginManage:283 - PluginManage : Loaded plugins [17]
2023-09-24 21:47:19,183 [INFO] PinOutPanel:1499 - setPackage(No Configuration,No Configuration)
2023-09-24 21:47:19,476 [INFO] CADModel:165 - CPN selected for project level
2023-09-24 21:47:19,477 [INFO] CADModel:114 - Register for checkConnection events
2023-09-24 21:47:19,529 [INFO] IPUIPlugin:80 - create IPUIPlugin
2023-09-24 21:47:19,530 [INFO] PluginManager:220 - loadIPPluginJar : add adc
2023-09-24 21:47:19,612 [INFO] IPUIPlugin:80 - create IPUIPlugin
2023-09-24 21:47:19,613 [INFO] PluginManager:220 - loadIPPluginJar : add aes
2023-09-24 21:47:19,681 [INFO] IPUIPlugin:80 - create IPUIPlugin
2023-09-24 21:47:19,681 [INFO] PluginManager:220 - loadIPPluginJar : add can
2023-09-24 21:47:19,713 [INFO] IPUIPlugin:80 - create IPUIPlugin
2023-09-24 21:47:19,713 [INFO] PluginManager:220 - loadIPPluginJar : add comp
2023-09-24 21:47:19,760 [INFO] IPUIPlugin:80 - create IPUIPlugin
2023-09-24 21:47:19,761 [INFO] PluginManager:220 - loadIPPluginJar : add cryp
2023-09-24 21:47:19,805 [INFO] IPUIPlugin:80 - create IPUIPlugin
2023-09-24 21:47:19,806 [INFO] PluginManager:220 - loadIPPluginJar : add dfsdm
2023-09-24 21:47:19,825 [INFO] IPUIPlugin:80 - create IPUIPlugin
2023-09-24 21:47:19,825 [INFO] PluginManager:220 - loadIPPluginJar : add dma
2023-09-24 21:47:19,890 [INFO] IPUIPlugin:80 - create IPUIPlugin
2023-09-24 21:47:19,891 [INFO] PluginManager:220 - loadIPPluginJar : add dma3
2023-09-24 21:47:19,921 [INFO] IPUIPlugin:80 - create IPUIPlugin
2023-09-24 21:47:19,922 [INFO] PluginManager:220 - loadIPPluginJar : add fatfs
2023-09-24 21:47:19,987 [INFO] IPUIPlugin:80 - create IPUIPlugin
2023-09-24 21:47:19,988 [INFO] PluginManager:220 - loadIPPluginJar : add fmc
2023-09-24 21:47:20,015 [INFO] IPUIPlugin:80 - create IPUIPlugin
2023-09-24 21:47:20,015 [INFO] PluginManager:220 - loadIPPluginJar : add freertos
2023-09-24 21:47:20,044 [INFO] IPUIPlugin:80 - create IPUIPlugin
2023-09-24 21:47:20,044 [INFO] PluginManager:220 - loadIPPluginJar : add genericplugin
2023-09-24 21:47:20,177 [INFO] IPUIPlugin:80 - create IPUIPlugin
2023-09-24 21:47:20,177 [INFO] PluginManager:220 - loadIPPluginJar : add gfxmmu
2023-09-24 21:47:20,373 [INFO] IPUIPlugin:80 - create IPUIPlugin
2023-09-24 21:47:20,373 [INFO] PluginManager:220 - loadIPPluginJar : add gic
2023-09-24 21:47:20,390 [INFO] IPUIPlugin:80 - create IPUIPlugin
2023-09-24 21:47:20,390 [INFO] PluginManager:220 - loadIPPluginJar : add gpio
2023-09-24 21:47:20,510 [INFO] IPUIPlugin:80 - create IPUIPlugin
2023-09-24 21:47:20,510 [INFO] PluginManager:220 - loadIPPluginJar : add gtzc
2023-09-24 21:47:20,552 [INFO] IPUIPlugin:80 - create IPUIPlugin
2023-09-24 21:47:20,553 [INFO] PluginManager:220 - loadIPPluginJar : add hash
2023-09-24 21:47:20,624 [INFO] IPUIPlugin:80 - create IPUIPlugin
2023-09-24 21:47:20,624 [INFO] PluginManager:220 - loadIPPluginJar : add i2c
2023-09-24 21:47:20,680 [INFO] IPUIPlugin:80 - create IPUIPlugin
2023-09-24 21:47:20,680 [INFO] PluginManager:220 - loadIPPluginJar : add i2s
2023-09-24 21:47:20,735 [INFO] IPUIPlugin:80 - create IPUIPlugin
2023-09-24 21:47:20,735 [INFO] PluginManager:220 - loadIPPluginJar : add i3c
2023-09-24 21:47:20,880 [INFO] IPUIPlugin:80 - create IPUIPlugin
2023-09-24 21:47:20,880 [INFO] PluginManager:220 - loadIPPluginJar : add ipddr
2023-09-24 21:47:21,006 [INFO] IPUIPlugin:80 - create IPUIPlugin
2023-09-24 21:47:21,006 [INFO] PluginManager:220 - loadIPPluginJar : add linkedlist
2023-09-24 21:47:21,060 [INFO] IPUIPlugin:80 - create IPUIPlugin
2023-09-24 21:47:21,060 [INFO] PluginManager:220 - loadIPPluginJar : add lorawan
2023-09-24 21:47:21,115 [INFO] IPUIPlugin:80 - create IPUIPlugin
2023-09-24 21:47:21,115 [INFO] PluginManager:220 - loadIPPluginJar : add ltdc
2023-09-24 21:47:21,136 [INFO] IPUIPlugin:80 - create IPUIPlugin
2023-09-24 21:47:21,137 [INFO] PluginManager:220 - loadIPPluginJar : add mdma
2023-09-24 21:47:21,152 [INFO] IPUIPlugin:80 - create IPUIPlugin
2023-09-24 21:47:21,152 [INFO] PluginManager:220 - loadIPPluginJar : add nvic
2023-09-24 21:47:21,200 [INFO] IPUIPlugin:80 - create IPUIPlugin
2023-09-24 21:47:21,200 [INFO] PluginManager:220 - loadIPPluginJar : add opamp
2023-09-24 21:47:21,290 [INFO] IPUIPlugin:80 - create IPUIPlugin
2023-09-24 21:47:21,290 [INFO] PluginManager:220 - loadIPPluginJar : add openamp
2023-09-24 21:47:21,348 [INFO] IPUIPlugin:80 - create IPUIPlugin
2023-09-24 21:47:21,348 [INFO] PluginManager:220 - loadIPPluginJar : add pdm2pcm
2023-09-24 21:47:21,364 [INFO] ThirdPartyUpdaterWithRetryManager:70 - Updater plugin not ready yet. [2/15]
2023-09-24 21:47:21,369 [INFO] IPUIPlugin:80 - create IPUIPlugin
2023-09-24 21:47:21,375 [INFO] PluginManager:220 - loadIPPluginJar : add plateformsettings
2023-09-24 21:47:21,406 [INFO] IPUIPlugin:80 - create IPUIPlugin
2023-09-24 21:47:21,406 [INFO] PluginManager:220 - loadIPPluginJar : add quadspi
2023-09-24 21:47:21,423 [INFO] IPUIPlugin:80 - create IPUIPlugin
2023-09-24 21:47:21,423 [INFO] PluginManager:220 - loadIPPluginJar : add resmgrutility
2023-09-24 21:47:21,491 [INFO] IPUIPlugin:80 - create IPUIPlugin
2023-09-24 21:47:21,491 [INFO] PluginManager:220 - loadIPPluginJar : add sai
2023-09-24 21:47:21,547 [INFO] IPUIPlugin:80 - create IPUIPlugin
2023-09-24 21:47:21,548 [INFO] PluginManager:220 - loadIPPluginJar : add spi
2023-09-24 21:47:21,633 [INFO] IPUIPlugin:80 - create IPUIPlugin
2023-09-24 21:47:21,634 [INFO] PluginManager:220 - loadIPPluginJar : add stm32_wpan
2023-09-24 21:47:21,663 [INFO] IPUIPlugin:80 - create IPUIPlugin
2023-09-24 21:47:21,663 [INFO] PluginManager:220 - loadIPPluginJar : add tim
2023-09-24 21:47:21,752 [INFO] IPUIPlugin:80 - create IPUIPlugin
2023-09-24 21:47:21,752 [INFO] PluginManager:220 - loadIPPluginJar : add touchsensing
2023-09-24 21:47:21,789 [INFO] IPUIPlugin:80 - create IPUIPlugin
2023-09-24 21:47:21,790 [INFO] PluginManager:220 - loadIPPluginJar : add tracer_emb
2023-09-24 21:47:21,827 [INFO] IPUIPlugin:80 - create IPUIPlugin
2023-09-24 21:47:21,827 [INFO] PluginManager:220 - loadIPPluginJar : add ts
2023-09-24 21:47:21,870 [INFO] IPUIPlugin:80 - create IPUIPlugin
2023-09-24 21:47:21,870 [INFO] PluginManager:220 - loadIPPluginJar : add tsc
2023-09-24 21:47:21,911 [INFO] IPUIPlugin:80 - create IPUIPlugin
2023-09-24 21:47:21,912 [INFO] PluginManager:220 - loadIPPluginJar : add ucpd
2023-09-24 21:47:21,986 [INFO] IPUIPlugin:80 - create IPUIPlugin
2023-09-24 21:47:21,986 [INFO] PluginManager:220 - loadIPPluginJar : add usart
2023-09-24 21:47:22,050 [INFO] IPUIPlugin:80 - create IPUIPlugin
2023-09-24 21:47:22,050 [INFO] PluginManager:220 - loadIPPluginJar : add usbx
2023-09-24 21:47:22,224 [INFO] CADModel:165 - CPN selected for project level
2023-09-24 21:47:22,224 [INFO] CADModel:114 - Register for checkConnection events
2023-09-24 21:47:22,225 [FATAL] Updater:308 - Updater called before beeing initialized
2023-09-24 21:47:22,225 [ERROR] CADModel:125 - Updater not yet initialized, retry later 
2023-09-24 21:47:22,475 [INFO] CADModel:165 - CPN selected for project level
2023-09-24 21:47:22,475 [INFO] CADModel:114 - Register for checkConnection events
2023-09-24 21:47:22,475 [FATAL] Updater:308 - Updater called before beeing initialized
2023-09-24 21:47:22,476 [ERROR] CADModel:125 - Updater not yet initialized, retry later 
2023-09-24 21:47:22,481 [FATAL] Updater:308 - Updater called before beeing initialized
2023-09-24 21:47:22,699 [FATAL] Updater:308 - Updater called before beeing initialized
2023-09-24 21:47:22,718 [INFO] DbMcusAds:53 - JSON generation date=Tue Mar 07 15:50:55 ICT 2023 (1678179055114)
2023-09-24 21:47:22,718 [FATAL] Updater:308 - Updater called before beeing initialized
2023-09-24 21:47:22,837 [WARN] DetailPanel:346 - Failed to get advertising image, set to default
2023-09-24 21:47:22,991 [FATAL] Updater:308 - Updater called before beeing initialized
2023-09-24 21:47:22,996 [FATAL] Updater:308 - Updater called before beeing initialized
2023-09-24 21:47:22,996 [FATAL] Updater:308 - Updater called before beeing initialized
2023-09-24 21:47:22,996 [WARN] DetailPanel:346 - Failed to get advertising image, set to default
2023-09-24 21:47:22,998 [FATAL] Updater:308 - Updater called before beeing initialized
2023-09-24 21:47:23,148 [ERROR] Updater:1120 - MainUpdater not yet initialized. External WinMGr cannot be set.
2023-09-24 21:47:23,164 [INFO] Updater:1056 - Updater Version found : 6.9.1
2023-09-24 21:47:23,198 [INFO] ApplicationProperties:184 - Using Application install path: C:\ST\STM32CubeIDE_1.12.0\STM32CubeIDE\plugins\com.st.stm32cube.common.mx_6.9.1.202307191849
2023-09-24 21:47:23,772 [INFO] MainUpdater:2868 - connection check result : 10
2023-09-24 21:47:23,774 [INFO] MainUpdater:285 - Updater Check For Update Now.
2023-09-24 21:47:23,775 [INFO] MicroXplorer:498 - Change Database Version : DB.6.0.91
2023-09-24 21:47:23,815 [INFO] McuFinderGlobals:63 - Set McuFinder mode to 2 (CubeIDE integrated)
2023-09-24 21:47:23,816 [INFO] UserAuth:179 - activating auth plugin
2023-09-24 21:47:23,823 [INFO] UserAuth:393 - Internet connection configuration mode: 1
2023-09-24 21:47:23,898 [INFO] JxBrowserEngine:151 - Initiate JxBrowser Engine with user profile folder
2023-09-24 21:47:24,162 [INFO] CheckServerUpdateThread:120 - End of CheckServer Thread
2023-09-24 21:47:24,733 [WARN] PackLoader:240 - Cannot read IP mode file for STMicroelectronics.X-CUBE-SMBUS.2.1.0
2023-09-24 21:47:24,837 [WARN] PackLoader:240 - Cannot read IP mode file for STMicroelectronics.X-CUBE-AZRTOS-F7.1.1.0
2023-09-24 21:47:24,886 [WARN] PackLoader:240 - Cannot read IP mode file for STMicroelectronics.FP-SNS-MOTENV1.4.3.2
2023-09-24 21:47:24,936 [WARN] PackLoader:240 - Cannot read IP mode file for STMicroelectronics.FP-SNS-FLIGHT1.5.0.2
2023-09-24 21:47:24,984 [WARN] PackLoader:240 - Cannot read IP mode file for STMicroelectronics.X-CUBE-DISPLAY.3.0.0
2023-09-24 21:47:25,033 [WARN] PackLoader:240 - Cannot read IP mode file for STMicroelectronics.X-CUBE-BLE1.7.0.0
2023-09-24 21:47:25,061 [WARN] PackLoader:240 - Cannot read IP mode file for emotas.I-CUBE-CANOPEN.1.3.0
2023-09-24 21:47:25,094 [WARN] PackLoader:240 - Cannot read IP mode file for STMicroelectronics.X-CUBE-TOUCHGFX.4.22.0
2023-09-24 21:47:25,125 [WARN] PackLoader:240 - Cannot read IP mode file for STMicroelectronics.FP-SNS-SMARTAG2.1.2.0
2023-09-24 21:47:25,195 [INFO] LogOutputStream:77 - [STDOUT_REDIRECT] 1 : Invalid condition id : UX_CORESTACK_Condition cause : null
2023-09-24 21:47:25,197 [INFO] LogOutputStream:77 - [STDOUT_REDIRECT] 1 : Invalid condition id : UX_CORESTACK_Condition cause : null
2023-09-24 21:47:25,199 [INFO] LogOutputStream:77 - [STDOUT_REDIRECT] 1 : Invalid condition id : UX_CORESTACK_Condition cause : null
2023-09-24 21:47:25,202 [INFO] LogOutputStream:77 - [STDOUT_REDIRECT] 1 : Invalid condition id : UX_CORESTACK_Condition cause : null
2023-09-24 21:47:25,205 [INFO] LogOutputStream:77 - [STDOUT_REDIRECT] 1 : Invalid condition id : UX_CORESTACK_Condition cause : null
2023-09-24 21:47:25,221 [WARN] PackLoader:240 - Cannot read IP mode file for STMicroelectronics.X-CUBE-AZRTOS-WL.2.0.0
2023-09-24 21:47:25,253 [WARN] PackLoader:240 - Cannot read IP mode file for WES.I-CUBE-Cesium.1.3.0
2023-09-24 21:47:25,280 [WARN] PackLoader:240 - Cannot read IP mode file for STMicroelectronics.X-CUBE-BLE2.3.3.0
2023-09-24 21:47:25,313 [WARN] PackLoader:240 - Cannot read IP mode file for STMicroelectronics.X-CUBE-ALGOBUILD.1.3.0
2023-09-24 21:47:25,401 [WARN] PackLoader:240 - Cannot read IP mode file for STMicroelectronics.X-CUBE-AZRTOS-G0.1.1.0
2023-09-24 21:47:25,444 [WARN] PackLoader:240 - Cannot read IP mode file for STMicroelectronics.X-CUBE-NFC4.3.0.0
2023-09-24 21:47:25,469 [WARN] PackLoader:240 - Cannot read IP mode file for STMicroelectronics.FP-ATR-SIGFOX1.3.2.0
2023-09-24 21:47:25,569 [WARN] PackLoader:240 - Cannot read IP mode file for SEGGER.I-CUBE-embOS.1.3.1
2023-09-24 21:47:25,701 [WARN] PackLoader:240 - Cannot read IP mode file for STMicroelectronics.X-CUBE-GNSS1.6.0.0
2023-09-24 21:47:25,761 [WARN] PackLoader:240 - Cannot read IP mode file for STMicroelectronics.X-CUBE-AZRTOS-F4.1.1.0
2023-09-24 21:47:25,799 [WARN] PackLoader:240 - Cannot read IP mode file for wolfSSL.I-CUBE-wolfSSL.5.6.3
2023-09-24 21:47:25,900 [WARN] PackLoader:240 - Cannot read IP mode file for STMicroelectronics.X-CUBE-AZRTOS-L5.2.0.0
2023-09-24 21:47:26,059 [WARN] PackLoader:240 - Cannot read IP mode file for STMicroelectronics.X-CUBE-MEMS1.9.6.0
2023-09-24 21:47:26,481 [WARN] PackLoader:240 - Cannot read IP mode file for STMicroelectronics.X-CUBE-BLEMGR.2.0.0
2023-09-24 21:47:26,585 [WARN] ConditionMgr:438 - getConditionDescription Invalid condition id : UX DEVICE CLASS RTOS Condition cause : null
2023-09-24 21:47:26,585 [WARN] ConditionMgr:438 - getConditionDescription Invalid condition id : UX DEVICE CLASS RTOS Condition cause : null
2023-09-24 21:47:26,599 [WARN] PackLoader:240 - Cannot read IP mode file for STMicroelectronics.X-CUBE-AZRTOS-H7.3.1.0
2023-09-24 21:47:26,601 [WARN] ConditionMgr:1039 - genDependencies : Invalid condition id : UX DEVICE CLASS RTOS Condition cause : null
2023-09-24 21:47:26,601 [WARN] ConditionMgr:1039 - genDependencies : Invalid condition id : UX DEVICE CLASS RTOS Condition cause : null
2023-09-24 21:47:26,602 [WARN] ConditionMgr:1039 - genDependencies : Invalid condition id : UX DEVICE CLASS RTOS Condition cause : null
2023-09-24 21:47:26,603 [WARN] ConditionMgr:1039 - genDependencies : Invalid condition id : UX DEVICE CLASS RTOS Condition cause : null
2023-09-24 21:47:26,603 [WARN] ConditionMgr:1039 - genDependencies : Invalid condition id : UX DEVICE CLASS RTOS Condition cause : null
2023-09-24 21:47:26,635 [WARN] PackLoader:240 - Cannot read IP mode file for STMicroelectronics.X-CUBE-NFC7.1.0.1
2023-09-24 21:47:26,672 [WARN] PackLoader:240 - Cannot read IP mode file for STMicroelectronics.X-CUBE-NFC6.3.0.0
2023-09-24 21:47:26,703 [WARN] PackLoader:240 - Cannot read IP mode file for STMicroelectronics.X-CUBE-EEPRMA1.4.1.0
2023-09-24 21:47:26,732 [WARN] PackLoader:240 - Cannot read IP mode file for STMicroelectronics.X-CUBE-AI.8.1.0
2023-09-24 21:47:26,817 [WARN] ConditionMgr:438 - getConditionDescription Invalid condition id : LAN8742 Phy interface Condition cause : null
2023-09-24 21:47:26,819 [WARN] PackLoader:240 - Cannot read IP mode file for STMicroelectronics.X-CUBE-AZRTOS-L4.2.0.0
2023-09-24 21:47:26,825 [WARN] ConditionMgr:1039 - genDependencies : Invalid condition id : LAN8742 Phy interface Condition cause : null
2023-09-24 21:47:26,827 [WARN] ConditionMgr:1039 - genDependencies : Invalid condition id : LAN8742 Phy interface Condition cause : null
2023-09-24 21:47:26,829 [WARN] ConditionMgr:1039 - genDependencies : Invalid condition id : LAN8742 Phy interface Condition cause : null
2023-09-24 21:47:26,869 [WARN] PackLoader:240 - Cannot read IP mode file for STMicroelectronics.X-CUBE-SFXS2LP1.4.0.0
2023-09-24 21:47:26,932 [WARN] PackLoader:240 - Cannot read IP mode file for STMicroelectronics.X-CUBE-ISPU.1.1.0
2023-09-24 21:47:26,986 [WARN] ConditionMgr:438 - getConditionDescription Invalid condition id : UX DEVICE CLASS RTOS Condition cause : null
2023-09-24 21:47:26,987 [WARN] ConditionMgr:438 - getConditionDescription Invalid condition id : UX DEVICE CLASS RTOS Condition cause : null
2023-09-24 21:47:26,998 [WARN] PackLoader:240 - Cannot read IP mode file for STMicroelectronics.X-CUBE-AZRTOS-WB.2.0.0
2023-09-24 21:47:26,999 [WARN] ConditionMgr:1039 - genDependencies : Invalid condition id : UX DEVICE CLASS RTOS Condition cause : null
2023-09-24 21:47:26,999 [WARN] ConditionMgr:1039 - genDependencies : Invalid condition id : UX DEVICE CLASS RTOS Condition cause : null
2023-09-24 21:47:27,000 [WARN] ConditionMgr:1039 - genDependencies : Invalid condition id : UX DEVICE CLASS RTOS Condition cause : null
2023-09-24 21:47:27,001 [WARN] ConditionMgr:1039 - genDependencies : Invalid condition id : UX DEVICE CLASS RTOS Condition cause : null
2023-09-24 21:47:27,001 [WARN] ConditionMgr:1039 - genDependencies : Invalid condition id : UX DEVICE CLASS RTOS Condition cause : null
2023-09-24 21:47:27,038 [WARN] PackLoader:240 - Cannot read IP mode file for STMicroelectronics.X-CUBE-SUBG2.5.0.0
2023-09-24 21:47:27,081 [WARN] PackLoader:240 - Cannot read IP mode file for STMicroelectronics.X-CUBE-TOF1.3.3.1
2023-09-24 21:47:27,151 [WARN] PackLoader:240 - Cannot read IP mode file for STMicroelectronics.X-CUBE-AZRTOS-G4.2.0.0
2023-09-24 21:47:27,186 [WARN] PackLoader:240 - Cannot read IP mode file for STMicroelectronics.X-CUBE-FREERTOS.1.1.0
2023-09-24 21:47:27,209 [WARN] PackLoader:240 - Cannot read IP mode file for portGmbH.I-Cube-SoM-uGOAL.1.1.0
2023-09-24 21:47:27,235 [WARN] PackLoader:240 - Cannot read IP mode file for STMicroelectronics.X-CUBE-ALS.1.0.1
2023-09-24 21:47:27,264 [WARN] PackLoader:240 - Cannot read IP mode file for STMicroelectronics.FP-ATR-ASTRA1.2.0.0
2023-09-24 21:47:27,265 [INFO] ThirdParty:978 - Integrity check success = true
2023-09-24 21:47:27,265 [INFO] IntegrityCheckThread:100 - exiting critical section [integrity check]
2023-09-24 21:47:27,265 [INFO] IntegrityCheckThread:103 - End integrity checks thread
2023-09-24 21:47:29,203 [INFO] WebApp:157 - Instantiating new browser for Auth
2023-09-24 21:47:30,203 [INFO] WebApp:753 - Register for checkConnection events
2023-09-24 21:47:30,204 [INFO] WebApp:390 - Apply proxy settings
2023-09-24 21:47:30,204 [INFO] WebApp:475 - Chromium requires no authentication
2023-09-24 21:47:30,217 [INFO] WebApp:418 - Direct internet connection detected
2023-09-24 21:47:30,558 [INFO] WebApp:188 - Starting web application
2023-09-24 21:47:30,559 [INFO] WebApp:520 - Web application path used C:\ST\STM32CubeIDE_1.12.0\STM32CubeIDE\plugins\com.st.stm32cube.common.mx_6.9.1.202307191849\db\plugins\mcufinder\reactClient1\index.html
2023-09-24 21:47:52,506 [ERROR] LogOutputStream:75 - [STDERR_REDIRECT] SLF4J: Failed to load class "org.slf4j.impl.StaticLoggerBinder".
2023-09-24 21:47:52,508 [ERROR] LogOutputStream:75 - [STDERR_REDIRECT] SLF4J: Defaulting to no-operation (NOP) logger implementation
2023-09-24 21:47:52,510 [ERROR] LogOutputStream:75 - [STDERR_REDIRECT] SLF4J: See http://www.slf4j.org/codes.html#StaticLoggerBinder for further details.
2023-09-24 23:11:36,835 [ERROR] LogOutputStream:75 - [STDERR_REDIRECT] 
