2023-10-03 06:49:40,750 [INFO] Activator:176 - 


2023-10-03 06:49:40,765 [INFO] Activator:177 - !SESSION log4j initialized
2023-10-03 06:49:53,146 [INFO] LogOutputStream:77 - [STDOUT_REDIRECT] 
2023-10-03 06:49:57,480 [INFO] ApplicationProperties:184 - Using Application install path: C:\ST\STM32CubeIDE_1.12.0\STM32CubeIDE\plugins\com.st.stm32cube.common.mx_6.9.1.202307191849
2023-10-03 06:49:57,508 [INFO] DbMcusXml:78 - Set database path to: C:\ST\STM32CubeIDE_1.12.0\STM32CubeIDE\plugins\com.st.stm32cube.common.mx_6.9.1.202307191849\\db\/mcu/
2023-10-03 06:49:57,509 [INFO] ApiDb:274 - Set plugin database path to: C:\ST\STM32CubeIDE_1.12.0\STM32CubeIDE\plugins\com.st.stm32cube.common.mx_6.9.1.202307191849\\db\/plugins/boardmanager/
2023-10-03 06:49:57,509 [WARN] ApiDb:259 - Overriding images path with different value:  => C:\ST\STM32CubeIDE_1.12.0\STM32CubeIDE\plugins\com.st.stm32cube.common.mx_6.9.1.202307191849\\db\/plugins/mcufinder/images/
2023-10-03 06:49:57,540 [INFO] ApiDb:250 - Set database path to: C:\Users\win 10\.stmcufinder\plugins\mcufinder//mcu/
2023-10-03 06:49:57,543 [INFO] DbMcusAds:125 - Set database path to: C:\Users\win 10\.stmcufinder\plugins\mcufinder//mcu/
2023-10-03 06:49:58,253 [INFO] CrossReferenceDbSqlite:203 - Set database path to: C:\Users\win 10\.stmcufinder\plugins\mcufinder//mcu/cs/
2023-10-03 06:49:58,463 [INFO] RulesReader:64 - Compatibility file has been processed (293 Rules)
2023-10-03 06:49:58,622 [INFO] DbMcusXml:78 - Set database path to: C:\ST\STM32CubeIDE_1.12.0\STM32CubeIDE\plugins\com.st.stm32cube.common.mx_6.9.1.202307191849\\db\/mcu/
2023-10-03 06:49:58,622 [INFO] ApiDb:274 - Set plugin database path to: C:\ST\STM32CubeIDE_1.12.0\STM32CubeIDE\plugins\com.st.stm32cube.common.mx_6.9.1.202307191849\\db\/plugins/boardmanager/
2023-10-03 06:49:58,622 [INFO] ApiDb:261 - Set plugin images path to: C:\ST\STM32CubeIDE_1.12.0\STM32CubeIDE\plugins\com.st.stm32cube.common.mx_6.9.1.202307191849\\db\/plugins/mcufinder/images/
2023-10-03 06:49:58,623 [WARN] DbFile:41 - Overriding database path with different value: C:\Users\win 10\.stmcufinder\plugins\mcufinder/ => C:\Users\win 10\.stmcufinder\plugins\mcufinder
2023-10-03 06:49:58,623 [INFO] ApiDb:250 - Set database path to: C:\Users\win 10\.stmcufinder\plugins\mcufinder//mcu/
2023-10-03 06:49:58,623 [WARN] DbFile:41 - Overriding database path with different value: C:\Users\win 10\.stmcufinder\plugins\mcufinder/ => C:\Users\win 10\.stmcufinder\plugins\mcufinder
2023-10-03 06:49:58,623 [INFO] DbMcusAds:125 - Set database path to: C:\Users\win 10\.stmcufinder\plugins\mcufinder//mcu/
2023-10-03 06:49:58,623 [WARN] DbFile:41 - Overriding database path with different value: C:\Users\win 10\.stmcufinder\plugins\mcufinder/ => C:\Users\win 10\.stmcufinder\plugins\mcufinder
2023-10-03 06:49:58,624 [WARN] DbFile:41 - Overriding database path with different value: C:\Users\win 10\.stmcufinder\plugins\mcufinder/ => C:\Users\win 10\.stmcufinder\plugins\mcufinder
2023-10-03 06:49:59,241 [INFO] CrossReferenceDbSqlite:203 - Set database path to: C:\Users\win 10\.stmcufinder\plugins\mcufinder//mcu/cs/
2023-10-03 06:49:59,420 [INFO] MainPanel:262 - HeapMemory: 268435456
2023-10-03 06:49:59,624 [INFO] DbMcusXml:78 - Set database path to: C:\ST\STM32CubeIDE_1.12.0\STM32CubeIDE\plugins\com.st.stm32cube.common.mx_6.9.1.202307191849\\db\/mcu/
2023-10-03 06:49:59,625 [INFO] ApiDb:274 - Set plugin database path to: C:\ST\STM32CubeIDE_1.12.0\STM32CubeIDE\plugins\com.st.stm32cube.common.mx_6.9.1.202307191849\\db\/plugins/boardmanager/
2023-10-03 06:49:59,627 [INFO] ApiDb:261 - Set plugin images path to: C:\ST\STM32CubeIDE_1.12.0\STM32CubeIDE\plugins\com.st.stm32cube.common.mx_6.9.1.202307191849\\db\/plugins/mcufinder/images/
2023-10-03 06:49:59,628 [WARN] DbFile:41 - Overriding database path with different value: C:\Users\win 10\.stmcufinder\plugins\mcufinder/ => C:\Users\win 10\.stmcufinder\plugins\mcufinder
2023-10-03 06:49:59,629 [INFO] ApiDb:250 - Set database path to: C:\Users\win 10\.stmcufinder\plugins\mcufinder//mcu/
2023-10-03 06:49:59,629 [WARN] DbFile:41 - Overriding database path with different value: C:\Users\win 10\.stmcufinder\plugins\mcufinder/ => C:\Users\win 10\.stmcufinder\plugins\mcufinder
2023-10-03 06:49:59,629 [INFO] DbMcusAds:125 - Set database path to: C:\Users\win 10\.stmcufinder\plugins\mcufinder//mcu/
2023-10-03 06:49:59,630 [WARN] DbFile:41 - Overriding database path with different value: C:\Users\win 10\.stmcufinder\plugins\mcufinder/ => C:\Users\win 10\.stmcufinder\plugins\mcufinder
2023-10-03 06:49:59,631 [WARN] DbFile:41 - Overriding database path with different value: C:\Users\win 10\.stmcufinder\plugins\mcufinder/ => C:\Users\win 10\.stmcufinder\plugins\mcufinder
2023-10-03 06:50:00,240 [INFO] CrossReferenceDbSqlite:203 - Set database path to: C:\Users\win 10\.stmcufinder\plugins\mcufinder//mcu/cs/
2023-10-03 06:50:00,291 [INFO] ApplicationProperties:184 - Using Application install path: C:\ST\STM32CubeIDE_1.12.0\STM32CubeIDE\plugins\com.st.stm32cube.common.mx_6.9.1.202307191849
2023-10-03 06:50:00,297 [INFO] PluginManage:196 - Search for loadable plugins [exclusion list=, ]
2023-10-03 06:50:00,301 [INFO] PluginManage:310 - Check plugin analytics
2023-10-03 06:50:01,431 [INFO] AnalyticsPlugin:253 - Accepted Software Licenses: STM32CubeMX.6.5.0,STM32CubeMX.6.9.1
2023-10-03 06:50:01,432 [INFO] AnalyticsPlugin:255 - Accepted CMSIS Pack Licenses: 
2023-10-03 06:50:01,432 [INFO] AnalyticsPlugin:257 - Accepted Firmware Licenses: 
2023-10-03 06:50:01,439 [INFO] PluginManage:359 - Loaded plugin analytics (category:tool,tabindex:-1)
2023-10-03 06:50:01,440 [INFO] PluginManage:310 - Check plugin cadmodel
2023-10-03 06:50:01,467 [INFO] CADModel:105 - Init CAD model plugin
2023-10-03 06:50:01,467 [INFO] PluginManage:359 - Loaded plugin cadmodel (category:power,tabindex:5)
2023-10-03 06:50:01,467 [INFO] PluginManage:310 - Check plugin clock
2023-10-03 06:50:01,515 [INFO] PluginManage:359 - Loaded plugin clock (category:base,tabindex:2)
2023-10-03 06:50:01,515 [INFO] PluginManage:310 - Check plugin ddr
2023-10-03 06:50:01,523 [INFO] PluginManage:359 - Loaded plugin ddr (category:tool,tabindex:6)
2023-10-03 06:50:01,523 [INFO] PluginManage:310 - Check plugin filemanager
2023-10-03 06:50:01,822 [INFO] PluginManage:359 - Loaded plugin filemanager (category:base,tabindex:10)
2023-10-03 06:50:01,823 [INFO] PluginManage:310 - Check plugin ipmanager
2023-10-03 06:50:01,839 [INFO] PluginManage:359 - Loaded plugin ipmanager (category:base,tabindex:5)
2023-10-03 06:50:01,839 [INFO] PluginManage:310 - Check plugin lpbam
2023-10-03 06:50:01,877 [INFO] PluginManage:359 - Loaded plugin lpbam (category:base,tabindex:0)
2023-10-03 06:50:01,879 [INFO] PluginManage:310 - Check plugin memorymap
2023-10-03 06:50:01,925 [INFO] PluginManage:359 - Loaded plugin memorymap (category:base,tabindex:4)
2023-10-03 06:50:01,925 [INFO] PluginManage:310 - Check plugin pinoutandconfiguration
2023-10-03 06:50:01,956 [INFO] PluginManage:359 - Loaded plugin pinoutandconfiguration (category:base,tabindex:1)
2023-10-03 06:50:01,956 [INFO] PluginManage:310 - Check plugin pinoutconfig
2023-10-03 06:50:02,169 [WARN] SupportedApi:132 - Cannot load RTOS API schema: s4s-elt-must-match.1: The content of 'definitions' must match (annotation?, (simpleType | complexType)?, (unique | key | keyref)*)). A problem was found starting at: attribute.
2023-10-03 06:50:02,471 [INFO] PluginManage:359 - Loaded plugin pinoutconfig (category:base,tabindex:0)
2023-10-03 06:50:02,472 [INFO] PluginManage:310 - Check plugin power
2023-10-03 06:50:02,505 [INFO] PluginManage:359 - Loaded plugin power (category:power,tabindex:4)
2023-10-03 06:50:02,506 [INFO] PluginManage:310 - Check plugin projectmanager
2023-10-03 06:50:02,537 [INFO] PluginManage:359 - Loaded plugin projectmanager (category:projectmanager,tabindex:3)
2023-10-03 06:50:02,537 [INFO] PluginManage:310 - Check plugin thirdparty
2023-10-03 06:50:03,047 [INFO] PluginManage:359 - Loaded plugin thirdparty (category:base,tabindex:-1)
2023-10-03 06:50:03,047 [WARN] IntegrityCheckThread:84 - waiting for thirdparty lock release [integrity check]
2023-10-03 06:50:03,047 [INFO] PluginManage:310 - Check plugin tools
2023-10-03 06:50:03,047 [INFO] IntegrityCheckThread:86 - entering critical section [integrity check]
2023-10-03 06:50:03,048 [INFO] ThirdPartyUpdaterWithRetryManager:70 - Updater plugin not ready yet. [1/15]
2023-10-03 06:50:03,120 [INFO] PluginManage:359 - Loaded plugin tools (category:base,tabindex:7)
2023-10-03 06:50:03,120 [INFO] PluginManage:310 - Check plugin tutovideos
2023-10-03 06:50:03,477 [INFO] PluginManage:359 - Loaded plugin tutovideos (category:base,tabindex:-1)
2023-10-03 06:50:03,478 [INFO] PluginManage:310 - Check plugin updater
2023-10-03 06:50:03,501 [INFO] PluginManage:359 - Loaded plugin updater (category:base,tabindex:12)
2023-10-03 06:50:03,501 [INFO] PluginManage:310 - Check plugin userauth
2023-10-03 06:50:03,511 [INFO] UserAuth:113 - Init User Auth plugin
2023-10-03 06:50:03,511 [INFO] PluginManage:359 - Loaded plugin userauth (category:base,tabindex:14)
2023-10-03 06:50:03,512 [INFO] PluginManage:283 - PluginManage : Loaded plugins [17]
2023-10-03 06:50:04,081 [INFO] PinOutPanel:1499 - setPackage(No Configuration,No Configuration)
2023-10-03 06:50:04,389 [INFO] CADModel:165 - CPN selected for project level
2023-10-03 06:50:04,389 [INFO] CADModel:114 - Register for checkConnection events
2023-10-03 06:50:04,446 [INFO] IPUIPlugin:80 - create IPUIPlugin
2023-10-03 06:50:04,446 [INFO] PluginManager:220 - loadIPPluginJar : add adc
2023-10-03 06:50:04,542 [INFO] IPUIPlugin:80 - create IPUIPlugin
2023-10-03 06:50:04,544 [INFO] PluginManager:220 - loadIPPluginJar : add aes
2023-10-03 06:50:04,645 [INFO] IPUIPlugin:80 - create IPUIPlugin
2023-10-03 06:50:04,645 [INFO] PluginManager:220 - loadIPPluginJar : add can
2023-10-03 06:50:04,694 [INFO] IPUIPlugin:80 - create IPUIPlugin
2023-10-03 06:50:04,695 [INFO] PluginManager:220 - loadIPPluginJar : add comp
2023-10-03 06:50:04,775 [INFO] IPUIPlugin:80 - create IPUIPlugin
2023-10-03 06:50:04,775 [INFO] PluginManager:220 - loadIPPluginJar : add cryp
2023-10-03 06:50:04,847 [INFO] IPUIPlugin:80 - create IPUIPlugin
2023-10-03 06:50:04,847 [INFO] PluginManager:220 - loadIPPluginJar : add dfsdm
2023-10-03 06:50:04,889 [INFO] IPUIPlugin:80 - create IPUIPlugin
2023-10-03 06:50:04,890 [INFO] PluginManager:220 - loadIPPluginJar : add dma
2023-10-03 06:50:04,972 [INFO] IPUIPlugin:80 - create IPUIPlugin
2023-10-03 06:50:04,972 [INFO] PluginManager:220 - loadIPPluginJar : add dma3
2023-10-03 06:50:05,017 [INFO] IPUIPlugin:80 - create IPUIPlugin
2023-10-03 06:50:05,017 [INFO] PluginManager:220 - loadIPPluginJar : add fatfs
2023-10-03 06:50:05,121 [INFO] IPUIPlugin:80 - create IPUIPlugin
2023-10-03 06:50:05,122 [INFO] PluginManager:220 - loadIPPluginJar : add fmc
2023-10-03 06:50:05,146 [INFO] IPUIPlugin:80 - create IPUIPlugin
2023-10-03 06:50:05,147 [INFO] PluginManager:220 - loadIPPluginJar : add freertos
2023-10-03 06:50:05,192 [INFO] IPUIPlugin:80 - create IPUIPlugin
2023-10-03 06:50:05,192 [INFO] PluginManager:220 - loadIPPluginJar : add genericplugin
2023-10-03 06:50:05,395 [INFO] IPUIPlugin:80 - create IPUIPlugin
2023-10-03 06:50:05,395 [INFO] PluginManager:220 - loadIPPluginJar : add gfxmmu
2023-10-03 06:50:05,690 [INFO] IPUIPlugin:80 - create IPUIPlugin
2023-10-03 06:50:05,691 [INFO] PluginManager:220 - loadIPPluginJar : add gic
2023-10-03 06:50:05,719 [INFO] IPUIPlugin:80 - create IPUIPlugin
2023-10-03 06:50:05,719 [INFO] PluginManager:220 - loadIPPluginJar : add gpio
2023-10-03 06:50:05,899 [INFO] IPUIPlugin:80 - create IPUIPlugin
2023-10-03 06:50:05,899 [INFO] PluginManager:220 - loadIPPluginJar : add gtzc
2023-10-03 06:50:05,960 [INFO] IPUIPlugin:80 - create IPUIPlugin
2023-10-03 06:50:05,961 [INFO] PluginManager:220 - loadIPPluginJar : add hash
2023-10-03 06:50:06,054 [INFO] ThirdPartyUpdaterWithRetryManager:70 - Updater plugin not ready yet. [2/15]
2023-10-03 06:50:06,062 [INFO] IPUIPlugin:80 - create IPUIPlugin
2023-10-03 06:50:06,063 [INFO] PluginManager:220 - loadIPPluginJar : add i2c
2023-10-03 06:50:06,140 [INFO] IPUIPlugin:80 - create IPUIPlugin
2023-10-03 06:50:06,140 [INFO] PluginManager:220 - loadIPPluginJar : add i2s
2023-10-03 06:50:06,219 [INFO] IPUIPlugin:80 - create IPUIPlugin
2023-10-03 06:50:06,219 [INFO] PluginManager:220 - loadIPPluginJar : add i3c
2023-10-03 06:50:06,429 [INFO] IPUIPlugin:80 - create IPUIPlugin
2023-10-03 06:50:06,429 [INFO] PluginManager:220 - loadIPPluginJar : add ipddr
2023-10-03 06:50:06,572 [INFO] IPUIPlugin:80 - create IPUIPlugin
2023-10-03 06:50:06,572 [INFO] PluginManager:220 - loadIPPluginJar : add linkedlist
2023-10-03 06:50:06,616 [INFO] IPUIPlugin:80 - create IPUIPlugin
2023-10-03 06:50:06,617 [INFO] PluginManager:220 - loadIPPluginJar : add lorawan
2023-10-03 06:50:06,693 [INFO] IPUIPlugin:80 - create IPUIPlugin
2023-10-03 06:50:06,694 [INFO] PluginManager:220 - loadIPPluginJar : add ltdc
2023-10-03 06:50:06,719 [INFO] IPUIPlugin:80 - create IPUIPlugin
2023-10-03 06:50:06,720 [INFO] PluginManager:220 - loadIPPluginJar : add mdma
2023-10-03 06:50:06,742 [INFO] IPUIPlugin:80 - create IPUIPlugin
2023-10-03 06:50:06,742 [INFO] PluginManager:220 - loadIPPluginJar : add nvic
2023-10-03 06:50:06,797 [INFO] IPUIPlugin:80 - create IPUIPlugin
2023-10-03 06:50:06,797 [INFO] PluginManager:220 - loadIPPluginJar : add opamp
2023-10-03 06:50:06,909 [INFO] IPUIPlugin:80 - create IPUIPlugin
2023-10-03 06:50:06,911 [INFO] PluginManager:220 - loadIPPluginJar : add openamp
2023-10-03 06:50:07,011 [INFO] IPUIPlugin:80 - create IPUIPlugin
2023-10-03 06:50:07,012 [INFO] PluginManager:220 - loadIPPluginJar : add pdm2pcm
2023-10-03 06:50:07,041 [INFO] IPUIPlugin:80 - create IPUIPlugin
2023-10-03 06:50:07,046 [INFO] PluginManager:220 - loadIPPluginJar : add plateformsettings
2023-10-03 06:50:07,088 [INFO] IPUIPlugin:80 - create IPUIPlugin
2023-10-03 06:50:07,089 [INFO] PluginManager:220 - loadIPPluginJar : add quadspi
2023-10-03 06:50:07,112 [INFO] IPUIPlugin:80 - create IPUIPlugin
2023-10-03 06:50:07,112 [INFO] PluginManager:220 - loadIPPluginJar : add resmgrutility
2023-10-03 06:50:07,189 [INFO] IPUIPlugin:80 - create IPUIPlugin
2023-10-03 06:50:07,189 [INFO] PluginManager:220 - loadIPPluginJar : add sai
2023-10-03 06:50:07,262 [INFO] IPUIPlugin:80 - create IPUIPlugin
2023-10-03 06:50:07,263 [INFO] PluginManager:220 - loadIPPluginJar : add spi
2023-10-03 06:50:07,356 [INFO] IPUIPlugin:80 - create IPUIPlugin
2023-10-03 06:50:07,356 [INFO] PluginManager:220 - loadIPPluginJar : add stm32_wpan
2023-10-03 06:50:07,394 [INFO] IPUIPlugin:80 - create IPUIPlugin
2023-10-03 06:50:07,394 [INFO] PluginManager:220 - loadIPPluginJar : add tim
2023-10-03 06:50:07,491 [INFO] IPUIPlugin:80 - create IPUIPlugin
2023-10-03 06:50:07,493 [INFO] PluginManager:220 - loadIPPluginJar : add touchsensing
2023-10-03 06:50:07,552 [INFO] IPUIPlugin:80 - create IPUIPlugin
2023-10-03 06:50:07,553 [INFO] PluginManager:220 - loadIPPluginJar : add tracer_emb
2023-10-03 06:50:07,607 [INFO] IPUIPlugin:80 - create IPUIPlugin
2023-10-03 06:50:07,608 [INFO] PluginManager:220 - loadIPPluginJar : add ts
2023-10-03 06:50:07,648 [INFO] IPUIPlugin:80 - create IPUIPlugin
2023-10-03 06:50:07,649 [INFO] PluginManager:220 - loadIPPluginJar : add tsc
2023-10-03 06:50:07,677 [INFO] IPUIPlugin:80 - create IPUIPlugin
2023-10-03 06:50:07,677 [INFO] PluginManager:220 - loadIPPluginJar : add ucpd
2023-10-03 06:50:07,741 [INFO] IPUIPlugin:80 - create IPUIPlugin
2023-10-03 06:50:07,741 [INFO] PluginManager:220 - loadIPPluginJar : add usart
2023-10-03 06:50:07,811 [INFO] IPUIPlugin:80 - create IPUIPlugin
2023-10-03 06:50:07,813 [INFO] PluginManager:220 - loadIPPluginJar : add usbx
2023-10-03 06:50:08,011 [INFO] CADModel:165 - CPN selected for project level
2023-10-03 06:50:08,011 [INFO] CADModel:114 - Register for checkConnection events
2023-10-03 06:50:08,011 [FATAL] Updater:308 - Updater called before beeing initialized
2023-10-03 06:50:08,012 [ERROR] CADModel:125 - Updater not yet initialized, retry later 
2023-10-03 06:50:08,393 [INFO] CADModel:165 - CPN selected for project level
2023-10-03 06:50:08,393 [INFO] CADModel:114 - Register for checkConnection events
2023-10-03 06:50:08,393 [FATAL] Updater:308 - Updater called before beeing initialized
2023-10-03 06:50:08,393 [ERROR] CADModel:125 - Updater not yet initialized, retry later 
2023-10-03 06:50:08,399 [FATAL] Updater:308 - Updater called before beeing initialized
2023-10-03 06:50:08,602 [FATAL] Updater:308 - Updater called before beeing initialized
2023-10-03 06:50:08,622 [INFO] DbMcusAds:53 - JSON generation date=Tue Mar 07 15:50:55 ICT 2023 (1678179055114)
2023-10-03 06:50:08,622 [FATAL] Updater:308 - Updater called before beeing initialized
2023-10-03 06:50:08,752 [WARN] DetailPanel:346 - Failed to get advertising image, set to default
2023-10-03 06:50:09,044 [FATAL] Updater:308 - Updater called before beeing initialized
2023-10-03 06:50:09,047 [FATAL] Updater:308 - Updater called before beeing initialized
2023-10-03 06:50:09,047 [FATAL] Updater:308 - Updater called before beeing initialized
2023-10-03 06:50:09,047 [WARN] DetailPanel:346 - Failed to get advertising image, set to default
2023-10-03 06:50:09,051 [FATAL] Updater:308 - Updater called before beeing initialized
2023-10-03 06:50:09,056 [INFO] ThirdPartyUpdaterWithRetryManager:70 - Updater plugin not ready yet. [3/15]
2023-10-03 06:50:09,212 [ERROR] Updater:1120 - MainUpdater not yet initialized. External WinMGr cannot be set.
2023-10-03 06:50:09,235 [INFO] Updater:1056 - Updater Version found : 6.9.1
2023-10-03 06:50:09,275 [INFO] ApplicationProperties:184 - Using Application install path: C:\ST\STM32CubeIDE_1.12.0\STM32CubeIDE\plugins\com.st.stm32cube.common.mx_6.9.1.202307191849
2023-10-03 06:50:10,311 [INFO] MainUpdater:2868 - connection check result : 10
2023-10-03 06:50:10,312 [INFO] MainUpdater:285 - Updater Check For Update Now.
2023-10-03 06:50:10,313 [INFO] MicroXplorer:498 - Change Database Version : DB.6.0.91
2023-10-03 06:50:10,380 [INFO] McuFinderGlobals:63 - Set McuFinder mode to 2 (CubeIDE integrated)
2023-10-03 06:50:10,381 [INFO] UserAuth:179 - activating auth plugin
2023-10-03 06:50:10,396 [INFO] UserAuth:393 - Internet connection configuration mode: 1
2023-10-03 06:50:10,609 [INFO] JxBrowserEngine:151 - Initiate JxBrowser Engine with user profile folder
2023-10-03 06:50:10,793 [INFO] CheckServerUpdateThread:120 - End of CheckServer Thread
2023-10-03 06:50:12,579 [WARN] PackLoader:240 - Cannot read IP mode file for STMicroelectronics.X-CUBE-SMBUS.2.1.0
2023-10-03 06:50:12,698 [WARN] PackLoader:240 - Cannot read IP mode file for STMicroelectronics.X-CUBE-AZRTOS-F7.1.1.0
2023-10-03 06:50:12,743 [WARN] PackLoader:240 - Cannot read IP mode file for STMicroelectronics.FP-SNS-MOTENV1.4.3.2
2023-10-03 06:50:12,773 [WARN] PackLoader:240 - Cannot read IP mode file for STMicroelectronics.FP-SNS-FLIGHT1.5.0.2
2023-10-03 06:50:12,801 [WARN] PackLoader:240 - Cannot read IP mode file for STMicroelectronics.X-CUBE-DISPLAY.3.0.0
2023-10-03 06:50:12,842 [WARN] PackLoader:240 - Cannot read IP mode file for STMicroelectronics.X-CUBE-BLE1.7.0.0
2023-10-03 06:50:12,865 [WARN] PackLoader:240 - Cannot read IP mode file for emotas.I-CUBE-CANOPEN.1.3.0
2023-10-03 06:50:12,887 [WARN] PackLoader:240 - Cannot read IP mode file for STMicroelectronics.X-CUBE-TOUCHGFX.4.22.0
2023-10-03 06:50:12,905 [WARN] PackLoader:240 - Cannot read IP mode file for STMicroelectronics.FP-SNS-SMARTAG2.1.2.0
2023-10-03 06:50:12,949 [INFO] LogOutputStream:77 - [STDOUT_REDIRECT] 1 : Invalid condition id : UX_CORESTACK_Condition cause : null
2023-10-03 06:50:12,951 [INFO] LogOutputStream:77 - [STDOUT_REDIRECT] 1 : Invalid condition id : UX_CORESTACK_Condition cause : null
2023-10-03 06:50:12,953 [INFO] LogOutputStream:77 - [STDOUT_REDIRECT] 1 : Invalid condition id : UX_CORESTACK_Condition cause : null
2023-10-03 06:50:12,955 [INFO] LogOutputStream:77 - [STDOUT_REDIRECT] 1 : Invalid condition id : UX_CORESTACK_Condition cause : null
2023-10-03 06:50:12,956 [INFO] LogOutputStream:77 - [STDOUT_REDIRECT] 1 : Invalid condition id : UX_CORESTACK_Condition cause : null
2023-10-03 06:50:12,966 [WARN] PackLoader:240 - Cannot read IP mode file for STMicroelectronics.X-CUBE-AZRTOS-WL.2.0.0
2023-10-03 06:50:13,002 [WARN] PackLoader:240 - Cannot read IP mode file for WES.I-CUBE-Cesium.1.3.0
2023-10-03 06:50:13,028 [WARN] PackLoader:240 - Cannot read IP mode file for STMicroelectronics.X-CUBE-BLE2.3.3.0
2023-10-03 06:50:13,060 [WARN] PackLoader:240 - Cannot read IP mode file for STMicroelectronics.X-CUBE-ALGOBUILD.1.3.0
2023-10-03 06:50:13,176 [WARN] PackLoader:240 - Cannot read IP mode file for STMicroelectronics.X-CUBE-AZRTOS-G0.1.1.0
2023-10-03 06:50:13,219 [WARN] PackLoader:240 - Cannot read IP mode file for STMicroelectronics.X-CUBE-NFC4.3.0.0
2023-10-03 06:50:13,249 [WARN] PackLoader:240 - Cannot read IP mode file for STMicroelectronics.FP-ATR-SIGFOX1.3.2.0
2023-10-03 06:50:13,331 [WARN] PackLoader:240 - Cannot read IP mode file for SEGGER.I-CUBE-embOS.1.3.1
2023-10-03 06:50:13,476 [WARN] PackLoader:240 - Cannot read IP mode file for STMicroelectronics.X-CUBE-GNSS1.6.0.0
2023-10-03 06:50:13,542 [WARN] PackLoader:240 - Cannot read IP mode file for STMicroelectronics.X-CUBE-AZRTOS-F4.1.1.0
2023-10-03 06:50:13,565 [WARN] PackLoader:240 - Cannot read IP mode file for wolfSSL.I-CUBE-wolfSSL.5.6.3
2023-10-03 06:50:13,626 [WARN] PackLoader:240 - Cannot read IP mode file for STMicroelectronics.X-CUBE-AZRTOS-L5.2.0.0
2023-10-03 06:50:13,749 [WARN] PackLoader:240 - Cannot read IP mode file for STMicroelectronics.X-CUBE-MEMS1.9.6.0
2023-10-03 06:50:14,027 [WARN] PackLoader:240 - Cannot read IP mode file for STMicroelectronics.X-CUBE-BLEMGR.2.0.0
2023-10-03 06:50:14,082 [WARN] ConditionMgr:438 - getConditionDescription Invalid condition id : UX DEVICE CLASS RTOS Condition cause : null
2023-10-03 06:50:14,082 [WARN] ConditionMgr:438 - getConditionDescription Invalid condition id : UX DEVICE CLASS RTOS Condition cause : null
2023-10-03 06:50:14,089 [WARN] PackLoader:240 - Cannot read IP mode file for STMicroelectronics.X-CUBE-AZRTOS-H7.3.1.0
2023-10-03 06:50:14,098 [WARN] ConditionMgr:1039 - genDependencies : Invalid condition id : UX DEVICE CLASS RTOS Condition cause : null
2023-10-03 06:50:14,098 [WARN] ConditionMgr:1039 - genDependencies : Invalid condition id : UX DEVICE CLASS RTOS Condition cause : null
2023-10-03 06:50:14,099 [WARN] ConditionMgr:1039 - genDependencies : Invalid condition id : UX DEVICE CLASS RTOS Condition cause : null
2023-10-03 06:50:14,102 [WARN] ConditionMgr:1039 - genDependencies : Invalid condition id : UX DEVICE CLASS RTOS Condition cause : null
2023-10-03 06:50:14,103 [WARN] ConditionMgr:1039 - genDependencies : Invalid condition id : UX DEVICE CLASS RTOS Condition cause : null
2023-10-03 06:50:14,143 [WARN] PackLoader:240 - Cannot read IP mode file for STMicroelectronics.X-CUBE-NFC7.1.0.1
2023-10-03 06:50:14,182 [WARN] PackLoader:240 - Cannot read IP mode file for STMicroelectronics.X-CUBE-NFC6.3.0.0
2023-10-03 06:50:14,213 [WARN] PackLoader:240 - Cannot read IP mode file for STMicroelectronics.X-CUBE-EEPRMA1.4.1.0
2023-10-03 06:50:14,241 [WARN] PackLoader:240 - Cannot read IP mode file for STMicroelectronics.X-CUBE-AI.8.1.0
2023-10-03 06:50:14,304 [WARN] ConditionMgr:438 - getConditionDescription Invalid condition id : LAN8742 Phy interface Condition cause : null
2023-10-03 06:50:14,306 [WARN] PackLoader:240 - Cannot read IP mode file for STMicroelectronics.X-CUBE-AZRTOS-L4.2.0.0
2023-10-03 06:50:14,309 [WARN] ConditionMgr:1039 - genDependencies : Invalid condition id : LAN8742 Phy interface Condition cause : null
2023-10-03 06:50:14,310 [WARN] ConditionMgr:1039 - genDependencies : Invalid condition id : LAN8742 Phy interface Condition cause : null
2023-10-03 06:50:14,317 [WARN] ConditionMgr:1039 - genDependencies : Invalid condition id : LAN8742 Phy interface Condition cause : null
2023-10-03 06:50:14,364 [WARN] PackLoader:240 - Cannot read IP mode file for STMicroelectronics.X-CUBE-SFXS2LP1.4.0.0
2023-10-03 06:50:14,396 [WARN] PackLoader:240 - Cannot read IP mode file for STMicroelectronics.X-CUBE-ISPU.1.1.0
2023-10-03 06:50:14,464 [WARN] ConditionMgr:438 - getConditionDescription Invalid condition id : UX DEVICE CLASS RTOS Condition cause : null
2023-10-03 06:50:14,464 [WARN] ConditionMgr:438 - getConditionDescription Invalid condition id : UX DEVICE CLASS RTOS Condition cause : null
2023-10-03 06:50:14,473 [WARN] PackLoader:240 - Cannot read IP mode file for STMicroelectronics.X-CUBE-AZRTOS-WB.2.0.0
2023-10-03 06:50:14,475 [WARN] ConditionMgr:1039 - genDependencies : Invalid condition id : UX DEVICE CLASS RTOS Condition cause : null
2023-10-03 06:50:14,476 [WARN] ConditionMgr:1039 - genDependencies : Invalid condition id : UX DEVICE CLASS RTOS Condition cause : null
2023-10-03 06:50:14,477 [WARN] ConditionMgr:1039 - genDependencies : Invalid condition id : UX DEVICE CLASS RTOS Condition cause : null
2023-10-03 06:50:14,479 [WARN] ConditionMgr:1039 - genDependencies : Invalid condition id : UX DEVICE CLASS RTOS Condition cause : null
2023-10-03 06:50:14,479 [WARN] ConditionMgr:1039 - genDependencies : Invalid condition id : UX DEVICE CLASS RTOS Condition cause : null
2023-10-03 06:50:14,517 [WARN] PackLoader:240 - Cannot read IP mode file for STMicroelectronics.X-CUBE-SUBG2.5.0.0
2023-10-03 06:50:14,566 [WARN] PackLoader:240 - Cannot read IP mode file for STMicroelectronics.X-CUBE-TOF1.3.3.1
2023-10-03 06:50:14,655 [WARN] PackLoader:240 - Cannot read IP mode file for STMicroelectronics.X-CUBE-AZRTOS-G4.2.0.0
2023-10-03 06:50:14,684 [WARN] PackLoader:240 - Cannot read IP mode file for STMicroelectronics.X-CUBE-FREERTOS.1.1.0
2023-10-03 06:50:14,713 [WARN] PackLoader:240 - Cannot read IP mode file for portGmbH.I-Cube-SoM-uGOAL.1.1.0
2023-10-03 06:50:14,761 [WARN] PackLoader:240 - Cannot read IP mode file for STMicroelectronics.X-CUBE-ALS.1.0.1
2023-10-03 06:50:14,836 [WARN] PackLoader:240 - Cannot read IP mode file for STMicroelectronics.FP-ATR-ASTRA1.2.0.0
2023-10-03 06:50:14,841 [INFO] ThirdParty:978 - Integrity check success = true
2023-10-03 06:50:14,843 [INFO] IntegrityCheckThread:100 - exiting critical section [integrity check]
2023-10-03 06:50:14,844 [INFO] IntegrityCheckThread:103 - End integrity checks thread
2023-10-03 06:50:15,373 [INFO] WebApp:157 - Instantiating new browser for Auth
2023-10-03 06:50:16,939 [INFO] WebApp:753 - Register for checkConnection events
2023-10-03 06:50:16,940 [INFO] WebApp:390 - Apply proxy settings
2023-10-03 06:50:16,941 [INFO] WebApp:475 - Chromium requires no authentication
2023-10-03 06:50:16,964 [INFO] WebApp:418 - Direct internet connection detected
2023-10-03 06:50:17,481 [INFO] WebApp:188 - Starting web application
2023-10-03 06:50:17,481 [INFO] WebApp:520 - Web application path used C:\ST\STM32CubeIDE_1.12.0\STM32CubeIDE\plugins\com.st.stm32cube.common.mx_6.9.1.202307191849\db\plugins\mcufinder\reactClient1\index.html
2023-10-03 06:50:39,997 [ERROR] LogOutputStream:75 - [STDERR_REDIRECT] SLF4J: Failed to load class "org.slf4j.impl.StaticLoggerBinder".
2023-10-03 06:50:39,998 [ERROR] LogOutputStream:75 - [STDERR_REDIRECT] SLF4J: Defaulting to no-operation (NOP) logger implementation
2023-10-03 06:50:40,005 [ERROR] LogOutputStream:75 - [STDERR_REDIRECT] SLF4J: See http://www.slf4j.org/codes.html#StaticLoggerBinder for further details.
2023-10-03 21:41:21,064 [ERROR] LogOutputStream:75 - [STDERR_REDIRECT] 
