2023-10-06 12:41:32,874 [INFO] Activator:176 - 


2023-10-06 12:41:32,885 [INFO] Activator:177 - !SESSION log4j initialized
2023-10-06 12:41:43,975 [INFO] LogOutputStream:77 - [STDOUT_REDIRECT] 
2023-10-06 12:41:46,621 [INFO] ApplicationProperties:184 - Using Application install path: C:\ST\STM32CubeIDE_1.12.0\STM32CubeIDE\plugins\com.st.stm32cube.common.mx_6.9.1.202307191849
2023-10-06 12:41:46,649 [INFO] DbMcusXml:78 - Set database path to: C:\ST\STM32CubeIDE_1.12.0\STM32CubeIDE\plugins\com.st.stm32cube.common.mx_6.9.1.202307191849\\db\/mcu/
2023-10-06 12:41:46,650 [INFO] ApiDb:274 - Set plugin database path to: C:\ST\STM32CubeIDE_1.12.0\STM32CubeIDE\plugins\com.st.stm32cube.common.mx_6.9.1.202307191849\\db\/plugins/boardmanager/
2023-10-06 12:41:46,651 [WARN] ApiDb:259 - Overriding images path with different value:  => C:\ST\STM32CubeIDE_1.12.0\STM32CubeIDE\plugins\com.st.stm32cube.common.mx_6.9.1.202307191849\\db\/plugins/mcufinder/images/
2023-10-06 12:41:46,677 [INFO] ApiDb:250 - Set database path to: C:\Users\win 10\.stmcufinder\plugins\mcufinder//mcu/
2023-10-06 12:41:46,679 [INFO] DbMcusAds:125 - Set database path to: C:\Users\win 10\.stmcufinder\plugins\mcufinder//mcu/
2023-10-06 12:41:46,681 [INFO] CrossReferenceDbSqlite:203 - Set database path to: C:\Users\win 10\.stmcufinder\plugins\mcufinder//mcu/cs/
2023-10-06 12:41:46,854 [INFO] RulesReader:64 - Compatibility file has been processed (293 Rules)
2023-10-06 12:41:46,992 [INFO] DbMcusXml:78 - Set database path to: C:\ST\STM32CubeIDE_1.12.0\STM32CubeIDE\plugins\com.st.stm32cube.common.mx_6.9.1.202307191849\\db\/mcu/
2023-10-06 12:41:46,992 [INFO] ApiDb:274 - Set plugin database path to: C:\ST\STM32CubeIDE_1.12.0\STM32CubeIDE\plugins\com.st.stm32cube.common.mx_6.9.1.202307191849\\db\/plugins/boardmanager/
2023-10-06 12:41:46,993 [INFO] ApiDb:261 - Set plugin images path to: C:\ST\STM32CubeIDE_1.12.0\STM32CubeIDE\plugins\com.st.stm32cube.common.mx_6.9.1.202307191849\\db\/plugins/mcufinder/images/
2023-10-06 12:41:46,993 [WARN] DbFile:41 - Overriding database path with different value: C:\Users\win 10\.stmcufinder\plugins\mcufinder/ => C:\Users\win 10\.stmcufinder\plugins\mcufinder
2023-10-06 12:41:46,994 [INFO] ApiDb:250 - Set database path to: C:\Users\win 10\.stmcufinder\plugins\mcufinder//mcu/
2023-10-06 12:41:46,994 [WARN] DbFile:41 - Overriding database path with different value: C:\Users\win 10\.stmcufinder\plugins\mcufinder/ => C:\Users\win 10\.stmcufinder\plugins\mcufinder
2023-10-06 12:41:46,994 [INFO] DbMcusAds:125 - Set database path to: C:\Users\win 10\.stmcufinder\plugins\mcufinder//mcu/
2023-10-06 12:41:46,994 [WARN] DbFile:41 - Overriding database path with different value: C:\Users\win 10\.stmcufinder\plugins\mcufinder/ => C:\Users\win 10\.stmcufinder\plugins\mcufinder
2023-10-06 12:41:46,994 [WARN] DbFile:41 - Overriding database path with different value: C:\Users\win 10\.stmcufinder\plugins\mcufinder/ => C:\Users\win 10\.stmcufinder\plugins\mcufinder
2023-10-06 12:41:46,995 [INFO] CrossReferenceDbSqlite:203 - Set database path to: C:\Users\win 10\.stmcufinder\plugins\mcufinder//mcu/cs/
2023-10-06 12:41:47,146 [INFO] MainPanel:262 - HeapMemory: 268435456
2023-10-06 12:41:47,294 [INFO] DbMcusXml:78 - Set database path to: C:\ST\STM32CubeIDE_1.12.0\STM32CubeIDE\plugins\com.st.stm32cube.common.mx_6.9.1.202307191849\\db\/mcu/
2023-10-06 12:41:47,295 [INFO] ApiDb:274 - Set plugin database path to: C:\ST\STM32CubeIDE_1.12.0\STM32CubeIDE\plugins\com.st.stm32cube.common.mx_6.9.1.202307191849\\db\/plugins/boardmanager/
2023-10-06 12:41:47,295 [INFO] ApiDb:261 - Set plugin images path to: C:\ST\STM32CubeIDE_1.12.0\STM32CubeIDE\plugins\com.st.stm32cube.common.mx_6.9.1.202307191849\\db\/plugins/mcufinder/images/
2023-10-06 12:41:47,295 [WARN] DbFile:41 - Overriding database path with different value: C:\Users\win 10\.stmcufinder\plugins\mcufinder/ => C:\Users\win 10\.stmcufinder\plugins\mcufinder
2023-10-06 12:41:47,296 [INFO] ApiDb:250 - Set database path to: C:\Users\win 10\.stmcufinder\plugins\mcufinder//mcu/
2023-10-06 12:41:47,296 [WARN] DbFile:41 - Overriding database path with different value: C:\Users\win 10\.stmcufinder\plugins\mcufinder/ => C:\Users\win 10\.stmcufinder\plugins\mcufinder
2023-10-06 12:41:47,296 [INFO] DbMcusAds:125 - Set database path to: C:\Users\win 10\.stmcufinder\plugins\mcufinder//mcu/
2023-10-06 12:41:47,296 [WARN] DbFile:41 - Overriding database path with different value: C:\Users\win 10\.stmcufinder\plugins\mcufinder/ => C:\Users\win 10\.stmcufinder\plugins\mcufinder
2023-10-06 12:41:47,296 [WARN] DbFile:41 - Overriding database path with different value: C:\Users\win 10\.stmcufinder\plugins\mcufinder/ => C:\Users\win 10\.stmcufinder\plugins\mcufinder
2023-10-06 12:41:47,296 [INFO] CrossReferenceDbSqlite:203 - Set database path to: C:\Users\win 10\.stmcufinder\plugins\mcufinder//mcu/cs/
2023-10-06 12:41:47,324 [INFO] ApplicationProperties:184 - Using Application install path: C:\ST\STM32CubeIDE_1.12.0\STM32CubeIDE\plugins\com.st.stm32cube.common.mx_6.9.1.202307191849
2023-10-06 12:41:47,326 [INFO] PluginManage:196 - Search for loadable plugins [exclusion list=, ]
2023-10-06 12:41:47,328 [INFO] PluginManage:310 - Check plugin analytics
2023-10-06 12:41:47,578 [INFO] AnalyticsPlugin:253 - Accepted Software Licenses: STM32CubeMX.6.5.0,STM32CubeMX.6.9.1
2023-10-06 12:41:47,578 [INFO] AnalyticsPlugin:255 - Accepted CMSIS Pack Licenses: 
2023-10-06 12:41:47,579 [INFO] AnalyticsPlugin:257 - Accepted Firmware Licenses: 
2023-10-06 12:41:47,584 [INFO] PluginManage:359 - Loaded plugin analytics (category:tool,tabindex:-1)
2023-10-06 12:41:47,585 [INFO] PluginManage:310 - Check plugin cadmodel
2023-10-06 12:41:47,605 [INFO] CADModel:105 - Init CAD model plugin
2023-10-06 12:41:47,605 [INFO] PluginManage:359 - Loaded plugin cadmodel (category:power,tabindex:5)
2023-10-06 12:41:47,605 [INFO] PluginManage:310 - Check plugin clock
2023-10-06 12:41:47,627 [INFO] PluginManage:359 - Loaded plugin clock (category:base,tabindex:2)
2023-10-06 12:41:47,629 [INFO] PluginManage:310 - Check plugin ddr
2023-10-06 12:41:47,631 [INFO] PluginManage:359 - Loaded plugin ddr (category:tool,tabindex:6)
2023-10-06 12:41:47,631 [INFO] PluginManage:310 - Check plugin filemanager
2023-10-06 12:41:47,802 [INFO] PluginManage:359 - Loaded plugin filemanager (category:base,tabindex:10)
2023-10-06 12:41:47,802 [INFO] PluginManage:310 - Check plugin ipmanager
2023-10-06 12:41:47,811 [INFO] PluginManage:359 - Loaded plugin ipmanager (category:base,tabindex:5)
2023-10-06 12:41:47,812 [INFO] PluginManage:310 - Check plugin lpbam
2023-10-06 12:41:47,834 [INFO] PluginManage:359 - Loaded plugin lpbam (category:base,tabindex:0)
2023-10-06 12:41:47,834 [INFO] PluginManage:310 - Check plugin memorymap
2023-10-06 12:41:47,864 [INFO] PluginManage:359 - Loaded plugin memorymap (category:base,tabindex:4)
2023-10-06 12:41:47,865 [INFO] PluginManage:310 - Check plugin pinoutandconfiguration
2023-10-06 12:41:47,886 [INFO] PluginManage:359 - Loaded plugin pinoutandconfiguration (category:base,tabindex:1)
2023-10-06 12:41:47,886 [INFO] PluginManage:310 - Check plugin pinoutconfig
2023-10-06 12:41:48,043 [WARN] SupportedApi:132 - Cannot load RTOS API schema: s4s-elt-must-match.1: The content of 'definitions' must match (annotation?, (simpleType | complexType)?, (unique | key | keyref)*)). A problem was found starting at: attribute.
2023-10-06 12:41:48,261 [INFO] PluginManage:359 - Loaded plugin pinoutconfig (category:base,tabindex:0)
2023-10-06 12:41:48,262 [INFO] PluginManage:310 - Check plugin power
2023-10-06 12:41:48,373 [INFO] PluginManage:359 - Loaded plugin power (category:power,tabindex:4)
2023-10-06 12:41:48,373 [INFO] PluginManage:310 - Check plugin projectmanager
2023-10-06 12:41:48,442 [INFO] PluginManage:359 - Loaded plugin projectmanager (category:projectmanager,tabindex:3)
2023-10-06 12:41:48,443 [INFO] PluginManage:310 - Check plugin thirdparty
2023-10-06 12:41:49,006 [INFO] PluginManage:359 - Loaded plugin thirdparty (category:base,tabindex:-1)
2023-10-06 12:41:49,005 [WARN] IntegrityCheckThread:84 - waiting for thirdparty lock release [integrity check]
2023-10-06 12:41:49,006 [INFO] PluginManage:310 - Check plugin tools
2023-10-06 12:41:49,006 [INFO] IntegrityCheckThread:86 - entering critical section [integrity check]
2023-10-06 12:41:49,007 [INFO] ThirdPartyUpdaterWithRetryManager:70 - Updater plugin not ready yet. [1/15]
2023-10-06 12:41:49,061 [INFO] PluginManage:359 - Loaded plugin tools (category:base,tabindex:7)
2023-10-06 12:41:49,062 [INFO] PluginManage:310 - Check plugin tutovideos
2023-10-06 12:41:49,350 [INFO] PluginManage:359 - Loaded plugin tutovideos (category:base,tabindex:-1)
2023-10-06 12:41:49,350 [INFO] PluginManage:310 - Check plugin updater
2023-10-06 12:41:49,367 [INFO] PluginManage:359 - Loaded plugin updater (category:base,tabindex:12)
2023-10-06 12:41:49,367 [INFO] PluginManage:310 - Check plugin userauth
2023-10-06 12:41:49,374 [INFO] UserAuth:113 - Init User Auth plugin
2023-10-06 12:41:49,375 [INFO] PluginManage:359 - Loaded plugin userauth (category:base,tabindex:14)
2023-10-06 12:41:49,375 [INFO] PluginManage:283 - PluginManage : Loaded plugins [17]
2023-10-06 12:41:49,717 [INFO] PinOutPanel:1499 - setPackage(No Configuration,No Configuration)
2023-10-06 12:41:49,937 [INFO] CADModel:165 - CPN selected for project level
2023-10-06 12:41:49,937 [INFO] CADModel:114 - Register for checkConnection events
2023-10-06 12:41:49,976 [INFO] IPUIPlugin:80 - create IPUIPlugin
2023-10-06 12:41:49,977 [INFO] PluginManager:220 - loadIPPluginJar : add adc
2023-10-06 12:41:50,024 [INFO] IPUIPlugin:80 - create IPUIPlugin
2023-10-06 12:41:50,024 [INFO] PluginManager:220 - loadIPPluginJar : add aes
2023-10-06 12:41:50,073 [INFO] IPUIPlugin:80 - create IPUIPlugin
2023-10-06 12:41:50,073 [INFO] PluginManager:220 - loadIPPluginJar : add can
2023-10-06 12:41:50,101 [INFO] IPUIPlugin:80 - create IPUIPlugin
2023-10-06 12:41:50,102 [INFO] PluginManager:220 - loadIPPluginJar : add comp
2023-10-06 12:41:50,139 [INFO] IPUIPlugin:80 - create IPUIPlugin
2023-10-06 12:41:50,139 [INFO] PluginManager:220 - loadIPPluginJar : add cryp
2023-10-06 12:41:50,177 [INFO] IPUIPlugin:80 - create IPUIPlugin
2023-10-06 12:41:50,177 [INFO] PluginManager:220 - loadIPPluginJar : add dfsdm
2023-10-06 12:41:50,194 [INFO] IPUIPlugin:80 - create IPUIPlugin
2023-10-06 12:41:50,195 [INFO] PluginManager:220 - loadIPPluginJar : add dma
2023-10-06 12:41:50,248 [INFO] IPUIPlugin:80 - create IPUIPlugin
2023-10-06 12:41:50,248 [INFO] PluginManager:220 - loadIPPluginJar : add dma3
2023-10-06 12:41:50,275 [INFO] IPUIPlugin:80 - create IPUIPlugin
2023-10-06 12:41:50,276 [INFO] PluginManager:220 - loadIPPluginJar : add fatfs
2023-10-06 12:41:50,332 [INFO] IPUIPlugin:80 - create IPUIPlugin
2023-10-06 12:41:50,333 [INFO] PluginManager:220 - loadIPPluginJar : add fmc
2023-10-06 12:41:50,350 [INFO] IPUIPlugin:80 - create IPUIPlugin
2023-10-06 12:41:50,350 [INFO] PluginManager:220 - loadIPPluginJar : add freertos
2023-10-06 12:41:50,374 [INFO] IPUIPlugin:80 - create IPUIPlugin
2023-10-06 12:41:50,374 [INFO] PluginManager:220 - loadIPPluginJar : add genericplugin
2023-10-06 12:41:50,483 [INFO] IPUIPlugin:80 - create IPUIPlugin
2023-10-06 12:41:50,483 [INFO] PluginManager:220 - loadIPPluginJar : add gfxmmu
2023-10-06 12:41:50,630 [INFO] IPUIPlugin:80 - create IPUIPlugin
2023-10-06 12:41:50,631 [INFO] PluginManager:220 - loadIPPluginJar : add gic
2023-10-06 12:41:50,648 [INFO] IPUIPlugin:80 - create IPUIPlugin
2023-10-06 12:41:50,648 [INFO] PluginManager:220 - loadIPPluginJar : add gpio
2023-10-06 12:41:50,750 [INFO] IPUIPlugin:80 - create IPUIPlugin
2023-10-06 12:41:50,750 [INFO] PluginManager:220 - loadIPPluginJar : add gtzc
2023-10-06 12:41:50,787 [INFO] IPUIPlugin:80 - create IPUIPlugin
2023-10-06 12:41:50,787 [INFO] PluginManager:220 - loadIPPluginJar : add hash
2023-10-06 12:41:50,843 [INFO] IPUIPlugin:80 - create IPUIPlugin
2023-10-06 12:41:50,843 [INFO] PluginManager:220 - loadIPPluginJar : add i2c
2023-10-06 12:41:50,900 [INFO] IPUIPlugin:80 - create IPUIPlugin
2023-10-06 12:41:50,901 [INFO] PluginManager:220 - loadIPPluginJar : add i2s
2023-10-06 12:41:50,950 [INFO] IPUIPlugin:80 - create IPUIPlugin
2023-10-06 12:41:50,950 [INFO] PluginManager:220 - loadIPPluginJar : add i3c
2023-10-06 12:41:51,097 [INFO] IPUIPlugin:80 - create IPUIPlugin
2023-10-06 12:41:51,099 [INFO] PluginManager:220 - loadIPPluginJar : add ipddr
2023-10-06 12:41:51,232 [INFO] IPUIPlugin:80 - create IPUIPlugin
2023-10-06 12:41:51,232 [INFO] PluginManager:220 - loadIPPluginJar : add linkedlist
2023-10-06 12:41:51,284 [INFO] IPUIPlugin:80 - create IPUIPlugin
2023-10-06 12:41:51,284 [INFO] PluginManager:220 - loadIPPluginJar : add lorawan
2023-10-06 12:41:51,327 [INFO] IPUIPlugin:80 - create IPUIPlugin
2023-10-06 12:41:51,328 [INFO] PluginManager:220 - loadIPPluginJar : add ltdc
2023-10-06 12:41:51,344 [INFO] IPUIPlugin:80 - create IPUIPlugin
2023-10-06 12:41:51,344 [INFO] PluginManager:220 - loadIPPluginJar : add mdma
2023-10-06 12:41:51,358 [INFO] IPUIPlugin:80 - create IPUIPlugin
2023-10-06 12:41:51,358 [INFO] PluginManager:220 - loadIPPluginJar : add nvic
2023-10-06 12:41:51,398 [INFO] IPUIPlugin:80 - create IPUIPlugin
2023-10-06 12:41:51,399 [INFO] PluginManager:220 - loadIPPluginJar : add opamp
2023-10-06 12:41:51,473 [INFO] IPUIPlugin:80 - create IPUIPlugin
2023-10-06 12:41:51,473 [INFO] PluginManager:220 - loadIPPluginJar : add openamp
2023-10-06 12:41:51,530 [INFO] IPUIPlugin:80 - create IPUIPlugin
2023-10-06 12:41:51,530 [INFO] PluginManager:220 - loadIPPluginJar : add pdm2pcm
2023-10-06 12:41:51,549 [INFO] IPUIPlugin:80 - create IPUIPlugin
2023-10-06 12:41:51,553 [INFO] PluginManager:220 - loadIPPluginJar : add plateformsettings
2023-10-06 12:41:51,580 [INFO] IPUIPlugin:80 - create IPUIPlugin
2023-10-06 12:41:51,581 [INFO] PluginManager:220 - loadIPPluginJar : add quadspi
2023-10-06 12:41:51,598 [INFO] IPUIPlugin:80 - create IPUIPlugin
2023-10-06 12:41:51,598 [INFO] PluginManager:220 - loadIPPluginJar : add resmgrutility
2023-10-06 12:41:51,657 [INFO] IPUIPlugin:80 - create IPUIPlugin
2023-10-06 12:41:51,657 [INFO] PluginManager:220 - loadIPPluginJar : add sai
2023-10-06 12:41:51,698 [INFO] IPUIPlugin:80 - create IPUIPlugin
2023-10-06 12:41:51,698 [INFO] PluginManager:220 - loadIPPluginJar : add spi
2023-10-06 12:41:51,762 [INFO] IPUIPlugin:80 - create IPUIPlugin
2023-10-06 12:41:51,762 [INFO] PluginManager:220 - loadIPPluginJar : add stm32_wpan
2023-10-06 12:41:51,792 [INFO] IPUIPlugin:80 - create IPUIPlugin
2023-10-06 12:41:51,793 [INFO] PluginManager:220 - loadIPPluginJar : add tim
2023-10-06 12:41:51,862 [INFO] IPUIPlugin:80 - create IPUIPlugin
2023-10-06 12:41:51,863 [INFO] PluginManager:220 - loadIPPluginJar : add touchsensing
2023-10-06 12:41:51,894 [INFO] IPUIPlugin:80 - create IPUIPlugin
2023-10-06 12:41:51,894 [INFO] PluginManager:220 - loadIPPluginJar : add tracer_emb
2023-10-06 12:41:51,925 [INFO] IPUIPlugin:80 - create IPUIPlugin
2023-10-06 12:41:51,925 [INFO] PluginManager:220 - loadIPPluginJar : add ts
2023-10-06 12:41:51,950 [INFO] IPUIPlugin:80 - create IPUIPlugin
2023-10-06 12:41:51,950 [INFO] PluginManager:220 - loadIPPluginJar : add tsc
2023-10-06 12:41:51,984 [INFO] IPUIPlugin:80 - create IPUIPlugin
2023-10-06 12:41:51,985 [INFO] PluginManager:220 - loadIPPluginJar : add ucpd
2023-10-06 12:41:52,008 [INFO] ThirdPartyUpdaterWithRetryManager:70 - Updater plugin not ready yet. [2/15]
2023-10-06 12:41:52,043 [INFO] IPUIPlugin:80 - create IPUIPlugin
2023-10-06 12:41:52,044 [INFO] PluginManager:220 - loadIPPluginJar : add usart
2023-10-06 12:41:52,101 [INFO] IPUIPlugin:80 - create IPUIPlugin
2023-10-06 12:41:52,101 [INFO] PluginManager:220 - loadIPPluginJar : add usbx
2023-10-06 12:41:52,254 [INFO] CADModel:165 - CPN selected for project level
2023-10-06 12:41:52,254 [INFO] CADModel:114 - Register for checkConnection events
2023-10-06 12:41:52,254 [FATAL] Updater:308 - Updater called before beeing initialized
2023-10-06 12:41:52,255 [ERROR] CADModel:125 - Updater not yet initialized, retry later 
2023-10-06 12:41:52,528 [INFO] CADModel:165 - CPN selected for project level
2023-10-06 12:41:52,529 [INFO] CADModel:114 - Register for checkConnection events
2023-10-06 12:41:52,529 [FATAL] Updater:308 - Updater called before beeing initialized
2023-10-06 12:41:52,529 [ERROR] CADModel:125 - Updater not yet initialized, retry later 
2023-10-06 12:41:52,534 [FATAL] Updater:308 - Updater called before beeing initialized
2023-10-06 12:41:52,733 [FATAL] Updater:308 - Updater called before beeing initialized
2023-10-06 12:41:52,762 [INFO] DbMcusAds:53 - JSON generation date=Tue Mar 07 15:50:55 ICT 2023 (1678179055114)
2023-10-06 12:41:52,763 [FATAL] Updater:308 - Updater called before beeing initialized
2023-10-06 12:41:52,910 [WARN] DetailPanel:346 - Failed to get advertising image, set to default
2023-10-06 12:41:53,069 [FATAL] Updater:308 - Updater called before beeing initialized
2023-10-06 12:41:53,072 [FATAL] Updater:308 - Updater called before beeing initialized
2023-10-06 12:41:53,072 [FATAL] Updater:308 - Updater called before beeing initialized
2023-10-06 12:41:53,073 [WARN] DetailPanel:346 - Failed to get advertising image, set to default
2023-10-06 12:41:53,074 [FATAL] Updater:308 - Updater called before beeing initialized
2023-10-06 12:41:53,225 [ERROR] Updater:1120 - MainUpdater not yet initialized. External WinMGr cannot be set.
2023-10-06 12:41:53,252 [INFO] Updater:1056 - Updater Version found : 6.9.1
2023-10-06 12:41:53,297 [INFO] ApplicationProperties:184 - Using Application install path: C:\ST\STM32CubeIDE_1.12.0\STM32CubeIDE\plugins\com.st.stm32cube.common.mx_6.9.1.202307191849
2023-10-06 12:41:54,234 [INFO] MainUpdater:2868 - connection check result : 10
2023-10-06 12:41:54,236 [INFO] MainUpdater:285 - Updater Check For Update Now.
2023-10-06 12:41:54,237 [INFO] MicroXplorer:498 - Change Database Version : DB.6.0.91
2023-10-06 12:41:54,264 [INFO] McuFinderGlobals:63 - Set McuFinder mode to 2 (CubeIDE integrated)
2023-10-06 12:41:54,264 [INFO] UserAuth:179 - activating auth plugin
2023-10-06 12:41:54,270 [INFO] UserAuth:393 - Internet connection configuration mode: 1
2023-10-06 12:41:54,326 [INFO] JxBrowserEngine:151 - Initiate JxBrowser Engine with user profile folder
2023-10-06 12:41:54,578 [INFO] CheckServerUpdateThread:120 - End of CheckServer Thread
2023-10-06 12:41:55,350 [WARN] PackLoader:240 - Cannot read IP mode file for STMicroelectronics.X-CUBE-SMBUS.2.1.0
2023-10-06 12:41:55,465 [WARN] PackLoader:240 - Cannot read IP mode file for STMicroelectronics.X-CUBE-AZRTOS-F7.1.1.0
2023-10-06 12:41:55,508 [WARN] PackLoader:240 - Cannot read IP mode file for STMicroelectronics.FP-SNS-MOTENV1.4.3.2
2023-10-06 12:41:55,541 [WARN] PackLoader:240 - Cannot read IP mode file for STMicroelectronics.FP-SNS-FLIGHT1.5.0.2
2023-10-06 12:41:55,580 [WARN] PackLoader:240 - Cannot read IP mode file for STMicroelectronics.X-CUBE-DISPLAY.3.0.0
2023-10-06 12:41:55,626 [WARN] PackLoader:240 - Cannot read IP mode file for STMicroelectronics.X-CUBE-BLE1.7.0.0
2023-10-06 12:41:55,654 [WARN] PackLoader:240 - Cannot read IP mode file for emotas.I-CUBE-CANOPEN.1.3.0
2023-10-06 12:41:55,675 [WARN] PackLoader:240 - Cannot read IP mode file for STMicroelectronics.X-CUBE-TOUCHGFX.4.22.0
2023-10-06 12:41:55,693 [WARN] PackLoader:240 - Cannot read IP mode file for STMicroelectronics.FP-SNS-SMARTAG2.1.2.0
2023-10-06 12:41:55,730 [INFO] LogOutputStream:77 - [STDOUT_REDIRECT] 1 : Invalid condition id : UX_CORESTACK_Condition cause : null
2023-10-06 12:41:55,731 [INFO] LogOutputStream:77 - [STDOUT_REDIRECT] 1 : Invalid condition id : UX_CORESTACK_Condition cause : null
2023-10-06 12:41:55,732 [INFO] LogOutputStream:77 - [STDOUT_REDIRECT] 1 : Invalid condition id : UX_CORESTACK_Condition cause : null
2023-10-06 12:41:55,734 [INFO] LogOutputStream:77 - [STDOUT_REDIRECT] 1 : Invalid condition id : UX_CORESTACK_Condition cause : null
2023-10-06 12:41:55,737 [INFO] LogOutputStream:77 - [STDOUT_REDIRECT] 1 : Invalid condition id : UX_CORESTACK_Condition cause : null
2023-10-06 12:41:55,749 [WARN] PackLoader:240 - Cannot read IP mode file for STMicroelectronics.X-CUBE-AZRTOS-WL.2.0.0
2023-10-06 12:41:55,787 [WARN] PackLoader:240 - Cannot read IP mode file for WES.I-CUBE-Cesium.1.3.0
2023-10-06 12:41:55,813 [WARN] PackLoader:240 - Cannot read IP mode file for STMicroelectronics.X-CUBE-BLE2.3.3.0
2023-10-06 12:41:55,841 [WARN] PackLoader:240 - Cannot read IP mode file for STMicroelectronics.X-CUBE-ALGOBUILD.1.3.0
2023-10-06 12:41:55,911 [WARN] PackLoader:240 - Cannot read IP mode file for STMicroelectronics.X-CUBE-AZRTOS-G0.1.1.0
2023-10-06 12:41:55,950 [WARN] PackLoader:240 - Cannot read IP mode file for STMicroelectronics.X-CUBE-NFC4.3.0.0
2023-10-06 12:41:55,996 [WARN] PackLoader:240 - Cannot read IP mode file for STMicroelectronics.FP-ATR-SIGFOX1.3.2.0
2023-10-06 12:41:56,085 [WARN] PackLoader:240 - Cannot read IP mode file for SEGGER.I-CUBE-embOS.1.3.1
2023-10-06 12:41:56,225 [WARN] PackLoader:240 - Cannot read IP mode file for STMicroelectronics.X-CUBE-GNSS1.6.0.0
2023-10-06 12:41:56,294 [WARN] PackLoader:240 - Cannot read IP mode file for STMicroelectronics.X-CUBE-AZRTOS-F4.1.1.0
2023-10-06 12:41:56,323 [WARN] PackLoader:240 - Cannot read IP mode file for wolfSSL.I-CUBE-wolfSSL.5.6.3
2023-10-06 12:41:56,396 [WARN] PackLoader:240 - Cannot read IP mode file for STMicroelectronics.X-CUBE-AZRTOS-L5.2.0.0
2023-10-06 12:41:56,563 [WARN] PackLoader:240 - Cannot read IP mode file for STMicroelectronics.X-CUBE-MEMS1.9.6.0
2023-10-06 12:41:56,899 [WARN] PackLoader:240 - Cannot read IP mode file for STMicroelectronics.X-CUBE-BLEMGR.2.0.0
2023-10-06 12:41:56,946 [WARN] ConditionMgr:438 - getConditionDescription Invalid condition id : UX DEVICE CLASS RTOS Condition cause : null
2023-10-06 12:41:56,947 [WARN] ConditionMgr:438 - getConditionDescription Invalid condition id : UX DEVICE CLASS RTOS Condition cause : null
2023-10-06 12:41:56,954 [WARN] PackLoader:240 - Cannot read IP mode file for STMicroelectronics.X-CUBE-AZRTOS-H7.3.1.0
2023-10-06 12:41:56,957 [WARN] ConditionMgr:1039 - genDependencies : Invalid condition id : UX DEVICE CLASS RTOS Condition cause : null
2023-10-06 12:41:56,957 [WARN] ConditionMgr:1039 - genDependencies : Invalid condition id : UX DEVICE CLASS RTOS Condition cause : null
2023-10-06 12:41:56,958 [WARN] ConditionMgr:1039 - genDependencies : Invalid condition id : UX DEVICE CLASS RTOS Condition cause : null
2023-10-06 12:41:56,958 [WARN] ConditionMgr:1039 - genDependencies : Invalid condition id : UX DEVICE CLASS RTOS Condition cause : null
2023-10-06 12:41:56,959 [WARN] ConditionMgr:1039 - genDependencies : Invalid condition id : UX DEVICE CLASS RTOS Condition cause : null
2023-10-06 12:41:56,984 [WARN] PackLoader:240 - Cannot read IP mode file for STMicroelectronics.X-CUBE-NFC7.1.0.1
2023-10-06 12:41:57,019 [WARN] PackLoader:240 - Cannot read IP mode file for STMicroelectronics.X-CUBE-NFC6.3.0.0
2023-10-06 12:41:57,053 [WARN] PackLoader:240 - Cannot read IP mode file for STMicroelectronics.X-CUBE-EEPRMA1.4.1.0
2023-10-06 12:41:57,079 [WARN] PackLoader:240 - Cannot read IP mode file for STMicroelectronics.X-CUBE-AI.8.1.0
2023-10-06 12:41:57,140 [WARN] ConditionMgr:438 - getConditionDescription Invalid condition id : LAN8742 Phy interface Condition cause : null
2023-10-06 12:41:57,141 [WARN] PackLoader:240 - Cannot read IP mode file for STMicroelectronics.X-CUBE-AZRTOS-L4.2.0.0
2023-10-06 12:41:57,143 [WARN] ConditionMgr:1039 - genDependencies : Invalid condition id : LAN8742 Phy interface Condition cause : null
2023-10-06 12:41:57,144 [WARN] ConditionMgr:1039 - genDependencies : Invalid condition id : LAN8742 Phy interface Condition cause : null
2023-10-06 12:41:57,145 [WARN] ConditionMgr:1039 - genDependencies : Invalid condition id : LAN8742 Phy interface Condition cause : null
2023-10-06 12:41:57,177 [WARN] PackLoader:240 - Cannot read IP mode file for STMicroelectronics.X-CUBE-SFXS2LP1.4.0.0
2023-10-06 12:41:57,206 [WARN] PackLoader:240 - Cannot read IP mode file for STMicroelectronics.X-CUBE-ISPU.1.1.0
2023-10-06 12:41:57,260 [WARN] ConditionMgr:438 - getConditionDescription Invalid condition id : UX DEVICE CLASS RTOS Condition cause : null
2023-10-06 12:41:57,260 [WARN] ConditionMgr:438 - getConditionDescription Invalid condition id : UX DEVICE CLASS RTOS Condition cause : null
2023-10-06 12:41:57,264 [WARN] PackLoader:240 - Cannot read IP mode file for STMicroelectronics.X-CUBE-AZRTOS-WB.2.0.0
2023-10-06 12:41:57,265 [WARN] ConditionMgr:1039 - genDependencies : Invalid condition id : UX DEVICE CLASS RTOS Condition cause : null
2023-10-06 12:41:57,265 [WARN] ConditionMgr:1039 - genDependencies : Invalid condition id : UX DEVICE CLASS RTOS Condition cause : null
2023-10-06 12:41:57,266 [WARN] ConditionMgr:1039 - genDependencies : Invalid condition id : UX DEVICE CLASS RTOS Condition cause : null
2023-10-06 12:41:57,267 [WARN] ConditionMgr:1039 - genDependencies : Invalid condition id : UX DEVICE CLASS RTOS Condition cause : null
2023-10-06 12:41:57,267 [WARN] ConditionMgr:1039 - genDependencies : Invalid condition id : UX DEVICE CLASS RTOS Condition cause : null
2023-10-06 12:41:57,320 [WARN] PackLoader:240 - Cannot read IP mode file for STMicroelectronics.X-CUBE-SUBG2.5.0.0
2023-10-06 12:41:57,370 [WARN] PackLoader:240 - Cannot read IP mode file for STMicroelectronics.X-CUBE-TOF1.3.3.1
2023-10-06 12:41:57,446 [WARN] PackLoader:240 - Cannot read IP mode file for STMicroelectronics.X-CUBE-AZRTOS-G4.2.0.0
2023-10-06 12:41:57,476 [WARN] PackLoader:240 - Cannot read IP mode file for STMicroelectronics.X-CUBE-FREERTOS.1.1.0
2023-10-06 12:41:57,508 [WARN] PackLoader:240 - Cannot read IP mode file for portGmbH.I-Cube-SoM-uGOAL.1.1.0
2023-10-06 12:41:57,541 [WARN] PackLoader:240 - Cannot read IP mode file for STMicroelectronics.X-CUBE-ALS.1.0.1
2023-10-06 12:41:57,581 [WARN] PackLoader:240 - Cannot read IP mode file for STMicroelectronics.FP-ATR-ASTRA1.2.0.0
2023-10-06 12:41:57,583 [INFO] ThirdParty:978 - Integrity check success = true
2023-10-06 12:41:57,583 [INFO] IntegrityCheckThread:100 - exiting critical section [integrity check]
2023-10-06 12:41:57,585 [INFO] IntegrityCheckThread:103 - End integrity checks thread
2023-10-06 12:41:59,350 [INFO] WebApp:157 - Instantiating new browser for Auth
2023-10-06 12:42:00,392 [INFO] WebApp:753 - Register for checkConnection events
2023-10-06 12:42:00,392 [INFO] WebApp:390 - Apply proxy settings
2023-10-06 12:42:00,393 [INFO] WebApp:475 - Chromium requires no authentication
2023-10-06 12:42:00,407 [INFO] WebApp:418 - Direct internet connection detected
2023-10-06 12:42:00,680 [INFO] WebApp:188 - Starting web application
2023-10-06 12:42:00,681 [INFO] WebApp:520 - Web application path used C:\ST\STM32CubeIDE_1.12.0\STM32CubeIDE\plugins\com.st.stm32cube.common.mx_6.9.1.202307191849\db\plugins\mcufinder\reactClient1\index.html
2023-10-06 12:42:22,419 [ERROR] LogOutputStream:75 - [STDERR_REDIRECT] SLF4J: Failed to load class "org.slf4j.impl.StaticLoggerBinder".
2023-10-06 12:42:22,420 [ERROR] LogOutputStream:75 - [STDERR_REDIRECT] SLF4J: Defaulting to no-operation (NOP) logger implementation
2023-10-06 12:42:22,422 [ERROR] LogOutputStream:75 - [STDERR_REDIRECT] SLF4J: See http://www.slf4j.org/codes.html#StaticLoggerBinder for further details.
2023-10-06 15:22:04,004 [ERROR] LogOutputStream:75 - [STDERR_REDIRECT] 
2023-10-06 20:10:56,961 [INFO] Activator:176 - 


2023-10-06 20:10:56,966 [INFO] Activator:177 - !SESSION log4j initialized
2023-10-06 20:11:07,828 [INFO] LogOutputStream:77 - [STDOUT_REDIRECT] 
2023-10-06 20:11:13,298 [INFO] ApplicationProperties:184 - Using Application install path: C:\ST\STM32CubeIDE_1.12.0\STM32CubeIDE\plugins\com.st.stm32cube.common.mx_6.9.1.202307191849
2023-10-06 20:11:13,331 [INFO] DbMcusXml:78 - Set database path to: C:\ST\STM32CubeIDE_1.12.0\STM32CubeIDE\plugins\com.st.stm32cube.common.mx_6.9.1.202307191849\\db\/mcu/
2023-10-06 20:11:13,332 [INFO] ApiDb:274 - Set plugin database path to: C:\ST\STM32CubeIDE_1.12.0\STM32CubeIDE\plugins\com.st.stm32cube.common.mx_6.9.1.202307191849\\db\/plugins/boardmanager/
2023-10-06 20:11:13,332 [WARN] ApiDb:259 - Overriding images path with different value:  => C:\ST\STM32CubeIDE_1.12.0\STM32CubeIDE\plugins\com.st.stm32cube.common.mx_6.9.1.202307191849\\db\/plugins/mcufinder/images/
2023-10-06 20:11:13,362 [INFO] ApiDb:250 - Set database path to: C:\Users\win 10\.stmcufinder\plugins\mcufinder//mcu/
2023-10-06 20:11:13,364 [INFO] DbMcusAds:125 - Set database path to: C:\Users\win 10\.stmcufinder\plugins\mcufinder//mcu/
2023-10-06 20:11:14,236 [INFO] CrossReferenceDbSqlite:203 - Set database path to: C:\Users\win 10\.stmcufinder\plugins\mcufinder//mcu/cs/
2023-10-06 20:11:14,402 [INFO] RulesReader:64 - Compatibility file has been processed (293 Rules)
2023-10-06 20:11:14,544 [INFO] DbMcusXml:78 - Set database path to: C:\ST\STM32CubeIDE_1.12.0\STM32CubeIDE\plugins\com.st.stm32cube.common.mx_6.9.1.202307191849\\db\/mcu/
2023-10-06 20:11:14,544 [INFO] ApiDb:274 - Set plugin database path to: C:\ST\STM32CubeIDE_1.12.0\STM32CubeIDE\plugins\com.st.stm32cube.common.mx_6.9.1.202307191849\\db\/plugins/boardmanager/
2023-10-06 20:11:14,545 [INFO] ApiDb:261 - Set plugin images path to: C:\ST\STM32CubeIDE_1.12.0\STM32CubeIDE\plugins\com.st.stm32cube.common.mx_6.9.1.202307191849\\db\/plugins/mcufinder/images/
2023-10-06 20:11:14,545 [WARN] DbFile:41 - Overriding database path with different value: C:\Users\win 10\.stmcufinder\plugins\mcufinder/ => C:\Users\win 10\.stmcufinder\plugins\mcufinder
2023-10-06 20:11:14,545 [INFO] ApiDb:250 - Set database path to: C:\Users\win 10\.stmcufinder\plugins\mcufinder//mcu/
2023-10-06 20:11:14,545 [WARN] DbFile:41 - Overriding database path with different value: C:\Users\win 10\.stmcufinder\plugins\mcufinder/ => C:\Users\win 10\.stmcufinder\plugins\mcufinder
2023-10-06 20:11:14,545 [INFO] DbMcusAds:125 - Set database path to: C:\Users\win 10\.stmcufinder\plugins\mcufinder//mcu/
2023-10-06 20:11:14,545 [WARN] DbFile:41 - Overriding database path with different value: C:\Users\win 10\.stmcufinder\plugins\mcufinder/ => C:\Users\win 10\.stmcufinder\plugins\mcufinder
2023-10-06 20:11:14,546 [WARN] DbFile:41 - Overriding database path with different value: C:\Users\win 10\.stmcufinder\plugins\mcufinder/ => C:\Users\win 10\.stmcufinder\plugins\mcufinder
2023-10-06 20:11:15,241 [INFO] CrossReferenceDbSqlite:203 - Set database path to: C:\Users\win 10\.stmcufinder\plugins\mcufinder//mcu/cs/
2023-10-06 20:11:15,407 [INFO] MainPanel:262 - HeapMemory: 268435456
2023-10-06 20:11:15,579 [INFO] DbMcusXml:78 - Set database path to: C:\ST\STM32CubeIDE_1.12.0\STM32CubeIDE\plugins\com.st.stm32cube.common.mx_6.9.1.202307191849\\db\/mcu/
2023-10-06 20:11:15,580 [INFO] ApiDb:274 - Set plugin database path to: C:\ST\STM32CubeIDE_1.12.0\STM32CubeIDE\plugins\com.st.stm32cube.common.mx_6.9.1.202307191849\\db\/plugins/boardmanager/
2023-10-06 20:11:15,580 [INFO] ApiDb:261 - Set plugin images path to: C:\ST\STM32CubeIDE_1.12.0\STM32CubeIDE\plugins\com.st.stm32cube.common.mx_6.9.1.202307191849\\db\/plugins/mcufinder/images/
2023-10-06 20:11:15,581 [WARN] DbFile:41 - Overriding database path with different value: C:\Users\win 10\.stmcufinder\plugins\mcufinder/ => C:\Users\win 10\.stmcufinder\plugins\mcufinder
2023-10-06 20:11:15,582 [INFO] ApiDb:250 - Set database path to: C:\Users\win 10\.stmcufinder\plugins\mcufinder//mcu/
2023-10-06 20:11:15,582 [WARN] DbFile:41 - Overriding database path with different value: C:\Users\win 10\.stmcufinder\plugins\mcufinder/ => C:\Users\win 10\.stmcufinder\plugins\mcufinder
2023-10-06 20:11:15,582 [INFO] DbMcusAds:125 - Set database path to: C:\Users\win 10\.stmcufinder\plugins\mcufinder//mcu/
2023-10-06 20:11:15,582 [WARN] DbFile:41 - Overriding database path with different value: C:\Users\win 10\.stmcufinder\plugins\mcufinder/ => C:\Users\win 10\.stmcufinder\plugins\mcufinder
2023-10-06 20:11:15,582 [WARN] DbFile:41 - Overriding database path with different value: C:\Users\win 10\.stmcufinder\plugins\mcufinder/ => C:\Users\win 10\.stmcufinder\plugins\mcufinder
2023-10-06 20:11:16,244 [INFO] CrossReferenceDbSqlite:203 - Set database path to: C:\Users\win 10\.stmcufinder\plugins\mcufinder//mcu/cs/
2023-10-06 20:11:16,280 [INFO] ApplicationProperties:184 - Using Application install path: C:\ST\STM32CubeIDE_1.12.0\STM32CubeIDE\plugins\com.st.stm32cube.common.mx_6.9.1.202307191849
2023-10-06 20:11:16,283 [INFO] PluginManage:196 - Search for loadable plugins [exclusion list=, ]
2023-10-06 20:11:16,286 [INFO] PluginManage:310 - Check plugin analytics
2023-10-06 20:11:17,394 [INFO] AnalyticsPlugin:253 - Accepted Software Licenses: STM32CubeMX.6.5.0,STM32CubeMX.6.9.1
2023-10-06 20:11:17,395 [INFO] AnalyticsPlugin:255 - Accepted CMSIS Pack Licenses: 
2023-10-06 20:11:17,396 [INFO] AnalyticsPlugin:257 - Accepted Firmware Licenses: 
2023-10-06 20:11:17,406 [INFO] PluginManage:359 - Loaded plugin analytics (category:tool,tabindex:-1)
2023-10-06 20:11:17,407 [INFO] PluginManage:310 - Check plugin cadmodel
2023-10-06 20:11:17,439 [INFO] CADModel:105 - Init CAD model plugin
2023-10-06 20:11:17,439 [INFO] PluginManage:359 - Loaded plugin cadmodel (category:power,tabindex:5)
2023-10-06 20:11:17,441 [INFO] PluginManage:310 - Check plugin clock
2023-10-06 20:11:17,490 [INFO] PluginManage:359 - Loaded plugin clock (category:base,tabindex:2)
2023-10-06 20:11:17,490 [INFO] PluginManage:310 - Check plugin ddr
2023-10-06 20:11:17,495 [INFO] PluginManage:359 - Loaded plugin ddr (category:tool,tabindex:6)
2023-10-06 20:11:17,495 [INFO] PluginManage:310 - Check plugin filemanager
2023-10-06 20:11:17,760 [INFO] PluginManage:359 - Loaded plugin filemanager (category:base,tabindex:10)
2023-10-06 20:11:17,762 [INFO] PluginManage:310 - Check plugin ipmanager
2023-10-06 20:11:17,790 [INFO] PluginManage:359 - Loaded plugin ipmanager (category:base,tabindex:5)
2023-10-06 20:11:17,791 [INFO] PluginManage:310 - Check plugin lpbam
2023-10-06 20:11:17,825 [INFO] PluginManage:359 - Loaded plugin lpbam (category:base,tabindex:0)
2023-10-06 20:11:17,825 [INFO] PluginManage:310 - Check plugin memorymap
2023-10-06 20:11:17,886 [INFO] PluginManage:359 - Loaded plugin memorymap (category:base,tabindex:4)
2023-10-06 20:11:17,887 [INFO] PluginManage:310 - Check plugin pinoutandconfiguration
2023-10-06 20:11:17,924 [INFO] PluginManage:359 - Loaded plugin pinoutandconfiguration (category:base,tabindex:1)
2023-10-06 20:11:17,924 [INFO] PluginManage:310 - Check plugin pinoutconfig
2023-10-06 20:11:18,131 [WARN] SupportedApi:132 - Cannot load RTOS API schema: s4s-elt-must-match.1: The content of 'definitions' must match (annotation?, (simpleType | complexType)?, (unique | key | keyref)*)). A problem was found starting at: attribute.
2023-10-06 20:11:18,339 [INFO] PluginManage:359 - Loaded plugin pinoutconfig (category:base,tabindex:0)
2023-10-06 20:11:18,340 [INFO] PluginManage:310 - Check plugin power
2023-10-06 20:11:18,368 [INFO] PluginManage:359 - Loaded plugin power (category:power,tabindex:4)
2023-10-06 20:11:18,368 [INFO] PluginManage:310 - Check plugin projectmanager
2023-10-06 20:11:18,389 [INFO] PluginManage:359 - Loaded plugin projectmanager (category:projectmanager,tabindex:3)
2023-10-06 20:11:18,389 [INFO] PluginManage:310 - Check plugin thirdparty
2023-10-06 20:11:18,814 [INFO] PluginManage:359 - Loaded plugin thirdparty (category:base,tabindex:-1)
2023-10-06 20:11:18,814 [WARN] IntegrityCheckThread:84 - waiting for thirdparty lock release [integrity check]
2023-10-06 20:11:18,814 [INFO] PluginManage:310 - Check plugin tools
2023-10-06 20:11:18,814 [INFO] IntegrityCheckThread:86 - entering critical section [integrity check]
2023-10-06 20:11:18,816 [INFO] ThirdPartyUpdaterWithRetryManager:70 - Updater plugin not ready yet. [1/15]
2023-10-06 20:11:18,899 [INFO] PluginManage:359 - Loaded plugin tools (category:base,tabindex:7)
2023-10-06 20:11:18,900 [INFO] PluginManage:310 - Check plugin tutovideos
2023-10-06 20:11:19,229 [INFO] PluginManage:359 - Loaded plugin tutovideos (category:base,tabindex:-1)
2023-10-06 20:11:19,229 [INFO] PluginManage:310 - Check plugin updater
2023-10-06 20:11:19,239 [INFO] PluginManage:359 - Loaded plugin updater (category:base,tabindex:12)
2023-10-06 20:11:19,239 [INFO] PluginManage:310 - Check plugin userauth
2023-10-06 20:11:19,255 [INFO] UserAuth:113 - Init User Auth plugin
2023-10-06 20:11:19,255 [INFO] PluginManage:359 - Loaded plugin userauth (category:base,tabindex:14)
2023-10-06 20:11:19,256 [INFO] PluginManage:283 - PluginManage : Loaded plugins [17]
2023-10-06 20:11:19,580 [INFO] PinOutPanel:1499 - setPackage(No Configuration,No Configuration)
2023-10-06 20:11:19,729 [INFO] CADModel:165 - CPN selected for project level
2023-10-06 20:11:19,729 [INFO] CADModel:114 - Register for checkConnection events
2023-10-06 20:11:19,759 [INFO] IPUIPlugin:80 - create IPUIPlugin
2023-10-06 20:11:19,759 [INFO] PluginManager:220 - loadIPPluginJar : add adc
2023-10-06 20:11:19,802 [INFO] IPUIPlugin:80 - create IPUIPlugin
2023-10-06 20:11:19,802 [INFO] PluginManager:220 - loadIPPluginJar : add aes
2023-10-06 20:11:19,850 [INFO] IPUIPlugin:80 - create IPUIPlugin
2023-10-06 20:11:19,850 [INFO] PluginManager:220 - loadIPPluginJar : add can
2023-10-06 20:11:19,879 [INFO] IPUIPlugin:80 - create IPUIPlugin
2023-10-06 20:11:19,879 [INFO] PluginManager:220 - loadIPPluginJar : add comp
2023-10-06 20:11:19,914 [INFO] IPUIPlugin:80 - create IPUIPlugin
2023-10-06 20:11:19,914 [INFO] PluginManager:220 - loadIPPluginJar : add cryp
2023-10-06 20:11:19,959 [INFO] IPUIPlugin:80 - create IPUIPlugin
2023-10-06 20:11:19,959 [INFO] PluginManager:220 - loadIPPluginJar : add dfsdm
2023-10-06 20:11:19,983 [INFO] IPUIPlugin:80 - create IPUIPlugin
2023-10-06 20:11:19,985 [INFO] PluginManager:220 - loadIPPluginJar : add dma
2023-10-06 20:11:20,043 [INFO] IPUIPlugin:80 - create IPUIPlugin
2023-10-06 20:11:20,043 [INFO] PluginManager:220 - loadIPPluginJar : add dma3
2023-10-06 20:11:20,069 [INFO] IPUIPlugin:80 - create IPUIPlugin
2023-10-06 20:11:20,069 [INFO] PluginManager:220 - loadIPPluginJar : add fatfs
2023-10-06 20:11:20,119 [INFO] IPUIPlugin:80 - create IPUIPlugin
2023-10-06 20:11:20,119 [INFO] PluginManager:220 - loadIPPluginJar : add fmc
2023-10-06 20:11:20,139 [INFO] IPUIPlugin:80 - create IPUIPlugin
2023-10-06 20:11:20,139 [INFO] PluginManager:220 - loadIPPluginJar : add freertos
2023-10-06 20:11:20,171 [INFO] IPUIPlugin:80 - create IPUIPlugin
2023-10-06 20:11:20,171 [INFO] PluginManager:220 - loadIPPluginJar : add genericplugin
2023-10-06 20:11:20,314 [INFO] IPUIPlugin:80 - create IPUIPlugin
2023-10-06 20:11:20,314 [INFO] PluginManager:220 - loadIPPluginJar : add gfxmmu
2023-10-06 20:11:20,494 [INFO] IPUIPlugin:80 - create IPUIPlugin
2023-10-06 20:11:20,494 [INFO] PluginManager:220 - loadIPPluginJar : add gic
2023-10-06 20:11:20,511 [INFO] IPUIPlugin:80 - create IPUIPlugin
2023-10-06 20:11:20,512 [INFO] PluginManager:220 - loadIPPluginJar : add gpio
2023-10-06 20:11:20,644 [INFO] IPUIPlugin:80 - create IPUIPlugin
2023-10-06 20:11:20,644 [INFO] PluginManager:220 - loadIPPluginJar : add gtzc
2023-10-06 20:11:20,685 [INFO] IPUIPlugin:80 - create IPUIPlugin
2023-10-06 20:11:20,685 [INFO] PluginManager:220 - loadIPPluginJar : add hash
2023-10-06 20:11:20,753 [INFO] IPUIPlugin:80 - create IPUIPlugin
2023-10-06 20:11:20,753 [INFO] PluginManager:220 - loadIPPluginJar : add i2c
2023-10-06 20:11:20,799 [INFO] IPUIPlugin:80 - create IPUIPlugin
2023-10-06 20:11:20,799 [INFO] PluginManager:220 - loadIPPluginJar : add i2s
2023-10-06 20:11:20,850 [INFO] IPUIPlugin:80 - create IPUIPlugin
2023-10-06 20:11:20,851 [INFO] PluginManager:220 - loadIPPluginJar : add i3c
2023-10-06 20:11:20,979 [INFO] IPUIPlugin:80 - create IPUIPlugin
2023-10-06 20:11:20,979 [INFO] PluginManager:220 - loadIPPluginJar : add ipddr
2023-10-06 20:11:21,109 [INFO] IPUIPlugin:80 - create IPUIPlugin
2023-10-06 20:11:21,109 [INFO] PluginManager:220 - loadIPPluginJar : add linkedlist
2023-10-06 20:11:21,159 [INFO] IPUIPlugin:80 - create IPUIPlugin
2023-10-06 20:11:21,159 [INFO] PluginManager:220 - loadIPPluginJar : add lorawan
2023-10-06 20:11:21,219 [INFO] IPUIPlugin:80 - create IPUIPlugin
2023-10-06 20:11:21,219 [INFO] PluginManager:220 - loadIPPluginJar : add ltdc
2023-10-06 20:11:21,239 [INFO] IPUIPlugin:80 - create IPUIPlugin
2023-10-06 20:11:21,239 [INFO] PluginManager:220 - loadIPPluginJar : add mdma
2023-10-06 20:11:21,259 [INFO] IPUIPlugin:80 - create IPUIPlugin
2023-10-06 20:11:21,259 [INFO] PluginManager:220 - loadIPPluginJar : add nvic
2023-10-06 20:11:21,301 [INFO] IPUIPlugin:80 - create IPUIPlugin
2023-10-06 20:11:21,301 [INFO] PluginManager:220 - loadIPPluginJar : add opamp
2023-10-06 20:11:21,412 [INFO] IPUIPlugin:80 - create IPUIPlugin
2023-10-06 20:11:21,412 [INFO] PluginManager:220 - loadIPPluginJar : add openamp
2023-10-06 20:11:21,479 [INFO] IPUIPlugin:80 - create IPUIPlugin
2023-10-06 20:11:21,479 [INFO] PluginManager:220 - loadIPPluginJar : add pdm2pcm
2023-10-06 20:11:21,506 [INFO] IPUIPlugin:80 - create IPUIPlugin
2023-10-06 20:11:21,510 [INFO] PluginManager:220 - loadIPPluginJar : add plateformsettings
2023-10-06 20:11:21,537 [INFO] IPUIPlugin:80 - create IPUIPlugin
2023-10-06 20:11:21,537 [INFO] PluginManager:220 - loadIPPluginJar : add quadspi
2023-10-06 20:11:21,559 [INFO] IPUIPlugin:80 - create IPUIPlugin
2023-10-06 20:11:21,559 [INFO] PluginManager:220 - loadIPPluginJar : add resmgrutility
2023-10-06 20:11:21,636 [INFO] IPUIPlugin:80 - create IPUIPlugin
2023-10-06 20:11:21,637 [INFO] PluginManager:220 - loadIPPluginJar : add sai
2023-10-06 20:11:21,698 [INFO] IPUIPlugin:80 - create IPUIPlugin
2023-10-06 20:11:21,698 [INFO] PluginManager:220 - loadIPPluginJar : add spi
2023-10-06 20:11:21,768 [INFO] IPUIPlugin:80 - create IPUIPlugin
2023-10-06 20:11:21,769 [INFO] PluginManager:220 - loadIPPluginJar : add stm32_wpan
2023-10-06 20:11:21,799 [INFO] IPUIPlugin:80 - create IPUIPlugin
2023-10-06 20:11:21,799 [INFO] PluginManager:220 - loadIPPluginJar : add tim
2023-10-06 20:11:21,834 [INFO] ThirdPartyUpdaterWithRetryManager:70 - Updater plugin not ready yet. [2/15]
2023-10-06 20:11:21,850 [INFO] IPUIPlugin:80 - create IPUIPlugin
2023-10-06 20:11:21,866 [INFO] PluginManager:220 - loadIPPluginJar : add touchsensing
2023-10-06 20:11:21,897 [INFO] IPUIPlugin:80 - create IPUIPlugin
2023-10-06 20:11:21,897 [INFO] PluginManager:220 - loadIPPluginJar : add tracer_emb
2023-10-06 20:11:21,928 [INFO] IPUIPlugin:80 - create IPUIPlugin
2023-10-06 20:11:21,928 [INFO] PluginManager:220 - loadIPPluginJar : add ts
2023-10-06 20:11:21,945 [INFO] IPUIPlugin:80 - create IPUIPlugin
2023-10-06 20:11:21,945 [INFO] PluginManager:220 - loadIPPluginJar : add tsc
2023-10-06 20:11:21,976 [INFO] IPUIPlugin:80 - create IPUIPlugin
2023-10-06 20:11:21,991 [INFO] PluginManager:220 - loadIPPluginJar : add ucpd
2023-10-06 20:11:22,055 [INFO] IPUIPlugin:80 - create IPUIPlugin
2023-10-06 20:11:22,055 [INFO] PluginManager:220 - loadIPPluginJar : add usart
2023-10-06 20:11:22,138 [INFO] IPUIPlugin:80 - create IPUIPlugin
2023-10-06 20:11:22,138 [INFO] PluginManager:220 - loadIPPluginJar : add usbx
2023-10-06 20:11:22,341 [INFO] CADModel:165 - CPN selected for project level
2023-10-06 20:11:22,341 [INFO] CADModel:114 - Register for checkConnection events
2023-10-06 20:11:22,342 [FATAL] Updater:308 - Updater called before beeing initialized
2023-10-06 20:11:22,342 [ERROR] CADModel:125 - Updater not yet initialized, retry later 
2023-10-06 20:11:22,548 [INFO] CADModel:165 - CPN selected for project level
2023-10-06 20:11:22,548 [INFO] CADModel:114 - Register for checkConnection events
2023-10-06 20:11:22,548 [FATAL] Updater:308 - Updater called before beeing initialized
2023-10-06 20:11:22,548 [ERROR] CADModel:125 - Updater not yet initialized, retry later 
2023-10-06 20:11:22,548 [FATAL] Updater:308 - Updater called before beeing initialized
2023-10-06 20:11:22,698 [FATAL] Updater:308 - Updater called before beeing initialized
2023-10-06 20:11:22,714 [INFO] DbMcusAds:53 - JSON generation date=Tue Mar 07 15:50:55 ICT 2023 (1678179055114)
2023-10-06 20:11:22,714 [FATAL] Updater:308 - Updater called before beeing initialized
2023-10-06 20:11:22,813 [WARN] DetailPanel:346 - Failed to get advertising image, set to default
2023-10-06 20:11:22,912 [FATAL] Updater:308 - Updater called before beeing initialized
2023-10-06 20:11:22,912 [FATAL] Updater:308 - Updater called before beeing initialized
2023-10-06 20:11:22,912 [FATAL] Updater:308 - Updater called before beeing initialized
2023-10-06 20:11:22,912 [WARN] DetailPanel:346 - Failed to get advertising image, set to default
2023-10-06 20:11:22,912 [FATAL] Updater:308 - Updater called before beeing initialized
2023-10-06 20:11:22,990 [ERROR] Updater:1120 - MainUpdater not yet initialized. External WinMGr cannot be set.
2023-10-06 20:11:23,006 [INFO] Updater:1056 - Updater Version found : 6.9.1
2023-10-06 20:11:23,021 [INFO] ApplicationProperties:184 - Using Application install path: C:\ST\STM32CubeIDE_1.12.0\STM32CubeIDE\plugins\com.st.stm32cube.common.mx_6.9.1.202307191849
2023-10-06 20:11:23,640 [INFO] MainUpdater:2868 - connection check result : 10
2023-10-06 20:11:23,640 [INFO] MainUpdater:285 - Updater Check For Update Now.
2023-10-06 20:11:23,640 [INFO] MicroXplorer:498 - Change Database Version : DB.6.0.91
2023-10-06 20:11:23,655 [INFO] McuFinderGlobals:63 - Set McuFinder mode to 2 (CubeIDE integrated)
2023-10-06 20:11:23,655 [INFO] UserAuth:179 - activating auth plugin
2023-10-06 20:11:23,655 [INFO] UserAuth:393 - Internet connection configuration mode: 1
2023-10-06 20:11:23,704 [INFO] JxBrowserEngine:151 - Initiate JxBrowser Engine with user profile folder
2023-10-06 20:11:23,881 [INFO] CheckServerUpdateThread:120 - End of CheckServer Thread
2023-10-06 20:11:25,222 [WARN] PackLoader:240 - Cannot read IP mode file for STMicroelectronics.X-CUBE-SMBUS.2.1.0
2023-10-06 20:11:25,410 [WARN] PackLoader:240 - Cannot read IP mode file for STMicroelectronics.X-CUBE-AZRTOS-F7.1.1.0
2023-10-06 20:11:25,464 [WARN] PackLoader:240 - Cannot read IP mode file for STMicroelectronics.FP-SNS-MOTENV1.4.3.2
2023-10-06 20:11:25,499 [WARN] PackLoader:240 - Cannot read IP mode file for STMicroelectronics.FP-SNS-FLIGHT1.5.0.2
2023-10-06 20:11:25,532 [WARN] PackLoader:240 - Cannot read IP mode file for STMicroelectronics.X-CUBE-DISPLAY.3.0.0
2023-10-06 20:11:25,576 [WARN] PackLoader:240 - Cannot read IP mode file for STMicroelectronics.X-CUBE-BLE1.7.0.0
2023-10-06 20:11:25,604 [WARN] PackLoader:240 - Cannot read IP mode file for emotas.I-CUBE-CANOPEN.1.3.0
2023-10-06 20:11:25,636 [WARN] PackLoader:240 - Cannot read IP mode file for STMicroelectronics.X-CUBE-TOUCHGFX.4.22.0
2023-10-06 20:11:25,662 [WARN] PackLoader:240 - Cannot read IP mode file for STMicroelectronics.FP-SNS-SMARTAG2.1.2.0
2023-10-06 20:11:25,726 [INFO] LogOutputStream:77 - [STDOUT_REDIRECT] 1 : Invalid condition id : UX_CORESTACK_Condition cause : null
2023-10-06 20:11:25,727 [INFO] LogOutputStream:77 - [STDOUT_REDIRECT] 1 : Invalid condition id : UX_CORESTACK_Condition cause : null
2023-10-06 20:11:25,729 [INFO] LogOutputStream:77 - [STDOUT_REDIRECT] 1 : Invalid condition id : UX_CORESTACK_Condition cause : null
2023-10-06 20:11:25,731 [INFO] LogOutputStream:77 - [STDOUT_REDIRECT] 1 : Invalid condition id : UX_CORESTACK_Condition cause : null
2023-10-06 20:11:25,732 [INFO] LogOutputStream:77 - [STDOUT_REDIRECT] 1 : Invalid condition id : UX_CORESTACK_Condition cause : null
2023-10-06 20:11:25,743 [WARN] PackLoader:240 - Cannot read IP mode file for STMicroelectronics.X-CUBE-AZRTOS-WL.2.0.0
2023-10-06 20:11:25,776 [WARN] PackLoader:240 - Cannot read IP mode file for WES.I-CUBE-Cesium.1.3.0
2023-10-06 20:11:25,799 [WARN] PackLoader:240 - Cannot read IP mode file for STMicroelectronics.X-CUBE-BLE2.3.3.0
2023-10-06 20:11:25,828 [WARN] PackLoader:240 - Cannot read IP mode file for STMicroelectronics.X-CUBE-ALGOBUILD.1.3.0
2023-10-06 20:11:25,880 [WARN] PackLoader:240 - Cannot read IP mode file for STMicroelectronics.X-CUBE-AZRTOS-G0.1.1.0
2023-10-06 20:11:25,921 [WARN] PackLoader:240 - Cannot read IP mode file for STMicroelectronics.X-CUBE-NFC4.3.0.0
2023-10-06 20:11:25,949 [WARN] PackLoader:240 - Cannot read IP mode file for STMicroelectronics.FP-ATR-SIGFOX1.3.2.0
2023-10-06 20:11:26,192 [WARN] PackLoader:240 - Cannot read IP mode file for SEGGER.I-CUBE-embOS.1.3.1
2023-10-06 20:11:26,358 [WARN] PackLoader:240 - Cannot read IP mode file for STMicroelectronics.X-CUBE-GNSS1.6.0.0
2023-10-06 20:11:26,441 [WARN] PackLoader:240 - Cannot read IP mode file for STMicroelectronics.X-CUBE-AZRTOS-F4.1.1.0
2023-10-06 20:11:26,477 [WARN] PackLoader:240 - Cannot read IP mode file for wolfSSL.I-CUBE-wolfSSL.5.6.3
2023-10-06 20:11:26,543 [WARN] PackLoader:240 - Cannot read IP mode file for STMicroelectronics.X-CUBE-AZRTOS-L5.2.0.0
2023-10-06 20:11:26,655 [WARN] PackLoader:240 - Cannot read IP mode file for STMicroelectronics.X-CUBE-MEMS1.9.6.0
2023-10-06 20:11:27,109 [WARN] PackLoader:240 - Cannot read IP mode file for STMicroelectronics.X-CUBE-BLEMGR.2.0.0
2023-10-06 20:11:27,152 [WARN] ConditionMgr:438 - getConditionDescription Invalid condition id : UX DEVICE CLASS RTOS Condition cause : null
2023-10-06 20:11:27,152 [WARN] ConditionMgr:438 - getConditionDescription Invalid condition id : UX DEVICE CLASS RTOS Condition cause : null
2023-10-06 20:11:27,157 [WARN] PackLoader:240 - Cannot read IP mode file for STMicroelectronics.X-CUBE-AZRTOS-H7.3.1.0
2023-10-06 20:11:27,159 [WARN] ConditionMgr:1039 - genDependencies : Invalid condition id : UX DEVICE CLASS RTOS Condition cause : null
2023-10-06 20:11:27,159 [WARN] ConditionMgr:1039 - genDependencies : Invalid condition id : UX DEVICE CLASS RTOS Condition cause : null
2023-10-06 20:11:27,160 [WARN] ConditionMgr:1039 - genDependencies : Invalid condition id : UX DEVICE CLASS RTOS Condition cause : null
2023-10-06 20:11:27,161 [WARN] ConditionMgr:1039 - genDependencies : Invalid condition id : UX DEVICE CLASS RTOS Condition cause : null
2023-10-06 20:11:27,162 [WARN] ConditionMgr:1039 - genDependencies : Invalid condition id : UX DEVICE CLASS RTOS Condition cause : null
2023-10-06 20:11:27,189 [WARN] PackLoader:240 - Cannot read IP mode file for STMicroelectronics.X-CUBE-NFC7.1.0.1
2023-10-06 20:11:27,222 [WARN] PackLoader:240 - Cannot read IP mode file for STMicroelectronics.X-CUBE-NFC6.3.0.0
2023-10-06 20:11:27,252 [WARN] PackLoader:240 - Cannot read IP mode file for STMicroelectronics.X-CUBE-EEPRMA1.4.1.0
2023-10-06 20:11:27,278 [WARN] PackLoader:240 - Cannot read IP mode file for STMicroelectronics.X-CUBE-AI.8.1.0
2023-10-06 20:11:27,341 [WARN] ConditionMgr:438 - getConditionDescription Invalid condition id : LAN8742 Phy interface Condition cause : null
2023-10-06 20:11:27,346 [WARN] PackLoader:240 - Cannot read IP mode file for STMicroelectronics.X-CUBE-AZRTOS-L4.2.0.0
2023-10-06 20:11:27,349 [WARN] ConditionMgr:1039 - genDependencies : Invalid condition id : LAN8742 Phy interface Condition cause : null
2023-10-06 20:11:27,349 [WARN] ConditionMgr:1039 - genDependencies : Invalid condition id : LAN8742 Phy interface Condition cause : null
2023-10-06 20:11:27,352 [WARN] ConditionMgr:1039 - genDependencies : Invalid condition id : LAN8742 Phy interface Condition cause : null
2023-10-06 20:11:27,378 [WARN] PackLoader:240 - Cannot read IP mode file for STMicroelectronics.X-CUBE-SFXS2LP1.4.0.0
2023-10-06 20:11:27,403 [WARN] PackLoader:240 - Cannot read IP mode file for STMicroelectronics.X-CUBE-ISPU.1.1.0
2023-10-06 20:11:27,437 [WARN] ConditionMgr:438 - getConditionDescription Invalid condition id : UX DEVICE CLASS RTOS Condition cause : null
2023-10-06 20:11:27,437 [WARN] ConditionMgr:438 - getConditionDescription Invalid condition id : UX DEVICE CLASS RTOS Condition cause : null
2023-10-06 20:11:27,442 [WARN] PackLoader:240 - Cannot read IP mode file for STMicroelectronics.X-CUBE-AZRTOS-WB.2.0.0
2023-10-06 20:11:27,442 [WARN] ConditionMgr:1039 - genDependencies : Invalid condition id : UX DEVICE CLASS RTOS Condition cause : null
2023-10-06 20:11:27,443 [WARN] ConditionMgr:1039 - genDependencies : Invalid condition id : UX DEVICE CLASS RTOS Condition cause : null
2023-10-06 20:11:27,444 [WARN] ConditionMgr:1039 - genDependencies : Invalid condition id : UX DEVICE CLASS RTOS Condition cause : null
2023-10-06 20:11:27,444 [WARN] ConditionMgr:1039 - genDependencies : Invalid condition id : UX DEVICE CLASS RTOS Condition cause : null
2023-10-06 20:11:27,447 [WARN] ConditionMgr:1039 - genDependencies : Invalid condition id : UX DEVICE CLASS RTOS Condition cause : null
2023-10-06 20:11:27,494 [WARN] PackLoader:240 - Cannot read IP mode file for STMicroelectronics.X-CUBE-SUBG2.5.0.0
2023-10-06 20:11:27,540 [WARN] PackLoader:240 - Cannot read IP mode file for STMicroelectronics.X-CUBE-TOF1.3.3.1
2023-10-06 20:11:27,639 [WARN] PackLoader:240 - Cannot read IP mode file for STMicroelectronics.X-CUBE-AZRTOS-G4.2.0.0
2023-10-06 20:11:27,661 [WARN] PackLoader:240 - Cannot read IP mode file for STMicroelectronics.X-CUBE-FREERTOS.1.1.0
2023-10-06 20:11:27,683 [WARN] PackLoader:240 - Cannot read IP mode file for portGmbH.I-Cube-SoM-uGOAL.1.1.0
2023-10-06 20:11:27,709 [WARN] PackLoader:240 - Cannot read IP mode file for STMicroelectronics.X-CUBE-ALS.1.0.1
2023-10-06 20:11:27,881 [WARN] PackLoader:240 - Cannot read IP mode file for STMicroelectronics.FP-ATR-ASTRA1.2.0.0
2023-10-06 20:11:27,882 [INFO] ThirdParty:978 - Integrity check success = true
2023-10-06 20:11:27,882 [INFO] IntegrityCheckThread:100 - exiting critical section [integrity check]
2023-10-06 20:11:27,882 [INFO] IntegrityCheckThread:103 - End integrity checks thread
2023-10-06 20:11:29,131 [INFO] WebApp:157 - Instantiating new browser for Auth
2023-10-06 20:11:30,387 [INFO] WebApp:753 - Register for checkConnection events
2023-10-06 20:11:30,387 [INFO] WebApp:390 - Apply proxy settings
2023-10-06 20:11:30,388 [INFO] WebApp:475 - Chromium requires no authentication
2023-10-06 20:11:30,402 [INFO] WebApp:418 - Direct internet connection detected
2023-10-06 20:11:30,685 [INFO] WebApp:188 - Starting web application
2023-10-06 20:11:30,685 [INFO] WebApp:520 - Web application path used C:\ST\STM32CubeIDE_1.12.0\STM32CubeIDE\plugins\com.st.stm32cube.common.mx_6.9.1.202307191849\db\plugins\mcufinder\reactClient1\index.html
2023-10-06 20:11:52,414 [ERROR] LogOutputStream:75 - [STDERR_REDIRECT] SLF4J: Failed to load class "org.slf4j.impl.StaticLoggerBinder".
2023-10-06 20:11:52,414 [ERROR] LogOutputStream:75 - [STDERR_REDIRECT] SLF4J: Defaulting to no-operation (NOP) logger implementation
2023-10-06 20:11:52,417 [ERROR] LogOutputStream:75 - [STDERR_REDIRECT] SLF4J: See http://www.slf4j.org/codes.html#StaticLoggerBinder for further details.
2023-10-06 21:06:56,456 [ERROR] LogOutputStream:75 - [STDERR_REDIRECT] 
2023-10-06 21:38:45,152 [INFO] Activator:176 - 


2023-10-06 21:38:45,156 [INFO] Activator:177 - !SESSION log4j initialized
2023-10-06 21:38:54,834 [INFO] LogOutputStream:77 - [STDOUT_REDIRECT] 
2023-10-06 21:38:57,931 [INFO] ApplicationProperties:184 - Using Application install path: C:\ST\STM32CubeIDE_1.12.0\STM32CubeIDE\plugins\com.st.stm32cube.common.mx_6.9.1.202307191849
2023-10-06 21:38:57,966 [INFO] DbMcusXml:78 - Set database path to: C:\ST\STM32CubeIDE_1.12.0\STM32CubeIDE\plugins\com.st.stm32cube.common.mx_6.9.1.202307191849\\db\/mcu/
2023-10-06 21:38:57,967 [INFO] ApiDb:274 - Set plugin database path to: C:\ST\STM32CubeIDE_1.12.0\STM32CubeIDE\plugins\com.st.stm32cube.common.mx_6.9.1.202307191849\\db\/plugins/boardmanager/
2023-10-06 21:38:57,967 [WARN] ApiDb:259 - Overriding images path with different value:  => C:\ST\STM32CubeIDE_1.12.0\STM32CubeIDE\plugins\com.st.stm32cube.common.mx_6.9.1.202307191849\\db\/plugins/mcufinder/images/
2023-10-06 21:38:57,984 [INFO] ApiDb:250 - Set database path to: C:\Users\win 10\.stmcufinder\plugins\mcufinder//mcu/
2023-10-06 21:38:57,986 [INFO] DbMcusAds:125 - Set database path to: C:\Users\win 10\.stmcufinder\plugins\mcufinder//mcu/
2023-10-06 21:38:58,735 [INFO] CrossReferenceDbSqlite:203 - Set database path to: C:\Users\win 10\.stmcufinder\plugins\mcufinder//mcu/cs/
2023-10-06 21:38:58,948 [INFO] RulesReader:64 - Compatibility file has been processed (293 Rules)
2023-10-06 21:38:59,095 [INFO] DbMcusXml:78 - Set database path to: C:\ST\STM32CubeIDE_1.12.0\STM32CubeIDE\plugins\com.st.stm32cube.common.mx_6.9.1.202307191849\\db\/mcu/
2023-10-06 21:38:59,096 [INFO] ApiDb:274 - Set plugin database path to: C:\ST\STM32CubeIDE_1.12.0\STM32CubeIDE\plugins\com.st.stm32cube.common.mx_6.9.1.202307191849\\db\/plugins/boardmanager/
2023-10-06 21:38:59,096 [INFO] ApiDb:261 - Set plugin images path to: C:\ST\STM32CubeIDE_1.12.0\STM32CubeIDE\plugins\com.st.stm32cube.common.mx_6.9.1.202307191849\\db\/plugins/mcufinder/images/
2023-10-06 21:38:59,096 [WARN] DbFile:41 - Overriding database path with different value: C:\Users\win 10\.stmcufinder\plugins\mcufinder/ => C:\Users\win 10\.stmcufinder\plugins\mcufinder
2023-10-06 21:38:59,096 [INFO] ApiDb:250 - Set database path to: C:\Users\win 10\.stmcufinder\plugins\mcufinder//mcu/
2023-10-06 21:38:59,097 [WARN] DbFile:41 - Overriding database path with different value: C:\Users\win 10\.stmcufinder\plugins\mcufinder/ => C:\Users\win 10\.stmcufinder\plugins\mcufinder
2023-10-06 21:38:59,097 [INFO] DbMcusAds:125 - Set database path to: C:\Users\win 10\.stmcufinder\plugins\mcufinder//mcu/
2023-10-06 21:38:59,097 [WARN] DbFile:41 - Overriding database path with different value: C:\Users\win 10\.stmcufinder\plugins\mcufinder/ => C:\Users\win 10\.stmcufinder\plugins\mcufinder
2023-10-06 21:38:59,097 [WARN] DbFile:41 - Overriding database path with different value: C:\Users\win 10\.stmcufinder\plugins\mcufinder/ => C:\Users\win 10\.stmcufinder\plugins\mcufinder
2023-10-06 21:38:59,747 [INFO] CrossReferenceDbSqlite:203 - Set database path to: C:\Users\win 10\.stmcufinder\plugins\mcufinder//mcu/cs/
2023-10-06 21:38:59,894 [INFO] MainPanel:262 - HeapMemory: 268435456
2023-10-06 21:39:00,051 [INFO] DbMcusXml:78 - Set database path to: C:\ST\STM32CubeIDE_1.12.0\STM32CubeIDE\plugins\com.st.stm32cube.common.mx_6.9.1.202307191849\\db\/mcu/
2023-10-06 21:39:00,051 [INFO] ApiDb:274 - Set plugin database path to: C:\ST\STM32CubeIDE_1.12.0\STM32CubeIDE\plugins\com.st.stm32cube.common.mx_6.9.1.202307191849\\db\/plugins/boardmanager/
2023-10-06 21:39:00,052 [INFO] ApiDb:261 - Set plugin images path to: C:\ST\STM32CubeIDE_1.12.0\STM32CubeIDE\plugins\com.st.stm32cube.common.mx_6.9.1.202307191849\\db\/plugins/mcufinder/images/
2023-10-06 21:39:00,052 [WARN] DbFile:41 - Overriding database path with different value: C:\Users\win 10\.stmcufinder\plugins\mcufinder/ => C:\Users\win 10\.stmcufinder\plugins\mcufinder
2023-10-06 21:39:00,052 [INFO] ApiDb:250 - Set database path to: C:\Users\win 10\.stmcufinder\plugins\mcufinder//mcu/
2023-10-06 21:39:00,052 [WARN] DbFile:41 - Overriding database path with different value: C:\Users\win 10\.stmcufinder\plugins\mcufinder/ => C:\Users\win 10\.stmcufinder\plugins\mcufinder
2023-10-06 21:39:00,053 [INFO] DbMcusAds:125 - Set database path to: C:\Users\win 10\.stmcufinder\plugins\mcufinder//mcu/
2023-10-06 21:39:00,053 [WARN] DbFile:41 - Overriding database path with different value: C:\Users\win 10\.stmcufinder\plugins\mcufinder/ => C:\Users\win 10\.stmcufinder\plugins\mcufinder
2023-10-06 21:39:00,053 [WARN] DbFile:41 - Overriding database path with different value: C:\Users\win 10\.stmcufinder\plugins\mcufinder/ => C:\Users\win 10\.stmcufinder\plugins\mcufinder
2023-10-06 21:39:00,734 [INFO] CrossReferenceDbSqlite:203 - Set database path to: C:\Users\win 10\.stmcufinder\plugins\mcufinder//mcu/cs/
2023-10-06 21:39:00,770 [INFO] ApplicationProperties:184 - Using Application install path: C:\ST\STM32CubeIDE_1.12.0\STM32CubeIDE\plugins\com.st.stm32cube.common.mx_6.9.1.202307191849
2023-10-06 21:39:00,772 [INFO] PluginManage:196 - Search for loadable plugins [exclusion list=, ]
2023-10-06 21:39:00,774 [INFO] PluginManage:310 - Check plugin analytics
2023-10-06 21:39:01,901 [INFO] AnalyticsPlugin:253 - Accepted Software Licenses: STM32CubeMX.6.5.0,STM32CubeMX.6.9.1
2023-10-06 21:39:01,902 [INFO] AnalyticsPlugin:255 - Accepted CMSIS Pack Licenses: 
2023-10-06 21:39:01,902 [INFO] AnalyticsPlugin:257 - Accepted Firmware Licenses: 
2023-10-06 21:39:01,906 [INFO] PluginManage:359 - Loaded plugin analytics (category:tool,tabindex:-1)
2023-10-06 21:39:01,907 [INFO] PluginManage:310 - Check plugin cadmodel
2023-10-06 21:39:01,916 [INFO] CADModel:105 - Init CAD model plugin
2023-10-06 21:39:01,917 [INFO] PluginManage:359 - Loaded plugin cadmodel (category:power,tabindex:5)
2023-10-06 21:39:01,917 [INFO] PluginManage:310 - Check plugin clock
2023-10-06 21:39:01,939 [INFO] PluginManage:359 - Loaded plugin clock (category:base,tabindex:2)
2023-10-06 21:39:01,940 [INFO] PluginManage:310 - Check plugin ddr
2023-10-06 21:39:01,944 [INFO] PluginManage:359 - Loaded plugin ddr (category:tool,tabindex:6)
2023-10-06 21:39:01,944 [INFO] PluginManage:310 - Check plugin filemanager
2023-10-06 21:39:02,157 [INFO] PluginManage:359 - Loaded plugin filemanager (category:base,tabindex:10)
2023-10-06 21:39:02,158 [INFO] PluginManage:310 - Check plugin ipmanager
2023-10-06 21:39:02,175 [INFO] PluginManage:359 - Loaded plugin ipmanager (category:base,tabindex:5)
2023-10-06 21:39:02,175 [INFO] PluginManage:310 - Check plugin lpbam
2023-10-06 21:39:02,190 [INFO] PluginManage:359 - Loaded plugin lpbam (category:base,tabindex:0)
2023-10-06 21:39:02,190 [INFO] PluginManage:310 - Check plugin memorymap
2023-10-06 21:39:02,216 [INFO] PluginManage:359 - Loaded plugin memorymap (category:base,tabindex:4)
2023-10-06 21:39:02,217 [INFO] PluginManage:310 - Check plugin pinoutandconfiguration
2023-10-06 21:39:02,236 [INFO] PluginManage:359 - Loaded plugin pinoutandconfiguration (category:base,tabindex:1)
2023-10-06 21:39:02,236 [INFO] PluginManage:310 - Check plugin pinoutconfig
2023-10-06 21:39:02,372 [WARN] SupportedApi:132 - Cannot load RTOS API schema: s4s-elt-must-match.1: The content of 'definitions' must match (annotation?, (simpleType | complexType)?, (unique | key | keyref)*)). A problem was found starting at: attribute.
2023-10-06 21:39:02,581 [INFO] PluginManage:359 - Loaded plugin pinoutconfig (category:base,tabindex:0)
2023-10-06 21:39:02,583 [INFO] PluginManage:310 - Check plugin power
2023-10-06 21:39:02,600 [INFO] PluginManage:359 - Loaded plugin power (category:power,tabindex:4)
2023-10-06 21:39:02,600 [INFO] PluginManage:310 - Check plugin projectmanager
2023-10-06 21:39:02,622 [INFO] PluginManage:359 - Loaded plugin projectmanager (category:projectmanager,tabindex:3)
2023-10-06 21:39:02,622 [INFO] PluginManage:310 - Check plugin thirdparty
2023-10-06 21:39:02,819 [INFO] PluginManage:359 - Loaded plugin thirdparty (category:base,tabindex:-1)
2023-10-06 21:39:02,819 [WARN] IntegrityCheckThread:84 - waiting for thirdparty lock release [integrity check]
2023-10-06 21:39:02,820 [INFO] PluginManage:310 - Check plugin tools
2023-10-06 21:39:02,820 [INFO] IntegrityCheckThread:86 - entering critical section [integrity check]
2023-10-06 21:39:02,820 [INFO] ThirdPartyUpdaterWithRetryManager:70 - Updater plugin not ready yet. [1/15]
2023-10-06 21:39:02,825 [INFO] PluginManage:359 - Loaded plugin tools (category:base,tabindex:7)
2023-10-06 21:39:02,825 [INFO] PluginManage:310 - Check plugin tutovideos
2023-10-06 21:39:03,093 [INFO] PluginManage:359 - Loaded plugin tutovideos (category:base,tabindex:-1)
2023-10-06 21:39:03,093 [INFO] PluginManage:310 - Check plugin updater
2023-10-06 21:39:03,110 [INFO] PluginManage:359 - Loaded plugin updater (category:base,tabindex:12)
2023-10-06 21:39:03,110 [INFO] PluginManage:310 - Check plugin userauth
2023-10-06 21:39:03,124 [INFO] UserAuth:113 - Init User Auth plugin
2023-10-06 21:39:03,124 [INFO] PluginManage:359 - Loaded plugin userauth (category:base,tabindex:14)
2023-10-06 21:39:03,126 [INFO] PluginManage:283 - PluginManage : Loaded plugins [17]
2023-10-06 21:39:03,503 [INFO] PinOutPanel:1499 - setPackage(No Configuration,No Configuration)
2023-10-06 21:39:03,814 [INFO] CADModel:165 - CPN selected for project level
2023-10-06 21:39:03,815 [INFO] CADModel:114 - Register for checkConnection events
2023-10-06 21:39:03,879 [INFO] IPUIPlugin:80 - create IPUIPlugin
2023-10-06 21:39:03,880 [INFO] PluginManager:220 - loadIPPluginJar : add adc
2023-10-06 21:39:03,888 [INFO] IPUIPlugin:80 - create IPUIPlugin
2023-10-06 21:39:03,888 [INFO] PluginManager:220 - loadIPPluginJar : add aes
2023-10-06 21:39:03,898 [INFO] IPUIPlugin:80 - create IPUIPlugin
2023-10-06 21:39:03,898 [INFO] PluginManager:220 - loadIPPluginJar : add can
2023-10-06 21:39:03,904 [INFO] IPUIPlugin:80 - create IPUIPlugin
2023-10-06 21:39:03,905 [INFO] PluginManager:220 - loadIPPluginJar : add comp
2023-10-06 21:39:03,913 [INFO] IPUIPlugin:80 - create IPUIPlugin
2023-10-06 21:39:03,913 [INFO] PluginManager:220 - loadIPPluginJar : add cryp
2023-10-06 21:39:03,919 [INFO] IPUIPlugin:80 - create IPUIPlugin
2023-10-06 21:39:03,919 [INFO] PluginManager:220 - loadIPPluginJar : add dfsdm
2023-10-06 21:39:03,933 [INFO] IPUIPlugin:80 - create IPUIPlugin
2023-10-06 21:39:03,935 [INFO] PluginManager:220 - loadIPPluginJar : add dma
2023-10-06 21:39:03,940 [INFO] IPUIPlugin:80 - create IPUIPlugin
2023-10-06 21:39:03,941 [INFO] PluginManager:220 - loadIPPluginJar : add dma3
2023-10-06 21:39:03,945 [INFO] IPUIPlugin:80 - create IPUIPlugin
2023-10-06 21:39:03,945 [INFO] PluginManager:220 - loadIPPluginJar : add fatfs
2023-10-06 21:39:03,955 [INFO] IPUIPlugin:80 - create IPUIPlugin
2023-10-06 21:39:03,955 [INFO] PluginManager:220 - loadIPPluginJar : add fmc
2023-10-06 21:39:03,970 [INFO] IPUIPlugin:80 - create IPUIPlugin
2023-10-06 21:39:03,971 [INFO] PluginManager:220 - loadIPPluginJar : add freertos
2023-10-06 21:39:03,975 [INFO] IPUIPlugin:80 - create IPUIPlugin
2023-10-06 21:39:03,975 [INFO] PluginManager:220 - loadIPPluginJar : add genericplugin
2023-10-06 21:39:03,983 [INFO] IPUIPlugin:80 - create IPUIPlugin
2023-10-06 21:39:03,984 [INFO] PluginManager:220 - loadIPPluginJar : add gfxmmu
2023-10-06 21:39:03,991 [INFO] IPUIPlugin:80 - create IPUIPlugin
2023-10-06 21:39:03,992 [INFO] PluginManager:220 - loadIPPluginJar : add gic
2023-10-06 21:39:04,001 [INFO] IPUIPlugin:80 - create IPUIPlugin
2023-10-06 21:39:04,001 [INFO] PluginManager:220 - loadIPPluginJar : add gpio
2023-10-06 21:39:04,007 [INFO] IPUIPlugin:80 - create IPUIPlugin
2023-10-06 21:39:04,008 [INFO] PluginManager:220 - loadIPPluginJar : add gtzc
2023-10-06 21:39:04,017 [INFO] IPUIPlugin:80 - create IPUIPlugin
2023-10-06 21:39:04,018 [INFO] PluginManager:220 - loadIPPluginJar : add hash
2023-10-06 21:39:04,022 [INFO] IPUIPlugin:80 - create IPUIPlugin
2023-10-06 21:39:04,023 [INFO] PluginManager:220 - loadIPPluginJar : add i2c
2023-10-06 21:39:04,028 [INFO] IPUIPlugin:80 - create IPUIPlugin
2023-10-06 21:39:04,031 [INFO] PluginManager:220 - loadIPPluginJar : add i2s
2023-10-06 21:39:04,038 [INFO] IPUIPlugin:80 - create IPUIPlugin
2023-10-06 21:39:04,039 [INFO] PluginManager:220 - loadIPPluginJar : add i3c
2023-10-06 21:39:04,045 [INFO] IPUIPlugin:80 - create IPUIPlugin
2023-10-06 21:39:04,045 [INFO] PluginManager:220 - loadIPPluginJar : add ipddr
2023-10-06 21:39:04,057 [INFO] IPUIPlugin:80 - create IPUIPlugin
2023-10-06 21:39:04,058 [INFO] PluginManager:220 - loadIPPluginJar : add linkedlist
2023-10-06 21:39:04,063 [INFO] IPUIPlugin:80 - create IPUIPlugin
2023-10-06 21:39:04,064 [INFO] PluginManager:220 - loadIPPluginJar : add lorawan
2023-10-06 21:39:04,067 [INFO] IPUIPlugin:80 - create IPUIPlugin
2023-10-06 21:39:04,067 [INFO] PluginManager:220 - loadIPPluginJar : add ltdc
2023-10-06 21:39:04,087 [INFO] IPUIPlugin:80 - create IPUIPlugin
2023-10-06 21:39:04,090 [INFO] PluginManager:220 - loadIPPluginJar : add mdma
2023-10-06 21:39:04,103 [INFO] IPUIPlugin:80 - create IPUIPlugin
2023-10-06 21:39:04,104 [INFO] PluginManager:220 - loadIPPluginJar : add nvic
2023-10-06 21:39:04,109 [INFO] IPUIPlugin:80 - create IPUIPlugin
2023-10-06 21:39:04,109 [INFO] PluginManager:220 - loadIPPluginJar : add opamp
2023-10-06 21:39:04,117 [INFO] IPUIPlugin:80 - create IPUIPlugin
2023-10-06 21:39:04,118 [INFO] PluginManager:220 - loadIPPluginJar : add openamp
2023-10-06 21:39:04,124 [INFO] IPUIPlugin:80 - create IPUIPlugin
2023-10-06 21:39:04,124 [INFO] PluginManager:220 - loadIPPluginJar : add pdm2pcm
2023-10-06 21:39:04,137 [INFO] IPUIPlugin:80 - create IPUIPlugin
2023-10-06 21:39:04,140 [INFO] PluginManager:220 - loadIPPluginJar : add plateformsettings
2023-10-06 21:39:04,147 [INFO] IPUIPlugin:80 - create IPUIPlugin
2023-10-06 21:39:04,147 [INFO] PluginManager:220 - loadIPPluginJar : add quadspi
2023-10-06 21:39:04,157 [INFO] IPUIPlugin:80 - create IPUIPlugin
2023-10-06 21:39:04,157 [INFO] PluginManager:220 - loadIPPluginJar : add resmgrutility
2023-10-06 21:39:04,165 [INFO] IPUIPlugin:80 - create IPUIPlugin
2023-10-06 21:39:04,165 [INFO] PluginManager:220 - loadIPPluginJar : add sai
2023-10-06 21:39:04,169 [INFO] IPUIPlugin:80 - create IPUIPlugin
2023-10-06 21:39:04,170 [INFO] PluginManager:220 - loadIPPluginJar : add spi
2023-10-06 21:39:04,177 [INFO] IPUIPlugin:80 - create IPUIPlugin
2023-10-06 21:39:04,177 [INFO] PluginManager:220 - loadIPPluginJar : add stm32_wpan
2023-10-06 21:39:04,182 [INFO] IPUIPlugin:80 - create IPUIPlugin
2023-10-06 21:39:04,183 [INFO] PluginManager:220 - loadIPPluginJar : add tim
2023-10-06 21:39:04,189 [INFO] IPUIPlugin:80 - create IPUIPlugin
2023-10-06 21:39:04,189 [INFO] PluginManager:220 - loadIPPluginJar : add touchsensing
2023-10-06 21:39:04,193 [INFO] IPUIPlugin:80 - create IPUIPlugin
2023-10-06 21:39:04,194 [INFO] PluginManager:220 - loadIPPluginJar : add tracer_emb
2023-10-06 21:39:04,200 [INFO] IPUIPlugin:80 - create IPUIPlugin
2023-10-06 21:39:04,200 [INFO] PluginManager:220 - loadIPPluginJar : add ts
2023-10-06 21:39:04,203 [INFO] IPUIPlugin:80 - create IPUIPlugin
2023-10-06 21:39:04,204 [INFO] PluginManager:220 - loadIPPluginJar : add tsc
2023-10-06 21:39:04,210 [INFO] IPUIPlugin:80 - create IPUIPlugin
2023-10-06 21:39:04,210 [INFO] PluginManager:220 - loadIPPluginJar : add ucpd
2023-10-06 21:39:04,220 [INFO] IPUIPlugin:80 - create IPUIPlugin
2023-10-06 21:39:04,220 [INFO] PluginManager:220 - loadIPPluginJar : add usart
2023-10-06 21:39:04,225 [INFO] IPUIPlugin:80 - create IPUIPlugin
2023-10-06 21:39:04,225 [INFO] PluginManager:220 - loadIPPluginJar : add usbx
2023-10-06 21:39:04,417 [INFO] CADModel:165 - CPN selected for project level
2023-10-06 21:39:04,418 [INFO] CADModel:114 - Register for checkConnection events
2023-10-06 21:39:04,418 [FATAL] Updater:308 - Updater called before beeing initialized
2023-10-06 21:39:04,418 [ERROR] CADModel:125 - Updater not yet initialized, retry later 
2023-10-06 21:39:04,673 [INFO] CADModel:165 - CPN selected for project level
2023-10-06 21:39:04,673 [INFO] CADModel:114 - Register for checkConnection events
2023-10-06 21:39:04,673 [FATAL] Updater:308 - Updater called before beeing initialized
2023-10-06 21:39:04,673 [ERROR] CADModel:125 - Updater not yet initialized, retry later 
2023-10-06 21:39:04,680 [FATAL] Updater:308 - Updater called before beeing initialized
2023-10-06 21:39:04,912 [FATAL] Updater:308 - Updater called before beeing initialized
2023-10-06 21:39:04,923 [INFO] DbMcusAds:53 - JSON generation date=Tue Mar 07 15:50:55 ICT 2023 (1678179055114)
2023-10-06 21:39:04,923 [FATAL] Updater:308 - Updater called before beeing initialized
2023-10-06 21:39:04,989 [WARN] DetailPanel:346 - Failed to get advertising image, set to default
2023-10-06 21:39:05,121 [FATAL] Updater:308 - Updater called before beeing initialized
2023-10-06 21:39:05,123 [FATAL] Updater:308 - Updater called before beeing initialized
2023-10-06 21:39:05,123 [FATAL] Updater:308 - Updater called before beeing initialized
2023-10-06 21:39:05,123 [WARN] DetailPanel:346 - Failed to get advertising image, set to default
2023-10-06 21:39:05,124 [FATAL] Updater:308 - Updater called before beeing initialized
2023-10-06 21:39:05,202 [ERROR] Updater:1120 - MainUpdater not yet initialized. External WinMGr cannot be set.
2023-10-06 21:39:05,205 [INFO] Updater:1056 - Updater Version found : 6.9.1
2023-10-06 21:39:05,249 [INFO] ApplicationProperties:184 - Using Application install path: C:\ST\STM32CubeIDE_1.12.0\STM32CubeIDE\plugins\com.st.stm32cube.common.mx_6.9.1.202307191849
2023-10-06 21:39:05,825 [INFO] ThirdPartyUpdaterWithRetryManager:70 - Updater plugin not ready yet. [2/15]
2023-10-06 21:39:07,128 [INFO] MainUpdater:2868 - connection check result : 10
2023-10-06 21:39:07,130 [INFO] MainUpdater:285 - Updater Check For Update Now.
2023-10-06 21:39:07,131 [INFO] MicroXplorer:498 - Change Database Version : DB.6.0.91
2023-10-06 21:39:07,145 [INFO] McuFinderGlobals:63 - Set McuFinder mode to 2 (CubeIDE integrated)
2023-10-06 21:39:07,145 [INFO] UserAuth:179 - activating auth plugin
2023-10-06 21:39:07,155 [INFO] UserAuth:393 - Internet connection configuration mode: 1
2023-10-06 21:39:07,206 [INFO] JxBrowserEngine:151 - Initiate JxBrowser Engine with user profile folder
2023-10-06 21:39:07,453 [INFO] CheckServerUpdateThread:120 - End of CheckServer Thread
2023-10-06 21:39:08,865 [INFO] WebApp:157 - Instantiating new browser for Auth
2023-10-06 21:39:09,309 [WARN] PackLoader:240 - Cannot read IP mode file for STMicroelectronics.X-CUBE-SMBUS.2.1.0
2023-10-06 21:39:09,381 [WARN] PackLoader:240 - Cannot read IP mode file for STMicroelectronics.X-CUBE-AZRTOS-F7.1.1.0
2023-10-06 21:39:09,404 [WARN] PackLoader:240 - Cannot read IP mode file for STMicroelectronics.FP-SNS-MOTENV1.4.3.2
2023-10-06 21:39:09,414 [WARN] PackLoader:240 - Cannot read IP mode file for STMicroelectronics.FP-SNS-FLIGHT1.5.0.2
2023-10-06 21:39:09,429 [WARN] PackLoader:240 - Cannot read IP mode file for STMicroelectronics.X-CUBE-DISPLAY.3.0.0
2023-10-06 21:39:09,454 [WARN] PackLoader:240 - Cannot read IP mode file for STMicroelectronics.X-CUBE-BLE1.7.0.0
2023-10-06 21:39:09,466 [WARN] PackLoader:240 - Cannot read IP mode file for emotas.I-CUBE-CANOPEN.1.3.0
2023-10-06 21:39:09,474 [WARN] PackLoader:240 - Cannot read IP mode file for STMicroelectronics.X-CUBE-TOUCHGFX.4.22.0
2023-10-06 21:39:09,483 [WARN] PackLoader:240 - Cannot read IP mode file for STMicroelectronics.FP-SNS-SMARTAG2.1.2.0
2023-10-06 21:39:09,506 [INFO] LogOutputStream:77 - [STDOUT_REDIRECT] 1 : Invalid condition id : UX_CORESTACK_Condition cause : null
2023-10-06 21:39:09,508 [INFO] LogOutputStream:77 - [STDOUT_REDIRECT] 1 : Invalid condition id : UX_CORESTACK_Condition cause : null
2023-10-06 21:39:09,512 [INFO] LogOutputStream:77 - [STDOUT_REDIRECT] 1 : Invalid condition id : UX_CORESTACK_Condition cause : null
2023-10-06 21:39:09,514 [INFO] LogOutputStream:77 - [STDOUT_REDIRECT] 1 : Invalid condition id : UX_CORESTACK_Condition cause : null
2023-10-06 21:39:09,517 [INFO] LogOutputStream:77 - [STDOUT_REDIRECT] 1 : Invalid condition id : UX_CORESTACK_Condition cause : null
2023-10-06 21:39:09,523 [WARN] PackLoader:240 - Cannot read IP mode file for STMicroelectronics.X-CUBE-AZRTOS-WL.2.0.0
2023-10-06 21:39:09,540 [WARN] PackLoader:240 - Cannot read IP mode file for WES.I-CUBE-Cesium.1.3.0
2023-10-06 21:39:09,549 [WARN] PackLoader:240 - Cannot read IP mode file for STMicroelectronics.X-CUBE-BLE2.3.3.0
2023-10-06 21:39:09,563 [WARN] PackLoader:240 - Cannot read IP mode file for STMicroelectronics.X-CUBE-ALGOBUILD.1.3.0
2023-10-06 21:39:09,601 [WARN] PackLoader:240 - Cannot read IP mode file for STMicroelectronics.X-CUBE-AZRTOS-G0.1.1.0
2023-10-06 21:39:09,619 [WARN] PackLoader:240 - Cannot read IP mode file for STMicroelectronics.X-CUBE-NFC4.3.0.0
2023-10-06 21:39:09,630 [WARN] PackLoader:240 - Cannot read IP mode file for STMicroelectronics.FP-ATR-SIGFOX1.3.2.0
2023-10-06 21:39:09,689 [WARN] PackLoader:240 - Cannot read IP mode file for SEGGER.I-CUBE-embOS.1.3.1
2023-10-06 21:39:09,863 [WARN] PackLoader:240 - Cannot read IP mode file for STMicroelectronics.X-CUBE-GNSS1.6.0.0
2023-10-06 21:39:09,944 [WARN] PackLoader:240 - Cannot read IP mode file for STMicroelectronics.X-CUBE-AZRTOS-F4.1.1.0
2023-10-06 21:39:09,960 [WARN] PackLoader:240 - Cannot read IP mode file for wolfSSL.I-CUBE-wolfSSL.5.6.3
2023-10-06 21:39:10,040 [WARN] PackLoader:240 - Cannot read IP mode file for STMicroelectronics.X-CUBE-AZRTOS-L5.2.0.0
2023-10-06 21:39:10,159 [WARN] PackLoader:240 - Cannot read IP mode file for STMicroelectronics.X-CUBE-MEMS1.9.6.0
2023-10-06 21:39:10,515 [WARN] PackLoader:240 - Cannot read IP mode file for STMicroelectronics.X-CUBE-BLEMGR.2.0.0
2023-10-06 21:39:10,548 [WARN] ConditionMgr:438 - getConditionDescription Invalid condition id : UX DEVICE CLASS RTOS Condition cause : null
2023-10-06 21:39:10,548 [WARN] ConditionMgr:438 - getConditionDescription Invalid condition id : UX DEVICE CLASS RTOS Condition cause : null
2023-10-06 21:39:10,554 [WARN] PackLoader:240 - Cannot read IP mode file for STMicroelectronics.X-CUBE-AZRTOS-H7.3.1.0
2023-10-06 21:39:10,556 [WARN] ConditionMgr:1039 - genDependencies : Invalid condition id : UX DEVICE CLASS RTOS Condition cause : null
2023-10-06 21:39:10,557 [WARN] ConditionMgr:1039 - genDependencies : Invalid condition id : UX DEVICE CLASS RTOS Condition cause : null
2023-10-06 21:39:10,558 [WARN] ConditionMgr:1039 - genDependencies : Invalid condition id : UX DEVICE CLASS RTOS Condition cause : null
2023-10-06 21:39:10,560 [WARN] ConditionMgr:1039 - genDependencies : Invalid condition id : UX DEVICE CLASS RTOS Condition cause : null
2023-10-06 21:39:10,560 [WARN] ConditionMgr:1039 - genDependencies : Invalid condition id : UX DEVICE CLASS RTOS Condition cause : null
2023-10-06 21:39:10,572 [WARN] PackLoader:240 - Cannot read IP mode file for STMicroelectronics.X-CUBE-NFC7.1.0.1
2023-10-06 21:39:10,586 [INFO] WebApp:753 - Register for checkConnection events
2023-10-06 21:39:10,586 [INFO] WebApp:390 - Apply proxy settings
2023-10-06 21:39:10,586 [INFO] WebApp:475 - Chromium requires no authentication
2023-10-06 21:39:10,593 [WARN] PackLoader:240 - Cannot read IP mode file for STMicroelectronics.X-CUBE-NFC6.3.0.0
2023-10-06 21:39:10,609 [WARN] PackLoader:240 - Cannot read IP mode file for STMicroelectronics.X-CUBE-EEPRMA1.4.1.0
2023-10-06 21:39:10,614 [INFO] WebApp:418 - Direct internet connection detected
2023-10-06 21:39:10,620 [WARN] PackLoader:240 - Cannot read IP mode file for STMicroelectronics.X-CUBE-AI.8.1.0
2023-10-06 21:39:10,651 [WARN] ConditionMgr:438 - getConditionDescription Invalid condition id : LAN8742 Phy interface Condition cause : null
2023-10-06 21:39:10,652 [WARN] PackLoader:240 - Cannot read IP mode file for STMicroelectronics.X-CUBE-AZRTOS-L4.2.0.0
2023-10-06 21:39:10,655 [WARN] ConditionMgr:1039 - genDependencies : Invalid condition id : LAN8742 Phy interface Condition cause : null
2023-10-06 21:39:10,656 [WARN] ConditionMgr:1039 - genDependencies : Invalid condition id : LAN8742 Phy interface Condition cause : null
2023-10-06 21:39:10,657 [WARN] ConditionMgr:1039 - genDependencies : Invalid condition id : LAN8742 Phy interface Condition cause : null
2023-10-06 21:39:10,672 [WARN] PackLoader:240 - Cannot read IP mode file for STMicroelectronics.X-CUBE-SFXS2LP1.4.0.0
2023-10-06 21:39:10,681 [WARN] PackLoader:240 - Cannot read IP mode file for STMicroelectronics.X-CUBE-ISPU.1.1.0
2023-10-06 21:39:10,702 [WARN] ConditionMgr:438 - getConditionDescription Invalid condition id : UX DEVICE CLASS RTOS Condition cause : null
2023-10-06 21:39:10,703 [WARN] ConditionMgr:438 - getConditionDescription Invalid condition id : UX DEVICE CLASS RTOS Condition cause : null
2023-10-06 21:39:10,708 [WARN] PackLoader:240 - Cannot read IP mode file for STMicroelectronics.X-CUBE-AZRTOS-WB.2.0.0
2023-10-06 21:39:10,709 [WARN] ConditionMgr:1039 - genDependencies : Invalid condition id : UX DEVICE CLASS RTOS Condition cause : null
2023-10-06 21:39:10,710 [WARN] ConditionMgr:1039 - genDependencies : Invalid condition id : UX DEVICE CLASS RTOS Condition cause : null
2023-10-06 21:39:10,712 [WARN] ConditionMgr:1039 - genDependencies : Invalid condition id : UX DEVICE CLASS RTOS Condition cause : null
2023-10-06 21:39:10,713 [WARN] ConditionMgr:1039 - genDependencies : Invalid condition id : UX DEVICE CLASS RTOS Condition cause : null
2023-10-06 21:39:10,713 [WARN] ConditionMgr:1039 - genDependencies : Invalid condition id : UX DEVICE CLASS RTOS Condition cause : null
2023-10-06 21:39:10,730 [WARN] PackLoader:240 - Cannot read IP mode file for STMicroelectronics.X-CUBE-SUBG2.5.0.0
2023-10-06 21:39:10,756 [WARN] PackLoader:240 - Cannot read IP mode file for STMicroelectronics.X-CUBE-TOF1.3.3.1
2023-10-06 21:39:10,789 [WARN] PackLoader:240 - Cannot read IP mode file for STMicroelectronics.X-CUBE-AZRTOS-G4.2.0.0
2023-10-06 21:39:10,800 [WARN] PackLoader:240 - Cannot read IP mode file for STMicroelectronics.X-CUBE-FREERTOS.1.1.0
2023-10-06 21:39:10,810 [WARN] PackLoader:240 - Cannot read IP mode file for portGmbH.I-Cube-SoM-uGOAL.1.1.0
2023-10-06 21:39:10,822 [WARN] PackLoader:240 - Cannot read IP mode file for STMicroelectronics.X-CUBE-ALS.1.0.1
2023-10-06 21:39:10,830 [WARN] PackLoader:240 - Cannot read IP mode file for STMicroelectronics.FP-ATR-ASTRA1.2.0.0
2023-10-06 21:39:10,832 [INFO] ThirdParty:978 - Integrity check success = true
2023-10-06 21:39:10,832 [INFO] IntegrityCheckThread:100 - exiting critical section [integrity check]
2023-10-06 21:39:10,833 [INFO] IntegrityCheckThread:103 - End integrity checks thread
2023-10-06 21:39:11,202 [INFO] WebApp:188 - Starting web application
2023-10-06 21:39:11,202 [INFO] WebApp:520 - Web application path used C:\ST\STM32CubeIDE_1.12.0\STM32CubeIDE\plugins\com.st.stm32cube.common.mx_6.9.1.202307191849\db\plugins\mcufinder\reactClient1\index.html
2023-10-06 21:39:32,567 [ERROR] LogOutputStream:75 - [STDERR_REDIRECT] SLF4J: Failed to load class "org.slf4j.impl.StaticLoggerBinder".
2023-10-06 21:39:32,568 [ERROR] LogOutputStream:75 - [STDERR_REDIRECT] SLF4J: Defaulting to no-operation (NOP) logger implementation
2023-10-06 21:39:32,570 [ERROR] LogOutputStream:75 - [STDERR_REDIRECT] SLF4J: See http://www.slf4j.org/codes.html#StaticLoggerBinder for further details.
2023-10-06 22:42:23,087 [ERROR] LogOutputStream:75 - [STDERR_REDIRECT] 
