2023-10-05 08:26:31,969 [INFO] Activator:176 - 


2023-10-05 08:26:31,983 [INFO] Activator:177 - !SESSION log4j initialized
2023-10-05 08:26:42,355 [INFO] LogOutputStream:77 - [STDOUT_REDIRECT] 
2023-10-05 08:26:46,905 [INFO] ApplicationProperties:184 - Using Application install path: C:\ST\STM32CubeIDE_1.12.0\STM32CubeIDE\plugins\com.st.stm32cube.common.mx_6.9.1.202307191849
2023-10-05 08:26:46,941 [INFO] DbMcusXml:78 - Set database path to: C:\ST\STM32CubeIDE_1.12.0\STM32CubeIDE\plugins\com.st.stm32cube.common.mx_6.9.1.202307191849\\db\/mcu/
2023-10-05 08:26:46,944 [INFO] ApiDb:274 - Set plugin database path to: C:\ST\STM32CubeIDE_1.12.0\STM32CubeIDE\plugins\com.st.stm32cube.common.mx_6.9.1.202307191849\\db\/plugins/boardmanager/
2023-10-05 08:26:46,946 [WARN] ApiDb:259 - Overriding images path with different value:  => C:\ST\STM32CubeIDE_1.12.0\STM32CubeIDE\plugins\com.st.stm32cube.common.mx_6.9.1.202307191849\\db\/plugins/mcufinder/images/
2023-10-05 08:26:46,977 [INFO] ApiDb:250 - Set database path to: C:\Users\win 10\.stmcufinder\plugins\mcufinder//mcu/
2023-10-05 08:26:46,977 [INFO] DbMcusAds:125 - Set database path to: C:\Users\win 10\.stmcufinder\plugins\mcufinder//mcu/
2023-10-05 08:26:47,741 [INFO] CrossReferenceDbSqlite:203 - Set database path to: C:\Users\win 10\.stmcufinder\plugins\mcufinder//mcu/cs/
2023-10-05 08:26:47,882 [INFO] RulesReader:64 - Compatibility file has been processed (293 Rules)
2023-10-05 08:26:48,027 [INFO] DbMcusXml:78 - Set database path to: C:\ST\STM32CubeIDE_1.12.0\STM32CubeIDE\plugins\com.st.stm32cube.common.mx_6.9.1.202307191849\\db\/mcu/
2023-10-05 08:26:48,027 [INFO] ApiDb:274 - Set plugin database path to: C:\ST\STM32CubeIDE_1.12.0\STM32CubeIDE\plugins\com.st.stm32cube.common.mx_6.9.1.202307191849\\db\/plugins/boardmanager/
2023-10-05 08:26:48,027 [INFO] ApiDb:261 - Set plugin images path to: C:\ST\STM32CubeIDE_1.12.0\STM32CubeIDE\plugins\com.st.stm32cube.common.mx_6.9.1.202307191849\\db\/plugins/mcufinder/images/
2023-10-05 08:26:48,027 [WARN] DbFile:41 - Overriding database path with different value: C:\Users\win 10\.stmcufinder\plugins\mcufinder/ => C:\Users\win 10\.stmcufinder\plugins\mcufinder
2023-10-05 08:26:48,027 [INFO] ApiDb:250 - Set database path to: C:\Users\win 10\.stmcufinder\plugins\mcufinder//mcu/
2023-10-05 08:26:48,027 [WARN] DbFile:41 - Overriding database path with different value: C:\Users\win 10\.stmcufinder\plugins\mcufinder/ => C:\Users\win 10\.stmcufinder\plugins\mcufinder
2023-10-05 08:26:48,027 [INFO] DbMcusAds:125 - Set database path to: C:\Users\win 10\.stmcufinder\plugins\mcufinder//mcu/
2023-10-05 08:26:48,027 [WARN] DbFile:41 - Overriding database path with different value: C:\Users\win 10\.stmcufinder\plugins\mcufinder/ => C:\Users\win 10\.stmcufinder\plugins\mcufinder
2023-10-05 08:26:48,027 [WARN] DbFile:41 - Overriding database path with different value: C:\Users\win 10\.stmcufinder\plugins\mcufinder/ => C:\Users\win 10\.stmcufinder\plugins\mcufinder
2023-10-05 08:26:48,742 [INFO] CrossReferenceDbSqlite:203 - Set database path to: C:\Users\win 10\.stmcufinder\plugins\mcufinder//mcu/cs/
2023-10-05 08:26:48,836 [INFO] MainPanel:262 - HeapMemory: 268435456
2023-10-05 08:26:48,961 [INFO] DbMcusXml:78 - Set database path to: C:\ST\STM32CubeIDE_1.12.0\STM32CubeIDE\plugins\com.st.stm32cube.common.mx_6.9.1.202307191849\\db\/mcu/
2023-10-05 08:26:48,961 [INFO] ApiDb:274 - Set plugin database path to: C:\ST\STM32CubeIDE_1.12.0\STM32CubeIDE\plugins\com.st.stm32cube.common.mx_6.9.1.202307191849\\db\/plugins/boardmanager/
2023-10-05 08:26:48,961 [INFO] ApiDb:261 - Set plugin images path to: C:\ST\STM32CubeIDE_1.12.0\STM32CubeIDE\plugins\com.st.stm32cube.common.mx_6.9.1.202307191849\\db\/plugins/mcufinder/images/
2023-10-05 08:26:48,961 [WARN] DbFile:41 - Overriding database path with different value: C:\Users\win 10\.stmcufinder\plugins\mcufinder/ => C:\Users\win 10\.stmcufinder\plugins\mcufinder
2023-10-05 08:26:48,961 [INFO] ApiDb:250 - Set database path to: C:\Users\win 10\.stmcufinder\plugins\mcufinder//mcu/
2023-10-05 08:26:48,961 [WARN] DbFile:41 - Overriding database path with different value: C:\Users\win 10\.stmcufinder\plugins\mcufinder/ => C:\Users\win 10\.stmcufinder\plugins\mcufinder
2023-10-05 08:26:48,961 [INFO] DbMcusAds:125 - Set database path to: C:\Users\win 10\.stmcufinder\plugins\mcufinder//mcu/
2023-10-05 08:26:48,961 [WARN] DbFile:41 - Overriding database path with different value: C:\Users\win 10\.stmcufinder\plugins\mcufinder/ => C:\Users\win 10\.stmcufinder\plugins\mcufinder
2023-10-05 08:26:48,961 [WARN] DbFile:41 - Overriding database path with different value: C:\Users\win 10\.stmcufinder\plugins\mcufinder/ => C:\Users\win 10\.stmcufinder\plugins\mcufinder
2023-10-05 08:26:49,760 [INFO] CrossReferenceDbSqlite:203 - Set database path to: C:\Users\win 10\.stmcufinder\plugins\mcufinder//mcu/cs/
2023-10-05 08:26:49,775 [INFO] ApplicationProperties:184 - Using Application install path: C:\ST\STM32CubeIDE_1.12.0\STM32CubeIDE\plugins\com.st.stm32cube.common.mx_6.9.1.202307191849
2023-10-05 08:26:49,775 [INFO] PluginManage:196 - Search for loadable plugins [exclusion list=, ]
2023-10-05 08:26:49,775 [INFO] PluginManage:310 - Check plugin analytics
2023-10-05 08:26:50,850 [INFO] AnalyticsPlugin:253 - Accepted Software Licenses: STM32CubeMX.6.5.0,STM32CubeMX.6.9.1
2023-10-05 08:26:50,850 [INFO] AnalyticsPlugin:255 - Accepted CMSIS Pack Licenses: 
2023-10-05 08:26:50,851 [INFO] AnalyticsPlugin:257 - Accepted Firmware Licenses: 
2023-10-05 08:26:50,855 [INFO] PluginManage:359 - Loaded plugin analytics (category:tool,tabindex:-1)
2023-10-05 08:26:50,855 [INFO] PluginManage:310 - Check plugin cadmodel
2023-10-05 08:26:50,861 [INFO] CADModel:105 - Init CAD model plugin
2023-10-05 08:26:50,861 [INFO] PluginManage:359 - Loaded plugin cadmodel (category:power,tabindex:5)
2023-10-05 08:26:50,876 [INFO] PluginManage:310 - Check plugin clock
2023-10-05 08:26:50,902 [INFO] PluginManage:359 - Loaded plugin clock (category:base,tabindex:2)
2023-10-05 08:26:50,903 [INFO] PluginManage:310 - Check plugin ddr
2023-10-05 08:26:50,906 [INFO] PluginManage:359 - Loaded plugin ddr (category:tool,tabindex:6)
2023-10-05 08:26:50,907 [INFO] PluginManage:310 - Check plugin filemanager
2023-10-05 08:26:51,136 [INFO] PluginManage:359 - Loaded plugin filemanager (category:base,tabindex:10)
2023-10-05 08:26:51,137 [INFO] PluginManage:310 - Check plugin ipmanager
2023-10-05 08:26:51,147 [INFO] PluginManage:359 - Loaded plugin ipmanager (category:base,tabindex:5)
2023-10-05 08:26:51,147 [INFO] PluginManage:310 - Check plugin lpbam
2023-10-05 08:26:51,161 [INFO] PluginManage:359 - Loaded plugin lpbam (category:base,tabindex:0)
2023-10-05 08:26:51,161 [INFO] PluginManage:310 - Check plugin memorymap
2023-10-05 08:26:51,176 [INFO] PluginManage:359 - Loaded plugin memorymap (category:base,tabindex:4)
2023-10-05 08:26:51,176 [INFO] PluginManage:310 - Check plugin pinoutandconfiguration
2023-10-05 08:26:51,208 [INFO] PluginManage:359 - Loaded plugin pinoutandconfiguration (category:base,tabindex:1)
2023-10-05 08:26:51,208 [INFO] PluginManage:310 - Check plugin pinoutconfig
2023-10-05 08:26:51,372 [WARN] SupportedApi:132 - Cannot load RTOS API schema: s4s-elt-must-match.1: The content of 'definitions' must match (annotation?, (simpleType | complexType)?, (unique | key | keyref)*)). A problem was found starting at: attribute.
2023-10-05 08:26:51,567 [INFO] PluginManage:359 - Loaded plugin pinoutconfig (category:base,tabindex:0)
2023-10-05 08:26:51,567 [INFO] PluginManage:310 - Check plugin power
2023-10-05 08:26:51,604 [INFO] PluginManage:359 - Loaded plugin power (category:power,tabindex:4)
2023-10-05 08:26:51,605 [INFO] PluginManage:310 - Check plugin projectmanager
2023-10-05 08:26:51,624 [INFO] PluginManage:359 - Loaded plugin projectmanager (category:projectmanager,tabindex:3)
2023-10-05 08:26:51,624 [INFO] PluginManage:310 - Check plugin thirdparty
2023-10-05 08:26:51,987 [INFO] PluginManage:359 - Loaded plugin thirdparty (category:base,tabindex:-1)
2023-10-05 08:26:51,987 [WARN] IntegrityCheckThread:84 - waiting for thirdparty lock release [integrity check]
2023-10-05 08:26:51,987 [INFO] IntegrityCheckThread:86 - entering critical section [integrity check]
2023-10-05 08:26:51,987 [INFO] PluginManage:310 - Check plugin tools
2023-10-05 08:26:51,988 [INFO] ThirdPartyUpdaterWithRetryManager:70 - Updater plugin not ready yet. [1/15]
2023-10-05 08:26:52,038 [INFO] PluginManage:359 - Loaded plugin tools (category:base,tabindex:7)
2023-10-05 08:26:52,039 [INFO] PluginManage:310 - Check plugin tutovideos
2023-10-05 08:26:52,462 [INFO] PluginManage:359 - Loaded plugin tutovideos (category:base,tabindex:-1)
2023-10-05 08:26:52,462 [INFO] PluginManage:310 - Check plugin updater
2023-10-05 08:26:52,478 [INFO] PluginManage:359 - Loaded plugin updater (category:base,tabindex:12)
2023-10-05 08:26:52,478 [INFO] PluginManage:310 - Check plugin userauth
2023-10-05 08:26:52,493 [INFO] UserAuth:113 - Init User Auth plugin
2023-10-05 08:26:52,493 [INFO] PluginManage:359 - Loaded plugin userauth (category:base,tabindex:14)
2023-10-05 08:26:52,493 [INFO] PluginManage:283 - PluginManage : Loaded plugins [17]
2023-10-05 08:26:52,839 [INFO] PinOutPanel:1499 - setPackage(No Configuration,No Configuration)
2023-10-05 08:26:53,037 [INFO] CADModel:165 - CPN selected for project level
2023-10-05 08:26:53,037 [INFO] CADModel:114 - Register for checkConnection events
2023-10-05 08:26:53,064 [INFO] IPUIPlugin:80 - create IPUIPlugin
2023-10-05 08:26:53,064 [INFO] PluginManager:220 - loadIPPluginJar : add adc
2023-10-05 08:26:53,112 [INFO] IPUIPlugin:80 - create IPUIPlugin
2023-10-05 08:26:53,112 [INFO] PluginManager:220 - loadIPPluginJar : add aes
2023-10-05 08:26:53,158 [INFO] IPUIPlugin:80 - create IPUIPlugin
2023-10-05 08:26:53,158 [INFO] PluginManager:220 - loadIPPluginJar : add can
2023-10-05 08:26:53,184 [INFO] IPUIPlugin:80 - create IPUIPlugin
2023-10-05 08:26:53,184 [INFO] PluginManager:220 - loadIPPluginJar : add comp
2023-10-05 08:26:53,220 [INFO] IPUIPlugin:80 - create IPUIPlugin
2023-10-05 08:26:53,221 [INFO] PluginManager:220 - loadIPPluginJar : add cryp
2023-10-05 08:26:53,244 [INFO] IPUIPlugin:80 - create IPUIPlugin
2023-10-05 08:26:53,244 [INFO] PluginManager:220 - loadIPPluginJar : add dfsdm
2023-10-05 08:26:53,260 [INFO] IPUIPlugin:80 - create IPUIPlugin
2023-10-05 08:26:53,275 [INFO] PluginManager:220 - loadIPPluginJar : add dma
2023-10-05 08:26:53,332 [INFO] IPUIPlugin:80 - create IPUIPlugin
2023-10-05 08:26:53,332 [INFO] PluginManager:220 - loadIPPluginJar : add dma3
2023-10-05 08:26:53,359 [INFO] IPUIPlugin:80 - create IPUIPlugin
2023-10-05 08:26:53,360 [INFO] PluginManager:220 - loadIPPluginJar : add fatfs
2023-10-05 08:26:53,429 [INFO] IPUIPlugin:80 - create IPUIPlugin
2023-10-05 08:26:53,429 [INFO] PluginManager:220 - loadIPPluginJar : add fmc
2023-10-05 08:26:53,444 [INFO] IPUIPlugin:80 - create IPUIPlugin
2023-10-05 08:26:53,444 [INFO] PluginManager:220 - loadIPPluginJar : add freertos
2023-10-05 08:26:53,486 [INFO] IPUIPlugin:80 - create IPUIPlugin
2023-10-05 08:26:53,486 [INFO] PluginManager:220 - loadIPPluginJar : add genericplugin
2023-10-05 08:26:53,612 [INFO] IPUIPlugin:80 - create IPUIPlugin
2023-10-05 08:26:53,612 [INFO] PluginManager:220 - loadIPPluginJar : add gfxmmu
2023-10-05 08:26:53,805 [INFO] IPUIPlugin:80 - create IPUIPlugin
2023-10-05 08:26:53,805 [INFO] PluginManager:220 - loadIPPluginJar : add gic
2023-10-05 08:26:53,821 [INFO] IPUIPlugin:80 - create IPUIPlugin
2023-10-05 08:26:53,821 [INFO] PluginManager:220 - loadIPPluginJar : add gpio
2023-10-05 08:26:53,931 [INFO] IPUIPlugin:80 - create IPUIPlugin
2023-10-05 08:26:53,931 [INFO] PluginManager:220 - loadIPPluginJar : add gtzc
2023-10-05 08:26:53,963 [INFO] IPUIPlugin:80 - create IPUIPlugin
2023-10-05 08:26:53,963 [INFO] PluginManager:220 - loadIPPluginJar : add hash
2023-10-05 08:26:54,034 [INFO] IPUIPlugin:80 - create IPUIPlugin
2023-10-05 08:26:54,034 [INFO] PluginManager:220 - loadIPPluginJar : add i2c
2023-10-05 08:26:54,088 [INFO] IPUIPlugin:80 - create IPUIPlugin
2023-10-05 08:26:54,088 [INFO] PluginManager:220 - loadIPPluginJar : add i2s
2023-10-05 08:26:54,151 [INFO] IPUIPlugin:80 - create IPUIPlugin
2023-10-05 08:26:54,151 [INFO] PluginManager:220 - loadIPPluginJar : add i3c
2023-10-05 08:26:54,345 [INFO] IPUIPlugin:80 - create IPUIPlugin
2023-10-05 08:26:54,345 [INFO] PluginManager:220 - loadIPPluginJar : add ipddr
2023-10-05 08:26:54,463 [INFO] IPUIPlugin:80 - create IPUIPlugin
2023-10-05 08:26:54,463 [INFO] PluginManager:220 - loadIPPluginJar : add linkedlist
2023-10-05 08:26:54,512 [INFO] IPUIPlugin:80 - create IPUIPlugin
2023-10-05 08:26:54,512 [INFO] PluginManager:220 - loadIPPluginJar : add lorawan
2023-10-05 08:26:54,590 [INFO] IPUIPlugin:80 - create IPUIPlugin
2023-10-05 08:26:54,590 [INFO] PluginManager:220 - loadIPPluginJar : add ltdc
2023-10-05 08:26:54,620 [INFO] IPUIPlugin:80 - create IPUIPlugin
2023-10-05 08:26:54,621 [INFO] PluginManager:220 - loadIPPluginJar : add mdma
2023-10-05 08:26:54,640 [INFO] IPUIPlugin:80 - create IPUIPlugin
2023-10-05 08:26:54,641 [INFO] PluginManager:220 - loadIPPluginJar : add nvic
2023-10-05 08:26:54,752 [INFO] IPUIPlugin:80 - create IPUIPlugin
2023-10-05 08:26:54,752 [INFO] PluginManager:220 - loadIPPluginJar : add opamp
2023-10-05 08:26:54,978 [INFO] IPUIPlugin:80 - create IPUIPlugin
2023-10-05 08:26:54,978 [INFO] PluginManager:220 - loadIPPluginJar : add openamp
2023-10-05 08:26:54,995 [INFO] ThirdPartyUpdaterWithRetryManager:70 - Updater plugin not ready yet. [2/15]
2023-10-05 08:26:55,049 [INFO] IPUIPlugin:80 - create IPUIPlugin
2023-10-05 08:26:55,049 [INFO] PluginManager:220 - loadIPPluginJar : add pdm2pcm
2023-10-05 08:26:55,084 [INFO] IPUIPlugin:80 - create IPUIPlugin
2023-10-05 08:26:55,087 [INFO] PluginManager:220 - loadIPPluginJar : add plateformsettings
2023-10-05 08:26:55,116 [INFO] IPUIPlugin:80 - create IPUIPlugin
2023-10-05 08:26:55,116 [INFO] PluginManager:220 - loadIPPluginJar : add quadspi
2023-10-05 08:26:55,128 [INFO] IPUIPlugin:80 - create IPUIPlugin
2023-10-05 08:26:55,128 [INFO] PluginManager:220 - loadIPPluginJar : add resmgrutility
2023-10-05 08:26:55,202 [INFO] IPUIPlugin:80 - create IPUIPlugin
2023-10-05 08:26:55,202 [INFO] PluginManager:220 - loadIPPluginJar : add sai
2023-10-05 08:26:55,246 [INFO] IPUIPlugin:80 - create IPUIPlugin
2023-10-05 08:26:55,246 [INFO] PluginManager:220 - loadIPPluginJar : add spi
2023-10-05 08:26:55,323 [INFO] IPUIPlugin:80 - create IPUIPlugin
2023-10-05 08:26:55,323 [INFO] PluginManager:220 - loadIPPluginJar : add stm32_wpan
2023-10-05 08:26:55,350 [INFO] IPUIPlugin:80 - create IPUIPlugin
2023-10-05 08:26:55,351 [INFO] PluginManager:220 - loadIPPluginJar : add tim
2023-10-05 08:26:55,418 [INFO] IPUIPlugin:80 - create IPUIPlugin
2023-10-05 08:26:55,418 [INFO] PluginManager:220 - loadIPPluginJar : add touchsensing
2023-10-05 08:26:55,447 [INFO] IPUIPlugin:80 - create IPUIPlugin
2023-10-05 08:26:55,447 [INFO] PluginManager:220 - loadIPPluginJar : add tracer_emb
2023-10-05 08:26:55,470 [INFO] IPUIPlugin:80 - create IPUIPlugin
2023-10-05 08:26:55,470 [INFO] PluginManager:220 - loadIPPluginJar : add ts
2023-10-05 08:26:55,510 [INFO] IPUIPlugin:80 - create IPUIPlugin
2023-10-05 08:26:55,510 [INFO] PluginManager:220 - loadIPPluginJar : add tsc
2023-10-05 08:26:55,554 [INFO] IPUIPlugin:80 - create IPUIPlugin
2023-10-05 08:26:55,555 [INFO] PluginManager:220 - loadIPPluginJar : add ucpd
2023-10-05 08:26:55,639 [INFO] IPUIPlugin:80 - create IPUIPlugin
2023-10-05 08:26:55,639 [INFO] PluginManager:220 - loadIPPluginJar : add usart
2023-10-05 08:26:55,701 [INFO] IPUIPlugin:80 - create IPUIPlugin
2023-10-05 08:26:55,701 [INFO] PluginManager:220 - loadIPPluginJar : add usbx
2023-10-05 08:26:55,848 [INFO] CADModel:165 - CPN selected for project level
2023-10-05 08:26:55,848 [INFO] CADModel:114 - Register for checkConnection events
2023-10-05 08:26:55,848 [FATAL] Updater:308 - Updater called before beeing initialized
2023-10-05 08:26:55,848 [ERROR] CADModel:125 - Updater not yet initialized, retry later 
2023-10-05 08:26:56,133 [INFO] CADModel:165 - CPN selected for project level
2023-10-05 08:26:56,133 [INFO] CADModel:114 - Register for checkConnection events
2023-10-05 08:26:56,134 [FATAL] Updater:308 - Updater called before beeing initialized
2023-10-05 08:26:56,134 [ERROR] CADModel:125 - Updater not yet initialized, retry later 
2023-10-05 08:26:56,141 [FATAL] Updater:308 - Updater called before beeing initialized
2023-10-05 08:26:56,449 [FATAL] Updater:308 - Updater called before beeing initialized
2023-10-05 08:26:56,462 [INFO] DbMcusAds:53 - JSON generation date=Tue Mar 07 15:50:55 ICT 2023 (1678179055114)
2023-10-05 08:26:56,462 [FATAL] Updater:308 - Updater called before beeing initialized
2023-10-05 08:26:56,595 [WARN] DetailPanel:346 - Failed to get advertising image, set to default
2023-10-05 08:26:56,749 [FATAL] Updater:308 - Updater called before beeing initialized
2023-10-05 08:26:56,753 [FATAL] Updater:308 - Updater called before beeing initialized
2023-10-05 08:26:56,753 [FATAL] Updater:308 - Updater called before beeing initialized
2023-10-05 08:26:56,753 [WARN] DetailPanel:346 - Failed to get advertising image, set to default
2023-10-05 08:26:56,754 [FATAL] Updater:308 - Updater called before beeing initialized
2023-10-05 08:26:56,836 [ERROR] Updater:1120 - MainUpdater not yet initialized. External WinMGr cannot be set.
2023-10-05 08:26:56,844 [INFO] Updater:1056 - Updater Version found : 6.9.1
2023-10-05 08:26:56,872 [INFO] ApplicationProperties:184 - Using Application install path: C:\ST\STM32CubeIDE_1.12.0\STM32CubeIDE\plugins\com.st.stm32cube.common.mx_6.9.1.202307191849
2023-10-05 08:26:57,581 [INFO] MainUpdater:2868 - connection check result : 10
2023-10-05 08:26:57,581 [INFO] MainUpdater:285 - Updater Check For Update Now.
2023-10-05 08:26:57,581 [INFO] MicroXplorer:498 - Change Database Version : DB.6.0.91
2023-10-05 08:26:57,617 [INFO] McuFinderGlobals:63 - Set McuFinder mode to 2 (CubeIDE integrated)
2023-10-05 08:26:57,617 [INFO] UserAuth:179 - activating auth plugin
2023-10-05 08:26:57,629 [INFO] UserAuth:393 - Internet connection configuration mode: 1
2023-10-05 08:26:57,685 [INFO] JxBrowserEngine:151 - Initiate JxBrowser Engine with user profile folder
2023-10-05 08:26:57,921 [INFO] CheckServerUpdateThread:120 - End of CheckServer Thread
2023-10-05 08:26:58,391 [WARN] PackLoader:240 - Cannot read IP mode file for STMicroelectronics.X-CUBE-SMBUS.2.1.0
2023-10-05 08:26:58,483 [WARN] PackLoader:240 - Cannot read IP mode file for STMicroelectronics.X-CUBE-AZRTOS-F7.1.1.0
2023-10-05 08:26:58,514 [WARN] PackLoader:240 - Cannot read IP mode file for STMicroelectronics.FP-SNS-MOTENV1.4.3.2
2023-10-05 08:26:58,546 [WARN] PackLoader:240 - Cannot read IP mode file for STMicroelectronics.FP-SNS-FLIGHT1.5.0.2
2023-10-05 08:26:58,577 [WARN] PackLoader:240 - Cannot read IP mode file for STMicroelectronics.X-CUBE-DISPLAY.3.0.0
2023-10-05 08:26:58,608 [WARN] PackLoader:240 - Cannot read IP mode file for STMicroelectronics.X-CUBE-BLE1.7.0.0
2023-10-05 08:26:58,640 [WARN] PackLoader:240 - Cannot read IP mode file for emotas.I-CUBE-CANOPEN.1.3.0
2023-10-05 08:26:58,655 [WARN] PackLoader:240 - Cannot read IP mode file for STMicroelectronics.X-CUBE-TOUCHGFX.4.22.0
2023-10-05 08:26:58,671 [WARN] PackLoader:240 - Cannot read IP mode file for STMicroelectronics.FP-SNS-SMARTAG2.1.2.0
2023-10-05 08:26:58,718 [INFO] LogOutputStream:77 - [STDOUT_REDIRECT] 1 : Invalid condition id : UX_CORESTACK_Condition cause : null
2023-10-05 08:26:58,718 [INFO] LogOutputStream:77 - [STDOUT_REDIRECT] 1 : Invalid condition id : UX_CORESTACK_Condition cause : null
2023-10-05 08:26:58,718 [INFO] LogOutputStream:77 - [STDOUT_REDIRECT] 1 : Invalid condition id : UX_CORESTACK_Condition cause : null
2023-10-05 08:26:58,734 [INFO] LogOutputStream:77 - [STDOUT_REDIRECT] 1 : Invalid condition id : UX_CORESTACK_Condition cause : null
2023-10-05 08:26:58,734 [INFO] LogOutputStream:77 - [STDOUT_REDIRECT] 1 : Invalid condition id : UX_CORESTACK_Condition cause : null
2023-10-05 08:26:58,734 [WARN] PackLoader:240 - Cannot read IP mode file for STMicroelectronics.X-CUBE-AZRTOS-WL.2.0.0
2023-10-05 08:26:58,765 [WARN] PackLoader:240 - Cannot read IP mode file for WES.I-CUBE-Cesium.1.3.0
2023-10-05 08:26:58,796 [WARN] PackLoader:240 - Cannot read IP mode file for STMicroelectronics.X-CUBE-BLE2.3.3.0
2023-10-05 08:26:58,827 [WARN] PackLoader:240 - Cannot read IP mode file for STMicroelectronics.X-CUBE-ALGOBUILD.1.3.0
2023-10-05 08:26:58,875 [WARN] PackLoader:240 - Cannot read IP mode file for STMicroelectronics.X-CUBE-AZRTOS-G0.1.1.0
2023-10-05 08:26:58,906 [WARN] PackLoader:240 - Cannot read IP mode file for STMicroelectronics.X-CUBE-NFC4.3.0.0
2023-10-05 08:26:58,937 [WARN] PackLoader:240 - Cannot read IP mode file for STMicroelectronics.FP-ATR-SIGFOX1.3.2.0
2023-10-05 08:26:59,015 [WARN] PackLoader:240 - Cannot read IP mode file for SEGGER.I-CUBE-embOS.1.3.1
2023-10-05 08:26:59,093 [WARN] PackLoader:240 - Cannot read IP mode file for STMicroelectronics.X-CUBE-GNSS1.6.0.0
2023-10-05 08:26:59,156 [WARN] PackLoader:240 - Cannot read IP mode file for STMicroelectronics.X-CUBE-AZRTOS-F4.1.1.0
2023-10-05 08:26:59,187 [WARN] PackLoader:240 - Cannot read IP mode file for wolfSSL.I-CUBE-wolfSSL.5.6.3
2023-10-05 08:26:59,234 [WARN] PackLoader:240 - Cannot read IP mode file for STMicroelectronics.X-CUBE-AZRTOS-L5.2.0.0
2023-10-05 08:26:59,343 [WARN] PackLoader:240 - Cannot read IP mode file for STMicroelectronics.X-CUBE-MEMS1.9.6.0
2023-10-05 08:26:59,641 [WARN] PackLoader:240 - Cannot read IP mode file for STMicroelectronics.X-CUBE-BLEMGR.2.0.0
2023-10-05 08:26:59,706 [WARN] ConditionMgr:438 - getConditionDescription Invalid condition id : UX DEVICE CLASS RTOS Condition cause : null
2023-10-05 08:26:59,706 [WARN] ConditionMgr:438 - getConditionDescription Invalid condition id : UX DEVICE CLASS RTOS Condition cause : null
2023-10-05 08:26:59,712 [WARN] PackLoader:240 - Cannot read IP mode file for STMicroelectronics.X-CUBE-AZRTOS-H7.3.1.0
2023-10-05 08:26:59,714 [WARN] ConditionMgr:1039 - genDependencies : Invalid condition id : UX DEVICE CLASS RTOS Condition cause : null
2023-10-05 08:26:59,714 [WARN] ConditionMgr:1039 - genDependencies : Invalid condition id : UX DEVICE CLASS RTOS Condition cause : null
2023-10-05 08:26:59,715 [WARN] ConditionMgr:1039 - genDependencies : Invalid condition id : UX DEVICE CLASS RTOS Condition cause : null
2023-10-05 08:26:59,716 [WARN] ConditionMgr:1039 - genDependencies : Invalid condition id : UX DEVICE CLASS RTOS Condition cause : null
2023-10-05 08:26:59,716 [WARN] ConditionMgr:1039 - genDependencies : Invalid condition id : UX DEVICE CLASS RTOS Condition cause : null
2023-10-05 08:26:59,727 [WARN] PackLoader:240 - Cannot read IP mode file for STMicroelectronics.X-CUBE-NFC7.1.0.1
2023-10-05 08:26:59,759 [WARN] PackLoader:240 - Cannot read IP mode file for STMicroelectronics.X-CUBE-NFC6.3.0.0
2023-10-05 08:26:59,790 [WARN] PackLoader:240 - Cannot read IP mode file for STMicroelectronics.X-CUBE-EEPRMA1.4.1.0
2023-10-05 08:26:59,806 [WARN] PackLoader:240 - Cannot read IP mode file for STMicroelectronics.X-CUBE-AI.8.1.0
2023-10-05 08:26:59,868 [WARN] ConditionMgr:438 - getConditionDescription Invalid condition id : LAN8742 Phy interface Condition cause : null
2023-10-05 08:26:59,868 [WARN] PackLoader:240 - Cannot read IP mode file for STMicroelectronics.X-CUBE-AZRTOS-L4.2.0.0
2023-10-05 08:26:59,868 [WARN] ConditionMgr:1039 - genDependencies : Invalid condition id : LAN8742 Phy interface Condition cause : null
2023-10-05 08:26:59,868 [WARN] ConditionMgr:1039 - genDependencies : Invalid condition id : LAN8742 Phy interface Condition cause : null
2023-10-05 08:26:59,868 [WARN] ConditionMgr:1039 - genDependencies : Invalid condition id : LAN8742 Phy interface Condition cause : null
2023-10-05 08:26:59,899 [WARN] PackLoader:240 - Cannot read IP mode file for STMicroelectronics.X-CUBE-SFXS2LP1.4.0.0
2023-10-05 08:26:59,915 [WARN] PackLoader:240 - Cannot read IP mode file for STMicroelectronics.X-CUBE-ISPU.1.1.0
2023-10-05 08:26:59,962 [WARN] ConditionMgr:438 - getConditionDescription Invalid condition id : UX DEVICE CLASS RTOS Condition cause : null
2023-10-05 08:26:59,962 [WARN] ConditionMgr:438 - getConditionDescription Invalid condition id : UX DEVICE CLASS RTOS Condition cause : null
2023-10-05 08:26:59,962 [WARN] PackLoader:240 - Cannot read IP mode file for STMicroelectronics.X-CUBE-AZRTOS-WB.2.0.0
2023-10-05 08:26:59,977 [WARN] ConditionMgr:1039 - genDependencies : Invalid condition id : UX DEVICE CLASS RTOS Condition cause : null
2023-10-05 08:26:59,977 [WARN] ConditionMgr:1039 - genDependencies : Invalid condition id : UX DEVICE CLASS RTOS Condition cause : null
2023-10-05 08:26:59,977 [WARN] ConditionMgr:1039 - genDependencies : Invalid condition id : UX DEVICE CLASS RTOS Condition cause : null
2023-10-05 08:26:59,977 [WARN] ConditionMgr:1039 - genDependencies : Invalid condition id : UX DEVICE CLASS RTOS Condition cause : null
2023-10-05 08:26:59,977 [WARN] ConditionMgr:1039 - genDependencies : Invalid condition id : UX DEVICE CLASS RTOS Condition cause : null
2023-10-05 08:27:00,009 [WARN] PackLoader:240 - Cannot read IP mode file for STMicroelectronics.X-CUBE-SUBG2.5.0.0
2023-10-05 08:27:00,056 [WARN] PackLoader:240 - Cannot read IP mode file for STMicroelectronics.X-CUBE-TOF1.3.3.1
2023-10-05 08:27:00,102 [WARN] PackLoader:240 - Cannot read IP mode file for STMicroelectronics.X-CUBE-AZRTOS-G4.2.0.0
2023-10-05 08:27:00,118 [WARN] PackLoader:240 - Cannot read IP mode file for STMicroelectronics.X-CUBE-FREERTOS.1.1.0
2023-10-05 08:27:00,134 [WARN] PackLoader:240 - Cannot read IP mode file for portGmbH.I-Cube-SoM-uGOAL.1.1.0
2023-10-05 08:27:00,165 [WARN] PackLoader:240 - Cannot read IP mode file for STMicroelectronics.X-CUBE-ALS.1.0.1
2023-10-05 08:27:00,181 [WARN] PackLoader:240 - Cannot read IP mode file for STMicroelectronics.FP-ATR-ASTRA1.2.0.0
2023-10-05 08:27:00,181 [INFO] ThirdParty:978 - Integrity check success = true
2023-10-05 08:27:00,181 [INFO] IntegrityCheckThread:100 - exiting critical section [integrity check]
2023-10-05 08:27:00,181 [INFO] IntegrityCheckThread:103 - End integrity checks thread
2023-10-05 08:27:02,014 [INFO] WebApp:157 - Instantiating new browser for Auth
2023-10-05 08:27:03,077 [INFO] WebApp:753 - Register for checkConnection events
2023-10-05 08:27:03,077 [INFO] WebApp:390 - Apply proxy settings
2023-10-05 08:27:03,077 [INFO] WebApp:475 - Chromium requires no authentication
2023-10-05 08:27:03,109 [INFO] WebApp:418 - Direct internet connection detected
2023-10-05 08:27:03,778 [INFO] WebApp:188 - Starting web application
2023-10-05 08:27:03,779 [INFO] WebApp:520 - Web application path used C:\ST\STM32CubeIDE_1.12.0\STM32CubeIDE\plugins\com.st.stm32cube.common.mx_6.9.1.202307191849\db\plugins\mcufinder\reactClient1\index.html
2023-10-05 08:27:25,219 [ERROR] LogOutputStream:75 - [STDERR_REDIRECT] SLF4J: Failed to load class "org.slf4j.impl.StaticLoggerBinder".
2023-10-05 08:27:25,220 [ERROR] LogOutputStream:75 - [STDERR_REDIRECT] SLF4J: Defaulting to no-operation (NOP) logger implementation
2023-10-05 08:27:25,221 [ERROR] LogOutputStream:75 - [STDERR_REDIRECT] SLF4J: See http://www.slf4j.org/codes.html#StaticLoggerBinder for further details.
2023-10-05 11:00:54,858 [ERROR] LogOutputStream:75 - [STDERR_REDIRECT] 
2023-10-05 12:59:21,281 [INFO] Activator:176 - 


2023-10-05 12:59:21,281 [INFO] Activator:177 - !SESSION log4j initialized
2023-10-05 12:59:31,335 [INFO] LogOutputStream:77 - [STDOUT_REDIRECT] 
2023-10-05 12:59:35,500 [INFO] ApplicationProperties:184 - Using Application install path: C:\ST\STM32CubeIDE_1.12.0\STM32CubeIDE\plugins\com.st.stm32cube.common.mx_6.9.1.202307191849
2023-10-05 12:59:35,526 [INFO] DbMcusXml:78 - Set database path to: C:\ST\STM32CubeIDE_1.12.0\STM32CubeIDE\plugins\com.st.stm32cube.common.mx_6.9.1.202307191849\\db\/mcu/
2023-10-05 12:59:35,527 [INFO] ApiDb:274 - Set plugin database path to: C:\ST\STM32CubeIDE_1.12.0\STM32CubeIDE\plugins\com.st.stm32cube.common.mx_6.9.1.202307191849\\db\/plugins/boardmanager/
2023-10-05 12:59:35,527 [WARN] ApiDb:259 - Overriding images path with different value:  => C:\ST\STM32CubeIDE_1.12.0\STM32CubeIDE\plugins\com.st.stm32cube.common.mx_6.9.1.202307191849\\db\/plugins/mcufinder/images/
2023-10-05 12:59:35,549 [INFO] ApiDb:250 - Set database path to: C:\Users\win 10\.stmcufinder\plugins\mcufinder//mcu/
2023-10-05 12:59:35,551 [INFO] DbMcusAds:125 - Set database path to: C:\Users\win 10\.stmcufinder\plugins\mcufinder//mcu/
2023-10-05 12:59:36,241 [INFO] CrossReferenceDbSqlite:203 - Set database path to: C:\Users\win 10\.stmcufinder\plugins\mcufinder//mcu/cs/
2023-10-05 12:59:36,383 [INFO] RulesReader:64 - Compatibility file has been processed (293 Rules)
2023-10-05 12:59:36,507 [INFO] DbMcusXml:78 - Set database path to: C:\ST\STM32CubeIDE_1.12.0\STM32CubeIDE\plugins\com.st.stm32cube.common.mx_6.9.1.202307191849\\db\/mcu/
2023-10-05 12:59:36,507 [INFO] ApiDb:274 - Set plugin database path to: C:\ST\STM32CubeIDE_1.12.0\STM32CubeIDE\plugins\com.st.stm32cube.common.mx_6.9.1.202307191849\\db\/plugins/boardmanager/
2023-10-05 12:59:36,509 [INFO] ApiDb:261 - Set plugin images path to: C:\ST\STM32CubeIDE_1.12.0\STM32CubeIDE\plugins\com.st.stm32cube.common.mx_6.9.1.202307191849\\db\/plugins/mcufinder/images/
2023-10-05 12:59:36,509 [WARN] DbFile:41 - Overriding database path with different value: C:\Users\win 10\.stmcufinder\plugins\mcufinder/ => C:\Users\win 10\.stmcufinder\plugins\mcufinder
2023-10-05 12:59:36,509 [INFO] ApiDb:250 - Set database path to: C:\Users\win 10\.stmcufinder\plugins\mcufinder//mcu/
2023-10-05 12:59:36,509 [WARN] DbFile:41 - Overriding database path with different value: C:\Users\win 10\.stmcufinder\plugins\mcufinder/ => C:\Users\win 10\.stmcufinder\plugins\mcufinder
2023-10-05 12:59:36,509 [INFO] DbMcusAds:125 - Set database path to: C:\Users\win 10\.stmcufinder\plugins\mcufinder//mcu/
2023-10-05 12:59:36,509 [WARN] DbFile:41 - Overriding database path with different value: C:\Users\win 10\.stmcufinder\plugins\mcufinder/ => C:\Users\win 10\.stmcufinder\plugins\mcufinder
2023-10-05 12:59:36,510 [WARN] DbFile:41 - Overriding database path with different value: C:\Users\win 10\.stmcufinder\plugins\mcufinder/ => C:\Users\win 10\.stmcufinder\plugins\mcufinder
2023-10-05 12:59:37,239 [INFO] CrossReferenceDbSqlite:203 - Set database path to: C:\Users\win 10\.stmcufinder\plugins\mcufinder//mcu/cs/
2023-10-05 12:59:37,352 [INFO] MainPanel:262 - HeapMemory: 268435456
2023-10-05 12:59:37,467 [INFO] DbMcusXml:78 - Set database path to: C:\ST\STM32CubeIDE_1.12.0\STM32CubeIDE\plugins\com.st.stm32cube.common.mx_6.9.1.202307191849\\db\/mcu/
2023-10-05 12:59:37,467 [INFO] ApiDb:274 - Set plugin database path to: C:\ST\STM32CubeIDE_1.12.0\STM32CubeIDE\plugins\com.st.stm32cube.common.mx_6.9.1.202307191849\\db\/plugins/boardmanager/
2023-10-05 12:59:37,469 [INFO] ApiDb:261 - Set plugin images path to: C:\ST\STM32CubeIDE_1.12.0\STM32CubeIDE\plugins\com.st.stm32cube.common.mx_6.9.1.202307191849\\db\/plugins/mcufinder/images/
2023-10-05 12:59:37,469 [WARN] DbFile:41 - Overriding database path with different value: C:\Users\win 10\.stmcufinder\plugins\mcufinder/ => C:\Users\win 10\.stmcufinder\plugins\mcufinder
2023-10-05 12:59:37,469 [INFO] ApiDb:250 - Set database path to: C:\Users\win 10\.stmcufinder\plugins\mcufinder//mcu/
2023-10-05 12:59:37,469 [WARN] DbFile:41 - Overriding database path with different value: C:\Users\win 10\.stmcufinder\plugins\mcufinder/ => C:\Users\win 10\.stmcufinder\plugins\mcufinder
2023-10-05 12:59:37,469 [INFO] DbMcusAds:125 - Set database path to: C:\Users\win 10\.stmcufinder\plugins\mcufinder//mcu/
2023-10-05 12:59:37,469 [WARN] DbFile:41 - Overriding database path with different value: C:\Users\win 10\.stmcufinder\plugins\mcufinder/ => C:\Users\win 10\.stmcufinder\plugins\mcufinder
2023-10-05 12:59:37,470 [WARN] DbFile:41 - Overriding database path with different value: C:\Users\win 10\.stmcufinder\plugins\mcufinder/ => C:\Users\win 10\.stmcufinder\plugins\mcufinder
2023-10-05 12:59:38,246 [INFO] CrossReferenceDbSqlite:203 - Set database path to: C:\Users\win 10\.stmcufinder\plugins\mcufinder//mcu/cs/
2023-10-05 12:59:38,273 [INFO] ApplicationProperties:184 - Using Application install path: C:\ST\STM32CubeIDE_1.12.0\STM32CubeIDE\plugins\com.st.stm32cube.common.mx_6.9.1.202307191849
2023-10-05 12:59:38,275 [INFO] PluginManage:196 - Search for loadable plugins [exclusion list=, ]
2023-10-05 12:59:38,278 [INFO] PluginManage:310 - Check plugin analytics
2023-10-05 12:59:39,355 [INFO] AnalyticsPlugin:253 - Accepted Software Licenses: STM32CubeMX.6.5.0,STM32CubeMX.6.9.1
2023-10-05 12:59:39,356 [INFO] AnalyticsPlugin:255 - Accepted CMSIS Pack Licenses: 
2023-10-05 12:59:39,356 [INFO] AnalyticsPlugin:257 - Accepted Firmware Licenses: 
2023-10-05 12:59:39,362 [INFO] PluginManage:359 - Loaded plugin analytics (category:tool,tabindex:-1)
2023-10-05 12:59:39,363 [INFO] PluginManage:310 - Check plugin cadmodel
2023-10-05 12:59:39,385 [INFO] CADModel:105 - Init CAD model plugin
2023-10-05 12:59:39,386 [INFO] PluginManage:359 - Loaded plugin cadmodel (category:power,tabindex:5)
2023-10-05 12:59:39,386 [INFO] PluginManage:310 - Check plugin clock
2023-10-05 12:59:39,411 [INFO] PluginManage:359 - Loaded plugin clock (category:base,tabindex:2)
2023-10-05 12:59:39,412 [INFO] PluginManage:310 - Check plugin ddr
2023-10-05 12:59:39,414 [INFO] PluginManage:359 - Loaded plugin ddr (category:tool,tabindex:6)
2023-10-05 12:59:39,414 [INFO] PluginManage:310 - Check plugin filemanager
2023-10-05 12:59:39,604 [INFO] PluginManage:359 - Loaded plugin filemanager (category:base,tabindex:10)
2023-10-05 12:59:39,604 [INFO] PluginManage:310 - Check plugin ipmanager
2023-10-05 12:59:39,616 [INFO] PluginManage:359 - Loaded plugin ipmanager (category:base,tabindex:5)
2023-10-05 12:59:39,617 [INFO] PluginManage:310 - Check plugin lpbam
2023-10-05 12:59:39,641 [INFO] PluginManage:359 - Loaded plugin lpbam (category:base,tabindex:0)
2023-10-05 12:59:39,641 [INFO] PluginManage:310 - Check plugin memorymap
2023-10-05 12:59:39,679 [INFO] PluginManage:359 - Loaded plugin memorymap (category:base,tabindex:4)
2023-10-05 12:59:39,679 [INFO] PluginManage:310 - Check plugin pinoutandconfiguration
2023-10-05 12:59:39,704 [INFO] PluginManage:359 - Loaded plugin pinoutandconfiguration (category:base,tabindex:1)
2023-10-05 12:59:39,704 [INFO] PluginManage:310 - Check plugin pinoutconfig
2023-10-05 12:59:39,859 [WARN] SupportedApi:132 - Cannot load RTOS API schema: s4s-elt-must-match.1: The content of 'definitions' must match (annotation?, (simpleType | complexType)?, (unique | key | keyref)*)). A problem was found starting at: attribute.
2023-10-05 12:59:40,064 [INFO] PluginManage:359 - Loaded plugin pinoutconfig (category:base,tabindex:0)
2023-10-05 12:59:40,064 [INFO] PluginManage:310 - Check plugin power
2023-10-05 12:59:40,095 [INFO] PluginManage:359 - Loaded plugin power (category:power,tabindex:4)
2023-10-05 12:59:40,095 [INFO] PluginManage:310 - Check plugin projectmanager
2023-10-05 12:59:40,119 [INFO] PluginManage:359 - Loaded plugin projectmanager (category:projectmanager,tabindex:3)
2023-10-05 12:59:40,120 [INFO] PluginManage:310 - Check plugin thirdparty
2023-10-05 12:59:40,500 [INFO] PluginManage:359 - Loaded plugin thirdparty (category:base,tabindex:-1)
2023-10-05 12:59:40,500 [INFO] PluginManage:310 - Check plugin tools
2023-10-05 12:59:40,499 [WARN] IntegrityCheckThread:84 - waiting for thirdparty lock release [integrity check]
2023-10-05 12:59:40,500 [INFO] IntegrityCheckThread:86 - entering critical section [integrity check]
2023-10-05 12:59:40,501 [INFO] ThirdPartyUpdaterWithRetryManager:70 - Updater plugin not ready yet. [1/15]
2023-10-05 12:59:40,554 [INFO] PluginManage:359 - Loaded plugin tools (category:base,tabindex:7)
2023-10-05 12:59:40,554 [INFO] PluginManage:310 - Check plugin tutovideos
2023-10-05 12:59:40,831 [INFO] PluginManage:359 - Loaded plugin tutovideos (category:base,tabindex:-1)
2023-10-05 12:59:40,831 [INFO] PluginManage:310 - Check plugin updater
2023-10-05 12:59:40,851 [INFO] PluginManage:359 - Loaded plugin updater (category:base,tabindex:12)
2023-10-05 12:59:40,851 [INFO] PluginManage:310 - Check plugin userauth
2023-10-05 12:59:40,851 [INFO] UserAuth:113 - Init User Auth plugin
2023-10-05 12:59:40,851 [INFO] PluginManage:359 - Loaded plugin userauth (category:base,tabindex:14)
2023-10-05 12:59:40,859 [INFO] PluginManage:283 - PluginManage : Loaded plugins [17]
2023-10-05 12:59:41,165 [INFO] PinOutPanel:1499 - setPackage(No Configuration,No Configuration)
2023-10-05 12:59:41,320 [INFO] CADModel:165 - CPN selected for project level
2023-10-05 12:59:41,320 [INFO] CADModel:114 - Register for checkConnection events
2023-10-05 12:59:41,350 [INFO] IPUIPlugin:80 - create IPUIPlugin
2023-10-05 12:59:41,352 [INFO] PluginManager:220 - loadIPPluginJar : add adc
2023-10-05 12:59:41,394 [INFO] IPUIPlugin:80 - create IPUIPlugin
2023-10-05 12:59:41,394 [INFO] PluginManager:220 - loadIPPluginJar : add aes
2023-10-05 12:59:41,440 [INFO] IPUIPlugin:80 - create IPUIPlugin
2023-10-05 12:59:41,440 [INFO] PluginManager:220 - loadIPPluginJar : add can
2023-10-05 12:59:41,465 [INFO] IPUIPlugin:80 - create IPUIPlugin
2023-10-05 12:59:41,465 [INFO] PluginManager:220 - loadIPPluginJar : add comp
2023-10-05 12:59:41,507 [INFO] IPUIPlugin:80 - create IPUIPlugin
2023-10-05 12:59:41,507 [INFO] PluginManager:220 - loadIPPluginJar : add cryp
2023-10-05 12:59:41,542 [INFO] IPUIPlugin:80 - create IPUIPlugin
2023-10-05 12:59:41,542 [INFO] PluginManager:220 - loadIPPluginJar : add dfsdm
2023-10-05 12:59:41,557 [INFO] IPUIPlugin:80 - create IPUIPlugin
2023-10-05 12:59:41,558 [INFO] PluginManager:220 - loadIPPluginJar : add dma
2023-10-05 12:59:41,613 [INFO] IPUIPlugin:80 - create IPUIPlugin
2023-10-05 12:59:41,614 [INFO] PluginManager:220 - loadIPPluginJar : add dma3
2023-10-05 12:59:41,638 [INFO] IPUIPlugin:80 - create IPUIPlugin
2023-10-05 12:59:41,638 [INFO] PluginManager:220 - loadIPPluginJar : add fatfs
2023-10-05 12:59:41,696 [INFO] IPUIPlugin:80 - create IPUIPlugin
2023-10-05 12:59:41,696 [INFO] PluginManager:220 - loadIPPluginJar : add fmc
2023-10-05 12:59:41,714 [INFO] IPUIPlugin:80 - create IPUIPlugin
2023-10-05 12:59:41,714 [INFO] PluginManager:220 - loadIPPluginJar : add freertos
2023-10-05 12:59:41,739 [INFO] IPUIPlugin:80 - create IPUIPlugin
2023-10-05 12:59:41,739 [INFO] PluginManager:220 - loadIPPluginJar : add genericplugin
2023-10-05 12:59:41,849 [INFO] IPUIPlugin:80 - create IPUIPlugin
2023-10-05 12:59:41,849 [INFO] PluginManager:220 - loadIPPluginJar : add gfxmmu
2023-10-05 12:59:42,018 [INFO] IPUIPlugin:80 - create IPUIPlugin
2023-10-05 12:59:42,019 [INFO] PluginManager:220 - loadIPPluginJar : add gic
2023-10-05 12:59:42,030 [INFO] IPUIPlugin:80 - create IPUIPlugin
2023-10-05 12:59:42,030 [INFO] PluginManager:220 - loadIPPluginJar : add gpio
2023-10-05 12:59:42,139 [INFO] IPUIPlugin:80 - create IPUIPlugin
2023-10-05 12:59:42,139 [INFO] PluginManager:220 - loadIPPluginJar : add gtzc
2023-10-05 12:59:42,175 [INFO] IPUIPlugin:80 - create IPUIPlugin
2023-10-05 12:59:42,175 [INFO] PluginManager:220 - loadIPPluginJar : add hash
2023-10-05 12:59:42,239 [INFO] IPUIPlugin:80 - create IPUIPlugin
2023-10-05 12:59:42,239 [INFO] PluginManager:220 - loadIPPluginJar : add i2c
2023-10-05 12:59:42,284 [INFO] IPUIPlugin:80 - create IPUIPlugin
2023-10-05 12:59:42,285 [INFO] PluginManager:220 - loadIPPluginJar : add i2s
2023-10-05 12:59:42,330 [INFO] IPUIPlugin:80 - create IPUIPlugin
2023-10-05 12:59:42,330 [INFO] PluginManager:220 - loadIPPluginJar : add i3c
2023-10-05 12:59:42,494 [INFO] IPUIPlugin:80 - create IPUIPlugin
2023-10-05 12:59:42,495 [INFO] PluginManager:220 - loadIPPluginJar : add ipddr
2023-10-05 12:59:42,630 [INFO] IPUIPlugin:80 - create IPUIPlugin
2023-10-05 12:59:42,630 [INFO] PluginManager:220 - loadIPPluginJar : add linkedlist
2023-10-05 12:59:42,682 [INFO] IPUIPlugin:80 - create IPUIPlugin
2023-10-05 12:59:42,683 [INFO] PluginManager:220 - loadIPPluginJar : add lorawan
2023-10-05 12:59:42,752 [INFO] IPUIPlugin:80 - create IPUIPlugin
2023-10-05 12:59:42,753 [INFO] PluginManager:220 - loadIPPluginJar : add ltdc
2023-10-05 12:59:42,781 [INFO] IPUIPlugin:80 - create IPUIPlugin
2023-10-05 12:59:42,782 [INFO] PluginManager:220 - loadIPPluginJar : add mdma
2023-10-05 12:59:42,807 [INFO] IPUIPlugin:80 - create IPUIPlugin
2023-10-05 12:59:42,807 [INFO] PluginManager:220 - loadIPPluginJar : add nvic
2023-10-05 12:59:42,866 [INFO] IPUIPlugin:80 - create IPUIPlugin
2023-10-05 12:59:42,866 [INFO] PluginManager:220 - loadIPPluginJar : add opamp
2023-10-05 12:59:42,982 [INFO] IPUIPlugin:80 - create IPUIPlugin
2023-10-05 12:59:42,982 [INFO] PluginManager:220 - loadIPPluginJar : add openamp
2023-10-05 12:59:43,042 [INFO] IPUIPlugin:80 - create IPUIPlugin
2023-10-05 12:59:43,042 [INFO] PluginManager:220 - loadIPPluginJar : add pdm2pcm
2023-10-05 12:59:43,075 [INFO] IPUIPlugin:80 - create IPUIPlugin
2023-10-05 12:59:43,081 [INFO] PluginManager:220 - loadIPPluginJar : add plateformsettings
2023-10-05 12:59:43,113 [INFO] IPUIPlugin:80 - create IPUIPlugin
2023-10-05 12:59:43,114 [INFO] PluginManager:220 - loadIPPluginJar : add quadspi
2023-10-05 12:59:43,131 [INFO] IPUIPlugin:80 - create IPUIPlugin
2023-10-05 12:59:43,131 [INFO] PluginManager:220 - loadIPPluginJar : add resmgrutility
2023-10-05 12:59:43,207 [INFO] IPUIPlugin:80 - create IPUIPlugin
2023-10-05 12:59:43,207 [INFO] PluginManager:220 - loadIPPluginJar : add sai
2023-10-05 12:59:43,252 [INFO] IPUIPlugin:80 - create IPUIPlugin
2023-10-05 12:59:43,252 [INFO] PluginManager:220 - loadIPPluginJar : add spi
2023-10-05 12:59:43,327 [INFO] IPUIPlugin:80 - create IPUIPlugin
2023-10-05 12:59:43,327 [INFO] PluginManager:220 - loadIPPluginJar : add stm32_wpan
2023-10-05 12:59:43,354 [INFO] IPUIPlugin:80 - create IPUIPlugin
2023-10-05 12:59:43,354 [INFO] PluginManager:220 - loadIPPluginJar : add tim
2023-10-05 12:59:43,429 [INFO] IPUIPlugin:80 - create IPUIPlugin
2023-10-05 12:59:43,429 [INFO] PluginManager:220 - loadIPPluginJar : add touchsensing
2023-10-05 12:59:43,455 [INFO] IPUIPlugin:80 - create IPUIPlugin
2023-10-05 12:59:43,455 [INFO] PluginManager:220 - loadIPPluginJar : add tracer_emb
2023-10-05 12:59:43,482 [INFO] IPUIPlugin:80 - create IPUIPlugin
2023-10-05 12:59:43,482 [INFO] PluginManager:220 - loadIPPluginJar : add ts
2023-10-05 12:59:43,506 [INFO] ThirdPartyUpdaterWithRetryManager:70 - Updater plugin not ready yet. [2/15]
2023-10-05 12:59:43,513 [INFO] IPUIPlugin:80 - create IPUIPlugin
2023-10-05 12:59:43,513 [INFO] PluginManager:220 - loadIPPluginJar : add tsc
2023-10-05 12:59:43,544 [INFO] IPUIPlugin:80 - create IPUIPlugin
2023-10-05 12:59:43,544 [INFO] PluginManager:220 - loadIPPluginJar : add ucpd
2023-10-05 12:59:43,597 [INFO] IPUIPlugin:80 - create IPUIPlugin
2023-10-05 12:59:43,598 [INFO] PluginManager:220 - loadIPPluginJar : add usart
2023-10-05 12:59:43,650 [INFO] IPUIPlugin:80 - create IPUIPlugin
2023-10-05 12:59:43,650 [INFO] PluginManager:220 - loadIPPluginJar : add usbx
2023-10-05 12:59:43,819 [INFO] CADModel:165 - CPN selected for project level
2023-10-05 12:59:43,819 [INFO] CADModel:114 - Register for checkConnection events
2023-10-05 12:59:43,821 [FATAL] Updater:308 - Updater called before beeing initialized
2023-10-05 12:59:43,821 [ERROR] CADModel:125 - Updater not yet initialized, retry later 
2023-10-05 12:59:44,066 [INFO] CADModel:165 - CPN selected for project level
2023-10-05 12:59:44,066 [INFO] CADModel:114 - Register for checkConnection events
2023-10-05 12:59:44,066 [FATAL] Updater:308 - Updater called before beeing initialized
2023-10-05 12:59:44,066 [ERROR] CADModel:125 - Updater not yet initialized, retry later 
2023-10-05 12:59:44,072 [FATAL] Updater:308 - Updater called before beeing initialized
2023-10-05 12:59:44,229 [FATAL] Updater:308 - Updater called before beeing initialized
2023-10-05 12:59:44,258 [INFO] DbMcusAds:53 - JSON generation date=Tue Mar 07 15:50:55 ICT 2023 (1678179055114)
2023-10-05 12:59:44,258 [FATAL] Updater:308 - Updater called before beeing initialized
2023-10-05 12:59:44,375 [WARN] DetailPanel:346 - Failed to get advertising image, set to default
2023-10-05 12:59:44,506 [FATAL] Updater:308 - Updater called before beeing initialized
2023-10-05 12:59:44,510 [FATAL] Updater:308 - Updater called before beeing initialized
2023-10-05 12:59:44,510 [FATAL] Updater:308 - Updater called before beeing initialized
2023-10-05 12:59:44,510 [WARN] DetailPanel:346 - Failed to get advertising image, set to default
2023-10-05 12:59:44,511 [FATAL] Updater:308 - Updater called before beeing initialized
2023-10-05 12:59:44,610 [ERROR] Updater:1120 - MainUpdater not yet initialized. External WinMGr cannot be set.
2023-10-05 12:59:44,627 [INFO] Updater:1056 - Updater Version found : 6.9.1
2023-10-05 12:59:44,651 [INFO] ApplicationProperties:184 - Using Application install path: C:\ST\STM32CubeIDE_1.12.0\STM32CubeIDE\plugins\com.st.stm32cube.common.mx_6.9.1.202307191849
2023-10-05 12:59:45,213 [INFO] MainUpdater:2868 - connection check result : 10
2023-10-05 12:59:45,215 [INFO] MainUpdater:285 - Updater Check For Update Now.
2023-10-05 12:59:45,216 [INFO] MicroXplorer:498 - Change Database Version : DB.6.0.91
2023-10-05 12:59:45,246 [INFO] McuFinderGlobals:63 - Set McuFinder mode to 2 (CubeIDE integrated)
2023-10-05 12:59:45,246 [INFO] UserAuth:179 - activating auth plugin
2023-10-05 12:59:45,251 [INFO] UserAuth:393 - Internet connection configuration mode: 1
2023-10-05 12:59:45,293 [INFO] JxBrowserEngine:151 - Initiate JxBrowser Engine with user profile folder
2023-10-05 12:59:45,503 [INFO] CheckServerUpdateThread:120 - End of CheckServer Thread
2023-10-05 12:59:46,764 [WARN] PackLoader:240 - Cannot read IP mode file for STMicroelectronics.X-CUBE-SMBUS.2.1.0
2023-10-05 12:59:46,830 [WARN] PackLoader:240 - Cannot read IP mode file for STMicroelectronics.X-CUBE-AZRTOS-F7.1.1.0
2023-10-05 12:59:46,866 [WARN] PackLoader:240 - Cannot read IP mode file for STMicroelectronics.FP-SNS-MOTENV1.4.3.2
2023-10-05 12:59:46,895 [WARN] PackLoader:240 - Cannot read IP mode file for STMicroelectronics.FP-SNS-FLIGHT1.5.0.2
2023-10-05 12:59:46,921 [WARN] PackLoader:240 - Cannot read IP mode file for STMicroelectronics.X-CUBE-DISPLAY.3.0.0
2023-10-05 12:59:46,955 [WARN] PackLoader:240 - Cannot read IP mode file for STMicroelectronics.X-CUBE-BLE1.7.0.0
2023-10-05 12:59:46,979 [WARN] PackLoader:240 - Cannot read IP mode file for emotas.I-CUBE-CANOPEN.1.3.0
2023-10-05 12:59:47,002 [WARN] PackLoader:240 - Cannot read IP mode file for STMicroelectronics.X-CUBE-TOUCHGFX.4.22.0
2023-10-05 12:59:47,021 [WARN] PackLoader:240 - Cannot read IP mode file for STMicroelectronics.FP-SNS-SMARTAG2.1.2.0
2023-10-05 12:59:47,058 [INFO] LogOutputStream:77 - [STDOUT_REDIRECT] 1 : Invalid condition id : UX_CORESTACK_Condition cause : null
2023-10-05 12:59:47,058 [INFO] LogOutputStream:77 - [STDOUT_REDIRECT] 1 : Invalid condition id : UX_CORESTACK_Condition cause : null
2023-10-05 12:59:47,061 [INFO] LogOutputStream:77 - [STDOUT_REDIRECT] 1 : Invalid condition id : UX_CORESTACK_Condition cause : null
2023-10-05 12:59:47,064 [INFO] LogOutputStream:77 - [STDOUT_REDIRECT] 1 : Invalid condition id : UX_CORESTACK_Condition cause : null
2023-10-05 12:59:47,066 [INFO] LogOutputStream:77 - [STDOUT_REDIRECT] 1 : Invalid condition id : UX_CORESTACK_Condition cause : null
2023-10-05 12:59:47,076 [WARN] PackLoader:240 - Cannot read IP mode file for STMicroelectronics.X-CUBE-AZRTOS-WL.2.0.0
2023-10-05 12:59:47,106 [WARN] PackLoader:240 - Cannot read IP mode file for WES.I-CUBE-Cesium.1.3.0
2023-10-05 12:59:47,125 [WARN] PackLoader:240 - Cannot read IP mode file for STMicroelectronics.X-CUBE-BLE2.3.3.0
2023-10-05 12:59:47,150 [WARN] PackLoader:240 - Cannot read IP mode file for STMicroelectronics.X-CUBE-ALGOBUILD.1.3.0
2023-10-05 12:59:47,202 [WARN] PackLoader:240 - Cannot read IP mode file for STMicroelectronics.X-CUBE-AZRTOS-G0.1.1.0
2023-10-05 12:59:47,234 [WARN] PackLoader:240 - Cannot read IP mode file for STMicroelectronics.X-CUBE-NFC4.3.0.0
2023-10-05 12:59:47,258 [WARN] PackLoader:240 - Cannot read IP mode file for STMicroelectronics.FP-ATR-SIGFOX1.3.2.0
2023-10-05 12:59:47,316 [WARN] PackLoader:240 - Cannot read IP mode file for SEGGER.I-CUBE-embOS.1.3.1
2023-10-05 12:59:47,403 [WARN] PackLoader:240 - Cannot read IP mode file for STMicroelectronics.X-CUBE-GNSS1.6.0.0
2023-10-05 12:59:47,452 [WARN] PackLoader:240 - Cannot read IP mode file for STMicroelectronics.X-CUBE-AZRTOS-F4.1.1.0
2023-10-05 12:59:47,479 [WARN] PackLoader:240 - Cannot read IP mode file for wolfSSL.I-CUBE-wolfSSL.5.6.3
2023-10-05 12:59:47,542 [WARN] PackLoader:240 - Cannot read IP mode file for STMicroelectronics.X-CUBE-AZRTOS-L5.2.0.0
2023-10-05 12:59:47,661 [WARN] PackLoader:240 - Cannot read IP mode file for STMicroelectronics.X-CUBE-MEMS1.9.6.0
2023-10-05 12:59:48,038 [WARN] PackLoader:240 - Cannot read IP mode file for STMicroelectronics.X-CUBE-BLEMGR.2.0.0
2023-10-05 12:59:48,184 [WARN] ConditionMgr:438 - getConditionDescription Invalid condition id : UX DEVICE CLASS RTOS Condition cause : null
2023-10-05 12:59:48,185 [WARN] ConditionMgr:438 - getConditionDescription Invalid condition id : UX DEVICE CLASS RTOS Condition cause : null
2023-10-05 12:59:48,193 [WARN] PackLoader:240 - Cannot read IP mode file for STMicroelectronics.X-CUBE-AZRTOS-H7.3.1.0
2023-10-05 12:59:48,196 [WARN] ConditionMgr:1039 - genDependencies : Invalid condition id : UX DEVICE CLASS RTOS Condition cause : null
2023-10-05 12:59:48,198 [WARN] ConditionMgr:1039 - genDependencies : Invalid condition id : UX DEVICE CLASS RTOS Condition cause : null
2023-10-05 12:59:48,204 [WARN] ConditionMgr:1039 - genDependencies : Invalid condition id : UX DEVICE CLASS RTOS Condition cause : null
2023-10-05 12:59:48,204 [WARN] ConditionMgr:1039 - genDependencies : Invalid condition id : UX DEVICE CLASS RTOS Condition cause : null
2023-10-05 12:59:48,204 [WARN] ConditionMgr:1039 - genDependencies : Invalid condition id : UX DEVICE CLASS RTOS Condition cause : null
2023-10-05 12:59:48,246 [WARN] PackLoader:240 - Cannot read IP mode file for STMicroelectronics.X-CUBE-NFC7.1.0.1
2023-10-05 12:59:48,282 [WARN] PackLoader:240 - Cannot read IP mode file for STMicroelectronics.X-CUBE-NFC6.3.0.0
2023-10-05 12:59:48,351 [WARN] PackLoader:240 - Cannot read IP mode file for STMicroelectronics.X-CUBE-EEPRMA1.4.1.0
2023-10-05 12:59:48,378 [WARN] PackLoader:240 - Cannot read IP mode file for STMicroelectronics.X-CUBE-AI.8.1.0
2023-10-05 12:59:48,429 [WARN] ConditionMgr:438 - getConditionDescription Invalid condition id : LAN8742 Phy interface Condition cause : null
2023-10-05 12:59:48,429 [WARN] PackLoader:240 - Cannot read IP mode file for STMicroelectronics.X-CUBE-AZRTOS-L4.2.0.0
2023-10-05 12:59:48,440 [WARN] ConditionMgr:1039 - genDependencies : Invalid condition id : LAN8742 Phy interface Condition cause : null
2023-10-05 12:59:48,440 [WARN] ConditionMgr:1039 - genDependencies : Invalid condition id : LAN8742 Phy interface Condition cause : null
2023-10-05 12:59:48,441 [WARN] ConditionMgr:1039 - genDependencies : Invalid condition id : LAN8742 Phy interface Condition cause : null
2023-10-05 12:59:48,470 [WARN] PackLoader:240 - Cannot read IP mode file for STMicroelectronics.X-CUBE-SFXS2LP1.4.0.0
2023-10-05 12:59:48,496 [WARN] PackLoader:240 - Cannot read IP mode file for STMicroelectronics.X-CUBE-ISPU.1.1.0
2023-10-05 12:59:48,531 [WARN] ConditionMgr:438 - getConditionDescription Invalid condition id : UX DEVICE CLASS RTOS Condition cause : null
2023-10-05 12:59:48,531 [WARN] ConditionMgr:438 - getConditionDescription Invalid condition id : UX DEVICE CLASS RTOS Condition cause : null
2023-10-05 12:59:48,531 [WARN] PackLoader:240 - Cannot read IP mode file for STMicroelectronics.X-CUBE-AZRTOS-WB.2.0.0
2023-10-05 12:59:48,531 [WARN] ConditionMgr:1039 - genDependencies : Invalid condition id : UX DEVICE CLASS RTOS Condition cause : null
2023-10-05 12:59:48,531 [WARN] ConditionMgr:1039 - genDependencies : Invalid condition id : UX DEVICE CLASS RTOS Condition cause : null
2023-10-05 12:59:48,539 [WARN] ConditionMgr:1039 - genDependencies : Invalid condition id : UX DEVICE CLASS RTOS Condition cause : null
2023-10-05 12:59:48,540 [WARN] ConditionMgr:1039 - genDependencies : Invalid condition id : UX DEVICE CLASS RTOS Condition cause : null
2023-10-05 12:59:48,540 [WARN] ConditionMgr:1039 - genDependencies : Invalid condition id : UX DEVICE CLASS RTOS Condition cause : null
2023-10-05 12:59:48,546 [INFO] WebApp:157 - Instantiating new browser for Auth
2023-10-05 12:59:48,629 [WARN] PackLoader:240 - Cannot read IP mode file for STMicroelectronics.X-CUBE-SUBG2.5.0.0
2023-10-05 12:59:48,674 [WARN] PackLoader:240 - Cannot read IP mode file for STMicroelectronics.X-CUBE-TOF1.3.3.1
2023-10-05 12:59:48,741 [WARN] PackLoader:240 - Cannot read IP mode file for STMicroelectronics.X-CUBE-AZRTOS-G4.2.0.0
2023-10-05 12:59:48,776 [WARN] PackLoader:240 - Cannot read IP mode file for STMicroelectronics.X-CUBE-FREERTOS.1.1.0
2023-10-05 12:59:48,833 [WARN] PackLoader:240 - Cannot read IP mode file for portGmbH.I-Cube-SoM-uGOAL.1.1.0
2023-10-05 12:59:48,859 [WARN] PackLoader:240 - Cannot read IP mode file for STMicroelectronics.X-CUBE-ALS.1.0.1
2023-10-05 12:59:48,885 [WARN] PackLoader:240 - Cannot read IP mode file for STMicroelectronics.FP-ATR-ASTRA1.2.0.0
2023-10-05 12:59:48,886 [INFO] ThirdParty:978 - Integrity check success = true
2023-10-05 12:59:48,887 [INFO] IntegrityCheckThread:100 - exiting critical section [integrity check]
2023-10-05 12:59:48,887 [INFO] IntegrityCheckThread:103 - End integrity checks thread
2023-10-05 12:59:49,643 [INFO] WebApp:753 - Register for checkConnection events
2023-10-05 12:59:49,643 [INFO] WebApp:390 - Apply proxy settings
2023-10-05 12:59:49,643 [INFO] WebApp:475 - Chromium requires no authentication
2023-10-05 12:59:49,656 [INFO] WebApp:418 - Direct internet connection detected
2023-10-05 12:59:49,929 [INFO] WebApp:188 - Starting web application
2023-10-05 12:59:49,929 [INFO] WebApp:520 - Web application path used C:\ST\STM32CubeIDE_1.12.0\STM32CubeIDE\plugins\com.st.stm32cube.common.mx_6.9.1.202307191849\db\plugins\mcufinder\reactClient1\index.html
2023-10-05 13:00:11,738 [ERROR] LogOutputStream:75 - [STDERR_REDIRECT] SLF4J: Failed to load class "org.slf4j.impl.StaticLoggerBinder".
2023-10-05 13:00:11,739 [ERROR] LogOutputStream:75 - [STDERR_REDIRECT] SLF4J: Defaulting to no-operation (NOP) logger implementation
2023-10-05 13:00:11,742 [ERROR] LogOutputStream:75 - [STDERR_REDIRECT] SLF4J: See http://www.slf4j.org/codes.html#StaticLoggerBinder for further details.
2023-10-05 15:56:32,980 [ERROR] LogOutputStream:75 - [STDERR_REDIRECT] 
2023-10-05 22:14:43,467 [INFO] Activator:176 - 


2023-10-05 22:14:43,471 [INFO] Activator:177 - !SESSION log4j initialized
2023-10-05 22:14:56,043 [INFO] LogOutputStream:77 - [STDOUT_REDIRECT] 
2023-10-05 22:15:00,791 [INFO] ApplicationProperties:184 - Using Application install path: C:\ST\STM32CubeIDE_1.12.0\STM32CubeIDE\plugins\com.st.stm32cube.common.mx_6.9.1.202307191849
2023-10-05 22:15:00,822 [INFO] DbMcusXml:78 - Set database path to: C:\ST\STM32CubeIDE_1.12.0\STM32CubeIDE\plugins\com.st.stm32cube.common.mx_6.9.1.202307191849\\db\/mcu/
2023-10-05 22:15:00,822 [INFO] ApiDb:274 - Set plugin database path to: C:\ST\STM32CubeIDE_1.12.0\STM32CubeIDE\plugins\com.st.stm32cube.common.mx_6.9.1.202307191849\\db\/plugins/boardmanager/
2023-10-05 22:15:00,823 [WARN] ApiDb:259 - Overriding images path with different value:  => C:\ST\STM32CubeIDE_1.12.0\STM32CubeIDE\plugins\com.st.stm32cube.common.mx_6.9.1.202307191849\\db\/plugins/mcufinder/images/
2023-10-05 22:15:00,856 [INFO] ApiDb:250 - Set database path to: C:\Users\win 10\.stmcufinder\plugins\mcufinder//mcu/
2023-10-05 22:15:00,859 [INFO] DbMcusAds:125 - Set database path to: C:\Users\win 10\.stmcufinder\plugins\mcufinder//mcu/
2023-10-05 22:15:01,740 [INFO] CrossReferenceDbSqlite:203 - Set database path to: C:\Users\win 10\.stmcufinder\plugins\mcufinder//mcu/cs/
2023-10-05 22:15:01,983 [INFO] RulesReader:64 - Compatibility file has been processed (293 Rules)
2023-10-05 22:15:02,146 [INFO] DbMcusXml:78 - Set database path to: C:\ST\STM32CubeIDE_1.12.0\STM32CubeIDE\plugins\com.st.stm32cube.common.mx_6.9.1.202307191849\\db\/mcu/
2023-10-05 22:15:02,146 [INFO] ApiDb:274 - Set plugin database path to: C:\ST\STM32CubeIDE_1.12.0\STM32CubeIDE\plugins\com.st.stm32cube.common.mx_6.9.1.202307191849\\db\/plugins/boardmanager/
2023-10-05 22:15:02,147 [INFO] ApiDb:261 - Set plugin images path to: C:\ST\STM32CubeIDE_1.12.0\STM32CubeIDE\plugins\com.st.stm32cube.common.mx_6.9.1.202307191849\\db\/plugins/mcufinder/images/
2023-10-05 22:15:02,148 [WARN] DbFile:41 - Overriding database path with different value: C:\Users\win 10\.stmcufinder\plugins\mcufinder/ => C:\Users\win 10\.stmcufinder\plugins\mcufinder
2023-10-05 22:15:02,148 [INFO] ApiDb:250 - Set database path to: C:\Users\win 10\.stmcufinder\plugins\mcufinder//mcu/
2023-10-05 22:15:02,149 [WARN] DbFile:41 - Overriding database path with different value: C:\Users\win 10\.stmcufinder\plugins\mcufinder/ => C:\Users\win 10\.stmcufinder\plugins\mcufinder
2023-10-05 22:15:02,150 [INFO] DbMcusAds:125 - Set database path to: C:\Users\win 10\.stmcufinder\plugins\mcufinder//mcu/
2023-10-05 22:15:02,150 [WARN] DbFile:41 - Overriding database path with different value: C:\Users\win 10\.stmcufinder\plugins\mcufinder/ => C:\Users\win 10\.stmcufinder\plugins\mcufinder
2023-10-05 22:15:02,151 [WARN] DbFile:41 - Overriding database path with different value: C:\Users\win 10\.stmcufinder\plugins\mcufinder/ => C:\Users\win 10\.stmcufinder\plugins\mcufinder
2023-10-05 22:15:02,737 [INFO] CrossReferenceDbSqlite:203 - Set database path to: C:\Users\win 10\.stmcufinder\plugins\mcufinder//mcu/cs/
2023-10-05 22:15:02,910 [INFO] MainPanel:262 - HeapMemory: 268435456
2023-10-05 22:15:03,165 [INFO] DbMcusXml:78 - Set database path to: C:\ST\STM32CubeIDE_1.12.0\STM32CubeIDE\plugins\com.st.stm32cube.common.mx_6.9.1.202307191849\\db\/mcu/
2023-10-05 22:15:03,199 [INFO] ApiDb:274 - Set plugin database path to: C:\ST\STM32CubeIDE_1.12.0\STM32CubeIDE\plugins\com.st.stm32cube.common.mx_6.9.1.202307191849\\db\/plugins/boardmanager/
2023-10-05 22:15:03,199 [INFO] ApiDb:261 - Set plugin images path to: C:\ST\STM32CubeIDE_1.12.0\STM32CubeIDE\plugins\com.st.stm32cube.common.mx_6.9.1.202307191849\\db\/plugins/mcufinder/images/
2023-10-05 22:15:03,294 [WARN] DbFile:41 - Overriding database path with different value: C:\Users\win 10\.stmcufinder\plugins\mcufinder/ => C:\Users\win 10\.stmcufinder\plugins\mcufinder
2023-10-05 22:15:03,296 [INFO] ApiDb:250 - Set database path to: C:\Users\win 10\.stmcufinder\plugins\mcufinder//mcu/
2023-10-05 22:15:03,296 [WARN] DbFile:41 - Overriding database path with different value: C:\Users\win 10\.stmcufinder\plugins\mcufinder/ => C:\Users\win 10\.stmcufinder\plugins\mcufinder
2023-10-05 22:15:03,297 [INFO] DbMcusAds:125 - Set database path to: C:\Users\win 10\.stmcufinder\plugins\mcufinder//mcu/
2023-10-05 22:15:03,298 [WARN] DbFile:41 - Overriding database path with different value: C:\Users\win 10\.stmcufinder\plugins\mcufinder/ => C:\Users\win 10\.stmcufinder\plugins\mcufinder
2023-10-05 22:15:03,299 [WARN] DbFile:41 - Overriding database path with different value: C:\Users\win 10\.stmcufinder\plugins\mcufinder/ => C:\Users\win 10\.stmcufinder\plugins\mcufinder
2023-10-05 22:15:04,298 [INFO] CrossReferenceDbSqlite:203 - Set database path to: C:\Users\win 10\.stmcufinder\plugins\mcufinder//mcu/cs/
2023-10-05 22:15:04,384 [INFO] ApplicationProperties:184 - Using Application install path: C:\ST\STM32CubeIDE_1.12.0\STM32CubeIDE\plugins\com.st.stm32cube.common.mx_6.9.1.202307191849
2023-10-05 22:15:04,389 [INFO] PluginManage:196 - Search for loadable plugins [exclusion list=, ]
2023-10-05 22:15:04,393 [INFO] PluginManage:310 - Check plugin analytics
2023-10-05 22:15:05,401 [INFO] AnalyticsPlugin:253 - Accepted Software Licenses: STM32CubeMX.6.5.0,STM32CubeMX.6.9.1
2023-10-05 22:15:05,401 [INFO] AnalyticsPlugin:255 - Accepted CMSIS Pack Licenses: 
2023-10-05 22:15:05,403 [INFO] AnalyticsPlugin:257 - Accepted Firmware Licenses: 
2023-10-05 22:15:05,407 [INFO] PluginManage:359 - Loaded plugin analytics (category:tool,tabindex:-1)
2023-10-05 22:15:05,408 [INFO] PluginManage:310 - Check plugin cadmodel
2023-10-05 22:15:05,437 [INFO] CADModel:105 - Init CAD model plugin
2023-10-05 22:15:05,437 [INFO] PluginManage:359 - Loaded plugin cadmodel (category:power,tabindex:5)
2023-10-05 22:15:05,437 [INFO] PluginManage:310 - Check plugin clock
2023-10-05 22:15:05,477 [INFO] PluginManage:359 - Loaded plugin clock (category:base,tabindex:2)
2023-10-05 22:15:05,481 [INFO] PluginManage:310 - Check plugin ddr
2023-10-05 22:15:05,487 [INFO] PluginManage:359 - Loaded plugin ddr (category:tool,tabindex:6)
2023-10-05 22:15:05,488 [INFO] PluginManage:310 - Check plugin filemanager
2023-10-05 22:15:05,759 [INFO] PluginManage:359 - Loaded plugin filemanager (category:base,tabindex:10)
2023-10-05 22:15:05,759 [INFO] PluginManage:310 - Check plugin ipmanager
2023-10-05 22:15:05,773 [INFO] PluginManage:359 - Loaded plugin ipmanager (category:base,tabindex:5)
2023-10-05 22:15:05,773 [INFO] PluginManage:310 - Check plugin lpbam
2023-10-05 22:15:05,803 [INFO] PluginManage:359 - Loaded plugin lpbam (category:base,tabindex:0)
2023-10-05 22:15:05,803 [INFO] PluginManage:310 - Check plugin memorymap
2023-10-05 22:15:05,846 [INFO] PluginManage:359 - Loaded plugin memorymap (category:base,tabindex:4)
2023-10-05 22:15:05,846 [INFO] PluginManage:310 - Check plugin pinoutandconfiguration
2023-10-05 22:15:05,877 [INFO] PluginManage:359 - Loaded plugin pinoutandconfiguration (category:base,tabindex:1)
2023-10-05 22:15:05,877 [INFO] PluginManage:310 - Check plugin pinoutconfig
2023-10-05 22:15:06,116 [WARN] SupportedApi:132 - Cannot load RTOS API schema: s4s-elt-must-match.1: The content of 'definitions' must match (annotation?, (simpleType | complexType)?, (unique | key | keyref)*)). A problem was found starting at: attribute.
2023-10-05 22:15:06,407 [INFO] PluginManage:359 - Loaded plugin pinoutconfig (category:base,tabindex:0)
2023-10-05 22:15:06,407 [INFO] PluginManage:310 - Check plugin power
2023-10-05 22:15:06,455 [INFO] PluginManage:359 - Loaded plugin power (category:power,tabindex:4)
2023-10-05 22:15:06,456 [INFO] PluginManage:310 - Check plugin projectmanager
2023-10-05 22:15:06,494 [INFO] PluginManage:359 - Loaded plugin projectmanager (category:projectmanager,tabindex:3)
2023-10-05 22:15:06,494 [INFO] PluginManage:310 - Check plugin thirdparty
2023-10-05 22:15:07,026 [INFO] PluginManage:359 - Loaded plugin thirdparty (category:base,tabindex:-1)
2023-10-05 22:15:07,026 [WARN] IntegrityCheckThread:84 - waiting for thirdparty lock release [integrity check]
2023-10-05 22:15:07,026 [INFO] IntegrityCheckThread:86 - entering critical section [integrity check]
2023-10-05 22:15:07,026 [INFO] PluginManage:310 - Check plugin tools
2023-10-05 22:15:07,027 [INFO] ThirdPartyUpdaterWithRetryManager:70 - Updater plugin not ready yet. [1/15]
2023-10-05 22:15:07,094 [INFO] PluginManage:359 - Loaded plugin tools (category:base,tabindex:7)
2023-10-05 22:15:07,094 [INFO] PluginManage:310 - Check plugin tutovideos
2023-10-05 22:15:07,500 [INFO] PluginManage:359 - Loaded plugin tutovideos (category:base,tabindex:-1)
2023-10-05 22:15:07,500 [INFO] PluginManage:310 - Check plugin updater
2023-10-05 22:15:07,518 [INFO] PluginManage:359 - Loaded plugin updater (category:base,tabindex:12)
2023-10-05 22:15:07,519 [INFO] PluginManage:310 - Check plugin userauth
2023-10-05 22:15:07,529 [INFO] UserAuth:113 - Init User Auth plugin
2023-10-05 22:15:07,529 [INFO] PluginManage:359 - Loaded plugin userauth (category:base,tabindex:14)
2023-10-05 22:15:07,531 [INFO] PluginManage:283 - PluginManage : Loaded plugins [17]
2023-10-05 22:15:08,005 [INFO] PinOutPanel:1499 - setPackage(No Configuration,No Configuration)
2023-10-05 22:15:08,239 [INFO] CADModel:165 - CPN selected for project level
2023-10-05 22:15:08,240 [INFO] CADModel:114 - Register for checkConnection events
2023-10-05 22:15:08,295 [INFO] IPUIPlugin:80 - create IPUIPlugin
2023-10-05 22:15:08,295 [INFO] PluginManager:220 - loadIPPluginJar : add adc
2023-10-05 22:15:08,365 [INFO] IPUIPlugin:80 - create IPUIPlugin
2023-10-05 22:15:08,366 [INFO] PluginManager:220 - loadIPPluginJar : add aes
2023-10-05 22:15:08,436 [INFO] IPUIPlugin:80 - create IPUIPlugin
2023-10-05 22:15:08,436 [INFO] PluginManager:220 - loadIPPluginJar : add can
2023-10-05 22:15:08,466 [INFO] IPUIPlugin:80 - create IPUIPlugin
2023-10-05 22:15:08,467 [INFO] PluginManager:220 - loadIPPluginJar : add comp
2023-10-05 22:15:08,518 [INFO] IPUIPlugin:80 - create IPUIPlugin
2023-10-05 22:15:08,518 [INFO] PluginManager:220 - loadIPPluginJar : add cryp
2023-10-05 22:15:08,570 [INFO] IPUIPlugin:80 - create IPUIPlugin
2023-10-05 22:15:08,571 [INFO] PluginManager:220 - loadIPPluginJar : add dfsdm
2023-10-05 22:15:08,591 [INFO] IPUIPlugin:80 - create IPUIPlugin
2023-10-05 22:15:08,592 [INFO] PluginManager:220 - loadIPPluginJar : add dma
2023-10-05 22:15:08,667 [INFO] IPUIPlugin:80 - create IPUIPlugin
2023-10-05 22:15:08,668 [INFO] PluginManager:220 - loadIPPluginJar : add dma3
2023-10-05 22:15:08,693 [INFO] IPUIPlugin:80 - create IPUIPlugin
2023-10-05 22:15:08,693 [INFO] PluginManager:220 - loadIPPluginJar : add fatfs
2023-10-05 22:15:08,762 [INFO] IPUIPlugin:80 - create IPUIPlugin
2023-10-05 22:15:08,763 [INFO] PluginManager:220 - loadIPPluginJar : add fmc
2023-10-05 22:15:08,787 [INFO] IPUIPlugin:80 - create IPUIPlugin
2023-10-05 22:15:08,787 [INFO] PluginManager:220 - loadIPPluginJar : add freertos
2023-10-05 22:15:08,828 [INFO] IPUIPlugin:80 - create IPUIPlugin
2023-10-05 22:15:08,828 [INFO] PluginManager:220 - loadIPPluginJar : add genericplugin
2023-10-05 22:15:09,002 [INFO] IPUIPlugin:80 - create IPUIPlugin
2023-10-05 22:15:09,003 [INFO] PluginManager:220 - loadIPPluginJar : add gfxmmu
2023-10-05 22:15:09,236 [INFO] IPUIPlugin:80 - create IPUIPlugin
2023-10-05 22:15:09,236 [INFO] PluginManager:220 - loadIPPluginJar : add gic
2023-10-05 22:15:09,251 [INFO] IPUIPlugin:80 - create IPUIPlugin
2023-10-05 22:15:09,251 [INFO] PluginManager:220 - loadIPPluginJar : add gpio
2023-10-05 22:15:09,414 [INFO] IPUIPlugin:80 - create IPUIPlugin
2023-10-05 22:15:09,414 [INFO] PluginManager:220 - loadIPPluginJar : add gtzc
2023-10-05 22:15:09,478 [INFO] IPUIPlugin:80 - create IPUIPlugin
2023-10-05 22:15:09,478 [INFO] PluginManager:220 - loadIPPluginJar : add hash
2023-10-05 22:15:09,557 [INFO] IPUIPlugin:80 - create IPUIPlugin
2023-10-05 22:15:09,558 [INFO] PluginManager:220 - loadIPPluginJar : add i2c
2023-10-05 22:15:09,609 [INFO] IPUIPlugin:80 - create IPUIPlugin
2023-10-05 22:15:09,609 [INFO] PluginManager:220 - loadIPPluginJar : add i2s
2023-10-05 22:15:09,668 [INFO] IPUIPlugin:80 - create IPUIPlugin
2023-10-05 22:15:09,668 [INFO] PluginManager:220 - loadIPPluginJar : add i3c
2023-10-05 22:15:09,802 [INFO] IPUIPlugin:80 - create IPUIPlugin
2023-10-05 22:15:09,803 [INFO] PluginManager:220 - loadIPPluginJar : add ipddr
2023-10-05 22:15:09,981 [INFO] IPUIPlugin:80 - create IPUIPlugin
2023-10-05 22:15:09,981 [INFO] PluginManager:220 - loadIPPluginJar : add linkedlist
2023-10-05 22:15:10,039 [INFO] IPUIPlugin:80 - create IPUIPlugin
2023-10-05 22:15:10,039 [INFO] ThirdPartyUpdaterWithRetryManager:70 - Updater plugin not ready yet. [2/15]
2023-10-05 22:15:10,039 [INFO] PluginManager:220 - loadIPPluginJar : add lorawan
2023-10-05 22:15:10,091 [INFO] IPUIPlugin:80 - create IPUIPlugin
2023-10-05 22:15:10,091 [INFO] PluginManager:220 - loadIPPluginJar : add ltdc
2023-10-05 22:15:10,109 [INFO] IPUIPlugin:80 - create IPUIPlugin
2023-10-05 22:15:10,109 [INFO] PluginManager:220 - loadIPPluginJar : add mdma
2023-10-05 22:15:10,126 [INFO] IPUIPlugin:80 - create IPUIPlugin
2023-10-05 22:15:10,126 [INFO] PluginManager:220 - loadIPPluginJar : add nvic
2023-10-05 22:15:10,172 [INFO] IPUIPlugin:80 - create IPUIPlugin
2023-10-05 22:15:10,173 [INFO] PluginManager:220 - loadIPPluginJar : add opamp
2023-10-05 22:15:10,255 [INFO] IPUIPlugin:80 - create IPUIPlugin
2023-10-05 22:15:10,255 [INFO] PluginManager:220 - loadIPPluginJar : add openamp
2023-10-05 22:15:10,311 [INFO] IPUIPlugin:80 - create IPUIPlugin
2023-10-05 22:15:10,312 [INFO] PluginManager:220 - loadIPPluginJar : add pdm2pcm
2023-10-05 22:15:10,330 [INFO] IPUIPlugin:80 - create IPUIPlugin
2023-10-05 22:15:10,334 [INFO] PluginManager:220 - loadIPPluginJar : add plateformsettings
2023-10-05 22:15:10,361 [INFO] IPUIPlugin:80 - create IPUIPlugin
2023-10-05 22:15:10,362 [INFO] PluginManager:220 - loadIPPluginJar : add quadspi
2023-10-05 22:15:10,378 [INFO] IPUIPlugin:80 - create IPUIPlugin
2023-10-05 22:15:10,378 [INFO] PluginManager:220 - loadIPPluginJar : add resmgrutility
2023-10-05 22:15:10,456 [INFO] IPUIPlugin:80 - create IPUIPlugin
2023-10-05 22:15:10,456 [INFO] PluginManager:220 - loadIPPluginJar : add sai
2023-10-05 22:15:10,528 [INFO] IPUIPlugin:80 - create IPUIPlugin
2023-10-05 22:15:10,531 [INFO] PluginManager:220 - loadIPPluginJar : add spi
2023-10-05 22:15:10,638 [INFO] IPUIPlugin:80 - create IPUIPlugin
2023-10-05 22:15:10,638 [INFO] PluginManager:220 - loadIPPluginJar : add stm32_wpan
2023-10-05 22:15:10,674 [INFO] IPUIPlugin:80 - create IPUIPlugin
2023-10-05 22:15:10,674 [INFO] PluginManager:220 - loadIPPluginJar : add tim
2023-10-05 22:15:10,793 [INFO] IPUIPlugin:80 - create IPUIPlugin
2023-10-05 22:15:10,794 [INFO] PluginManager:220 - loadIPPluginJar : add touchsensing
2023-10-05 22:15:10,832 [INFO] IPUIPlugin:80 - create IPUIPlugin
2023-10-05 22:15:10,833 [INFO] PluginManager:220 - loadIPPluginJar : add tracer_emb
2023-10-05 22:15:10,868 [INFO] IPUIPlugin:80 - create IPUIPlugin
2023-10-05 22:15:10,869 [INFO] PluginManager:220 - loadIPPluginJar : add ts
2023-10-05 22:15:10,897 [INFO] IPUIPlugin:80 - create IPUIPlugin
2023-10-05 22:15:10,897 [INFO] PluginManager:220 - loadIPPluginJar : add tsc
2023-10-05 22:15:10,931 [INFO] IPUIPlugin:80 - create IPUIPlugin
2023-10-05 22:15:10,931 [INFO] PluginManager:220 - loadIPPluginJar : add ucpd
2023-10-05 22:15:11,022 [INFO] IPUIPlugin:80 - create IPUIPlugin
2023-10-05 22:15:11,022 [INFO] PluginManager:220 - loadIPPluginJar : add usart
2023-10-05 22:15:11,107 [INFO] IPUIPlugin:80 - create IPUIPlugin
2023-10-05 22:15:11,108 [INFO] PluginManager:220 - loadIPPluginJar : add usbx
2023-10-05 22:15:11,298 [INFO] CADModel:165 - CPN selected for project level
2023-10-05 22:15:11,299 [INFO] CADModel:114 - Register for checkConnection events
2023-10-05 22:15:11,300 [FATAL] Updater:308 - Updater called before beeing initialized
2023-10-05 22:15:11,300 [ERROR] CADModel:125 - Updater not yet initialized, retry later 
2023-10-05 22:15:11,651 [INFO] CADModel:165 - CPN selected for project level
2023-10-05 22:15:11,651 [INFO] CADModel:114 - Register for checkConnection events
2023-10-05 22:15:11,651 [FATAL] Updater:308 - Updater called before beeing initialized
2023-10-05 22:15:11,651 [ERROR] CADModel:125 - Updater not yet initialized, retry later 
2023-10-05 22:15:11,657 [FATAL] Updater:308 - Updater called before beeing initialized
2023-10-05 22:15:11,896 [FATAL] Updater:308 - Updater called before beeing initialized
2023-10-05 22:15:11,915 [INFO] DbMcusAds:53 - JSON generation date=Tue Mar 07 15:50:55 ICT 2023 (1678179055114)
2023-10-05 22:15:11,915 [FATAL] Updater:308 - Updater called before beeing initialized
2023-10-05 22:15:12,057 [WARN] DetailPanel:346 - Failed to get advertising image, set to default
2023-10-05 22:15:12,236 [FATAL] Updater:308 - Updater called before beeing initialized
2023-10-05 22:15:12,240 [FATAL] Updater:308 - Updater called before beeing initialized
2023-10-05 22:15:12,240 [FATAL] Updater:308 - Updater called before beeing initialized
2023-10-05 22:15:12,241 [WARN] DetailPanel:346 - Failed to get advertising image, set to default
2023-10-05 22:15:12,242 [FATAL] Updater:308 - Updater called before beeing initialized
2023-10-05 22:15:12,394 [ERROR] Updater:1120 - MainUpdater not yet initialized. External WinMGr cannot be set.
2023-10-05 22:15:12,411 [INFO] Updater:1056 - Updater Version found : 6.9.1
2023-10-05 22:15:12,443 [INFO] ApplicationProperties:184 - Using Application install path: C:\ST\STM32CubeIDE_1.12.0\STM32CubeIDE\plugins\com.st.stm32cube.common.mx_6.9.1.202307191849
2023-10-05 22:15:13,051 [INFO] ThirdPartyUpdaterWithRetryManager:70 - Updater plugin not ready yet. [3/15]
2023-10-05 22:15:15,787 [INFO] MainUpdater:2868 - connection check result : 10
2023-10-05 22:15:15,789 [INFO] MainUpdater:285 - Updater Check For Update Now.
2023-10-05 22:15:15,789 [INFO] MicroXplorer:498 - Change Database Version : DB.6.0.91
2023-10-05 22:15:15,822 [INFO] McuFinderGlobals:63 - Set McuFinder mode to 2 (CubeIDE integrated)
2023-10-05 22:15:15,822 [INFO] UserAuth:179 - activating auth plugin
2023-10-05 22:15:15,835 [INFO] UserAuth:393 - Internet connection configuration mode: 1
2023-10-05 22:15:15,875 [INFO] JxBrowserEngine:151 - Initiate JxBrowser Engine with user profile folder
2023-10-05 22:15:16,065 [INFO] CheckServerUpdateThread:120 - End of CheckServer Thread
2023-10-05 22:15:16,449 [WARN] PackLoader:240 - Cannot read IP mode file for STMicroelectronics.X-CUBE-SMBUS.2.1.0
2023-10-05 22:15:16,534 [WARN] PackLoader:240 - Cannot read IP mode file for STMicroelectronics.X-CUBE-AZRTOS-F7.1.1.0
2023-10-05 22:15:16,588 [WARN] PackLoader:240 - Cannot read IP mode file for STMicroelectronics.FP-SNS-MOTENV1.4.3.2
2023-10-05 22:15:16,630 [WARN] PackLoader:240 - Cannot read IP mode file for STMicroelectronics.FP-SNS-FLIGHT1.5.0.2
2023-10-05 22:15:16,675 [WARN] PackLoader:240 - Cannot read IP mode file for STMicroelectronics.X-CUBE-DISPLAY.3.0.0
2023-10-05 22:15:16,732 [WARN] PackLoader:240 - Cannot read IP mode file for STMicroelectronics.X-CUBE-BLE1.7.0.0
2023-10-05 22:15:16,761 [WARN] PackLoader:240 - Cannot read IP mode file for emotas.I-CUBE-CANOPEN.1.3.0
2023-10-05 22:15:16,785 [WARN] PackLoader:240 - Cannot read IP mode file for STMicroelectronics.X-CUBE-TOUCHGFX.4.22.0
2023-10-05 22:15:16,814 [WARN] PackLoader:240 - Cannot read IP mode file for STMicroelectronics.FP-SNS-SMARTAG2.1.2.0
2023-10-05 22:15:16,860 [INFO] LogOutputStream:77 - [STDOUT_REDIRECT] 1 : Invalid condition id : UX_CORESTACK_Condition cause : null
2023-10-05 22:15:16,861 [INFO] LogOutputStream:77 - [STDOUT_REDIRECT] 1 : Invalid condition id : UX_CORESTACK_Condition cause : null
2023-10-05 22:15:16,866 [INFO] LogOutputStream:77 - [STDOUT_REDIRECT] 1 : Invalid condition id : UX_CORESTACK_Condition cause : null
2023-10-05 22:15:16,868 [INFO] LogOutputStream:77 - [STDOUT_REDIRECT] 1 : Invalid condition id : UX_CORESTACK_Condition cause : null
2023-10-05 22:15:16,870 [INFO] LogOutputStream:77 - [STDOUT_REDIRECT] 1 : Invalid condition id : UX_CORESTACK_Condition cause : null
2023-10-05 22:15:16,880 [WARN] PackLoader:240 - Cannot read IP mode file for STMicroelectronics.X-CUBE-AZRTOS-WL.2.0.0
2023-10-05 22:15:16,919 [WARN] PackLoader:240 - Cannot read IP mode file for WES.I-CUBE-Cesium.1.3.0
2023-10-05 22:15:16,941 [WARN] PackLoader:240 - Cannot read IP mode file for STMicroelectronics.X-CUBE-BLE2.3.3.0
2023-10-05 22:15:16,979 [WARN] PackLoader:240 - Cannot read IP mode file for STMicroelectronics.X-CUBE-ALGOBUILD.1.3.0
2023-10-05 22:15:17,082 [WARN] PackLoader:240 - Cannot read IP mode file for STMicroelectronics.X-CUBE-AZRTOS-G0.1.1.0
2023-10-05 22:15:17,122 [WARN] PackLoader:240 - Cannot read IP mode file for STMicroelectronics.X-CUBE-NFC4.3.0.0
2023-10-05 22:15:17,149 [WARN] PackLoader:240 - Cannot read IP mode file for STMicroelectronics.FP-ATR-SIGFOX1.3.2.0
2023-10-05 22:15:17,252 [WARN] PackLoader:240 - Cannot read IP mode file for SEGGER.I-CUBE-embOS.1.3.1
2023-10-05 22:15:17,434 [WARN] PackLoader:240 - Cannot read IP mode file for STMicroelectronics.X-CUBE-GNSS1.6.0.0
2023-10-05 22:15:17,502 [WARN] PackLoader:240 - Cannot read IP mode file for STMicroelectronics.X-CUBE-AZRTOS-F4.1.1.0
2023-10-05 22:15:17,534 [WARN] PackLoader:240 - Cannot read IP mode file for wolfSSL.I-CUBE-wolfSSL.5.6.3
2023-10-05 22:15:17,602 [WARN] PackLoader:240 - Cannot read IP mode file for STMicroelectronics.X-CUBE-AZRTOS-L5.2.0.0
2023-10-05 22:15:17,747 [WARN] PackLoader:240 - Cannot read IP mode file for STMicroelectronics.X-CUBE-MEMS1.9.6.0
2023-10-05 22:15:18,083 [WARN] PackLoader:240 - Cannot read IP mode file for STMicroelectronics.X-CUBE-BLEMGR.2.0.0
2023-10-05 22:15:18,150 [WARN] ConditionMgr:438 - getConditionDescription Invalid condition id : UX DEVICE CLASS RTOS Condition cause : null
2023-10-05 22:15:18,151 [WARN] ConditionMgr:438 - getConditionDescription Invalid condition id : UX DEVICE CLASS RTOS Condition cause : null
2023-10-05 22:15:18,157 [WARN] PackLoader:240 - Cannot read IP mode file for STMicroelectronics.X-CUBE-AZRTOS-H7.3.1.0
2023-10-05 22:15:18,159 [WARN] ConditionMgr:1039 - genDependencies : Invalid condition id : UX DEVICE CLASS RTOS Condition cause : null
2023-10-05 22:15:18,160 [WARN] ConditionMgr:1039 - genDependencies : Invalid condition id : UX DEVICE CLASS RTOS Condition cause : null
2023-10-05 22:15:18,161 [WARN] ConditionMgr:1039 - genDependencies : Invalid condition id : UX DEVICE CLASS RTOS Condition cause : null
2023-10-05 22:15:18,162 [WARN] ConditionMgr:1039 - genDependencies : Invalid condition id : UX DEVICE CLASS RTOS Condition cause : null
2023-10-05 22:15:18,163 [WARN] ConditionMgr:1039 - genDependencies : Invalid condition id : UX DEVICE CLASS RTOS Condition cause : null
2023-10-05 22:15:18,188 [WARN] PackLoader:240 - Cannot read IP mode file for STMicroelectronics.X-CUBE-NFC7.1.0.1
2023-10-05 22:15:18,216 [WARN] PackLoader:240 - Cannot read IP mode file for STMicroelectronics.X-CUBE-NFC6.3.0.0
2023-10-05 22:15:18,247 [WARN] PackLoader:240 - Cannot read IP mode file for STMicroelectronics.X-CUBE-EEPRMA1.4.1.0
2023-10-05 22:15:18,269 [WARN] PackLoader:240 - Cannot read IP mode file for STMicroelectronics.X-CUBE-AI.8.1.0
2023-10-05 22:15:18,336 [WARN] ConditionMgr:438 - getConditionDescription Invalid condition id : LAN8742 Phy interface Condition cause : null
2023-10-05 22:15:18,338 [WARN] PackLoader:240 - Cannot read IP mode file for STMicroelectronics.X-CUBE-AZRTOS-L4.2.0.0
2023-10-05 22:15:18,340 [WARN] ConditionMgr:1039 - genDependencies : Invalid condition id : LAN8742 Phy interface Condition cause : null
2023-10-05 22:15:18,340 [WARN] ConditionMgr:1039 - genDependencies : Invalid condition id : LAN8742 Phy interface Condition cause : null
2023-10-05 22:15:18,342 [WARN] ConditionMgr:1039 - genDependencies : Invalid condition id : LAN8742 Phy interface Condition cause : null
2023-10-05 22:15:18,378 [WARN] PackLoader:240 - Cannot read IP mode file for STMicroelectronics.X-CUBE-SFXS2LP1.4.0.0
2023-10-05 22:15:18,399 [WARN] PackLoader:240 - Cannot read IP mode file for STMicroelectronics.X-CUBE-ISPU.1.1.0
2023-10-05 22:15:18,443 [WARN] ConditionMgr:438 - getConditionDescription Invalid condition id : UX DEVICE CLASS RTOS Condition cause : null
2023-10-05 22:15:18,443 [WARN] ConditionMgr:438 - getConditionDescription Invalid condition id : UX DEVICE CLASS RTOS Condition cause : null
2023-10-05 22:15:18,449 [WARN] PackLoader:240 - Cannot read IP mode file for STMicroelectronics.X-CUBE-AZRTOS-WB.2.0.0
2023-10-05 22:15:18,450 [WARN] ConditionMgr:1039 - genDependencies : Invalid condition id : UX DEVICE CLASS RTOS Condition cause : null
2023-10-05 22:15:18,450 [WARN] ConditionMgr:1039 - genDependencies : Invalid condition id : UX DEVICE CLASS RTOS Condition cause : null
2023-10-05 22:15:18,451 [WARN] ConditionMgr:1039 - genDependencies : Invalid condition id : UX DEVICE CLASS RTOS Condition cause : null
2023-10-05 22:15:18,452 [WARN] ConditionMgr:1039 - genDependencies : Invalid condition id : UX DEVICE CLASS RTOS Condition cause : null
2023-10-05 22:15:18,452 [WARN] ConditionMgr:1039 - genDependencies : Invalid condition id : UX DEVICE CLASS RTOS Condition cause : null
2023-10-05 22:15:18,494 [WARN] PackLoader:240 - Cannot read IP mode file for STMicroelectronics.X-CUBE-SUBG2.5.0.0
2023-10-05 22:15:18,536 [WARN] PackLoader:240 - Cannot read IP mode file for STMicroelectronics.X-CUBE-TOF1.3.3.1
2023-10-05 22:15:18,619 [WARN] PackLoader:240 - Cannot read IP mode file for STMicroelectronics.X-CUBE-AZRTOS-G4.2.0.0
2023-10-05 22:15:18,648 [WARN] PackLoader:240 - Cannot read IP mode file for STMicroelectronics.X-CUBE-FREERTOS.1.1.0
2023-10-05 22:15:18,669 [WARN] PackLoader:240 - Cannot read IP mode file for portGmbH.I-Cube-SoM-uGOAL.1.1.0
2023-10-05 22:15:18,688 [WARN] PackLoader:240 - Cannot read IP mode file for STMicroelectronics.X-CUBE-ALS.1.0.1
2023-10-05 22:15:18,708 [WARN] PackLoader:240 - Cannot read IP mode file for STMicroelectronics.FP-ATR-ASTRA1.2.0.0
2023-10-05 22:15:18,710 [INFO] ThirdParty:978 - Integrity check success = true
2023-10-05 22:15:18,711 [INFO] IntegrityCheckThread:100 - exiting critical section [integrity check]
2023-10-05 22:15:18,715 [INFO] IntegrityCheckThread:103 - End integrity checks thread
2023-10-05 22:15:21,748 [INFO] WebApp:157 - Instantiating new browser for Auth
2023-10-05 22:15:24,581 [INFO] WebApp:753 - Register for checkConnection events
2023-10-05 22:15:24,583 [INFO] WebApp:390 - Apply proxy settings
2023-10-05 22:15:24,583 [INFO] WebApp:475 - Chromium requires no authentication
2023-10-05 22:15:24,701 [INFO] WebApp:418 - Direct internet connection detected
2023-10-05 22:15:25,181 [INFO] WebApp:188 - Starting web application
2023-10-05 22:15:25,181 [INFO] WebApp:520 - Web application path used C:\ST\STM32CubeIDE_1.12.0\STM32CubeIDE\plugins\com.st.stm32cube.common.mx_6.9.1.202307191849\db\plugins\mcufinder\reactClient1\index.html
2023-10-05 22:15:48,000 [ERROR] LogOutputStream:75 - [STDERR_REDIRECT] SLF4J: Failed to load class "org.slf4j.impl.StaticLoggerBinder".
2023-10-05 22:15:48,002 [ERROR] LogOutputStream:75 - [STDERR_REDIRECT] SLF4J: Defaulting to no-operation (NOP) logger implementation
2023-10-05 22:15:48,005 [ERROR] LogOutputStream:75 - [STDERR_REDIRECT] SLF4J: See http://www.slf4j.org/codes.html#StaticLoggerBinder for further details.
2023-10-05 23:03:00,225 [ERROR] LogOutputStream:75 - [STDERR_REDIRECT] 
