2023-09-22 10:47:58,423 [INFO] Activator:176 - 


2023-09-22 10:47:58,435 [INFO] Activator:177 - !SESSION log4j initialized
2023-09-22 10:48:11,812 [INFO] LogOutputStream:77 - [STDOUT_REDIRECT] 
2023-09-22 10:48:17,284 [INFO] ApplicationProperties:184 - Using Application install path: C:\ST\STM32CubeIDE_1.12.0\STM32CubeIDE\plugins\com.st.stm32cube.common.mx_6.9.1.202307191849
2023-09-22 10:48:17,322 [INFO] DbMcusXml:78 - Set database path to: C:\ST\STM32CubeIDE_1.12.0\STM32CubeIDE\plugins\com.st.stm32cube.common.mx_6.9.1.202307191849\\db\/mcu/
2023-09-22 10:48:17,324 [INFO] ApiDb:274 - Set plugin database path to: C:\ST\STM32CubeIDE_1.12.0\STM32CubeIDE\plugins\com.st.stm32cube.common.mx_6.9.1.202307191849\\db\/plugins/boardmanager/
2023-09-22 10:48:17,325 [WARN] ApiDb:259 - Overriding images path with different value:  => C:\ST\STM32CubeIDE_1.12.0\STM32CubeIDE\plugins\com.st.stm32cube.common.mx_6.9.1.202307191849\\db\/plugins/mcufinder/images/
2023-09-22 10:48:17,362 [INFO] ApiDb:250 - Set database path to: C:\Users\win 10\.stmcufinder\plugins\mcufinder//mcu/
2023-09-22 10:48:17,365 [INFO] DbMcusAds:125 - Set database path to: C:\Users\win 10\.stmcufinder\plugins\mcufinder//mcu/
2023-09-22 10:48:17,370 [INFO] CrossReferenceDbSqlite:203 - Set database path to: C:\Users\win 10\.stmcufinder\plugins\mcufinder//mcu/cs/
2023-09-22 10:48:17,652 [INFO] RulesReader:64 - Compatibility file has been processed (293 Rules)
2023-09-22 10:48:17,888 [INFO] DbMcusXml:78 - Set database path to: C:\ST\STM32CubeIDE_1.12.0\STM32CubeIDE\plugins\com.st.stm32cube.common.mx_6.9.1.202307191849\\db\/mcu/
2023-09-22 10:48:17,888 [INFO] ApiDb:274 - Set plugin database path to: C:\ST\STM32CubeIDE_1.12.0\STM32CubeIDE\plugins\com.st.stm32cube.common.mx_6.9.1.202307191849\\db\/plugins/boardmanager/
2023-09-22 10:48:17,889 [INFO] ApiDb:261 - Set plugin images path to: C:\ST\STM32CubeIDE_1.12.0\STM32CubeIDE\plugins\com.st.stm32cube.common.mx_6.9.1.202307191849\\db\/plugins/mcufinder/images/
2023-09-22 10:48:17,889 [WARN] DbFile:41 - Overriding database path with different value: C:\Users\win 10\.stmcufinder\plugins\mcufinder/ => C:\Users\win 10\.stmcufinder\plugins\mcufinder
2023-09-22 10:48:17,889 [INFO] ApiDb:250 - Set database path to: C:\Users\win 10\.stmcufinder\plugins\mcufinder//mcu/
2023-09-22 10:48:17,890 [WARN] DbFile:41 - Overriding database path with different value: C:\Users\win 10\.stmcufinder\plugins\mcufinder/ => C:\Users\win 10\.stmcufinder\plugins\mcufinder
2023-09-22 10:48:17,890 [INFO] DbMcusAds:125 - Set database path to: C:\Users\win 10\.stmcufinder\plugins\mcufinder//mcu/
2023-09-22 10:48:17,890 [WARN] DbFile:41 - Overriding database path with different value: C:\Users\win 10\.stmcufinder\plugins\mcufinder/ => C:\Users\win 10\.stmcufinder\plugins\mcufinder
2023-09-22 10:48:17,890 [WARN] DbFile:41 - Overriding database path with different value: C:\Users\win 10\.stmcufinder\plugins\mcufinder/ => C:\Users\win 10\.stmcufinder\plugins\mcufinder
2023-09-22 10:48:17,890 [INFO] CrossReferenceDbSqlite:203 - Set database path to: C:\Users\win 10\.stmcufinder\plugins\mcufinder//mcu/cs/
2023-09-22 10:48:18,081 [INFO] MainPanel:262 - HeapMemory: 268435456
2023-09-22 10:48:18,331 [INFO] DbMcusXml:78 - Set database path to: C:\ST\STM32CubeIDE_1.12.0\STM32CubeIDE\plugins\com.st.stm32cube.common.mx_6.9.1.202307191849\\db\/mcu/
2023-09-22 10:48:18,332 [INFO] ApiDb:274 - Set plugin database path to: C:\ST\STM32CubeIDE_1.12.0\STM32CubeIDE\plugins\com.st.stm32cube.common.mx_6.9.1.202307191849\\db\/plugins/boardmanager/
2023-09-22 10:48:18,332 [INFO] ApiDb:261 - Set plugin images path to: C:\ST\STM32CubeIDE_1.12.0\STM32CubeIDE\plugins\com.st.stm32cube.common.mx_6.9.1.202307191849\\db\/plugins/mcufinder/images/
2023-09-22 10:48:18,333 [WARN] DbFile:41 - Overriding database path with different value: C:\Users\win 10\.stmcufinder\plugins\mcufinder/ => C:\Users\win 10\.stmcufinder\plugins\mcufinder
2023-09-22 10:48:18,333 [INFO] ApiDb:250 - Set database path to: C:\Users\win 10\.stmcufinder\plugins\mcufinder//mcu/
2023-09-22 10:48:18,333 [WARN] DbFile:41 - Overriding database path with different value: C:\Users\win 10\.stmcufinder\plugins\mcufinder/ => C:\Users\win 10\.stmcufinder\plugins\mcufinder
2023-09-22 10:48:18,334 [INFO] DbMcusAds:125 - Set database path to: C:\Users\win 10\.stmcufinder\plugins\mcufinder//mcu/
2023-09-22 10:48:18,334 [WARN] DbFile:41 - Overriding database path with different value: C:\Users\win 10\.stmcufinder\plugins\mcufinder/ => C:\Users\win 10\.stmcufinder\plugins\mcufinder
2023-09-22 10:48:18,334 [WARN] DbFile:41 - Overriding database path with different value: C:\Users\win 10\.stmcufinder\plugins\mcufinder/ => C:\Users\win 10\.stmcufinder\plugins\mcufinder
2023-09-22 10:48:18,334 [INFO] CrossReferenceDbSqlite:203 - Set database path to: C:\Users\win 10\.stmcufinder\plugins\mcufinder//mcu/cs/
2023-09-22 10:48:18,377 [INFO] ApplicationProperties:184 - Using Application install path: C:\ST\STM32CubeIDE_1.12.0\STM32CubeIDE\plugins\com.st.stm32cube.common.mx_6.9.1.202307191849
2023-09-22 10:48:18,380 [INFO] PluginManage:196 - Search for loadable plugins [exclusion list=, ]
2023-09-22 10:48:18,383 [INFO] PluginManage:310 - Check plugin analytics
2023-09-22 10:48:18,948 [INFO] AnalyticsPlugin:253 - Accepted Software Licenses: STM32CubeMX.6.5.0,STM32CubeMX.6.9.1
2023-09-22 10:48:18,949 [INFO] AnalyticsPlugin:255 - Accepted CMSIS Pack Licenses: 
2023-09-22 10:48:18,950 [INFO] AnalyticsPlugin:257 - Accepted Firmware Licenses: 
2023-09-22 10:48:18,957 [INFO] PluginManage:359 - Loaded plugin analytics (category:tool,tabindex:-1)
2023-09-22 10:48:18,957 [INFO] PluginManage:310 - Check plugin cadmodel
2023-09-22 10:48:18,989 [INFO] CADModel:105 - Init CAD model plugin
2023-09-22 10:48:18,989 [INFO] PluginManage:359 - Loaded plugin cadmodel (category:power,tabindex:5)
2023-09-22 10:48:18,991 [INFO] PluginManage:310 - Check plugin clock
2023-09-22 10:48:19,049 [INFO] PluginManage:359 - Loaded plugin clock (category:base,tabindex:2)
2023-09-22 10:48:19,049 [INFO] PluginManage:310 - Check plugin ddr
2023-09-22 10:48:19,057 [INFO] PluginManage:359 - Loaded plugin ddr (category:tool,tabindex:6)
2023-09-22 10:48:19,057 [INFO] PluginManage:310 - Check plugin filemanager
2023-09-22 10:48:19,384 [INFO] PluginManage:359 - Loaded plugin filemanager (category:base,tabindex:10)
2023-09-22 10:48:19,384 [INFO] PluginManage:310 - Check plugin ipmanager
2023-09-22 10:48:19,401 [INFO] PluginManage:359 - Loaded plugin ipmanager (category:base,tabindex:5)
2023-09-22 10:48:19,402 [INFO] PluginManage:310 - Check plugin lpbam
2023-09-22 10:48:19,435 [INFO] PluginManage:359 - Loaded plugin lpbam (category:base,tabindex:0)
2023-09-22 10:48:19,436 [INFO] PluginManage:310 - Check plugin memorymap
2023-09-22 10:48:19,486 [INFO] PluginManage:359 - Loaded plugin memorymap (category:base,tabindex:4)
2023-09-22 10:48:19,486 [INFO] PluginManage:310 - Check plugin pinoutandconfiguration
2023-09-22 10:48:19,530 [INFO] PluginManage:359 - Loaded plugin pinoutandconfiguration (category:base,tabindex:1)
2023-09-22 10:48:19,530 [INFO] PluginManage:310 - Check plugin pinoutconfig
2023-09-22 10:48:19,783 [WARN] SupportedApi:132 - Cannot load RTOS API schema: s4s-elt-must-match.1: The content of 'definitions' must match (annotation?, (simpleType | complexType)?, (unique | key | keyref)*)). A problem was found starting at: attribute.
2023-09-22 10:48:20,258 [INFO] PluginManage:359 - Loaded plugin pinoutconfig (category:base,tabindex:0)
2023-09-22 10:48:20,258 [INFO] PluginManage:310 - Check plugin power
2023-09-22 10:48:20,331 [INFO] PluginManage:359 - Loaded plugin power (category:power,tabindex:4)
2023-09-22 10:48:20,332 [INFO] PluginManage:310 - Check plugin projectmanager
2023-09-22 10:48:20,389 [INFO] PluginManage:359 - Loaded plugin projectmanager (category:projectmanager,tabindex:3)
2023-09-22 10:48:20,391 [INFO] PluginManage:310 - Check plugin thirdparty
2023-09-22 10:48:21,120 [INFO] PluginManage:359 - Loaded plugin thirdparty (category:base,tabindex:-1)
2023-09-22 10:48:21,120 [WARN] IntegrityCheckThread:84 - waiting for thirdparty lock release [integrity check]
2023-09-22 10:48:21,120 [INFO] PluginManage:310 - Check plugin tools
2023-09-22 10:48:21,120 [INFO] IntegrityCheckThread:86 - entering critical section [integrity check]
2023-09-22 10:48:21,122 [INFO] ThirdPartyUpdaterWithRetryManager:70 - Updater plugin not ready yet. [1/15]
2023-09-22 10:48:21,190 [INFO] PluginManage:359 - Loaded plugin tools (category:base,tabindex:7)
2023-09-22 10:48:21,190 [INFO] PluginManage:310 - Check plugin tutovideos
2023-09-22 10:48:21,574 [INFO] PluginManage:359 - Loaded plugin tutovideos (category:base,tabindex:-1)
2023-09-22 10:48:21,574 [INFO] PluginManage:310 - Check plugin updater
2023-09-22 10:48:21,595 [INFO] PluginManage:359 - Loaded plugin updater (category:base,tabindex:12)
2023-09-22 10:48:21,595 [INFO] PluginManage:310 - Check plugin userauth
2023-09-22 10:48:21,605 [INFO] UserAuth:113 - Init User Auth plugin
2023-09-22 10:48:21,606 [INFO] PluginManage:359 - Loaded plugin userauth (category:base,tabindex:14)
2023-09-22 10:48:21,606 [INFO] PluginManage:283 - PluginManage : Loaded plugins [17]
2023-09-22 10:48:22,083 [INFO] PinOutPanel:1499 - setPackage(No Configuration,No Configuration)
2023-09-22 10:48:22,385 [INFO] CADModel:165 - CPN selected for project level
2023-09-22 10:48:22,386 [INFO] CADModel:114 - Register for checkConnection events
2023-09-22 10:48:22,431 [INFO] IPUIPlugin:80 - create IPUIPlugin
2023-09-22 10:48:22,431 [INFO] PluginManager:220 - loadIPPluginJar : add adc
2023-09-22 10:48:22,478 [INFO] IPUIPlugin:80 - create IPUIPlugin
2023-09-22 10:48:22,479 [INFO] PluginManager:220 - loadIPPluginJar : add aes
2023-09-22 10:48:22,541 [INFO] IPUIPlugin:80 - create IPUIPlugin
2023-09-22 10:48:22,541 [INFO] PluginManager:220 - loadIPPluginJar : add can
2023-09-22 10:48:22,574 [INFO] IPUIPlugin:80 - create IPUIPlugin
2023-09-22 10:48:22,575 [INFO] PluginManager:220 - loadIPPluginJar : add comp
2023-09-22 10:48:22,622 [INFO] IPUIPlugin:80 - create IPUIPlugin
2023-09-22 10:48:22,622 [INFO] PluginManager:220 - loadIPPluginJar : add cryp
2023-09-22 10:48:22,667 [INFO] IPUIPlugin:80 - create IPUIPlugin
2023-09-22 10:48:22,668 [INFO] PluginManager:220 - loadIPPluginJar : add dfsdm
2023-09-22 10:48:22,685 [INFO] IPUIPlugin:80 - create IPUIPlugin
2023-09-22 10:48:22,686 [INFO] PluginManager:220 - loadIPPluginJar : add dma
2023-09-22 10:48:22,741 [INFO] IPUIPlugin:80 - create IPUIPlugin
2023-09-22 10:48:22,741 [INFO] PluginManager:220 - loadIPPluginJar : add dma3
2023-09-22 10:48:22,762 [INFO] IPUIPlugin:80 - create IPUIPlugin
2023-09-22 10:48:22,762 [INFO] PluginManager:220 - loadIPPluginJar : add fatfs
2023-09-22 10:48:22,815 [INFO] IPUIPlugin:80 - create IPUIPlugin
2023-09-22 10:48:22,815 [INFO] PluginManager:220 - loadIPPluginJar : add fmc
2023-09-22 10:48:22,830 [INFO] IPUIPlugin:80 - create IPUIPlugin
2023-09-22 10:48:22,831 [INFO] PluginManager:220 - loadIPPluginJar : add freertos
2023-09-22 10:48:22,854 [INFO] IPUIPlugin:80 - create IPUIPlugin
2023-09-22 10:48:22,854 [INFO] PluginManager:220 - loadIPPluginJar : add genericplugin
2023-09-22 10:48:22,978 [INFO] IPUIPlugin:80 - create IPUIPlugin
2023-09-22 10:48:22,978 [INFO] PluginManager:220 - loadIPPluginJar : add gfxmmu
2023-09-22 10:48:23,135 [INFO] IPUIPlugin:80 - create IPUIPlugin
2023-09-22 10:48:23,136 [INFO] PluginManager:220 - loadIPPluginJar : add gic
2023-09-22 10:48:23,149 [INFO] IPUIPlugin:80 - create IPUIPlugin
2023-09-22 10:48:23,149 [INFO] PluginManager:220 - loadIPPluginJar : add gpio
2023-09-22 10:48:23,274 [INFO] IPUIPlugin:80 - create IPUIPlugin
2023-09-22 10:48:23,274 [INFO] PluginManager:220 - loadIPPluginJar : add gtzc
2023-09-22 10:48:23,337 [INFO] IPUIPlugin:80 - create IPUIPlugin
2023-09-22 10:48:23,337 [INFO] PluginManager:220 - loadIPPluginJar : add hash
2023-09-22 10:48:23,442 [INFO] IPUIPlugin:80 - create IPUIPlugin
2023-09-22 10:48:23,442 [INFO] PluginManager:220 - loadIPPluginJar : add i2c
2023-09-22 10:48:23,499 [INFO] IPUIPlugin:80 - create IPUIPlugin
2023-09-22 10:48:23,499 [INFO] PluginManager:220 - loadIPPluginJar : add i2s
2023-09-22 10:48:23,554 [INFO] IPUIPlugin:80 - create IPUIPlugin
2023-09-22 10:48:23,554 [INFO] PluginManager:220 - loadIPPluginJar : add i3c
2023-09-22 10:48:23,683 [INFO] IPUIPlugin:80 - create IPUIPlugin
2023-09-22 10:48:23,684 [INFO] PluginManager:220 - loadIPPluginJar : add ipddr
2023-09-22 10:48:23,834 [INFO] IPUIPlugin:80 - create IPUIPlugin
2023-09-22 10:48:23,835 [INFO] PluginManager:220 - loadIPPluginJar : add linkedlist
2023-09-22 10:48:23,890 [INFO] IPUIPlugin:80 - create IPUIPlugin
2023-09-22 10:48:23,890 [INFO] PluginManager:220 - loadIPPluginJar : add lorawan
2023-09-22 10:48:23,943 [INFO] IPUIPlugin:80 - create IPUIPlugin
2023-09-22 10:48:23,943 [INFO] PluginManager:220 - loadIPPluginJar : add ltdc
2023-09-22 10:48:23,966 [INFO] IPUIPlugin:80 - create IPUIPlugin
2023-09-22 10:48:23,966 [INFO] PluginManager:220 - loadIPPluginJar : add mdma
2023-09-22 10:48:23,983 [INFO] IPUIPlugin:80 - create IPUIPlugin
2023-09-22 10:48:23,983 [INFO] PluginManager:220 - loadIPPluginJar : add nvic
2023-09-22 10:48:24,036 [INFO] IPUIPlugin:80 - create IPUIPlugin
2023-09-22 10:48:24,037 [INFO] PluginManager:220 - loadIPPluginJar : add opamp
2023-09-22 10:48:24,122 [INFO] ThirdPartyUpdaterWithRetryManager:70 - Updater plugin not ready yet. [2/15]
2023-09-22 10:48:24,128 [INFO] IPUIPlugin:80 - create IPUIPlugin
2023-09-22 10:48:24,128 [INFO] PluginManager:220 - loadIPPluginJar : add openamp
2023-09-22 10:48:24,193 [INFO] IPUIPlugin:80 - create IPUIPlugin
2023-09-22 10:48:24,193 [INFO] PluginManager:220 - loadIPPluginJar : add pdm2pcm
2023-09-22 10:48:24,215 [INFO] IPUIPlugin:80 - create IPUIPlugin
2023-09-22 10:48:24,219 [INFO] PluginManager:220 - loadIPPluginJar : add plateformsettings
2023-09-22 10:48:24,248 [INFO] IPUIPlugin:80 - create IPUIPlugin
2023-09-22 10:48:24,248 [INFO] PluginManager:220 - loadIPPluginJar : add quadspi
2023-09-22 10:48:24,264 [INFO] IPUIPlugin:80 - create IPUIPlugin
2023-09-22 10:48:24,264 [INFO] PluginManager:220 - loadIPPluginJar : add resmgrutility
2023-09-22 10:48:24,312 [INFO] IPUIPlugin:80 - create IPUIPlugin
2023-09-22 10:48:24,312 [INFO] PluginManager:220 - loadIPPluginJar : add sai
2023-09-22 10:48:24,360 [INFO] IPUIPlugin:80 - create IPUIPlugin
2023-09-22 10:48:24,360 [INFO] PluginManager:220 - loadIPPluginJar : add spi
2023-09-22 10:48:24,419 [INFO] IPUIPlugin:80 - create IPUIPlugin
2023-09-22 10:48:24,420 [INFO] PluginManager:220 - loadIPPluginJar : add stm32_wpan
2023-09-22 10:48:24,449 [INFO] IPUIPlugin:80 - create IPUIPlugin
2023-09-22 10:48:24,449 [INFO] PluginManager:220 - loadIPPluginJar : add tim
2023-09-22 10:48:24,508 [INFO] IPUIPlugin:80 - create IPUIPlugin
2023-09-22 10:48:24,508 [INFO] PluginManager:220 - loadIPPluginJar : add touchsensing
2023-09-22 10:48:24,532 [INFO] IPUIPlugin:80 - create IPUIPlugin
2023-09-22 10:48:24,532 [INFO] PluginManager:220 - loadIPPluginJar : add tracer_emb
2023-09-22 10:48:24,564 [INFO] IPUIPlugin:80 - create IPUIPlugin
2023-09-22 10:48:24,564 [INFO] PluginManager:220 - loadIPPluginJar : add ts
2023-09-22 10:48:24,587 [INFO] IPUIPlugin:80 - create IPUIPlugin
2023-09-22 10:48:24,587 [INFO] PluginManager:220 - loadIPPluginJar : add tsc
2023-09-22 10:48:24,614 [INFO] IPUIPlugin:80 - create IPUIPlugin
2023-09-22 10:48:24,614 [INFO] PluginManager:220 - loadIPPluginJar : add ucpd
2023-09-22 10:48:24,675 [INFO] IPUIPlugin:80 - create IPUIPlugin
2023-09-22 10:48:24,675 [INFO] PluginManager:220 - loadIPPluginJar : add usart
2023-09-22 10:48:24,757 [INFO] IPUIPlugin:80 - create IPUIPlugin
2023-09-22 10:48:24,757 [INFO] PluginManager:220 - loadIPPluginJar : add usbx
2023-09-22 10:48:24,990 [INFO] CADModel:165 - CPN selected for project level
2023-09-22 10:48:24,990 [INFO] CADModel:114 - Register for checkConnection events
2023-09-22 10:48:24,990 [FATAL] Updater:308 - Updater called before beeing initialized
2023-09-22 10:48:24,991 [ERROR] CADModel:125 - Updater not yet initialized, retry later 
2023-09-22 10:48:25,355 [INFO] CADModel:165 - CPN selected for project level
2023-09-22 10:48:25,355 [INFO] CADModel:114 - Register for checkConnection events
2023-09-22 10:48:25,355 [FATAL] Updater:308 - Updater called before beeing initialized
2023-09-22 10:48:25,355 [ERROR] CADModel:125 - Updater not yet initialized, retry later 
2023-09-22 10:48:25,368 [FATAL] Updater:308 - Updater called before beeing initialized
2023-09-22 10:48:25,601 [FATAL] Updater:308 - Updater called before beeing initialized
2023-09-22 10:48:25,617 [INFO] DbMcusAds:53 - JSON generation date=Tue Mar 07 15:50:55 ICT 2023 (1678179055335)
2023-09-22 10:48:25,618 [FATAL] Updater:308 - Updater called before beeing initialized
2023-09-22 10:48:25,714 [WARN] DetailPanel:346 - Failed to get advertising image, set to default
2023-09-22 10:48:25,829 [FATAL] Updater:308 - Updater called before beeing initialized
2023-09-22 10:48:25,831 [FATAL] Updater:308 - Updater called before beeing initialized
2023-09-22 10:48:25,831 [FATAL] Updater:308 - Updater called before beeing initialized
2023-09-22 10:48:25,831 [WARN] DetailPanel:346 - Failed to get advertising image, set to default
2023-09-22 10:48:25,832 [FATAL] Updater:308 - Updater called before beeing initialized
2023-09-22 10:48:25,927 [ERROR] Updater:1120 - MainUpdater not yet initialized. External WinMGr cannot be set.
2023-09-22 10:48:25,940 [INFO] Updater:1056 - Updater Version found : 6.9.1
2023-09-22 10:48:25,970 [INFO] ApplicationProperties:184 - Using Application install path: C:\ST\STM32CubeIDE_1.12.0\STM32CubeIDE\plugins\com.st.stm32cube.common.mx_6.9.1.202307191849
2023-09-22 10:48:26,857 [INFO] MainUpdater:2868 - connection check result : 10
2023-09-22 10:48:26,859 [INFO] MainUpdater:285 - Updater Check For Update Now.
2023-09-22 10:48:26,859 [INFO] MicroXplorer:498 - Change Database Version : DB.6.0.91
2023-09-22 10:48:26,888 [INFO] McuFinderGlobals:63 - Set McuFinder mode to 2 (CubeIDE integrated)
2023-09-22 10:48:26,888 [INFO] UserAuth:179 - activating auth plugin
2023-09-22 10:48:26,894 [INFO] UserAuth:393 - Internet connection configuration mode: 1
2023-09-22 10:48:26,937 [INFO] JxBrowserEngine:151 - Initiate JxBrowser Engine with user profile folder
2023-09-22 10:48:27,124 [WARN] MainUpdater:1189 - Updater busy. Cannot search thirdparties
2023-09-22 10:48:27,125 [INFO] ThirdPartyUpdaterWithRetryManager:96 - Updater plugin is busy. [1/15]
2023-09-22 10:48:27,141 [INFO] CheckServerUpdateThread:120 - End of CheckServer Thread
2023-09-22 10:48:30,441 [INFO] WebApp:157 - Instantiating new browser for Auth
2023-09-22 10:48:30,636 [WARN] PackLoader:240 - Cannot read IP mode file for STMicroelectronics.X-CUBE-SMBUS.2.1.0
2023-09-22 10:48:30,778 [WARN] PackLoader:240 - Cannot read IP mode file for STMicroelectronics.X-CUBE-AZRTOS-F7.1.1.0
2023-09-22 10:48:30,823 [WARN] PackLoader:240 - Cannot read IP mode file for STMicroelectronics.FP-SNS-MOTENV1.4.3.2
2023-09-22 10:48:30,855 [WARN] PackLoader:240 - Cannot read IP mode file for STMicroelectronics.FP-SNS-FLIGHT1.5.0.2
2023-09-22 10:48:30,889 [WARN] PackLoader:240 - Cannot read IP mode file for STMicroelectronics.X-CUBE-DISPLAY.3.0.0
2023-09-22 10:48:30,929 [WARN] PackLoader:240 - Cannot read IP mode file for STMicroelectronics.X-CUBE-BLE1.7.0.0
2023-09-22 10:48:30,955 [WARN] PackLoader:240 - Cannot read IP mode file for emotas.I-CUBE-CANOPEN.1.3.0
2023-09-22 10:48:30,974 [WARN] PackLoader:240 - Cannot read IP mode file for STMicroelectronics.X-CUBE-TOUCHGFX.4.22.0
2023-09-22 10:48:30,995 [WARN] PackLoader:240 - Cannot read IP mode file for STMicroelectronics.FP-SNS-SMARTAG2.1.2.0
2023-09-22 10:48:31,029 [INFO] LogOutputStream:77 - [STDOUT_REDIRECT] 1 : Invalid condition id : UX_CORESTACK_Condition cause : null
2023-09-22 10:48:31,030 [INFO] LogOutputStream:77 - [STDOUT_REDIRECT] 1 : Invalid condition id : UX_CORESTACK_Condition cause : null
2023-09-22 10:48:31,032 [INFO] LogOutputStream:77 - [STDOUT_REDIRECT] 1 : Invalid condition id : UX_CORESTACK_Condition cause : null
2023-09-22 10:48:31,034 [INFO] LogOutputStream:77 - [STDOUT_REDIRECT] 1 : Invalid condition id : UX_CORESTACK_Condition cause : null
2023-09-22 10:48:31,036 [INFO] LogOutputStream:77 - [STDOUT_REDIRECT] 1 : Invalid condition id : UX_CORESTACK_Condition cause : null
2023-09-22 10:48:31,046 [WARN] PackLoader:240 - Cannot read IP mode file for STMicroelectronics.X-CUBE-AZRTOS-WL.2.0.0
2023-09-22 10:48:31,071 [WARN] PackLoader:240 - Cannot read IP mode file for WES.I-CUBE-Cesium.1.3.0
2023-09-22 10:48:31,093 [WARN] PackLoader:240 - Cannot read IP mode file for STMicroelectronics.X-CUBE-BLE2.3.3.0
2023-09-22 10:48:31,121 [WARN] PackLoader:240 - Cannot read IP mode file for STMicroelectronics.X-CUBE-ALGOBUILD.1.3.0
2023-09-22 10:48:31,190 [WARN] PackLoader:240 - Cannot read IP mode file for STMicroelectronics.X-CUBE-AZRTOS-G0.1.1.0
2023-09-22 10:48:31,226 [WARN] PackLoader:240 - Cannot read IP mode file for STMicroelectronics.X-CUBE-NFC4.3.0.0
2023-09-22 10:48:31,247 [WARN] PackLoader:240 - Cannot read IP mode file for STMicroelectronics.FP-ATR-SIGFOX1.3.2.0
2023-09-22 10:48:31,350 [WARN] PackLoader:240 - Cannot read IP mode file for SEGGER.I-CUBE-embOS.1.3.1
2023-09-22 10:48:31,482 [WARN] PackLoader:240 - Cannot read IP mode file for STMicroelectronics.X-CUBE-GNSS1.6.0.0
2023-09-22 10:48:31,541 [WARN] PackLoader:240 - Cannot read IP mode file for STMicroelectronics.X-CUBE-AZRTOS-F4.1.1.0
2023-09-22 10:48:31,573 [WARN] PackLoader:240 - Cannot read IP mode file for wolfSSL.I-CUBE-wolfSSL.5.6.3
2023-09-22 10:48:31,642 [WARN] PackLoader:240 - Cannot read IP mode file for STMicroelectronics.X-CUBE-AZRTOS-L5.2.0.0
2023-09-22 10:48:31,742 [WARN] PackLoader:240 - Cannot read IP mode file for STMicroelectronics.X-CUBE-MEMS1.9.6.0
2023-09-22 10:48:31,777 [INFO] WebApp:753 - Register for checkConnection events
2023-09-22 10:48:31,778 [INFO] WebApp:390 - Apply proxy settings
2023-09-22 10:48:31,778 [INFO] WebApp:475 - Chromium requires no authentication
2023-09-22 10:48:31,799 [INFO] WebApp:418 - Direct internet connection detected
2023-09-22 10:48:32,045 [WARN] PackLoader:240 - Cannot read IP mode file for STMicroelectronics.X-CUBE-BLEMGR.2.0.0
2023-09-22 10:48:32,098 [WARN] ConditionMgr:438 - getConditionDescription Invalid condition id : UX DEVICE CLASS RTOS Condition cause : null
2023-09-22 10:48:32,099 [WARN] ConditionMgr:438 - getConditionDescription Invalid condition id : UX DEVICE CLASS RTOS Condition cause : null
2023-09-22 10:48:32,104 [WARN] PackLoader:240 - Cannot read IP mode file for STMicroelectronics.X-CUBE-AZRTOS-H7.3.1.0
2023-09-22 10:48:32,107 [WARN] ConditionMgr:1039 - genDependencies : Invalid condition id : UX DEVICE CLASS RTOS Condition cause : null
2023-09-22 10:48:32,107 [WARN] ConditionMgr:1039 - genDependencies : Invalid condition id : UX DEVICE CLASS RTOS Condition cause : null
2023-09-22 10:48:32,108 [WARN] ConditionMgr:1039 - genDependencies : Invalid condition id : UX DEVICE CLASS RTOS Condition cause : null
2023-09-22 10:48:32,109 [WARN] ConditionMgr:1039 - genDependencies : Invalid condition id : UX DEVICE CLASS RTOS Condition cause : null
2023-09-22 10:48:32,109 [WARN] ConditionMgr:1039 - genDependencies : Invalid condition id : UX DEVICE CLASS RTOS Condition cause : null
2023-09-22 10:48:32,132 [WARN] PackLoader:240 - Cannot read IP mode file for STMicroelectronics.X-CUBE-NFC7.1.0.1
2023-09-22 10:48:32,159 [WARN] PackLoader:240 - Cannot read IP mode file for STMicroelectronics.X-CUBE-NFC6.3.0.0
2023-09-22 10:48:32,181 [WARN] PackLoader:240 - Cannot read IP mode file for STMicroelectronics.X-CUBE-EEPRMA1.4.1.0
2023-09-22 10:48:32,196 [INFO] WebApp:188 - Starting web application
2023-09-22 10:48:32,196 [INFO] WebApp:520 - Web application path used C:\ST\STM32CubeIDE_1.12.0\STM32CubeIDE\plugins\com.st.stm32cube.common.mx_6.9.1.202307191849\db\plugins\mcufinder\reactClient1\index.html
2023-09-22 10:48:32,206 [WARN] PackLoader:240 - Cannot read IP mode file for STMicroelectronics.X-CUBE-AI.8.1.0
2023-09-22 10:48:32,269 [WARN] ConditionMgr:438 - getConditionDescription Invalid condition id : LAN8742 Phy interface Condition cause : null
2023-09-22 10:48:32,270 [WARN] PackLoader:240 - Cannot read IP mode file for STMicroelectronics.X-CUBE-AZRTOS-L4.2.0.0
2023-09-22 10:48:32,274 [WARN] ConditionMgr:1039 - genDependencies : Invalid condition id : LAN8742 Phy interface Condition cause : null
2023-09-22 10:48:32,275 [WARN] ConditionMgr:1039 - genDependencies : Invalid condition id : LAN8742 Phy interface Condition cause : null
2023-09-22 10:48:32,276 [WARN] ConditionMgr:1039 - genDependencies : Invalid condition id : LAN8742 Phy interface Condition cause : null
2023-09-22 10:48:32,305 [WARN] PackLoader:240 - Cannot read IP mode file for STMicroelectronics.X-CUBE-SFXS2LP1.4.0.0
2023-09-22 10:48:32,327 [WARN] PackLoader:240 - Cannot read IP mode file for STMicroelectronics.X-CUBE-ISPU.1.1.0
2023-09-22 10:48:32,374 [WARN] ConditionMgr:438 - getConditionDescription Invalid condition id : UX DEVICE CLASS RTOS Condition cause : null
2023-09-22 10:48:32,374 [WARN] ConditionMgr:438 - getConditionDescription Invalid condition id : UX DEVICE CLASS RTOS Condition cause : null
2023-09-22 10:48:32,378 [WARN] PackLoader:240 - Cannot read IP mode file for STMicroelectronics.X-CUBE-AZRTOS-WB.2.0.0
2023-09-22 10:48:32,380 [WARN] ConditionMgr:1039 - genDependencies : Invalid condition id : UX DEVICE CLASS RTOS Condition cause : null
2023-09-22 10:48:32,381 [WARN] ConditionMgr:1039 - genDependencies : Invalid condition id : UX DEVICE CLASS RTOS Condition cause : null
2023-09-22 10:48:32,382 [WARN] ConditionMgr:1039 - genDependencies : Invalid condition id : UX DEVICE CLASS RTOS Condition cause : null
2023-09-22 10:48:32,382 [WARN] ConditionMgr:1039 - genDependencies : Invalid condition id : UX DEVICE CLASS RTOS Condition cause : null
2023-09-22 10:48:32,382 [WARN] ConditionMgr:1039 - genDependencies : Invalid condition id : UX DEVICE CLASS RTOS Condition cause : null
2023-09-22 10:48:32,427 [WARN] PackLoader:240 - Cannot read IP mode file for STMicroelectronics.X-CUBE-SUBG2.5.0.0
2023-09-22 10:48:32,489 [WARN] PackLoader:240 - Cannot read IP mode file for STMicroelectronics.X-CUBE-TOF1.3.3.1
2023-09-22 10:48:32,564 [WARN] PackLoader:240 - Cannot read IP mode file for STMicroelectronics.X-CUBE-AZRTOS-G4.2.0.0
2023-09-22 10:48:32,597 [WARN] PackLoader:240 - Cannot read IP mode file for STMicroelectronics.X-CUBE-FREERTOS.1.1.0
2023-09-22 10:48:32,651 [WARN] PackLoader:240 - Cannot read IP mode file for portGmbH.I-Cube-SoM-uGOAL.1.1.0
2023-09-22 10:48:32,677 [WARN] PackLoader:240 - Cannot read IP mode file for STMicroelectronics.X-CUBE-ALS.1.0.1
2023-09-22 10:48:32,700 [WARN] PackLoader:240 - Cannot read IP mode file for STMicroelectronics.FP-ATR-ASTRA1.2.0.0
2023-09-22 10:48:32,702 [INFO] ThirdParty:978 - Integrity check success = true
2023-09-22 10:48:32,702 [INFO] IntegrityCheckThread:100 - exiting critical section [integrity check]
2023-09-22 10:48:32,702 [INFO] IntegrityCheckThread:103 - End integrity checks thread
2023-09-22 10:48:53,947 [ERROR] LogOutputStream:75 - [STDERR_REDIRECT] SLF4J: Failed to load class "org.slf4j.impl.StaticLoggerBinder".
2023-09-22 10:48:53,947 [ERROR] LogOutputStream:75 - [STDERR_REDIRECT] SLF4J: Defaulting to no-operation (NOP) logger implementation
2023-09-22 10:48:53,948 [ERROR] LogOutputStream:75 - [STDERR_REDIRECT] SLF4J: See http://www.slf4j.org/codes.html#StaticLoggerBinder for further details.
2023-09-22 18:10:03,391 [ERROR] LogOutputStream:75 - [STDERR_REDIRECT] 
