2023-09-25 07:37:33,047 [INFO] Activator:176 - 


2023-09-25 07:37:33,056 [INFO] Activator:177 - !SESSION log4j initialized
2023-09-25 07:37:41,392 [INFO] LogOutputStream:77 - [STDOUT_REDIRECT] 
2023-09-25 07:37:44,672 [INFO] ApplicationProperties:184 - Using Application install path: C:\ST\STM32CubeIDE_1.12.0\STM32CubeIDE\plugins\com.st.stm32cube.common.mx_6.9.1.202307191849
2023-09-25 07:37:44,698 [INFO] DbMcusXml:78 - Set database path to: C:\ST\STM32CubeIDE_1.12.0\STM32CubeIDE\plugins\com.st.stm32cube.common.mx_6.9.1.202307191849\\db\/mcu/
2023-09-25 07:37:44,699 [INFO] ApiDb:274 - Set plugin database path to: C:\ST\STM32CubeIDE_1.12.0\STM32CubeIDE\plugins\com.st.stm32cube.common.mx_6.9.1.202307191849\\db\/plugins/boardmanager/
2023-09-25 07:37:44,700 [WARN] ApiDb:259 - Overriding images path with different value:  => C:\ST\STM32CubeIDE_1.12.0\STM32CubeIDE\plugins\com.st.stm32cube.common.mx_6.9.1.202307191849\\db\/plugins/mcufinder/images/
2023-09-25 07:37:44,725 [INFO] ApiDb:250 - Set database path to: C:\Users\win 10\.stmcufinder\plugins\mcufinder//mcu/
2023-09-25 07:37:44,727 [INFO] DbMcusAds:125 - Set database path to: C:\Users\win 10\.stmcufinder\plugins\mcufinder//mcu/
2023-09-25 07:37:44,730 [INFO] CrossReferenceDbSqlite:203 - Set database path to: C:\Users\win 10\.stmcufinder\plugins\mcufinder//mcu/cs/
2023-09-25 07:37:44,905 [INFO] RulesReader:64 - Compatibility file has been processed (293 Rules)
2023-09-25 07:37:45,049 [INFO] DbMcusXml:78 - Set database path to: C:\ST\STM32CubeIDE_1.12.0\STM32CubeIDE\plugins\com.st.stm32cube.common.mx_6.9.1.202307191849\\db\/mcu/
2023-09-25 07:37:45,049 [INFO] ApiDb:274 - Set plugin database path to: C:\ST\STM32CubeIDE_1.12.0\STM32CubeIDE\plugins\com.st.stm32cube.common.mx_6.9.1.202307191849\\db\/plugins/boardmanager/
2023-09-25 07:37:45,050 [INFO] ApiDb:261 - Set plugin images path to: C:\ST\STM32CubeIDE_1.12.0\STM32CubeIDE\plugins\com.st.stm32cube.common.mx_6.9.1.202307191849\\db\/plugins/mcufinder/images/
2023-09-25 07:37:45,050 [WARN] DbFile:41 - Overriding database path with different value: C:\Users\win 10\.stmcufinder\plugins\mcufinder/ => C:\Users\win 10\.stmcufinder\plugins\mcufinder
2023-09-25 07:37:45,050 [INFO] ApiDb:250 - Set database path to: C:\Users\win 10\.stmcufinder\plugins\mcufinder//mcu/
2023-09-25 07:37:45,050 [WARN] DbFile:41 - Overriding database path with different value: C:\Users\win 10\.stmcufinder\plugins\mcufinder/ => C:\Users\win 10\.stmcufinder\plugins\mcufinder
2023-09-25 07:37:45,050 [INFO] DbMcusAds:125 - Set database path to: C:\Users\win 10\.stmcufinder\plugins\mcufinder//mcu/
2023-09-25 07:37:45,050 [WARN] DbFile:41 - Overriding database path with different value: C:\Users\win 10\.stmcufinder\plugins\mcufinder/ => C:\Users\win 10\.stmcufinder\plugins\mcufinder
2023-09-25 07:37:45,050 [WARN] DbFile:41 - Overriding database path with different value: C:\Users\win 10\.stmcufinder\plugins\mcufinder/ => C:\Users\win 10\.stmcufinder\plugins\mcufinder
2023-09-25 07:37:45,051 [INFO] CrossReferenceDbSqlite:203 - Set database path to: C:\Users\win 10\.stmcufinder\plugins\mcufinder//mcu/cs/
2023-09-25 07:37:45,169 [INFO] MainPanel:262 - HeapMemory: 268435456
2023-09-25 07:37:45,290 [INFO] DbMcusXml:78 - Set database path to: C:\ST\STM32CubeIDE_1.12.0\STM32CubeIDE\plugins\com.st.stm32cube.common.mx_6.9.1.202307191849\\db\/mcu/
2023-09-25 07:37:45,290 [INFO] ApiDb:274 - Set plugin database path to: C:\ST\STM32CubeIDE_1.12.0\STM32CubeIDE\plugins\com.st.stm32cube.common.mx_6.9.1.202307191849\\db\/plugins/boardmanager/
2023-09-25 07:37:45,291 [INFO] ApiDb:261 - Set plugin images path to: C:\ST\STM32CubeIDE_1.12.0\STM32CubeIDE\plugins\com.st.stm32cube.common.mx_6.9.1.202307191849\\db\/plugins/mcufinder/images/
2023-09-25 07:37:45,291 [WARN] DbFile:41 - Overriding database path with different value: C:\Users\win 10\.stmcufinder\plugins\mcufinder/ => C:\Users\win 10\.stmcufinder\plugins\mcufinder
2023-09-25 07:37:45,292 [INFO] ApiDb:250 - Set database path to: C:\Users\win 10\.stmcufinder\plugins\mcufinder//mcu/
2023-09-25 07:37:45,292 [WARN] DbFile:41 - Overriding database path with different value: C:\Users\win 10\.stmcufinder\plugins\mcufinder/ => C:\Users\win 10\.stmcufinder\plugins\mcufinder
2023-09-25 07:37:45,292 [INFO] DbMcusAds:125 - Set database path to: C:\Users\win 10\.stmcufinder\plugins\mcufinder//mcu/
2023-09-25 07:37:45,292 [WARN] DbFile:41 - Overriding database path with different value: C:\Users\win 10\.stmcufinder\plugins\mcufinder/ => C:\Users\win 10\.stmcufinder\plugins\mcufinder
2023-09-25 07:37:45,292 [WARN] DbFile:41 - Overriding database path with different value: C:\Users\win 10\.stmcufinder\plugins\mcufinder/ => C:\Users\win 10\.stmcufinder\plugins\mcufinder
2023-09-25 07:37:45,292 [INFO] CrossReferenceDbSqlite:203 - Set database path to: C:\Users\win 10\.stmcufinder\plugins\mcufinder//mcu/cs/
2023-09-25 07:37:45,315 [INFO] ApplicationProperties:184 - Using Application install path: C:\ST\STM32CubeIDE_1.12.0\STM32CubeIDE\plugins\com.st.stm32cube.common.mx_6.9.1.202307191849
2023-09-25 07:37:45,316 [INFO] PluginManage:196 - Search for loadable plugins [exclusion list=, ]
2023-09-25 07:37:45,319 [INFO] PluginManage:310 - Check plugin analytics
2023-09-25 07:37:45,512 [INFO] AnalyticsPlugin:253 - Accepted Software Licenses: STM32CubeMX.6.5.0,STM32CubeMX.6.9.1
2023-09-25 07:37:45,513 [INFO] AnalyticsPlugin:255 - Accepted CMSIS Pack Licenses: 
2023-09-25 07:37:45,513 [INFO] AnalyticsPlugin:257 - Accepted Firmware Licenses: 
2023-09-25 07:37:45,517 [INFO] PluginManage:359 - Loaded plugin analytics (category:tool,tabindex:-1)
2023-09-25 07:37:45,517 [INFO] PluginManage:310 - Check plugin cadmodel
2023-09-25 07:37:45,535 [INFO] CADModel:105 - Init CAD model plugin
2023-09-25 07:37:45,535 [INFO] PluginManage:359 - Loaded plugin cadmodel (category:power,tabindex:5)
2023-09-25 07:37:45,535 [INFO] PluginManage:310 - Check plugin clock
2023-09-25 07:37:45,558 [INFO] PluginManage:359 - Loaded plugin clock (category:base,tabindex:2)
2023-09-25 07:37:45,558 [INFO] PluginManage:310 - Check plugin ddr
2023-09-25 07:37:45,561 [INFO] PluginManage:359 - Loaded plugin ddr (category:tool,tabindex:6)
2023-09-25 07:37:45,561 [INFO] PluginManage:310 - Check plugin filemanager
2023-09-25 07:37:45,721 [INFO] PluginManage:359 - Loaded plugin filemanager (category:base,tabindex:10)
2023-09-25 07:37:45,721 [INFO] PluginManage:310 - Check plugin ipmanager
2023-09-25 07:37:45,730 [INFO] PluginManage:359 - Loaded plugin ipmanager (category:base,tabindex:5)
2023-09-25 07:37:45,730 [INFO] PluginManage:310 - Check plugin lpbam
2023-09-25 07:37:45,751 [INFO] PluginManage:359 - Loaded plugin lpbam (category:base,tabindex:0)
2023-09-25 07:37:45,752 [INFO] PluginManage:310 - Check plugin memorymap
2023-09-25 07:37:45,778 [INFO] PluginManage:359 - Loaded plugin memorymap (category:base,tabindex:4)
2023-09-25 07:37:45,778 [INFO] PluginManage:310 - Check plugin pinoutandconfiguration
2023-09-25 07:37:45,798 [INFO] PluginManage:359 - Loaded plugin pinoutandconfiguration (category:base,tabindex:1)
2023-09-25 07:37:45,798 [INFO] PluginManage:310 - Check plugin pinoutconfig
2023-09-25 07:37:45,927 [WARN] SupportedApi:132 - Cannot load RTOS API schema: s4s-elt-must-match.1: The content of 'definitions' must match (annotation?, (simpleType | complexType)?, (unique | key | keyref)*)). A problem was found starting at: attribute.
2023-09-25 07:37:46,087 [INFO] PluginManage:359 - Loaded plugin pinoutconfig (category:base,tabindex:0)
2023-09-25 07:37:46,087 [INFO] PluginManage:310 - Check plugin power
2023-09-25 07:37:46,114 [INFO] PluginManage:359 - Loaded plugin power (category:power,tabindex:4)
2023-09-25 07:37:46,115 [INFO] PluginManage:310 - Check plugin projectmanager
2023-09-25 07:37:46,136 [INFO] PluginManage:359 - Loaded plugin projectmanager (category:projectmanager,tabindex:3)
2023-09-25 07:37:46,136 [INFO] PluginManage:310 - Check plugin thirdparty
2023-09-25 07:37:46,462 [INFO] PluginManage:359 - Loaded plugin thirdparty (category:base,tabindex:-1)
2023-09-25 07:37:46,462 [WARN] IntegrityCheckThread:84 - waiting for thirdparty lock release [integrity check]
2023-09-25 07:37:46,462 [INFO] PluginManage:310 - Check plugin tools
2023-09-25 07:37:46,462 [INFO] IntegrityCheckThread:86 - entering critical section [integrity check]
2023-09-25 07:37:46,463 [INFO] ThirdPartyUpdaterWithRetryManager:70 - Updater plugin not ready yet. [1/15]
2023-09-25 07:37:46,500 [INFO] PluginManage:359 - Loaded plugin tools (category:base,tabindex:7)
2023-09-25 07:37:46,500 [INFO] PluginManage:310 - Check plugin tutovideos
2023-09-25 07:37:46,734 [INFO] PluginManage:359 - Loaded plugin tutovideos (category:base,tabindex:-1)
2023-09-25 07:37:46,734 [INFO] PluginManage:310 - Check plugin updater
2023-09-25 07:37:46,749 [INFO] PluginManage:359 - Loaded plugin updater (category:base,tabindex:12)
2023-09-25 07:37:46,749 [INFO] PluginManage:310 - Check plugin userauth
2023-09-25 07:37:46,756 [INFO] UserAuth:113 - Init User Auth plugin
2023-09-25 07:37:46,756 [INFO] PluginManage:359 - Loaded plugin userauth (category:base,tabindex:14)
2023-09-25 07:37:46,757 [INFO] PluginManage:283 - PluginManage : Loaded plugins [17]
2023-09-25 07:37:47,040 [INFO] PinOutPanel:1499 - setPackage(No Configuration,No Configuration)
2023-09-25 07:37:47,175 [INFO] CADModel:165 - CPN selected for project level
2023-09-25 07:37:47,175 [INFO] CADModel:114 - Register for checkConnection events
2023-09-25 07:37:47,208 [INFO] IPUIPlugin:80 - create IPUIPlugin
2023-09-25 07:37:47,208 [INFO] PluginManager:220 - loadIPPluginJar : add adc
2023-09-25 07:37:47,251 [INFO] IPUIPlugin:80 - create IPUIPlugin
2023-09-25 07:37:47,251 [INFO] PluginManager:220 - loadIPPluginJar : add aes
2023-09-25 07:37:47,297 [INFO] IPUIPlugin:80 - create IPUIPlugin
2023-09-25 07:37:47,297 [INFO] PluginManager:220 - loadIPPluginJar : add can
2023-09-25 07:37:47,322 [INFO] IPUIPlugin:80 - create IPUIPlugin
2023-09-25 07:37:47,322 [INFO] PluginManager:220 - loadIPPluginJar : add comp
2023-09-25 07:37:47,360 [INFO] IPUIPlugin:80 - create IPUIPlugin
2023-09-25 07:37:47,360 [INFO] PluginManager:220 - loadIPPluginJar : add cryp
2023-09-25 07:37:47,394 [INFO] IPUIPlugin:80 - create IPUIPlugin
2023-09-25 07:37:47,394 [INFO] PluginManager:220 - loadIPPluginJar : add dfsdm
2023-09-25 07:37:47,409 [INFO] IPUIPlugin:80 - create IPUIPlugin
2023-09-25 07:37:47,410 [INFO] PluginManager:220 - loadIPPluginJar : add dma
2023-09-25 07:37:47,459 [INFO] IPUIPlugin:80 - create IPUIPlugin
2023-09-25 07:37:47,459 [INFO] PluginManager:220 - loadIPPluginJar : add dma3
2023-09-25 07:37:47,483 [INFO] IPUIPlugin:80 - create IPUIPlugin
2023-09-25 07:37:47,483 [INFO] PluginManager:220 - loadIPPluginJar : add fatfs
2023-09-25 07:37:47,542 [INFO] IPUIPlugin:80 - create IPUIPlugin
2023-09-25 07:37:47,543 [INFO] PluginManager:220 - loadIPPluginJar : add fmc
2023-09-25 07:37:47,559 [INFO] IPUIPlugin:80 - create IPUIPlugin
2023-09-25 07:37:47,560 [INFO] PluginManager:220 - loadIPPluginJar : add freertos
2023-09-25 07:37:47,582 [INFO] IPUIPlugin:80 - create IPUIPlugin
2023-09-25 07:37:47,582 [INFO] PluginManager:220 - loadIPPluginJar : add genericplugin
2023-09-25 07:37:47,693 [INFO] IPUIPlugin:80 - create IPUIPlugin
2023-09-25 07:37:47,693 [INFO] PluginManager:220 - loadIPPluginJar : add gfxmmu
2023-09-25 07:37:47,854 [INFO] IPUIPlugin:80 - create IPUIPlugin
2023-09-25 07:37:47,854 [INFO] PluginManager:220 - loadIPPluginJar : add gic
2023-09-25 07:37:47,870 [INFO] IPUIPlugin:80 - create IPUIPlugin
2023-09-25 07:37:47,870 [INFO] PluginManager:220 - loadIPPluginJar : add gpio
2023-09-25 07:37:47,973 [INFO] IPUIPlugin:80 - create IPUIPlugin
2023-09-25 07:37:47,973 [INFO] PluginManager:220 - loadIPPluginJar : add gtzc
2023-09-25 07:37:48,007 [INFO] IPUIPlugin:80 - create IPUIPlugin
2023-09-25 07:37:48,008 [INFO] PluginManager:220 - loadIPPluginJar : add hash
2023-09-25 07:37:48,065 [INFO] IPUIPlugin:80 - create IPUIPlugin
2023-09-25 07:37:48,065 [INFO] PluginManager:220 - loadIPPluginJar : add i2c
2023-09-25 07:37:48,107 [INFO] IPUIPlugin:80 - create IPUIPlugin
2023-09-25 07:37:48,107 [INFO] PluginManager:220 - loadIPPluginJar : add i2s
2023-09-25 07:37:48,151 [INFO] IPUIPlugin:80 - create IPUIPlugin
2023-09-25 07:37:48,151 [INFO] PluginManager:220 - loadIPPluginJar : add i3c
2023-09-25 07:37:48,262 [INFO] IPUIPlugin:80 - create IPUIPlugin
2023-09-25 07:37:48,263 [INFO] PluginManager:220 - loadIPPluginJar : add ipddr
2023-09-25 07:37:48,361 [INFO] IPUIPlugin:80 - create IPUIPlugin
2023-09-25 07:37:48,361 [INFO] PluginManager:220 - loadIPPluginJar : add linkedlist
2023-09-25 07:37:48,399 [INFO] IPUIPlugin:80 - create IPUIPlugin
2023-09-25 07:37:48,400 [INFO] PluginManager:220 - loadIPPluginJar : add lorawan
2023-09-25 07:37:48,440 [INFO] IPUIPlugin:80 - create IPUIPlugin
2023-09-25 07:37:48,440 [INFO] PluginManager:220 - loadIPPluginJar : add ltdc
2023-09-25 07:37:48,456 [INFO] IPUIPlugin:80 - create IPUIPlugin
2023-09-25 07:37:48,457 [INFO] PluginManager:220 - loadIPPluginJar : add mdma
2023-09-25 07:37:48,470 [INFO] IPUIPlugin:80 - create IPUIPlugin
2023-09-25 07:37:48,471 [INFO] PluginManager:220 - loadIPPluginJar : add nvic
2023-09-25 07:37:48,512 [INFO] IPUIPlugin:80 - create IPUIPlugin
2023-09-25 07:37:48,513 [INFO] PluginManager:220 - loadIPPluginJar : add opamp
2023-09-25 07:37:48,584 [INFO] IPUIPlugin:80 - create IPUIPlugin
2023-09-25 07:37:48,584 [INFO] PluginManager:220 - loadIPPluginJar : add openamp
2023-09-25 07:37:48,635 [INFO] IPUIPlugin:80 - create IPUIPlugin
2023-09-25 07:37:48,635 [INFO] PluginManager:220 - loadIPPluginJar : add pdm2pcm
2023-09-25 07:37:48,653 [INFO] IPUIPlugin:80 - create IPUIPlugin
2023-09-25 07:37:48,657 [INFO] PluginManager:220 - loadIPPluginJar : add plateformsettings
2023-09-25 07:37:48,683 [INFO] IPUIPlugin:80 - create IPUIPlugin
2023-09-25 07:37:48,683 [INFO] PluginManager:220 - loadIPPluginJar : add quadspi
2023-09-25 07:37:48,699 [INFO] IPUIPlugin:80 - create IPUIPlugin
2023-09-25 07:37:48,699 [INFO] PluginManager:220 - loadIPPluginJar : add resmgrutility
2023-09-25 07:37:48,757 [INFO] IPUIPlugin:80 - create IPUIPlugin
2023-09-25 07:37:48,758 [INFO] PluginManager:220 - loadIPPluginJar : add sai
2023-09-25 07:37:48,803 [INFO] IPUIPlugin:80 - create IPUIPlugin
2023-09-25 07:37:48,803 [INFO] PluginManager:220 - loadIPPluginJar : add spi
2023-09-25 07:37:48,869 [INFO] IPUIPlugin:80 - create IPUIPlugin
2023-09-25 07:37:48,869 [INFO] PluginManager:220 - loadIPPluginJar : add stm32_wpan
2023-09-25 07:37:48,894 [INFO] IPUIPlugin:80 - create IPUIPlugin
2023-09-25 07:37:48,895 [INFO] PluginManager:220 - loadIPPluginJar : add tim
2023-09-25 07:37:48,969 [INFO] IPUIPlugin:80 - create IPUIPlugin
2023-09-25 07:37:48,969 [INFO] PluginManager:220 - loadIPPluginJar : add touchsensing
2023-09-25 07:37:48,995 [INFO] IPUIPlugin:80 - create IPUIPlugin
2023-09-25 07:37:48,995 [INFO] PluginManager:220 - loadIPPluginJar : add tracer_emb
2023-09-25 07:37:49,021 [INFO] IPUIPlugin:80 - create IPUIPlugin
2023-09-25 07:37:49,021 [INFO] PluginManager:220 - loadIPPluginJar : add ts
2023-09-25 07:37:49,046 [INFO] IPUIPlugin:80 - create IPUIPlugin
2023-09-25 07:37:49,046 [INFO] PluginManager:220 - loadIPPluginJar : add tsc
2023-09-25 07:37:49,074 [INFO] IPUIPlugin:80 - create IPUIPlugin
2023-09-25 07:37:49,075 [INFO] PluginManager:220 - loadIPPluginJar : add ucpd
2023-09-25 07:37:49,121 [INFO] IPUIPlugin:80 - create IPUIPlugin
2023-09-25 07:37:49,121 [INFO] PluginManager:220 - loadIPPluginJar : add usart
2023-09-25 07:37:49,170 [INFO] IPUIPlugin:80 - create IPUIPlugin
2023-09-25 07:37:49,170 [INFO] PluginManager:220 - loadIPPluginJar : add usbx
2023-09-25 07:37:49,312 [INFO] CADModel:165 - CPN selected for project level
2023-09-25 07:37:49,313 [INFO] CADModel:114 - Register for checkConnection events
2023-09-25 07:37:49,313 [FATAL] Updater:308 - Updater called before beeing initialized
2023-09-25 07:37:49,314 [ERROR] CADModel:125 - Updater not yet initialized, retry later 
2023-09-25 07:37:49,465 [INFO] ThirdPartyUpdaterWithRetryManager:70 - Updater plugin not ready yet. [2/15]
2023-09-25 07:37:49,505 [INFO] CADModel:165 - CPN selected for project level
2023-09-25 07:37:49,505 [INFO] CADModel:114 - Register for checkConnection events
2023-09-25 07:37:49,505 [FATAL] Updater:308 - Updater called before beeing initialized
2023-09-25 07:37:49,505 [ERROR] CADModel:125 - Updater not yet initialized, retry later 
2023-09-25 07:37:49,510 [FATAL] Updater:308 - Updater called before beeing initialized
2023-09-25 07:37:49,670 [FATAL] Updater:308 - Updater called before beeing initialized
2023-09-25 07:37:49,682 [INFO] DbMcusAds:53 - JSON generation date=Tue Mar 07 15:50:55 ICT 2023 (1678179055114)
2023-09-25 07:37:49,682 [FATAL] Updater:308 - Updater called before beeing initialized
2023-09-25 07:37:49,774 [WARN] DetailPanel:346 - Failed to get advertising image, set to default
2023-09-25 07:37:49,880 [FATAL] Updater:308 - Updater called before beeing initialized
2023-09-25 07:37:49,882 [FATAL] Updater:308 - Updater called before beeing initialized
2023-09-25 07:37:49,882 [FATAL] Updater:308 - Updater called before beeing initialized
2023-09-25 07:37:49,883 [WARN] DetailPanel:346 - Failed to get advertising image, set to default
2023-09-25 07:37:49,883 [FATAL] Updater:308 - Updater called before beeing initialized
2023-09-25 07:37:49,959 [ERROR] Updater:1120 - MainUpdater not yet initialized. External WinMGr cannot be set.
2023-09-25 07:37:49,970 [INFO] Updater:1056 - Updater Version found : 6.9.1
2023-09-25 07:37:49,991 [INFO] ApplicationProperties:184 - Using Application install path: C:\ST\STM32CubeIDE_1.12.0\STM32CubeIDE\plugins\com.st.stm32cube.common.mx_6.9.1.202307191849
2023-09-25 07:37:52,466 [FATAL] Updater:308 - Updater called before beeing initialized
2023-09-25 07:37:52,467 [ERROR] IntegrityCheckThread:130 - Cannot retrieve database content from updater: error 21
2023-09-25 07:37:52,467 [INFO] ThirdParty:978 - Integrity check success = false
2023-09-25 07:37:52,467 [INFO] IntegrityCheckThread:100 - exiting critical section [integrity check]
2023-09-25 07:37:52,467 [INFO] IntegrityCheckThread:103 - End integrity checks thread
2023-09-25 07:37:52,533 [INFO] MainUpdater:2868 - connection check result : 10
2023-09-25 07:37:52,534 [INFO] MainUpdater:285 - Updater Check For Update Now.
2023-09-25 07:37:52,535 [INFO] MicroXplorer:498 - Change Database Version : DB.6.0.91
2023-09-25 07:37:52,558 [INFO] McuFinderGlobals:63 - Set McuFinder mode to 2 (CubeIDE integrated)
2023-09-25 07:37:52,559 [INFO] UserAuth:179 - activating auth plugin
2023-09-25 07:37:52,565 [INFO] UserAuth:393 - Internet connection configuration mode: 1
2023-09-25 07:37:52,608 [INFO] JxBrowserEngine:151 - Initiate JxBrowser Engine with user profile folder
2023-09-25 07:37:52,780 [INFO] CheckServerUpdateThread:120 - End of CheckServer Thread
2023-09-25 07:37:55,377 [INFO] WebApp:157 - Instantiating new browser for Auth
2023-09-25 07:37:56,087 [INFO] WebApp:753 - Register for checkConnection events
2023-09-25 07:37:56,087 [INFO] WebApp:390 - Apply proxy settings
2023-09-25 07:37:56,088 [INFO] WebApp:475 - Chromium requires no authentication
2023-09-25 07:37:56,098 [INFO] WebApp:418 - Direct internet connection detected
2023-09-25 07:37:56,295 [INFO] WebApp:188 - Starting web application
2023-09-25 07:37:56,296 [INFO] WebApp:520 - Web application path used C:\ST\STM32CubeIDE_1.12.0\STM32CubeIDE\plugins\com.st.stm32cube.common.mx_6.9.1.202307191849\db\plugins\mcufinder\reactClient1\index.html
2023-09-25 07:38:17,427 [ERROR] LogOutputStream:75 - [STDERR_REDIRECT] SLF4J: Failed to load class "org.slf4j.impl.StaticLoggerBinder".
2023-09-25 07:38:17,427 [ERROR] LogOutputStream:75 - [STDERR_REDIRECT] SLF4J: Defaulting to no-operation (NOP) logger implementation
2023-09-25 07:38:17,429 [ERROR] LogOutputStream:75 - [STDERR_REDIRECT] SLF4J: See http://www.slf4j.org/codes.html#StaticLoggerBinder for further details.
2023-09-25 12:52:34,727 [ERROR] LogOutputStream:75 - [STDERR_REDIRECT] 
2023-09-25 13:25:46,202 [INFO] Activator:176 - 


2023-09-25 13:25:46,205 [INFO] Activator:177 - !SESSION log4j initialized
2023-09-25 13:25:54,571 [INFO] LogOutputStream:77 - [STDOUT_REDIRECT] 
2023-09-25 13:25:58,351 [INFO] ApplicationProperties:184 - Using Application install path: C:\ST\STM32CubeIDE_1.12.0\STM32CubeIDE\plugins\com.st.stm32cube.common.mx_6.9.1.202307191849
2023-09-25 13:25:58,378 [INFO] DbMcusXml:78 - Set database path to: C:\ST\STM32CubeIDE_1.12.0\STM32CubeIDE\plugins\com.st.stm32cube.common.mx_6.9.1.202307191849\\db\/mcu/
2023-09-25 13:25:58,379 [INFO] ApiDb:274 - Set plugin database path to: C:\ST\STM32CubeIDE_1.12.0\STM32CubeIDE\plugins\com.st.stm32cube.common.mx_6.9.1.202307191849\\db\/plugins/boardmanager/
2023-09-25 13:25:58,380 [WARN] ApiDb:259 - Overriding images path with different value:  => C:\ST\STM32CubeIDE_1.12.0\STM32CubeIDE\plugins\com.st.stm32cube.common.mx_6.9.1.202307191849\\db\/plugins/mcufinder/images/
2023-09-25 13:25:58,409 [INFO] ApiDb:250 - Set database path to: C:\Users\win 10\.stmcufinder\plugins\mcufinder//mcu/
2023-09-25 13:25:58,410 [INFO] DbMcusAds:125 - Set database path to: C:\Users\win 10\.stmcufinder\plugins\mcufinder//mcu/
2023-09-25 13:25:58,413 [INFO] CrossReferenceDbSqlite:203 - Set database path to: C:\Users\win 10\.stmcufinder\plugins\mcufinder//mcu/cs/
2023-09-25 13:25:58,627 [INFO] RulesReader:64 - Compatibility file has been processed (293 Rules)
2023-09-25 13:25:58,745 [INFO] DbMcusXml:78 - Set database path to: C:\ST\STM32CubeIDE_1.12.0\STM32CubeIDE\plugins\com.st.stm32cube.common.mx_6.9.1.202307191849\\db\/mcu/
2023-09-25 13:25:58,746 [INFO] ApiDb:274 - Set plugin database path to: C:\ST\STM32CubeIDE_1.12.0\STM32CubeIDE\plugins\com.st.stm32cube.common.mx_6.9.1.202307191849\\db\/plugins/boardmanager/
2023-09-25 13:25:58,747 [INFO] ApiDb:261 - Set plugin images path to: C:\ST\STM32CubeIDE_1.12.0\STM32CubeIDE\plugins\com.st.stm32cube.common.mx_6.9.1.202307191849\\db\/plugins/mcufinder/images/
2023-09-25 13:25:58,747 [WARN] DbFile:41 - Overriding database path with different value: C:\Users\win 10\.stmcufinder\plugins\mcufinder/ => C:\Users\win 10\.stmcufinder\plugins\mcufinder
2023-09-25 13:25:58,748 [INFO] ApiDb:250 - Set database path to: C:\Users\win 10\.stmcufinder\plugins\mcufinder//mcu/
2023-09-25 13:25:58,748 [WARN] DbFile:41 - Overriding database path with different value: C:\Users\win 10\.stmcufinder\plugins\mcufinder/ => C:\Users\win 10\.stmcufinder\plugins\mcufinder
2023-09-25 13:25:58,749 [INFO] DbMcusAds:125 - Set database path to: C:\Users\win 10\.stmcufinder\plugins\mcufinder//mcu/
2023-09-25 13:25:58,749 [WARN] DbFile:41 - Overriding database path with different value: C:\Users\win 10\.stmcufinder\plugins\mcufinder/ => C:\Users\win 10\.stmcufinder\plugins\mcufinder
2023-09-25 13:25:58,749 [WARN] DbFile:41 - Overriding database path with different value: C:\Users\win 10\.stmcufinder\plugins\mcufinder/ => C:\Users\win 10\.stmcufinder\plugins\mcufinder
2023-09-25 13:25:58,749 [INFO] CrossReferenceDbSqlite:203 - Set database path to: C:\Users\win 10\.stmcufinder\plugins\mcufinder//mcu/cs/
2023-09-25 13:25:58,868 [INFO] MainPanel:262 - HeapMemory: 268435456
2023-09-25 13:25:59,012 [INFO] DbMcusXml:78 - Set database path to: C:\ST\STM32CubeIDE_1.12.0\STM32CubeIDE\plugins\com.st.stm32cube.common.mx_6.9.1.202307191849\\db\/mcu/
2023-09-25 13:25:59,012 [INFO] ApiDb:274 - Set plugin database path to: C:\ST\STM32CubeIDE_1.12.0\STM32CubeIDE\plugins\com.st.stm32cube.common.mx_6.9.1.202307191849\\db\/plugins/boardmanager/
2023-09-25 13:25:59,012 [INFO] ApiDb:261 - Set plugin images path to: C:\ST\STM32CubeIDE_1.12.0\STM32CubeIDE\plugins\com.st.stm32cube.common.mx_6.9.1.202307191849\\db\/plugins/mcufinder/images/
2023-09-25 13:25:59,014 [WARN] DbFile:41 - Overriding database path with different value: C:\Users\win 10\.stmcufinder\plugins\mcufinder/ => C:\Users\win 10\.stmcufinder\plugins\mcufinder
2023-09-25 13:25:59,014 [INFO] ApiDb:250 - Set database path to: C:\Users\win 10\.stmcufinder\plugins\mcufinder//mcu/
2023-09-25 13:25:59,015 [WARN] DbFile:41 - Overriding database path with different value: C:\Users\win 10\.stmcufinder\plugins\mcufinder/ => C:\Users\win 10\.stmcufinder\plugins\mcufinder
2023-09-25 13:25:59,015 [INFO] DbMcusAds:125 - Set database path to: C:\Users\win 10\.stmcufinder\plugins\mcufinder//mcu/
2023-09-25 13:25:59,015 [WARN] DbFile:41 - Overriding database path with different value: C:\Users\win 10\.stmcufinder\plugins\mcufinder/ => C:\Users\win 10\.stmcufinder\plugins\mcufinder
2023-09-25 13:25:59,015 [WARN] DbFile:41 - Overriding database path with different value: C:\Users\win 10\.stmcufinder\plugins\mcufinder/ => C:\Users\win 10\.stmcufinder\plugins\mcufinder
2023-09-25 13:25:59,016 [INFO] CrossReferenceDbSqlite:203 - Set database path to: C:\Users\win 10\.stmcufinder\plugins\mcufinder//mcu/cs/
2023-09-25 13:25:59,045 [INFO] ApplicationProperties:184 - Using Application install path: C:\ST\STM32CubeIDE_1.12.0\STM32CubeIDE\plugins\com.st.stm32cube.common.mx_6.9.1.202307191849
2023-09-25 13:25:59,048 [INFO] PluginManage:196 - Search for loadable plugins [exclusion list=, ]
2023-09-25 13:25:59,051 [INFO] PluginManage:310 - Check plugin analytics
2023-09-25 13:25:59,293 [INFO] AnalyticsPlugin:253 - Accepted Software Licenses: STM32CubeMX.6.5.0,STM32CubeMX.6.9.1
2023-09-25 13:25:59,293 [INFO] AnalyticsPlugin:255 - Accepted CMSIS Pack Licenses: 
2023-09-25 13:25:59,294 [INFO] AnalyticsPlugin:257 - Accepted Firmware Licenses: 
2023-09-25 13:25:59,300 [INFO] PluginManage:359 - Loaded plugin analytics (category:tool,tabindex:-1)
2023-09-25 13:25:59,301 [INFO] PluginManage:310 - Check plugin cadmodel
2023-09-25 13:25:59,325 [INFO] CADModel:105 - Init CAD model plugin
2023-09-25 13:25:59,325 [INFO] PluginManage:359 - Loaded plugin cadmodel (category:power,tabindex:5)
2023-09-25 13:25:59,325 [INFO] PluginManage:310 - Check plugin clock
2023-09-25 13:25:59,353 [INFO] PluginManage:359 - Loaded plugin clock (category:base,tabindex:2)
2023-09-25 13:25:59,353 [INFO] PluginManage:310 - Check plugin ddr
2023-09-25 13:25:59,357 [INFO] PluginManage:359 - Loaded plugin ddr (category:tool,tabindex:6)
2023-09-25 13:25:59,357 [INFO] PluginManage:310 - Check plugin filemanager
2023-09-25 13:25:59,526 [INFO] PluginManage:359 - Loaded plugin filemanager (category:base,tabindex:10)
2023-09-25 13:25:59,527 [INFO] PluginManage:310 - Check plugin ipmanager
2023-09-25 13:25:59,539 [INFO] PluginManage:359 - Loaded plugin ipmanager (category:base,tabindex:5)
2023-09-25 13:25:59,539 [INFO] PluginManage:310 - Check plugin lpbam
2023-09-25 13:25:59,563 [INFO] PluginManage:359 - Loaded plugin lpbam (category:base,tabindex:0)
2023-09-25 13:25:59,563 [INFO] PluginManage:310 - Check plugin memorymap
2023-09-25 13:25:59,598 [INFO] PluginManage:359 - Loaded plugin memorymap (category:base,tabindex:4)
2023-09-25 13:25:59,598 [INFO] PluginManage:310 - Check plugin pinoutandconfiguration
2023-09-25 13:25:59,623 [INFO] PluginManage:359 - Loaded plugin pinoutandconfiguration (category:base,tabindex:1)
2023-09-25 13:25:59,624 [INFO] PluginManage:310 - Check plugin pinoutconfig
2023-09-25 13:25:59,763 [WARN] SupportedApi:132 - Cannot load RTOS API schema: s4s-elt-must-match.1: The content of 'definitions' must match (annotation?, (simpleType | complexType)?, (unique | key | keyref)*)). A problem was found starting at: attribute.
2023-09-25 13:26:00,012 [INFO] PluginManage:359 - Loaded plugin pinoutconfig (category:base,tabindex:0)
2023-09-25 13:26:00,015 [INFO] PluginManage:310 - Check plugin power
2023-09-25 13:26:00,060 [INFO] PluginManage:359 - Loaded plugin power (category:power,tabindex:4)
2023-09-25 13:26:00,061 [INFO] PluginManage:310 - Check plugin projectmanager
2023-09-25 13:26:00,091 [INFO] PluginManage:359 - Loaded plugin projectmanager (category:projectmanager,tabindex:3)
2023-09-25 13:26:00,091 [INFO] PluginManage:310 - Check plugin thirdparty
2023-09-25 13:26:00,523 [INFO] PluginManage:359 - Loaded plugin thirdparty (category:base,tabindex:-1)
2023-09-25 13:26:00,523 [WARN] IntegrityCheckThread:84 - waiting for thirdparty lock release [integrity check]
2023-09-25 13:26:00,524 [INFO] PluginManage:310 - Check plugin tools
2023-09-25 13:26:00,524 [INFO] IntegrityCheckThread:86 - entering critical section [integrity check]
2023-09-25 13:26:00,525 [INFO] ThirdPartyUpdaterWithRetryManager:70 - Updater plugin not ready yet. [1/15]
2023-09-25 13:26:00,572 [INFO] PluginManage:359 - Loaded plugin tools (category:base,tabindex:7)
2023-09-25 13:26:00,572 [INFO] PluginManage:310 - Check plugin tutovideos
2023-09-25 13:26:00,831 [INFO] PluginManage:359 - Loaded plugin tutovideos (category:base,tabindex:-1)
2023-09-25 13:26:00,832 [INFO] PluginManage:310 - Check plugin updater
2023-09-25 13:26:00,850 [INFO] PluginManage:359 - Loaded plugin updater (category:base,tabindex:12)
2023-09-25 13:26:00,850 [INFO] PluginManage:310 - Check plugin userauth
2023-09-25 13:26:00,859 [INFO] UserAuth:113 - Init User Auth plugin
2023-09-25 13:26:00,859 [INFO] PluginManage:359 - Loaded plugin userauth (category:base,tabindex:14)
2023-09-25 13:26:00,859 [INFO] PluginManage:283 - PluginManage : Loaded plugins [17]
2023-09-25 13:26:01,258 [INFO] PinOutPanel:1499 - setPackage(No Configuration,No Configuration)
2023-09-25 13:26:01,474 [INFO] CADModel:165 - CPN selected for project level
2023-09-25 13:26:01,474 [INFO] CADModel:114 - Register for checkConnection events
2023-09-25 13:26:01,525 [INFO] IPUIPlugin:80 - create IPUIPlugin
2023-09-25 13:26:01,526 [INFO] PluginManager:220 - loadIPPluginJar : add adc
2023-09-25 13:26:01,602 [INFO] IPUIPlugin:80 - create IPUIPlugin
2023-09-25 13:26:01,603 [INFO] PluginManager:220 - loadIPPluginJar : add aes
2023-09-25 13:26:01,669 [INFO] IPUIPlugin:80 - create IPUIPlugin
2023-09-25 13:26:01,669 [INFO] PluginManager:220 - loadIPPluginJar : add can
2023-09-25 13:26:01,709 [INFO] IPUIPlugin:80 - create IPUIPlugin
2023-09-25 13:26:01,709 [INFO] PluginManager:220 - loadIPPluginJar : add comp
2023-09-25 13:26:01,751 [INFO] IPUIPlugin:80 - create IPUIPlugin
2023-09-25 13:26:01,751 [INFO] PluginManager:220 - loadIPPluginJar : add cryp
2023-09-25 13:26:01,790 [INFO] IPUIPlugin:80 - create IPUIPlugin
2023-09-25 13:26:01,791 [INFO] PluginManager:220 - loadIPPluginJar : add dfsdm
2023-09-25 13:26:01,807 [INFO] IPUIPlugin:80 - create IPUIPlugin
2023-09-25 13:26:01,809 [INFO] PluginManager:220 - loadIPPluginJar : add dma
2023-09-25 13:26:01,867 [INFO] IPUIPlugin:80 - create IPUIPlugin
2023-09-25 13:26:01,867 [INFO] PluginManager:220 - loadIPPluginJar : add dma3
2023-09-25 13:26:01,892 [INFO] IPUIPlugin:80 - create IPUIPlugin
2023-09-25 13:26:01,892 [INFO] PluginManager:220 - loadIPPluginJar : add fatfs
2023-09-25 13:26:01,956 [INFO] IPUIPlugin:80 - create IPUIPlugin
2023-09-25 13:26:01,956 [INFO] PluginManager:220 - loadIPPluginJar : add fmc
2023-09-25 13:26:01,976 [INFO] IPUIPlugin:80 - create IPUIPlugin
2023-09-25 13:26:01,976 [INFO] PluginManager:220 - loadIPPluginJar : add freertos
2023-09-25 13:26:02,010 [INFO] IPUIPlugin:80 - create IPUIPlugin
2023-09-25 13:26:02,010 [INFO] PluginManager:220 - loadIPPluginJar : add genericplugin
2023-09-25 13:26:02,162 [INFO] IPUIPlugin:80 - create IPUIPlugin
2023-09-25 13:26:02,162 [INFO] PluginManager:220 - loadIPPluginJar : add gfxmmu
2023-09-25 13:26:02,336 [INFO] IPUIPlugin:80 - create IPUIPlugin
2023-09-25 13:26:02,337 [INFO] PluginManager:220 - loadIPPluginJar : add gic
2023-09-25 13:26:02,353 [INFO] IPUIPlugin:80 - create IPUIPlugin
2023-09-25 13:26:02,353 [INFO] PluginManager:220 - loadIPPluginJar : add gpio
2023-09-25 13:26:02,506 [INFO] IPUIPlugin:80 - create IPUIPlugin
2023-09-25 13:26:02,506 [INFO] PluginManager:220 - loadIPPluginJar : add gtzc
2023-09-25 13:26:02,552 [INFO] IPUIPlugin:80 - create IPUIPlugin
2023-09-25 13:26:02,552 [INFO] PluginManager:220 - loadIPPluginJar : add hash
2023-09-25 13:26:02,619 [INFO] IPUIPlugin:80 - create IPUIPlugin
2023-09-25 13:26:02,619 [INFO] PluginManager:220 - loadIPPluginJar : add i2c
2023-09-25 13:26:02,676 [INFO] IPUIPlugin:80 - create IPUIPlugin
2023-09-25 13:26:02,677 [INFO] PluginManager:220 - loadIPPluginJar : add i2s
2023-09-25 13:26:02,773 [INFO] IPUIPlugin:80 - create IPUIPlugin
2023-09-25 13:26:02,773 [INFO] PluginManager:220 - loadIPPluginJar : add i3c
2023-09-25 13:26:02,953 [INFO] IPUIPlugin:80 - create IPUIPlugin
2023-09-25 13:26:02,953 [INFO] PluginManager:220 - loadIPPluginJar : add ipddr
2023-09-25 13:26:03,071 [INFO] IPUIPlugin:80 - create IPUIPlugin
2023-09-25 13:26:03,071 [INFO] PluginManager:220 - loadIPPluginJar : add linkedlist
2023-09-25 13:26:03,115 [INFO] IPUIPlugin:80 - create IPUIPlugin
2023-09-25 13:26:03,115 [INFO] PluginManager:220 - loadIPPluginJar : add lorawan
2023-09-25 13:26:03,163 [INFO] IPUIPlugin:80 - create IPUIPlugin
2023-09-25 13:26:03,163 [INFO] PluginManager:220 - loadIPPluginJar : add ltdc
2023-09-25 13:26:03,180 [INFO] IPUIPlugin:80 - create IPUIPlugin
2023-09-25 13:26:03,180 [INFO] PluginManager:220 - loadIPPluginJar : add mdma
2023-09-25 13:26:03,194 [INFO] IPUIPlugin:80 - create IPUIPlugin
2023-09-25 13:26:03,194 [INFO] PluginManager:220 - loadIPPluginJar : add nvic
2023-09-25 13:26:03,241 [INFO] IPUIPlugin:80 - create IPUIPlugin
2023-09-25 13:26:03,241 [INFO] PluginManager:220 - loadIPPluginJar : add opamp
2023-09-25 13:26:03,332 [INFO] IPUIPlugin:80 - create IPUIPlugin
2023-09-25 13:26:03,333 [INFO] PluginManager:220 - loadIPPluginJar : add openamp
2023-09-25 13:26:03,393 [INFO] IPUIPlugin:80 - create IPUIPlugin
2023-09-25 13:26:03,393 [INFO] PluginManager:220 - loadIPPluginJar : add pdm2pcm
2023-09-25 13:26:03,418 [INFO] IPUIPlugin:80 - create IPUIPlugin
2023-09-25 13:26:03,421 [INFO] PluginManager:220 - loadIPPluginJar : add plateformsettings
2023-09-25 13:26:03,459 [INFO] IPUIPlugin:80 - create IPUIPlugin
2023-09-25 13:26:03,459 [INFO] PluginManager:220 - loadIPPluginJar : add quadspi
2023-09-25 13:26:03,476 [INFO] IPUIPlugin:80 - create IPUIPlugin
2023-09-25 13:26:03,476 [INFO] PluginManager:220 - loadIPPluginJar : add resmgrutility
2023-09-25 13:26:03,527 [INFO] ThirdPartyUpdaterWithRetryManager:70 - Updater plugin not ready yet. [2/15]
2023-09-25 13:26:03,557 [INFO] IPUIPlugin:80 - create IPUIPlugin
2023-09-25 13:26:03,557 [INFO] PluginManager:220 - loadIPPluginJar : add sai
2023-09-25 13:26:03,606 [INFO] IPUIPlugin:80 - create IPUIPlugin
2023-09-25 13:26:03,607 [INFO] PluginManager:220 - loadIPPluginJar : add spi
2023-09-25 13:26:03,691 [INFO] IPUIPlugin:80 - create IPUIPlugin
2023-09-25 13:26:03,691 [INFO] PluginManager:220 - loadIPPluginJar : add stm32_wpan
2023-09-25 13:26:03,719 [INFO] IPUIPlugin:80 - create IPUIPlugin
2023-09-25 13:26:03,719 [INFO] PluginManager:220 - loadIPPluginJar : add tim
2023-09-25 13:26:03,794 [INFO] IPUIPlugin:80 - create IPUIPlugin
2023-09-25 13:26:03,794 [INFO] PluginManager:220 - loadIPPluginJar : add touchsensing
2023-09-25 13:26:03,829 [INFO] IPUIPlugin:80 - create IPUIPlugin
2023-09-25 13:26:03,829 [INFO] PluginManager:220 - loadIPPluginJar : add tracer_emb
2023-09-25 13:26:03,863 [INFO] IPUIPlugin:80 - create IPUIPlugin
2023-09-25 13:26:03,864 [INFO] PluginManager:220 - loadIPPluginJar : add ts
2023-09-25 13:26:03,963 [INFO] IPUIPlugin:80 - create IPUIPlugin
2023-09-25 13:26:03,963 [INFO] PluginManager:220 - loadIPPluginJar : add tsc
2023-09-25 13:26:04,008 [INFO] IPUIPlugin:80 - create IPUIPlugin
2023-09-25 13:26:04,008 [INFO] PluginManager:220 - loadIPPluginJar : add ucpd
2023-09-25 13:26:04,065 [INFO] IPUIPlugin:80 - create IPUIPlugin
2023-09-25 13:26:04,065 [INFO] PluginManager:220 - loadIPPluginJar : add usart
2023-09-25 13:26:04,124 [INFO] IPUIPlugin:80 - create IPUIPlugin
2023-09-25 13:26:04,124 [INFO] PluginManager:220 - loadIPPluginJar : add usbx
2023-09-25 13:26:04,299 [INFO] CADModel:165 - CPN selected for project level
2023-09-25 13:26:04,299 [INFO] CADModel:114 - Register for checkConnection events
2023-09-25 13:26:04,299 [FATAL] Updater:308 - Updater called before beeing initialized
2023-09-25 13:26:04,300 [ERROR] CADModel:125 - Updater not yet initialized, retry later 
2023-09-25 13:26:04,593 [INFO] CADModel:165 - CPN selected for project level
2023-09-25 13:26:04,593 [INFO] CADModel:114 - Register for checkConnection events
2023-09-25 13:26:04,594 [FATAL] Updater:308 - Updater called before beeing initialized
2023-09-25 13:26:04,594 [ERROR] CADModel:125 - Updater not yet initialized, retry later 
2023-09-25 13:26:04,601 [FATAL] Updater:308 - Updater called before beeing initialized
2023-09-25 13:26:04,806 [FATAL] Updater:308 - Updater called before beeing initialized
2023-09-25 13:26:04,821 [INFO] DbMcusAds:53 - JSON generation date=Tue Mar 07 15:50:55 ICT 2023 (1678179055114)
2023-09-25 13:26:04,821 [FATAL] Updater:308 - Updater called before beeing initialized
2023-09-25 13:26:04,924 [WARN] DetailPanel:346 - Failed to get advertising image, set to default
2023-09-25 13:26:05,058 [FATAL] Updater:308 - Updater called before beeing initialized
2023-09-25 13:26:05,061 [FATAL] Updater:308 - Updater called before beeing initialized
2023-09-25 13:26:05,061 [FATAL] Updater:308 - Updater called before beeing initialized
2023-09-25 13:26:05,061 [WARN] DetailPanel:346 - Failed to get advertising image, set to default
2023-09-25 13:26:05,063 [FATAL] Updater:308 - Updater called before beeing initialized
2023-09-25 13:26:05,156 [ERROR] Updater:1120 - MainUpdater not yet initialized. External WinMGr cannot be set.
2023-09-25 13:26:05,171 [INFO] Updater:1056 - Updater Version found : 6.9.1
2023-09-25 13:26:05,192 [INFO] ApplicationProperties:184 - Using Application install path: C:\ST\STM32CubeIDE_1.12.0\STM32CubeIDE\plugins\com.st.stm32cube.common.mx_6.9.1.202307191849
2023-09-25 13:26:06,530 [INFO] ThirdPartyUpdaterWithRetryManager:70 - Updater plugin not ready yet. [3/15]
2023-09-25 13:26:08,405 [WARN] ServerAccessManage:1168 - Warning during Server Connection :  timeout Connect timed out
2023-09-25 13:26:09,532 [FATAL] Updater:308 - Updater called before beeing initialized
2023-09-25 13:26:09,533 [ERROR] IntegrityCheckThread:130 - Cannot retrieve database content from updater: error 21
2023-09-25 13:26:09,534 [INFO] ThirdParty:978 - Integrity check success = false
2023-09-25 13:26:09,534 [INFO] IntegrityCheckThread:100 - exiting critical section [integrity check]
2023-09-25 13:26:09,534 [INFO] IntegrityCheckThread:103 - End integrity checks thread
2023-09-25 13:26:14,897 [WARN] ServerAccessManage:1168 - Warning during Server Connection :  timeout Read timed out
2023-09-25 13:26:14,909 [INFO] MainUpdater:2868 - connection check result : 22
2023-09-25 13:26:14,911 [INFO] MainUpdater:285 - Updater Check For Update Now.
2023-09-25 13:26:14,911 [INFO] MicroXplorer:498 - Change Database Version : DB.6.0.91
2023-09-25 13:26:14,952 [INFO] McuFinderGlobals:63 - Set McuFinder mode to 2 (CubeIDE integrated)
2023-09-25 13:26:14,954 [INFO] UserAuth:179 - activating auth plugin
2023-09-25 13:26:14,958 [INFO] UserAuth:393 - Internet connection configuration mode: 2
2023-09-25 13:26:15,237 [INFO] CheckServerUpdateThread:120 - End of CheckServer Thread
2023-09-25 13:26:36,515 [ERROR] LogOutputStream:75 - [STDERR_REDIRECT] SLF4J: Failed to load class "org.slf4j.impl.StaticLoggerBinder".
2023-09-25 13:26:36,517 [ERROR] LogOutputStream:75 - [STDERR_REDIRECT] SLF4J: Defaulting to no-operation (NOP) logger implementation
2023-09-25 13:26:36,521 [ERROR] LogOutputStream:75 - [STDERR_REDIRECT] SLF4J: See http://www.slf4j.org/codes.html#StaticLoggerBinder for further details.
2023-09-25 16:07:14,908 [INFO] Activator:176 - 


2023-09-25 16:07:14,911 [INFO] Activator:177 - !SESSION log4j initialized
2023-09-25 16:07:23,409 [INFO] LogOutputStream:77 - [STDOUT_REDIRECT] 
2023-09-25 16:07:27,519 [INFO] ApplicationProperties:184 - Using Application install path: C:\ST\STM32CubeIDE_1.12.0\STM32CubeIDE\plugins\com.st.stm32cube.common.mx_6.9.1.202307191849
2023-09-25 16:07:27,552 [INFO] DbMcusXml:78 - Set database path to: C:\ST\STM32CubeIDE_1.12.0\STM32CubeIDE\plugins\com.st.stm32cube.common.mx_6.9.1.202307191849\\db\/mcu/
2023-09-25 16:07:27,552 [INFO] ApiDb:274 - Set plugin database path to: C:\ST\STM32CubeIDE_1.12.0\STM32CubeIDE\plugins\com.st.stm32cube.common.mx_6.9.1.202307191849\\db\/plugins/boardmanager/
2023-09-25 16:07:27,553 [WARN] ApiDb:259 - Overriding images path with different value:  => C:\ST\STM32CubeIDE_1.12.0\STM32CubeIDE\plugins\com.st.stm32cube.common.mx_6.9.1.202307191849\\db\/plugins/mcufinder/images/
2023-09-25 16:07:27,582 [INFO] ApiDb:250 - Set database path to: C:\Users\win 10\.stmcufinder\plugins\mcufinder//mcu/
2023-09-25 16:07:27,584 [INFO] DbMcusAds:125 - Set database path to: C:\Users\win 10\.stmcufinder\plugins\mcufinder//mcu/
2023-09-25 16:07:27,588 [INFO] CrossReferenceDbSqlite:203 - Set database path to: C:\Users\win 10\.stmcufinder\plugins\mcufinder//mcu/cs/
2023-09-25 16:07:27,734 [INFO] RulesReader:64 - Compatibility file has been processed (293 Rules)
2023-09-25 16:07:27,842 [INFO] DbMcusXml:78 - Set database path to: C:\ST\STM32CubeIDE_1.12.0\STM32CubeIDE\plugins\com.st.stm32cube.common.mx_6.9.1.202307191849\\db\/mcu/
2023-09-25 16:07:27,842 [INFO] ApiDb:274 - Set plugin database path to: C:\ST\STM32CubeIDE_1.12.0\STM32CubeIDE\plugins\com.st.stm32cube.common.mx_6.9.1.202307191849\\db\/plugins/boardmanager/
2023-09-25 16:07:27,843 [INFO] ApiDb:261 - Set plugin images path to: C:\ST\STM32CubeIDE_1.12.0\STM32CubeIDE\plugins\com.st.stm32cube.common.mx_6.9.1.202307191849\\db\/plugins/mcufinder/images/
2023-09-25 16:07:27,843 [WARN] DbFile:41 - Overriding database path with different value: C:\Users\win 10\.stmcufinder\plugins\mcufinder/ => C:\Users\win 10\.stmcufinder\plugins\mcufinder
2023-09-25 16:07:27,843 [INFO] ApiDb:250 - Set database path to: C:\Users\win 10\.stmcufinder\plugins\mcufinder//mcu/
2023-09-25 16:07:27,844 [WARN] DbFile:41 - Overriding database path with different value: C:\Users\win 10\.stmcufinder\plugins\mcufinder/ => C:\Users\win 10\.stmcufinder\plugins\mcufinder
2023-09-25 16:07:27,844 [INFO] DbMcusAds:125 - Set database path to: C:\Users\win 10\.stmcufinder\plugins\mcufinder//mcu/
2023-09-25 16:07:27,844 [WARN] DbFile:41 - Overriding database path with different value: C:\Users\win 10\.stmcufinder\plugins\mcufinder/ => C:\Users\win 10\.stmcufinder\plugins\mcufinder
2023-09-25 16:07:27,844 [WARN] DbFile:41 - Overriding database path with different value: C:\Users\win 10\.stmcufinder\plugins\mcufinder/ => C:\Users\win 10\.stmcufinder\plugins\mcufinder
2023-09-25 16:07:27,844 [INFO] CrossReferenceDbSqlite:203 - Set database path to: C:\Users\win 10\.stmcufinder\plugins\mcufinder//mcu/cs/
2023-09-25 16:07:27,950 [INFO] MainPanel:262 - HeapMemory: 268435456
2023-09-25 16:07:28,122 [INFO] DbMcusXml:78 - Set database path to: C:\ST\STM32CubeIDE_1.12.0\STM32CubeIDE\plugins\com.st.stm32cube.common.mx_6.9.1.202307191849\\db\/mcu/
2023-09-25 16:07:28,122 [INFO] ApiDb:274 - Set plugin database path to: C:\ST\STM32CubeIDE_1.12.0\STM32CubeIDE\plugins\com.st.stm32cube.common.mx_6.9.1.202307191849\\db\/plugins/boardmanager/
2023-09-25 16:07:28,122 [INFO] ApiDb:261 - Set plugin images path to: C:\ST\STM32CubeIDE_1.12.0\STM32CubeIDE\plugins\com.st.stm32cube.common.mx_6.9.1.202307191849\\db\/plugins/mcufinder/images/
2023-09-25 16:07:28,123 [WARN] DbFile:41 - Overriding database path with different value: C:\Users\win 10\.stmcufinder\plugins\mcufinder/ => C:\Users\win 10\.stmcufinder\plugins\mcufinder
2023-09-25 16:07:28,124 [INFO] ApiDb:250 - Set database path to: C:\Users\win 10\.stmcufinder\plugins\mcufinder//mcu/
2023-09-25 16:07:28,124 [WARN] DbFile:41 - Overriding database path with different value: C:\Users\win 10\.stmcufinder\plugins\mcufinder/ => C:\Users\win 10\.stmcufinder\plugins\mcufinder
2023-09-25 16:07:28,124 [INFO] DbMcusAds:125 - Set database path to: C:\Users\win 10\.stmcufinder\plugins\mcufinder//mcu/
2023-09-25 16:07:28,125 [WARN] DbFile:41 - Overriding database path with different value: C:\Users\win 10\.stmcufinder\plugins\mcufinder/ => C:\Users\win 10\.stmcufinder\plugins\mcufinder
2023-09-25 16:07:28,125 [WARN] DbFile:41 - Overriding database path with different value: C:\Users\win 10\.stmcufinder\plugins\mcufinder/ => C:\Users\win 10\.stmcufinder\plugins\mcufinder
2023-09-25 16:07:28,125 [INFO] CrossReferenceDbSqlite:203 - Set database path to: C:\Users\win 10\.stmcufinder\plugins\mcufinder//mcu/cs/
2023-09-25 16:07:28,168 [INFO] ApplicationProperties:184 - Using Application install path: C:\ST\STM32CubeIDE_1.12.0\STM32CubeIDE\plugins\com.st.stm32cube.common.mx_6.9.1.202307191849
2023-09-25 16:07:28,171 [INFO] PluginManage:196 - Search for loadable plugins [exclusion list=, ]
2023-09-25 16:07:28,175 [INFO] PluginManage:310 - Check plugin analytics
2023-09-25 16:07:28,417 [INFO] AnalyticsPlugin:253 - Accepted Software Licenses: STM32CubeMX.6.5.0,STM32CubeMX.6.9.1
2023-09-25 16:07:28,418 [INFO] AnalyticsPlugin:255 - Accepted CMSIS Pack Licenses: 
2023-09-25 16:07:28,419 [INFO] AnalyticsPlugin:257 - Accepted Firmware Licenses: 
2023-09-25 16:07:28,423 [INFO] PluginManage:359 - Loaded plugin analytics (category:tool,tabindex:-1)
2023-09-25 16:07:28,423 [INFO] PluginManage:310 - Check plugin cadmodel
2023-09-25 16:07:28,440 [INFO] CADModel:105 - Init CAD model plugin
2023-09-25 16:07:28,440 [INFO] PluginManage:359 - Loaded plugin cadmodel (category:power,tabindex:5)
2023-09-25 16:07:28,441 [INFO] PluginManage:310 - Check plugin clock
2023-09-25 16:07:28,465 [INFO] PluginManage:359 - Loaded plugin clock (category:base,tabindex:2)
2023-09-25 16:07:28,466 [INFO] PluginManage:310 - Check plugin ddr
2023-09-25 16:07:28,469 [INFO] PluginManage:359 - Loaded plugin ddr (category:tool,tabindex:6)
2023-09-25 16:07:28,469 [INFO] PluginManage:310 - Check plugin filemanager
2023-09-25 16:07:28,630 [INFO] PluginManage:359 - Loaded plugin filemanager (category:base,tabindex:10)
2023-09-25 16:07:28,630 [INFO] PluginManage:310 - Check plugin ipmanager
2023-09-25 16:07:28,641 [INFO] PluginManage:359 - Loaded plugin ipmanager (category:base,tabindex:5)
2023-09-25 16:07:28,641 [INFO] PluginManage:310 - Check plugin lpbam
2023-09-25 16:07:28,662 [INFO] PluginManage:359 - Loaded plugin lpbam (category:base,tabindex:0)
2023-09-25 16:07:28,662 [INFO] PluginManage:310 - Check plugin memorymap
2023-09-25 16:07:28,688 [INFO] PluginManage:359 - Loaded plugin memorymap (category:base,tabindex:4)
2023-09-25 16:07:28,688 [INFO] PluginManage:310 - Check plugin pinoutandconfiguration
2023-09-25 16:07:28,708 [INFO] PluginManage:359 - Loaded plugin pinoutandconfiguration (category:base,tabindex:1)
2023-09-25 16:07:28,709 [INFO] PluginManage:310 - Check plugin pinoutconfig
2023-09-25 16:07:28,874 [WARN] SupportedApi:132 - Cannot load RTOS API schema: s4s-elt-must-match.1: The content of 'definitions' must match (annotation?, (simpleType | complexType)?, (unique | key | keyref)*)). A problem was found starting at: attribute.
2023-09-25 16:07:29,045 [INFO] PluginManage:359 - Loaded plugin pinoutconfig (category:base,tabindex:0)
2023-09-25 16:07:29,046 [INFO] PluginManage:310 - Check plugin power
2023-09-25 16:07:29,075 [INFO] PluginManage:359 - Loaded plugin power (category:power,tabindex:4)
2023-09-25 16:07:29,076 [INFO] PluginManage:310 - Check plugin projectmanager
2023-09-25 16:07:29,093 [INFO] PluginManage:359 - Loaded plugin projectmanager (category:projectmanager,tabindex:3)
2023-09-25 16:07:29,093 [INFO] PluginManage:310 - Check plugin thirdparty
2023-09-25 16:07:29,444 [INFO] PluginManage:359 - Loaded plugin thirdparty (category:base,tabindex:-1)
2023-09-25 16:07:29,444 [WARN] IntegrityCheckThread:84 - waiting for thirdparty lock release [integrity check]
2023-09-25 16:07:29,444 [INFO] PluginManage:310 - Check plugin tools
2023-09-25 16:07:29,444 [INFO] IntegrityCheckThread:86 - entering critical section [integrity check]
2023-09-25 16:07:29,445 [INFO] ThirdPartyUpdaterWithRetryManager:70 - Updater plugin not ready yet. [1/15]
2023-09-25 16:07:29,489 [INFO] PluginManage:359 - Loaded plugin tools (category:base,tabindex:7)
2023-09-25 16:07:29,490 [INFO] PluginManage:310 - Check plugin tutovideos
2023-09-25 16:07:29,743 [INFO] PluginManage:359 - Loaded plugin tutovideos (category:base,tabindex:-1)
2023-09-25 16:07:29,743 [INFO] PluginManage:310 - Check plugin updater
2023-09-25 16:07:29,764 [INFO] PluginManage:359 - Loaded plugin updater (category:base,tabindex:12)
2023-09-25 16:07:29,764 [INFO] PluginManage:310 - Check plugin userauth
2023-09-25 16:07:29,771 [INFO] UserAuth:113 - Init User Auth plugin
2023-09-25 16:07:29,771 [INFO] PluginManage:359 - Loaded plugin userauth (category:base,tabindex:14)
2023-09-25 16:07:29,772 [INFO] PluginManage:283 - PluginManage : Loaded plugins [17]
2023-09-25 16:07:30,065 [INFO] PinOutPanel:1499 - setPackage(No Configuration,No Configuration)
2023-09-25 16:07:30,205 [INFO] CADModel:165 - CPN selected for project level
2023-09-25 16:07:30,205 [INFO] CADModel:114 - Register for checkConnection events
2023-09-25 16:07:30,242 [INFO] IPUIPlugin:80 - create IPUIPlugin
2023-09-25 16:07:30,242 [INFO] PluginManager:220 - loadIPPluginJar : add adc
2023-09-25 16:07:30,289 [INFO] IPUIPlugin:80 - create IPUIPlugin
2023-09-25 16:07:30,289 [INFO] PluginManager:220 - loadIPPluginJar : add aes
2023-09-25 16:07:30,345 [INFO] IPUIPlugin:80 - create IPUIPlugin
2023-09-25 16:07:30,345 [INFO] PluginManager:220 - loadIPPluginJar : add can
2023-09-25 16:07:30,375 [INFO] IPUIPlugin:80 - create IPUIPlugin
2023-09-25 16:07:30,376 [INFO] PluginManager:220 - loadIPPluginJar : add comp
2023-09-25 16:07:30,416 [INFO] IPUIPlugin:80 - create IPUIPlugin
2023-09-25 16:07:30,416 [INFO] PluginManager:220 - loadIPPluginJar : add cryp
2023-09-25 16:07:30,450 [INFO] IPUIPlugin:80 - create IPUIPlugin
2023-09-25 16:07:30,450 [INFO] PluginManager:220 - loadIPPluginJar : add dfsdm
2023-09-25 16:07:30,467 [INFO] IPUIPlugin:80 - create IPUIPlugin
2023-09-25 16:07:30,468 [INFO] PluginManager:220 - loadIPPluginJar : add dma
2023-09-25 16:07:30,519 [INFO] IPUIPlugin:80 - create IPUIPlugin
2023-09-25 16:07:30,519 [INFO] PluginManager:220 - loadIPPluginJar : add dma3
2023-09-25 16:07:30,542 [INFO] IPUIPlugin:80 - create IPUIPlugin
2023-09-25 16:07:30,542 [INFO] PluginManager:220 - loadIPPluginJar : add fatfs
2023-09-25 16:07:30,602 [INFO] IPUIPlugin:80 - create IPUIPlugin
2023-09-25 16:07:30,602 [INFO] PluginManager:220 - loadIPPluginJar : add fmc
2023-09-25 16:07:30,620 [INFO] IPUIPlugin:80 - create IPUIPlugin
2023-09-25 16:07:30,621 [INFO] PluginManager:220 - loadIPPluginJar : add freertos
2023-09-25 16:07:30,644 [INFO] IPUIPlugin:80 - create IPUIPlugin
2023-09-25 16:07:30,644 [INFO] PluginManager:220 - loadIPPluginJar : add genericplugin
2023-09-25 16:07:30,750 [INFO] IPUIPlugin:80 - create IPUIPlugin
2023-09-25 16:07:30,750 [INFO] PluginManager:220 - loadIPPluginJar : add gfxmmu
2023-09-25 16:07:30,906 [INFO] IPUIPlugin:80 - create IPUIPlugin
2023-09-25 16:07:30,906 [INFO] PluginManager:220 - loadIPPluginJar : add gic
2023-09-25 16:07:30,923 [INFO] IPUIPlugin:80 - create IPUIPlugin
2023-09-25 16:07:30,923 [INFO] PluginManager:220 - loadIPPluginJar : add gpio
2023-09-25 16:07:31,043 [INFO] IPUIPlugin:80 - create IPUIPlugin
2023-09-25 16:07:31,043 [INFO] PluginManager:220 - loadIPPluginJar : add gtzc
2023-09-25 16:07:31,080 [INFO] IPUIPlugin:80 - create IPUIPlugin
2023-09-25 16:07:31,080 [INFO] PluginManager:220 - loadIPPluginJar : add hash
2023-09-25 16:07:31,145 [INFO] IPUIPlugin:80 - create IPUIPlugin
2023-09-25 16:07:31,146 [INFO] PluginManager:220 - loadIPPluginJar : add i2c
2023-09-25 16:07:31,189 [INFO] IPUIPlugin:80 - create IPUIPlugin
2023-09-25 16:07:31,190 [INFO] PluginManager:220 - loadIPPluginJar : add i2s
2023-09-25 16:07:31,236 [INFO] IPUIPlugin:80 - create IPUIPlugin
2023-09-25 16:07:31,236 [INFO] PluginManager:220 - loadIPPluginJar : add i3c
2023-09-25 16:07:31,353 [INFO] IPUIPlugin:80 - create IPUIPlugin
2023-09-25 16:07:31,353 [INFO] PluginManager:220 - loadIPPluginJar : add ipddr
2023-09-25 16:07:31,461 [INFO] IPUIPlugin:80 - create IPUIPlugin
2023-09-25 16:07:31,461 [INFO] PluginManager:220 - loadIPPluginJar : add linkedlist
2023-09-25 16:07:31,502 [INFO] IPUIPlugin:80 - create IPUIPlugin
2023-09-25 16:07:31,502 [INFO] PluginManager:220 - loadIPPluginJar : add lorawan
2023-09-25 16:07:31,546 [INFO] IPUIPlugin:80 - create IPUIPlugin
2023-09-25 16:07:31,546 [INFO] PluginManager:220 - loadIPPluginJar : add ltdc
2023-09-25 16:07:31,564 [INFO] IPUIPlugin:80 - create IPUIPlugin
2023-09-25 16:07:31,564 [INFO] PluginManager:220 - loadIPPluginJar : add mdma
2023-09-25 16:07:31,578 [INFO] IPUIPlugin:80 - create IPUIPlugin
2023-09-25 16:07:31,578 [INFO] PluginManager:220 - loadIPPluginJar : add nvic
2023-09-25 16:07:31,620 [INFO] IPUIPlugin:80 - create IPUIPlugin
2023-09-25 16:07:31,620 [INFO] PluginManager:220 - loadIPPluginJar : add opamp
2023-09-25 16:07:31,690 [INFO] IPUIPlugin:80 - create IPUIPlugin
2023-09-25 16:07:31,690 [INFO] PluginManager:220 - loadIPPluginJar : add openamp
2023-09-25 16:07:31,740 [INFO] IPUIPlugin:80 - create IPUIPlugin
2023-09-25 16:07:31,740 [INFO] PluginManager:220 - loadIPPluginJar : add pdm2pcm
2023-09-25 16:07:31,759 [INFO] IPUIPlugin:80 - create IPUIPlugin
2023-09-25 16:07:31,761 [INFO] PluginManager:220 - loadIPPluginJar : add plateformsettings
2023-09-25 16:07:31,788 [INFO] IPUIPlugin:80 - create IPUIPlugin
2023-09-25 16:07:31,789 [INFO] PluginManager:220 - loadIPPluginJar : add quadspi
2023-09-25 16:07:31,803 [INFO] IPUIPlugin:80 - create IPUIPlugin
2023-09-25 16:07:31,803 [INFO] PluginManager:220 - loadIPPluginJar : add resmgrutility
2023-09-25 16:07:31,856 [INFO] IPUIPlugin:80 - create IPUIPlugin
2023-09-25 16:07:31,856 [INFO] PluginManager:220 - loadIPPluginJar : add sai
2023-09-25 16:07:31,898 [INFO] IPUIPlugin:80 - create IPUIPlugin
2023-09-25 16:07:31,898 [INFO] PluginManager:220 - loadIPPluginJar : add spi
2023-09-25 16:07:31,967 [INFO] IPUIPlugin:80 - create IPUIPlugin
2023-09-25 16:07:31,967 [INFO] PluginManager:220 - loadIPPluginJar : add stm32_wpan
2023-09-25 16:07:31,993 [INFO] IPUIPlugin:80 - create IPUIPlugin
2023-09-25 16:07:31,993 [INFO] PluginManager:220 - loadIPPluginJar : add tim
2023-09-25 16:07:32,057 [INFO] IPUIPlugin:80 - create IPUIPlugin
2023-09-25 16:07:32,058 [INFO] PluginManager:220 - loadIPPluginJar : add touchsensing
2023-09-25 16:07:32,083 [INFO] IPUIPlugin:80 - create IPUIPlugin
2023-09-25 16:07:32,083 [INFO] PluginManager:220 - loadIPPluginJar : add tracer_emb
2023-09-25 16:07:32,110 [INFO] IPUIPlugin:80 - create IPUIPlugin
2023-09-25 16:07:32,110 [INFO] PluginManager:220 - loadIPPluginJar : add ts
2023-09-25 16:07:32,135 [INFO] IPUIPlugin:80 - create IPUIPlugin
2023-09-25 16:07:32,135 [INFO] PluginManager:220 - loadIPPluginJar : add tsc
2023-09-25 16:07:32,161 [INFO] IPUIPlugin:80 - create IPUIPlugin
2023-09-25 16:07:32,161 [INFO] PluginManager:220 - loadIPPluginJar : add ucpd
2023-09-25 16:07:32,211 [INFO] IPUIPlugin:80 - create IPUIPlugin
2023-09-25 16:07:32,211 [INFO] PluginManager:220 - loadIPPluginJar : add usart
2023-09-25 16:07:32,262 [INFO] IPUIPlugin:80 - create IPUIPlugin
2023-09-25 16:07:32,262 [INFO] PluginManager:220 - loadIPPluginJar : add usbx
2023-09-25 16:07:32,428 [INFO] CADModel:165 - CPN selected for project level
2023-09-25 16:07:32,428 [INFO] CADModel:114 - Register for checkConnection events
2023-09-25 16:07:32,429 [FATAL] Updater:308 - Updater called before beeing initialized
2023-09-25 16:07:32,429 [ERROR] CADModel:125 - Updater not yet initialized, retry later 
2023-09-25 16:07:32,447 [INFO] ThirdPartyUpdaterWithRetryManager:70 - Updater plugin not ready yet. [2/15]
2023-09-25 16:07:32,620 [INFO] CADModel:165 - CPN selected for project level
2023-09-25 16:07:32,621 [INFO] CADModel:114 - Register for checkConnection events
2023-09-25 16:07:32,621 [FATAL] Updater:308 - Updater called before beeing initialized
2023-09-25 16:07:32,621 [ERROR] CADModel:125 - Updater not yet initialized, retry later 
2023-09-25 16:07:32,626 [FATAL] Updater:308 - Updater called before beeing initialized
2023-09-25 16:07:32,778 [FATAL] Updater:308 - Updater called before beeing initialized
2023-09-25 16:07:32,791 [INFO] DbMcusAds:53 - JSON generation date=Tue Mar 07 15:50:55 ICT 2023 (1678179055114)
2023-09-25 16:07:32,791 [FATAL] Updater:308 - Updater called before beeing initialized
2023-09-25 16:07:32,881 [WARN] DetailPanel:346 - Failed to get advertising image, set to default
2023-09-25 16:07:32,996 [FATAL] Updater:308 - Updater called before beeing initialized
2023-09-25 16:07:32,999 [FATAL] Updater:308 - Updater called before beeing initialized
2023-09-25 16:07:32,999 [FATAL] Updater:308 - Updater called before beeing initialized
2023-09-25 16:07:32,999 [WARN] DetailPanel:346 - Failed to get advertising image, set to default
2023-09-25 16:07:33,000 [FATAL] Updater:308 - Updater called before beeing initialized
2023-09-25 16:07:33,080 [ERROR] Updater:1120 - MainUpdater not yet initialized. External WinMGr cannot be set.
2023-09-25 16:07:33,092 [INFO] Updater:1056 - Updater Version found : 6.9.1
2023-09-25 16:07:33,116 [INFO] ApplicationProperties:184 - Using Application install path: C:\ST\STM32CubeIDE_1.12.0\STM32CubeIDE\plugins\com.st.stm32cube.common.mx_6.9.1.202307191849
2023-09-25 16:07:34,167 [INFO] MainUpdater:2868 - connection check result : 10
2023-09-25 16:07:34,168 [INFO] MainUpdater:285 - Updater Check For Update Now.
2023-09-25 16:07:34,169 [INFO] MicroXplorer:498 - Change Database Version : DB.6.0.91
2023-09-25 16:07:34,191 [INFO] McuFinderGlobals:63 - Set McuFinder mode to 2 (CubeIDE integrated)
2023-09-25 16:07:34,191 [INFO] UserAuth:179 - activating auth plugin
2023-09-25 16:07:34,196 [INFO] UserAuth:393 - Internet connection configuration mode: 1
2023-09-25 16:07:34,239 [INFO] JxBrowserEngine:151 - Initiate JxBrowser Engine with user profile folder
2023-09-25 16:07:34,423 [INFO] CheckServerUpdateThread:120 - End of CheckServer Thread
2023-09-25 16:07:35,688 [WARN] PackLoader:240 - Cannot read IP mode file for STMicroelectronics.X-CUBE-SMBUS.2.1.0
2023-09-25 16:07:35,749 [WARN] PackLoader:240 - Cannot read IP mode file for STMicroelectronics.X-CUBE-AZRTOS-F7.1.1.0
2023-09-25 16:07:35,779 [WARN] PackLoader:240 - Cannot read IP mode file for STMicroelectronics.FP-SNS-MOTENV1.4.3.2
2023-09-25 16:07:35,805 [WARN] PackLoader:240 - Cannot read IP mode file for STMicroelectronics.FP-SNS-FLIGHT1.5.0.2
2023-09-25 16:07:35,831 [WARN] PackLoader:240 - Cannot read IP mode file for STMicroelectronics.X-CUBE-DISPLAY.3.0.0
2023-09-25 16:07:35,873 [WARN] PackLoader:240 - Cannot read IP mode file for STMicroelectronics.X-CUBE-BLE1.7.0.0
2023-09-25 16:07:35,895 [WARN] PackLoader:240 - Cannot read IP mode file for emotas.I-CUBE-CANOPEN.1.3.0
2023-09-25 16:07:35,914 [WARN] PackLoader:240 - Cannot read IP mode file for STMicroelectronics.X-CUBE-TOUCHGFX.4.22.0
2023-09-25 16:07:35,931 [WARN] PackLoader:240 - Cannot read IP mode file for STMicroelectronics.FP-SNS-SMARTAG2.1.2.0
2023-09-25 16:07:35,963 [INFO] LogOutputStream:77 - [STDOUT_REDIRECT] 1 : Invalid condition id : UX_CORESTACK_Condition cause : null
2023-09-25 16:07:35,964 [INFO] LogOutputStream:77 - [STDOUT_REDIRECT] 1 : Invalid condition id : UX_CORESTACK_Condition cause : null
2023-09-25 16:07:35,966 [INFO] LogOutputStream:77 - [STDOUT_REDIRECT] 1 : Invalid condition id : UX_CORESTACK_Condition cause : null
2023-09-25 16:07:35,968 [INFO] LogOutputStream:77 - [STDOUT_REDIRECT] 1 : Invalid condition id : UX_CORESTACK_Condition cause : null
2023-09-25 16:07:35,970 [INFO] LogOutputStream:77 - [STDOUT_REDIRECT] 1 : Invalid condition id : UX_CORESTACK_Condition cause : null
2023-09-25 16:07:35,979 [WARN] PackLoader:240 - Cannot read IP mode file for STMicroelectronics.X-CUBE-AZRTOS-WL.2.0.0
2023-09-25 16:07:36,006 [WARN] PackLoader:240 - Cannot read IP mode file for WES.I-CUBE-Cesium.1.3.0
2023-09-25 16:07:36,028 [WARN] PackLoader:240 - Cannot read IP mode file for STMicroelectronics.X-CUBE-BLE2.3.3.0
2023-09-25 16:07:36,050 [WARN] PackLoader:240 - Cannot read IP mode file for STMicroelectronics.X-CUBE-ALGOBUILD.1.3.0
2023-09-25 16:07:36,105 [WARN] PackLoader:240 - Cannot read IP mode file for STMicroelectronics.X-CUBE-AZRTOS-G0.1.1.0
2023-09-25 16:07:36,138 [WARN] PackLoader:240 - Cannot read IP mode file for STMicroelectronics.X-CUBE-NFC4.3.0.0
2023-09-25 16:07:36,158 [WARN] PackLoader:240 - Cannot read IP mode file for STMicroelectronics.FP-ATR-SIGFOX1.3.2.0
2023-09-25 16:07:36,215 [WARN] PackLoader:240 - Cannot read IP mode file for SEGGER.I-CUBE-embOS.1.3.1
2023-09-25 16:07:36,297 [WARN] PackLoader:240 - Cannot read IP mode file for STMicroelectronics.X-CUBE-GNSS1.6.0.0
2023-09-25 16:07:36,353 [WARN] PackLoader:240 - Cannot read IP mode file for STMicroelectronics.X-CUBE-AZRTOS-F4.1.1.0
2023-09-25 16:07:36,374 [WARN] PackLoader:240 - Cannot read IP mode file for wolfSSL.I-CUBE-wolfSSL.5.6.3
2023-09-25 16:07:36,419 [WARN] PackLoader:240 - Cannot read IP mode file for STMicroelectronics.X-CUBE-AZRTOS-L5.2.0.0
2023-09-25 16:07:36,500 [WARN] PackLoader:240 - Cannot read IP mode file for STMicroelectronics.X-CUBE-MEMS1.9.6.0
2023-09-25 16:07:36,729 [WARN] PackLoader:240 - Cannot read IP mode file for STMicroelectronics.X-CUBE-BLEMGR.2.0.0
2023-09-25 16:07:36,773 [WARN] ConditionMgr:438 - getConditionDescription Invalid condition id : UX DEVICE CLASS RTOS Condition cause : null
2023-09-25 16:07:36,773 [WARN] ConditionMgr:438 - getConditionDescription Invalid condition id : UX DEVICE CLASS RTOS Condition cause : null
2023-09-25 16:07:36,776 [WARN] PackLoader:240 - Cannot read IP mode file for STMicroelectronics.X-CUBE-AZRTOS-H7.3.1.0
2023-09-25 16:07:36,778 [WARN] ConditionMgr:1039 - genDependencies : Invalid condition id : UX DEVICE CLASS RTOS Condition cause : null
2023-09-25 16:07:36,778 [WARN] ConditionMgr:1039 - genDependencies : Invalid condition id : UX DEVICE CLASS RTOS Condition cause : null
2023-09-25 16:07:36,779 [WARN] ConditionMgr:1039 - genDependencies : Invalid condition id : UX DEVICE CLASS RTOS Condition cause : null
2023-09-25 16:07:36,779 [WARN] ConditionMgr:1039 - genDependencies : Invalid condition id : UX DEVICE CLASS RTOS Condition cause : null
2023-09-25 16:07:36,779 [WARN] ConditionMgr:1039 - genDependencies : Invalid condition id : UX DEVICE CLASS RTOS Condition cause : null
2023-09-25 16:07:36,802 [WARN] PackLoader:240 - Cannot read IP mode file for STMicroelectronics.X-CUBE-NFC7.1.0.1
2023-09-25 16:07:36,829 [WARN] PackLoader:240 - Cannot read IP mode file for STMicroelectronics.X-CUBE-NFC6.3.0.0
2023-09-25 16:07:36,857 [WARN] PackLoader:240 - Cannot read IP mode file for STMicroelectronics.X-CUBE-EEPRMA1.4.1.0
2023-09-25 16:07:36,885 [WARN] PackLoader:240 - Cannot read IP mode file for STMicroelectronics.X-CUBE-AI.8.1.0
2023-09-25 16:07:36,928 [WARN] ConditionMgr:438 - getConditionDescription Invalid condition id : LAN8742 Phy interface Condition cause : null
2023-09-25 16:07:36,930 [WARN] PackLoader:240 - Cannot read IP mode file for STMicroelectronics.X-CUBE-AZRTOS-L4.2.0.0
2023-09-25 16:07:36,939 [WARN] ConditionMgr:1039 - genDependencies : Invalid condition id : LAN8742 Phy interface Condition cause : null
2023-09-25 16:07:36,940 [WARN] ConditionMgr:1039 - genDependencies : Invalid condition id : LAN8742 Phy interface Condition cause : null
2023-09-25 16:07:36,942 [WARN] ConditionMgr:1039 - genDependencies : Invalid condition id : LAN8742 Phy interface Condition cause : null
2023-09-25 16:07:36,970 [WARN] PackLoader:240 - Cannot read IP mode file for STMicroelectronics.X-CUBE-SFXS2LP1.4.0.0
2023-09-25 16:07:36,994 [WARN] PackLoader:240 - Cannot read IP mode file for STMicroelectronics.X-CUBE-ISPU.1.1.0
2023-09-25 16:07:37,032 [WARN] ConditionMgr:438 - getConditionDescription Invalid condition id : UX DEVICE CLASS RTOS Condition cause : null
2023-09-25 16:07:37,032 [WARN] ConditionMgr:438 - getConditionDescription Invalid condition id : UX DEVICE CLASS RTOS Condition cause : null
2023-09-25 16:07:37,036 [WARN] PackLoader:240 - Cannot read IP mode file for STMicroelectronics.X-CUBE-AZRTOS-WB.2.0.0
2023-09-25 16:07:37,037 [WARN] ConditionMgr:1039 - genDependencies : Invalid condition id : UX DEVICE CLASS RTOS Condition cause : null
2023-09-25 16:07:37,037 [WARN] ConditionMgr:1039 - genDependencies : Invalid condition id : UX DEVICE CLASS RTOS Condition cause : null
2023-09-25 16:07:37,038 [WARN] ConditionMgr:1039 - genDependencies : Invalid condition id : UX DEVICE CLASS RTOS Condition cause : null
2023-09-25 16:07:37,038 [WARN] ConditionMgr:1039 - genDependencies : Invalid condition id : UX DEVICE CLASS RTOS Condition cause : null
2023-09-25 16:07:37,039 [WARN] ConditionMgr:1039 - genDependencies : Invalid condition id : UX DEVICE CLASS RTOS Condition cause : null
2023-09-25 16:07:37,072 [WARN] PackLoader:240 - Cannot read IP mode file for STMicroelectronics.X-CUBE-SUBG2.5.0.0
2023-09-25 16:07:37,206 [WARN] PackLoader:240 - Cannot read IP mode file for STMicroelectronics.X-CUBE-TOF1.3.3.1
2023-09-25 16:07:37,255 [WARN] PackLoader:240 - Cannot read IP mode file for STMicroelectronics.X-CUBE-AZRTOS-G4.2.0.0
2023-09-25 16:07:37,274 [WARN] PackLoader:240 - Cannot read IP mode file for STMicroelectronics.X-CUBE-FREERTOS.1.1.0
2023-09-25 16:07:37,297 [WARN] PackLoader:240 - Cannot read IP mode file for portGmbH.I-Cube-SoM-uGOAL.1.1.0
2023-09-25 16:07:37,318 [WARN] PackLoader:240 - Cannot read IP mode file for STMicroelectronics.X-CUBE-ALS.1.0.1
2023-09-25 16:07:37,339 [WARN] PackLoader:240 - Cannot read IP mode file for STMicroelectronics.FP-ATR-ASTRA1.2.0.0
2023-09-25 16:07:37,341 [INFO] ThirdParty:978 - Integrity check success = true
2023-09-25 16:07:37,341 [INFO] IntegrityCheckThread:100 - exiting critical section [integrity check]
2023-09-25 16:07:37,341 [INFO] IntegrityCheckThread:103 - End integrity checks thread
2023-09-25 16:07:37,918 [INFO] WebApp:157 - Instantiating new browser for Auth
2023-09-25 16:07:38,768 [INFO] WebApp:753 - Register for checkConnection events
2023-09-25 16:07:38,769 [INFO] WebApp:390 - Apply proxy settings
2023-09-25 16:07:38,769 [INFO] WebApp:475 - Chromium requires no authentication
2023-09-25 16:07:38,782 [INFO] WebApp:418 - Direct internet connection detected
2023-09-25 16:07:39,001 [INFO] WebApp:188 - Starting web application
2023-09-25 16:07:39,001 [INFO] WebApp:520 - Web application path used C:\ST\STM32CubeIDE_1.12.0\STM32CubeIDE\plugins\com.st.stm32cube.common.mx_6.9.1.202307191849\db\plugins\mcufinder\reactClient1\index.html
2023-09-25 16:08:00,328 [ERROR] LogOutputStream:75 - [STDERR_REDIRECT] SLF4J: Failed to load class "org.slf4j.impl.StaticLoggerBinder".
2023-09-25 16:08:00,328 [ERROR] LogOutputStream:75 - [STDERR_REDIRECT] SLF4J: Defaulting to no-operation (NOP) logger implementation
2023-09-25 16:08:00,328 [ERROR] LogOutputStream:75 - [STDERR_REDIRECT] SLF4J: See http://www.slf4j.org/codes.html#StaticLoggerBinder for further details.
2023-09-25 18:49:51,544 [ERROR] LogOutputStream:75 - [STDERR_REDIRECT] 
